0, 80, 0.00000, 0.00000, 0.00000, 0.00000, -2.06902, 0.00421, 0.00547
100, 8080, 5.08000, 0.69128, 4.99228, 1.44040, -1.57683, 0.15547, 0.13745
200, 16080, 3.40000, 0.88121, 1.84825, 1.15850, -2.05029, 0.00196, 0.02994
300, 24080, 4.04000, 1.99626, 4.06366, 4.87678, -1.70698, 0.06448, 0.03925
400, 32080, 2.64000, 0.54455, 0.68470, 0.46687, -2.05460, 0.37659, 0.63323
500, 40080, 6.10999, 3.85031, 6.65996, 5.89885, -1.58906, 0.34189, -0.37286
600, 48080, 3.32000, 1.44296, 1.81324, 1.37843, -1.92378, 0.17496, -0.21877
700, 56080, 9.16002, 7.56078, 5.62651, 5.11338, -1.71932, 0.01155, -0.06103
800, 64080, 5.08000, 1.63168, 2.00687, 1.32096, -1.88859, 0.04640, 0.00717
900, 72080, 5.16000, 0.80000, 1.86570, 0.32494, -1.88704, 0.15552, 0.02206
1000, 80080, 5.17000, 2.69604, 1.64431, 1.30058, -1.78629, 0.11162, -0.24588
1100, 88080, 5.44000, 2.30153, 1.57044, 0.93362, -1.89608, 0.02521, -0.06696
1200, 96080, 6.20999, 1.66032, 2.54812, 0.80134, -1.69581, 0.00660, -0.08087
1300, 104080, 9.33999, 1.78333, 4.43047, 0.85725, -1.44008, 0.01377, 0.07143
1400, 112080, 7.18999, 3.40593, 2.66177, 1.42273, -1.49316, 0.02620, -0.01546
1500, 120080, 5.72000, 1.69328, 1.71910, 0.88476, -1.88123, 0.01669, 0.15600
1600, 128080, 3.80000, 1.71332, 1.24789, 0.73883, -1.76101, 0.10157, -0.19557
1700, 136080, 6.88999, 3.72914, 2.56523, 1.94374, -1.52505, 0.11821, 0.11284
1800, 144080, 10.24999, 4.36585, 3.56645, 1.98996, -1.69577, 0.05428, -0.16135
1900, 152080, 5.56000, 1.66277, 1.35721, 0.57581, -1.92306, 0.02276, -0.13409
2000, 160080, 5.95999, 4.10112, 2.41353, 1.66032, -1.33437, 0.01897, -0.06172
2100, 168080, 9.47999, 2.20738, 4.12456, 1.00644, -1.63464, 0.00974, 0.01912
2200, 176080, 5.60000, 2.71961, 1.18860, 0.64560, -1.85769, 0.00491, 0.06105
2300, 184080, 9.92999, 3.61469, 3.29966, 1.04094, -1.63837, 0.04226, 0.04017
2400, 192080, 4.29000, 2.32468, 1.31124, 0.86040, -1.89150, 0.04271, -0.00118
2500, 200080, 12.44005, 9.99782, 4.52748, 3.75627, -1.73700, 0.01764, 0.08307
2600, 208080, 7.30001, 7.20687, 2.90887, 2.85782, -1.49472, 0.00914, 0.09021
2700, 216080, 4.54000, 1.37230, 0.88436, 0.68777, -1.60258, 0.04527, 0.24593
2800, 224080, 8.82999, 5.13875, 3.37703, 2.28215, -1.51351, 0.10055, -0.07302
2900, 232080, 6.24999, 2.18537, 2.11034, 0.81552, -1.73450, 0.00789, 0.01576
3000, 240080, 4.52000, 1.48665, 1.14338, 0.40288, -1.74946, 0.01078, 0.07673
3100, 248080, 3.57000, 2.97193, 0.80256, 0.72388, -1.69118, 0.00526, -0.02715
3200, 256080, 5.85000, 3.50593, 2.33008, 1.66907, -1.65213, 0.07290, 0.00716
3300, 264080, 4.56000, 1.97855, 1.66225, 1.18358, -1.65444, 0.34261, -0.58547
3400, 272080, 10.35000, 6.48448, 4.09171, 3.07047, -1.53476, 0.00642, 0.05191
3500, 280080, 5.48000, 2.19186, 1.24013, 0.71999, -1.87009, 0.00542, 0.07232
3600, 288080, 7.94999, 3.44904, 2.00447, 1.01116, -1.94171, 0.04969, -0.15166
3700, 296080, 4.75000, 2.69367, 1.56807, 0.98599, -1.63615, 0.01024, -0.04408
3800, 304080, 8.60002, 7.29717, 2.16425, 2.31668, -1.79616, 0.00627, 0.00419
3900, 312080, 7.38999, 3.84338, 2.47202, 1.43151, -1.87345, 0.00384, 0.05344
4000, 320080, 6.57999, 3.48474, 1.90970, 1.24994, -1.68976, 0.00635, -0.01345
4100, 328080, 8.95999, 2.11610, 2.80271, 0.84507, -1.71012, 0.01267, 0.08063
4200, 336080, 8.43999, 3.05417, 2.46012, 0.99055, -1.70383, 0.00443, 0.07000
4300, 344080, 8.19999, 3.69663, 2.46779, 1.26690, -1.72253, 0.01846, -0.04724
4400, 352080, 6.38999, 3.09621, 1.76641, 1.03488, -1.83329, 0.14130, -0.47441
4500, 360080, 6.37999, 2.85648, 1.90531, 1.25469, -1.79115, 0.05511, -0.06363
4600, 368080, 6.05999, 4.95295, 1.97512, 1.71054, -1.84538, 0.01103, 0.12386
4700, 376080, 8.00999, 2.13701, 2.72249, 0.90909, -1.70469, 0.01475, -0.09394
4800, 384080, 7.82999, 3.02864, 2.16917, 1.19849, -1.84485, 0.01952, 0.08857
4900, 392080, 12.95002, 5.74312, 4.08731, 2.08835, -1.65362, 0.00347, 0.03509
5000, 400080, 11.93005, 9.59458, 3.30952, 3.11831, -1.74928, 0.01392, -0.02896
5100, 408080, 7.31999, 3.47609, 1.71833, 0.81101, -1.80154, 0.03900, -0.18798
5200, 416080, 6.35999, 2.97904, 1.76225, 0.96848, -1.85226, 0.00798, 0.10184
5300, 424080, 8.84999, 2.73181, 2.87988, 1.29316, -1.79408, 0.02298, 0.14559
5400, 432080, 5.56000, 0.55426, 1.42579, 0.37342, -1.92186, 0.04083, -0.11955
5500, 440080, 12.78003, 7.71618, 4.03855, 2.76652, -1.79542, 0.02103, 0.00376
5600, 448080, 5.87999, 1.44296, 1.57840, 0.74888, -1.85250, 0.01339, 0.10086
5700, 456080, 9.68000, 6.47746, 3.20621, 2.40038, -1.84863, 0.00319, 0.04360
5800, 464080, 5.80000, 3.24633, 1.87043, 1.12091, -1.84096, 0.09941, -0.13494
5900, 472080, 6.71999, 1.04817, 2.90318, 0.35516, -1.74779, 0.02163, -0.05974
6000, 480080, 6.11999, 2.09634, 3.05342, 0.82964, -1.64293, 0.03923, 0.25605
6100, 488080, 8.91999, 3.66722, 3.42667, 2.40530, -1.67176, 0.06351, 0.10288
6200, 496080, 5.86999, 3.20206, 1.22405, 0.88316, -1.93761, 0.05850, -0.25885
6300, 504080, 6.92999, 4.22644, 1.68429, 1.19743, -1.93353, 0.00636, 0.07626
6400, 512080, 4.84000, 2.93721, 1.46368, 0.98441, -1.78514, 0.00328, 0.00937
6500, 520080, 2.95000, 0.45884, 0.44598, 0.30270, -1.97185, 0.00742, -0.06419
6600, 528080, 11.75002, 6.81927, 4.14592, 2.75183, -1.45715, 0.02377, 0.06794
6700, 536080, 6.76999, 4.22088, 2.20016, 1.70530, -1.75270, 0.01877, 0.12843
6800, 544080, 5.31000, 3.47246, 1.09588, 0.99491, -1.88053, 0.01404, -0.02391
6900, 552080, 8.28001, 6.06597, 2.17743, 1.99371, -1.82908, 0.00601, 0.01271
7000, 560080, 5.30000, 2.68795, 1.84290, 1.49569, -1.62900, 0.14615, -0.01171
7100, 568080, 7.10999, 2.06904, 1.82622, 0.62244, -1.85426, 0.05745, -0.16514
7200, 576080, 6.91999, 4.05929, 1.87350, 1.66335, -1.77672, 0.07545, -0.14085
7300, 584080, 13.23002, 5.92042, 4.96064, 2.66484, -1.79039, 0.07268, -0.17248
7400, 592080, 9.50999, 2.73318, 3.17104, 1.30754, -1.74195, 0.01647, 0.09850
7500, 600080, 5.76000, 1.62316, 1.21053, 0.35077, -1.84198, 0.00735, 0.01298
7600, 608080, 4.98000, 3.00568, 1.24006, 1.01598, -1.86569, 0.03054, -0.01259
7700, 616080, 6.20999, 2.42924, 1.91120, 0.90863, -1.81145, 0.00927, 0.11047
7800, 624080, 5.31000, 1.04836, 1.42963, 0.50738, -1.91030, 0.02474, -0.01875
7900, 632080, 7.33999, 1.38660, 2.18912, 0.51605, -1.68280, 0.00416, 0.00250
8000, 640080, 10.24999, 4.76133, 2.89314, 1.95342, -1.78242, 0.10102, -0.22898
8100, 648080, 7.06999, 5.59641, 1.69056, 1.67178, -1.81454, 0.01694, 0.17594
8200, 656080, 8.63999, 2.95711, 2.24039, 0.97554, -1.80269, 0.01397, 0.10482
8300, 664080, 5.48000, 3.66140, 1.41790, 1.02771, -1.76051, 0.00447, 0.03492
8400, 672080, 9.62999, 2.08496, 3.35214, 0.71805, -1.74272, 0.08696, -0.06693
8500, 680080, 5.87999, 1.96394, 1.57763, 0.79167, -1.79799, 0.03702, -0.00282
8600, 688080, 2.78000, 1.00638, 0.54166, 0.32692, -1.78717, 0.00821, -0.01840
8700, 696080, 7.95999, 3.48589, 2.17778, 1.07289, -1.81050, 0.02520, 0.02428
8800, 704080, 2.59000, 0.97454, 0.49302, 0.08958, -1.86303, 0.12719, -0.12479
8900, 712080, 12.73005, 9.72609, 4.45024, 3.70987, -1.75577, 0.23703, -0.49783
9000, 720080, 4.28000, 1.31939, 1.03822, 0.54638, -1.79926, 0.00338, -0.02305
9100, 728080, 6.53999, 0.95638, 1.70085, 0.37706, -1.85205, 0.00187, -0.00879
9200, 736080, 8.76001, 6.69969, 2.74854, 2.62118, -1.99728, 0.00299, -0.02963
9300, 744080, 4.81000, 1.17638, 1.09307, 0.40102, -1.78871, 0.01565, 0.12620
9400, 752080, 5.88999, 3.72557, 1.91899, 1.25904, -1.73412, 0.00603, -0.01604
9500, 760080, 6.53999, 4.07562, 1.85528, 1.36946, -1.86351, 0.03501, 0.11443
9600, 768080, 9.99999, 1.96963, 2.57010, 0.56411, -1.72098, 0.02174, -0.05772
9700, 776080, 4.53000, 2.06517, 1.06694, 0.76987, -1.84780, 0.00662, 0.08207
9800, 784080, 5.79999, 5.10247, 1.18274, 1.65586, -2.01163, 0.03265, 0.21326
9900, 792080, 4.34000, 1.49720, 1.40545, 0.71523, -1.67509, 0.02110, 0.02887
10000, 800080, 10.83002, 6.90314, 3.44546, 2.23563, -1.66162, 0.02057, 0.02341
10100, 808080, 5.33000, 2.39697, 1.22436, 0.63183, -1.74725, 0.00607, 0.03332
10200, 816080, 4.52000, 1.96177, 0.79012, 0.41620, -1.97287, 0.00722, 0.02708
10300, 824080, 9.68999, 4.76894, 3.71095, 1.75985, -1.43216, 0.33154, -0.25028
10400, 832080, 11.90003, 8.53355, 3.92362, 2.93744, -1.59226, 0.17997, -0.08093
10500, 840080, 6.81999, 2.91707, 1.71808, 0.93880, -1.96298, 0.05318, -0.16937
10600, 848080, 6.11999, 4.73466, 2.72898, 3.23325, -1.92280, 0.18333, -0.49838
10700, 856080, 9.19999, 4.84963, 4.28058, 2.66735, -1.53923, 0.37722, -0.47868
10800, 864080, 7.90999, 3.39809, 2.36951, 1.12021, -1.82942, 0.10241, -0.15109
10900, 872080, 8.42002, 8.56525, 1.99771, 2.42465, -1.92748, 0.02938, -0.18549
11000, 880080, 5.76000, 2.13216, 1.98814, 1.18614, -1.61342, 0.01299, 0.10183
11100, 888080, 9.87999, 3.41666, 4.49018, 2.12565, -1.72873, 0.01040, 0.02016
11200, 896080, 11.83002, 6.94711, 4.06418, 2.92050, -1.59748, 0.00565, -0.07403
11300, 904080, 5.40000, 1.16847, 1.13585, 0.12795, -2.02720, 0.00708, 0.03645
11400, 912080, 7.05999, 3.48796, 2.38486, 1.32558, -1.80419, 0.00981, -0.04279
11500, 920080, 6.43999, 2.65651, 1.99101, 1.27042, -1.78644, 0.18462, -0.33642
11600, 928080, 9.48001, 5.83290, 2.47368, 1.72102, -1.84219, 0.02259, 0.11447
11700, 936080, 6.99999, 5.09535, 1.61414, 1.21071, -1.79966, 0.04171, -0.07226
11800, 944080, 4.43000, 1.24638, 0.78331, 0.58363, -1.80024, 0.06570, -0.19736
11900, 952080, 5.72000, 2.15852, 1.26194, 0.69367, -1.89298, 0.02622, -0.05720
12000, 960080, 6.35999, 1.75271, 1.69061, 0.42910, -1.83585, 0.01934, 0.08506
12100, 968080, 5.72000, 1.71332, 1.81600, 0.58489, -1.74251, 0.00350, 0.02141
12200, 976080, 4.40000, 1.44517, 1.27656, 0.86682, -1.65599, 0.06885, -0.14655
12300, 984080, 4.31000, 2.74952, 1.32044, 1.06258, -1.79443, 0.03809, -0.04104
12400, 992080, 8.15001, 6.37525, 2.44782, 2.19310, -1.72689, 0.00314, 0.04784
12500, 1000080, 5.88999, 1.05950, 1.73566, 0.36569, -1.63510, 0.02229, 0.08380
12600, 1008080, 6.43999, 4.84159, 1.93652, 2.22587, -1.50044, 0.01098, 0.02691
12700, 1016080, 5.55000, 3.33008, 1.28667, 0.77843, -1.74753, 0.01137, 0.10728
12800, 1024080, 8.26002, 8.53081, 2.33780, 2.70774, -1.76435, 0.00462, -0.06269
12900, 1032080, 7.94001, 6.31153, 1.79239, 1.64892, -1.75189, 0.07327, -0.12291
13000, 1040080, 4.78000, 4.49349, 1.24054, 1.18749, -1.90107, 0.00615, 0.07332
13100, 1048080, 6.75999, 3.11760, 1.56702, 1.13299, -1.88166, 0.05834, -0.13446
13200, 1056080, 6.06999, 3.65022, 1.68475, 1.59457, -1.62717, 0.10589, -0.18921
13300, 1064080, 9.88999, 4.51443, 3.10991, 1.62440, -1.69503, 0.00477, 0.03942
13400, 1072080, 11.30002, 6.80785, 3.35346, 2.15509, -1.78605, 0.00296, 0.00366
13500, 1080080, 8.24999, 3.07963, 2.27123, 0.79919, -1.64070, 0.01845, 0.17700
13600, 1088080, 4.40000, 3.21164, 1.11043, 0.98566, -1.71851, 0.00679, 0.05324
13700, 1096080, 4.44000, 1.13889, 0.73437, 0.30443, -1.95331, 0.03415, 0.15972
13800, 1104080, 3.96000, 1.06132, 0.83015, 0.87621, -1.80752, 0.01086, -0.02892
13900, 1112080, 9.71999, 3.58723, 4.20400, 2.28745, -1.64551, 0.03742, 0.21491
14000, 1120080, 10.34002, 7.13707, 3.30440, 3.13093, -1.76856, 0.00574, -0.01170
14100, 1128080, 5.76000, 2.57454, 1.07750, 0.54636, -1.90066, 0.00342, 0.01292
14200, 1136080, 4.49000, 1.17638, 1.03664, 0.40903, -1.83984, 0.02392, 0.10756
14300, 1144080, 6.15999, 3.88721, 1.59923, 1.23362, -1.85651, 0.01372, 0.10186
14400, 1152080, 6.19999, 1.62119, 1.36285, 0.51426, -1.85583, 0.02854, -0.00305
14500, 1160080, 6.35999, 3.25289, 1.77333, 0.96562, -1.75388, 0.10505, 0.06672
14600, 1168080, 8.16999, 1.37302, 2.11232, 0.44528, -1.83879, 0.00468, 0.03355
14700, 1176080, 7.71999, 4.30416, 1.82661, 1.24470, -1.91758, 0.06733, -0.13712
14800, 1184080, 6.43999, 2.49757, 1.55546, 0.71065, -1.88836, 0.04129, -0.03785
14900, 1192080, 6.45999, 4.79171, 2.06404, 1.90995, -1.78509, 0.00536, -0.08977
15000, 1200080, 3.24000, 1.15007, 0.81750, 0.37543, -1.72146, 0.11071, -0.03380
15100, 1208080, 8.10002, 8.66332, 2.81606, 3.57548, -1.66829, 0.03155, 0.24196
15200, 1216080, 5.44000, 2.22615, 1.08623, 0.66585, -1.86568, 0.00799, 0.04201
15300, 1224080, 6.51999, 1.83826, 1.57726, 0.39064, -1.82780, 0.01047, 0.09273
15400, 1232080, 15.24002, 3.24637, 5.01873, 1.24593, -1.79294, 0.00670, 0.06637
15500, 1240080, 9.28999, 6.14989, 2.29461, 1.63222, -1.74019, 0.00606, 0.07882
15600, 1248080, 6.06999, 2.02053, 1.20076, 0.31912, -1.83740, 0.01282, -0.08505
15700, 1256080, 3.25000, 1.59679, 0.70507, 0.28909, -1.83424, 0.01117, 0.08010
15800, 1264080, 8.30999, 4.29665, 2.44828, 1.29710, -1.67948, 0.01010, 0.08441
15900, 1272080, 7.42999, 3.40468, 2.01658, 0.98525, -1.73592, 0.04276, -0.16154
16000, 1280080, 5.89000, 2.24294, 1.13269, 0.54776, -1.82302, 0.00559, -0.02246
16100, 1288080, 7.47999, 2.96180, 1.60221, 0.92199, -1.77109, 0.00606, -0.05700
16200, 1296080, 10.47002, 7.49073, 2.91675, 2.18199, -1.75395, 0.00707, 0.10859
16300, 1304080, 5.85000, 1.56474, 1.35880, 0.59091, -1.69025, 0.00465, 0.04769
16400, 1312080, 8.00999, 2.04675, 1.81810, 0.61787, -1.78647, 0.01128, 0.06377
16500, 1320080, 6.07999, 1.23375, 1.52595, 0.60818, -1.86894, 0.00892, 0.12041
16600, 1328080, 6.48999, 2.77424, 1.73054, 0.97890, -1.76883, 0.01588, 0.11295
16700, 1336080, 7.47999, 5.68544, 2.05815, 1.66681, -1.82276, 0.00788, -0.00467
16800, 1344080, 2.69000, 0.32721, 0.52453, 0.34863, -1.96820, 0.00883, 0.03975
16900, 1352080, 8.12999, 3.55803, 2.41662, 1.31972, -1.80418, 0.01244, -0.02020
17000, 1360080, 4.52000, 1.20797, 1.33497, 0.51400, -1.77673, 0.03195, -0.02824
17100, 1368080, 11.63002, 7.64150, 3.32461, 2.49470, -1.75477, 0.12728, -0.15581
17200, 1376080, 7.78999, 3.93363, 2.02762, 0.85432, -1.74753, 0.01634, 0.11174
17300, 1384080, 8.04999, 4.91575, 1.79308, 1.46547, -1.87676, 0.06562, -0.20426
17400, 1392080, 8.31000, 6.12854, 2.48997, 2.07275, -1.75984, 0.00490, 0.05996
17500, 1400080, 8.92000, 5.12668, 2.15081, 1.62120, -1.89736, 0.00353, 0.04153
17600, 1408080, 7.51999, 3.38498, 1.95709, 1.14559, -1.73815, 0.02795, 0.17186
17700, 1416080, 6.25999, 3.38238, 1.56193, 1.04545, -1.87673, 0.08171, -0.22951
17800, 1424080, 9.31999, 2.49757, 3.06587, 1.20928, -1.77371, 0.03223, 0.12864
17900, 1432080, 5.85999, 4.12556, 1.60482, 1.07103, -1.86221, 0.04182, -0.13503
18000, 1440080, 11.80000, 5.01944, 3.52593, 1.49134, -1.71068, 0.00817, 0.07174
18100, 1448080, 5.04000, 1.59833, 1.41973, 0.57134, -1.86464, 0.00457, -0.04645
18200, 1456080, 3.88000, 0.70955, 0.87469, 0.21728, -1.88337, 0.01146, 0.05865
18300, 1464080, 11.10000, 6.31313, 3.96666, 2.42354, -1.62169, 0.03989, 0.06930
18400, 1472080, 14.20005, 7.85882, 4.60312, 2.85311, -1.68225, 0.00655, 0.04239
18500, 1480080, 8.88999, 4.59255, 2.10886, 0.92359, -1.82683, 0.05384, 0.02238
18600, 1488080, 5.13000, 3.93566, 0.98119, 0.78982, -1.92285, 0.00633, -0.03388
18700, 1496080, 8.30999, 4.40743, 2.37535, 1.61149, -1.65578, 0.25794, -0.48858
18800, 1504080, 8.59999, 4.83895, 2.47895, 1.57309, -1.68492, 0.11065, -0.18029
18900, 1512080, 4.28000, 1.34501, 0.67797, 0.30690, -1.88185, 0.01464, 0.00591
19000, 1520080, 7.23999, 2.41418, 1.76993, 0.77825, -1.90043, 0.00501, -0.02589
19100, 1528080, 8.23000, 5.66830, 2.70488, 1.85658, -1.60907, 0.00922, -0.01610
19200, 1536080, 7.36999, 4.48373, 2.42181, 1.74956, -1.75257, 0.06224, -0.04037
19300, 1544080, 11.83002, 6.90043, 4.08500, 2.67427, -1.73224, 0.00305, -0.02077
19400, 1552080, 5.82000, 3.75311, 1.51762, 1.17295, -1.67311, 0.06902, -0.13769
19500, 1560080, 7.07999, 2.72313, 1.58641, 0.75214, -1.80813, 0.11861, -0.40200
19600, 1568080, 4.36000, 3.79866, 0.94996, 1.02350, -1.92723, 0.04200, -0.12247
19700, 1576080, 7.82999, 2.44913, 2.68659, 1.27116, -1.76059, 0.01684, 0.06724
19800, 1584080, 4.22000, 2.93385, 1.42452, 1.28064, -1.85545, 0.03285, 0.16526
19900, 1592080, 5.11000, 2.28231, 1.44548, 0.49844, -1.80309, 0.01167, 0.00549
20000, 1600080, 4.12000, 1.13889, 0.86978, 0.36053, -1.92904, 0.05994, -0.06526
20100, 1608080, 7.43999, 3.01268, 1.93330, 0.88584, -1.82729, 0.02581, 0.01365
20200, 1616080, 6.25999, 2.82852, 1.48962, 0.88810, -1.80081, 0.00222, -0.02146
20300, 1624080, 5.40000, 2.32230, 1.46490, 0.69812, -1.83415, 0.08749, -0.25450
20400, 1632080, 11.55002, 6.72896, 3.64168, 2.79861, -1.79006, 0.01392, 0.14238
20500, 1640080, 7.52999, 4.73639, 1.88083, 1.67369, -1.80495, 0.00412, 0.05359
20600, 1648080, 7.35999, 3.70973, 2.06803, 1.36095, -1.44884, 0.12678, -0.33598
20700, 1656080, 7.40999, 2.97265, 1.90725, 1.12465, -1.81693, 0.00723, -0.04034
20800, 1664080, 8.75999, 3.41166, 2.39522, 1.19687, -1.83131, 0.02900, -0.05682
20900, 1672080, 7.16999, 5.49660, 2.03940, 2.11552, -1.81236, 0.11299, -0.25450
21000, 1680080, 5.32000, 2.17623, 1.75554, 0.91606, -1.67561, 0.01110, 0.06368
21100, 1688080, 5.55000, 1.63507, 1.18820, 0.48871, -1.84216, 0.02809, 0.07756
21200, 1696080, 7.39999, 0.95554, 1.57993, 0.40877, -1.85194, 0.00985, 0.12178
21300, 1704080, 8.77999, 1.94031, 2.44063, 0.65105, -1.84159, 0.00384, 0.00489
21400, 1712080, 7.17999, 4.21014, 2.08343, 1.50176, -1.74984, 0.00522, 0.00799
21500, 1720080, 10.69002, 7.66436, 3.16310, 2.57478, -1.78522, 0.08347, -0.19664
21600, 1728080, 7.75999, 4.48321, 1.70678, 1.23246, -1.78509, 0.01087, 0.06476
21700, 1736080, 4.00000, 1.64924, 0.96292, 0.46841, -1.89585, 0.01019, 0.10526
21800, 1744080, 4.06000, 0.91243, 1.06301, 0.17795, -1.80998, 0.17803, -0.47765
21900, 1752080, 7.59999, 2.09176, 2.57453, 0.89492, -1.65566, 0.23120, -0.30907
22000, 1760080, 4.47000, 1.61703, 0.85995, 0.41756, -1.84058, 0.06095, -0.28283
22100, 1768080, 8.75000, 5.55146, 2.42902, 2.05784, -1.71538, 0.00317, 0.00585
22200, 1776080, 5.99999, 3.64944, 1.58483, 0.95718, -1.62487, 0.01693, 0.11675
22300, 1784080, 7.96001, 6.43725, 1.95037, 2.13275, -1.80749, 0.07086, -0.15283
22400, 1792080, 13.52003, 6.54450, 3.58047, 1.94286, -1.78576, 0.00578, 0.08087
22500, 1800080, 5.95999, 1.57582, 1.10817, 0.27104, -1.85730, 0.00281, 0.03078
22600, 1808080, 4.87000, 0.92224, 1.16917, 0.32439, -1.82510, 0.00365, 0.00199
22700, 1816080, 12.93002, 5.72106, 4.18730, 1.93998, -1.62227, 0.02201, 0.07033
22800, 1824080, 6.03999, 4.47237, 1.18530, 1.32594, -1.91388, 0.01336, 0.10761
22900, 1832080, 7.08001, 6.59634, 2.03532, 2.63220, -1.70433, 0.02335, 0.11420
23000, 1840080, 11.65001, 6.26189, 4.46299, 2.44868, -1.70882, 0.20924, -0.30563
23100, 1848080, 8.86999, 4.27025, 2.65532, 1.34375, -1.78010, 0.04648, -0.07419
23200, 1856080, 5.64000, 1.59733, 1.19965, 0.58301, -1.83952, 0.03084, -0.01691
23300, 1864080, 6.69999, 4.74822, 2.26156, 1.81969, -1.82787, 0.04552, -0.01171
23400, 1872080, 15.72005, 6.42234, 5.26168, 2.75502, -1.69347, 0.01247, -0.01169
23500, 1880080, 4.52000, 0.99062, 0.89778, 0.31051, -1.94730, 0.00416, 0.08815
23600, 1888080, 7.48001, 6.58145, 1.56624, 1.62833, -1.93918, 0.00617, 0.04735
23700, 1896080, 7.49000, 5.65972, 3.44101, 2.87044, -1.64735, 0.03526, 0.17427
23800, 1904080, 11.04000, 5.13228, 4.46613, 2.16988, -1.76345, 0.00883, -0.10910
23900, 1912080, 10.75002, 7.22064, 3.13077, 2.26666, -1.71511, 0.00474, 0.00907
24000, 1920080, 5.91999, 4.61764, 1.52820, 1.39433, -1.89428, 0.00182, 0.01763
24100, 1928080, 6.13999, 2.90663, 1.56174, 0.87890, -1.82345, 0.01557, 0.12782
24200, 1936080, 8.33999, 4.79160, 2.16370, 1.57587, -1.82252, 0.12290, -0.24388
24300, 1944080, 10.44999, 5.17247, 2.61969, 1.59224, -1.85327, 0.00565, 0.10575
24400, 1952080, 14.38003, 6.69065, 4.74044, 2.43270, -1.69762, 0.01155, 0.00980
24500, 1960080, 3.96000, 0.99492, 0.62132, 0.16870, -1.95247, 0.00095, -0.03462
24600, 1968080, 6.58999, 3.44501, 1.72569, 0.95696, -1.81608, 0.00356, 0.02207
24700, 1976080, 5.90000, 4.22872, 2.24734, 1.93353, -1.41913, 0.01099, -0.02131
24800, 1984080, 7.66999, 2.44783, 1.71638, 0.62513, -1.87731, 0.00250, 0.03714
24900, 1992080, 6.19999, 4.02657, 1.16676, 0.97984, -1.88983, 0.01001, 0.02213
25000, 2000080, 7.31999, 3.00186, 1.52360, 0.87919, -1.74835, 0.01762, 0.13030
25100, 2008080, 7.92999, 1.50568, 2.38140, 0.73945, -1.76628, 0.12449, -0.22670
25200, 2016080, 5.48000, 3.69850, 1.21367, 1.15639, -1.83399, 0.00174, 0.00014
25300, 2024080, 8.12999, 3.48044, 1.91352, 0.65484, -1.75544, 0.00344, 0.03930
25400, 2032080, 12.11001, 4.92868, 3.46154, 1.86130, -1.87428, 0.00548, -0.03890
25500, 2040080, 5.22000, 1.56546, 1.34420, 0.62781, -1.84325, 0.01146, 0.10754
25600, 2048080, 6.50999, 2.44237, 1.61396, 0.58774, -1.82854, 0.00875, 0.07836
25700, 2056080, 13.31005, 8.54574, 3.84218, 2.84289, -1.73496, 0.22454, -0.33047
25800, 2064080, 7.30002, 9.19422, 1.99409, 2.88680, -1.82267, 0.00653, 0.08435
25900, 2072080, 9.41001, 6.58959, 2.79140, 2.33208, -1.78618, 0.01002, 0.07250
26000, 2080080, 5.26000, 2.54191, 1.13402, 0.50477, -1.60679, 0.01670, 0.12697
26100, 2088080, 5.95999, 2.57827, 1.18792, 0.53486, -1.81323, 0.00133, -0.02994
26200, 2096080, 10.66002, 7.16690, 2.85594, 2.20224, -1.73790, 0.00224, 0.05001
26300, 2104080, 5.32000, 2.51120, 1.37841, 0.76227, -1.82789, 0.00491, -0.06702
26400, 2112080, 5.02000, 0.72553, 1.23126, 0.39486, -1.73929, 0.00541, 0.02256
26500, 2120080, 8.43999, 2.96180, 1.84499, 0.87628, -1.82364, 0.00308, 0.05252
26600, 2128080, 10.34002, 7.28382, 2.60169, 2.13746, -1.87890, 0.01001, 0.05705
26700, 2136080, 6.87999, 2.75700, 1.64733, 0.88317, -1.80811, 0.00392, 0.04188
26800, 2144080, 8.03999, 4.18403, 2.38016, 1.04046, -1.79832, 0.19637, -0.34139
26900, 2152080, 5.51000, 1.86972, 1.21814, 0.61371, -1.81646, 0.03093, -0.10240
27000, 2160080, 11.23999, 3.67071, 2.72325, 1.18064, -1.77770, 0.22593, -0.47488
27100, 2168080, 3.73000, 1.20902, 0.69438, 0.53206, -1.88435, 0.00105, 0.01144
27200, 2176080, 5.80000, 2.75739, 1.14364, 0.76558, -1.82179, 0.06897, -0.27282
27300, 2184080, 8.59999, 3.23184, 2.41240, 1.34441, -1.49218, 0.02443, 0.12677
27400, 2192080, 6.42999, 2.50362, 1.40708, 0.80180, -1.77488, 0.01268, 0.10268
27500, 2200080, 4.68000, 1.87275, 0.83155, 0.37426, -1.87256, 0.05694, -0.15226
27600, 2208080, 6.11999, 2.28339, 1.59157, 0.66927, -1.75857, 0.07822, 0.08850
27700, 2216080, 5.60000, 1.54229, 1.35039, 0.55286, -1.68222, 0.00570, 0.05437
27800, 2224080, 10.53999, 3.06542, 2.87654, 1.18950, -1.82167, 0.00402, -0.05167
27900, 2232080, 8.43999, 3.09442, 2.03255, 1.08597, -1.89444, 0.03146, -0.13062
28000, 2240080, 6.19999, 4.61880, 1.30081, 1.29516, -1.78158, 0.03255, 0.04904
28100, 2248080, 7.10999, 1.97838, 1.91549, 0.62444, -1.83400, 0.00675, 0.03467
28200, 2256080, 10.90002, 7.32267, 2.69309, 2.00945, -1.82563, 0.02448, -0.06828
28300, 2264080, 6.66999, 2.91119, 1.56174, 0.81485, -1.80077, 0.05291, -0.20388
28400, 2272080, 4.36000, 1.46351, 0.92649, 0.58176, -1.92399, 0.02985, 0.00121
28500, 2280080, 6.82999, 2.99695, 2.12530, 1.11838, -1.71559, 0.00268, 0.02687
28600, 2288080, 5.64000, 2.44229, 1.82729, 0.92010, -1.63662, 0.12820, -0.19652
28700, 2296080, 2.88000, 0.60133, 0.57671, 0.06795, -1.88358, 0.00278, -0.01632
28800, 2304080, 10.08999, 3.84297, 2.17884, 0.91617, -1.85618, 0.00904, 0.11095
28900, 2312080, 6.75999, 1.96177, 1.38596, 0.63703, -1.80218, 0.02156, 0.20087
29000, 2320080, 12.98002, 6.92805, 4.11360, 2.33305, -1.79121, 0.02743, 0.20921
29100, 2328080, 6.52999, 2.43099, 1.81313, 1.12742, -1.70794, 0.02718, 0.14902
29200, 2336080, 7.07999, 2.44229, 1.46826, 0.47800, -1.70856, 0.05451, -0.05558
29300, 2344080, 5.16000, 1.44000, 0.95493, 0.39449, -1.91513, 0.08628, -0.35782
29400, 2352080, 4.79000, 0.28729, 0.85611, 0.25244, -1.85466, 0.02509, 0.17703
29500, 2360080, 5.48000, 2.04691, 1.27541, 0.65221, -1.74924, 0.01427, 0.05850
29600, 2368080, 11.06002, 7.29991, 3.25837, 2.90911, -1.72083, 0.00610, -0.00018
29700, 2376080, 6.41999, 1.80473, 1.15869, 0.41829, -1.88007, 0.05967, -0.22538
29800, 2384080, 10.36999, 3.87282, 2.42667, 1.15623, -1.91578, 0.00690, 0.07546
29900, 2392080, 3.16000, 0.58424, 0.58733, 0.27281, -1.89121, 0.00457, 0.04754
30000, 2400080, 5.80000, 4.66933, 1.34546, 1.36163, -1.77111, 0.12110, -0.23063
30100, 2408080, 6.89999, 5.45620, 1.89507, 1.87108, -1.86635, 0.00446, 0.05398
30200, 2416080, 8.90002, 8.19407, 2.52449, 2.73904, -1.80934, 0.00875, 0.01256
30300, 2424080, 9.60999, 3.71826, 2.49798, 1.42089, -1.76674, 0.00808, 0.07493
30400, 2432080, 8.36000, 5.72834, 2.23429, 1.79624, -1.82605, 0.00568, -0.00404
30500, 2440080, 8.95999, 5.57078, 2.35357, 1.50681, -1.82352, 0.00889, -0.03752
30600, 2448080, 7.26999, 4.49917, 2.37844, 1.79035, -1.66276, 0.01873, 0.02377
30700, 2456080, 8.22002, 7.91193, 2.26617, 2.44688, -1.67381, 0.00260, 0.04111
30800, 2464080, 10.24002, 7.78639, 2.60811, 2.41830, -1.84059, 0.03599, -0.07076
30900, 2472080, 9.04001, 6.03971, 2.00012, 1.36214, -1.94594, 0.00171, -0.00998
31000, 2480080, 6.59999, 4.44462, 1.87927, 1.58271, -1.73716, 0.00921, 0.09273
31100, 2488080, 10.12999, 5.82943, 2.57197, 1.61835, -1.80853, 0.02162, 0.17348
31200, 2496080, 13.34001, 4.83992, 4.14113, 1.61978, -1.78019, 0.01074, 0.05467
31300, 2504080, 10.27000, 5.13024, 2.86980, 1.71250, -1.80774, 0.00617, 0.01499
31400, 2512080, 7.92999, 1.49073, 1.87409, 0.63334, -1.85720, 0.00224, -0.00539
31500, 2520080, 6.30999, 3.28477, 1.37316, 0.67597, -1.87691, 0.07868, -0.21709
31600, 2528080, 8.49002, 7.54648, 2.11486, 2.02371, -1.78386, 0.01176, 0.12767
31700, 2536080, 9.87999, 2.75352, 2.47325, 0.78598, -1.87399, 0.00259, 0.01582
31800, 2544080, 8.65999, 5.59747, 2.11870, 1.57508, -1.89301, 0.00407, 0.02791
31900, 2552080, 7.15999, 4.28927, 1.97001, 1.42402, -1.81303, 0.01026, 0.11676
32000, 2560080, 5.25000, 0.83928, 1.02333, 0.31327, -2.01586, 0.01340, -0.07233
32100, 2568080, 9.54000, 4.51056, 3.83157, 2.17142, -1.73815, 0.01144, -0.09852
32200, 2576080, 6.51999, 1.78168, 2.12717, 0.69357, -1.81288, 0.01665, 0.17279
32300, 2584080, 11.24001, 4.39056, 3.34965, 1.54298, -1.58150, 0.00455, 0.01445
32400, 2592080, 6.09999, 1.47132, 1.12234, 0.26961, -1.86402, 0.00148, -0.01506
32500, 2600080, 3.80000, 1.52350, 0.43700, 0.25799, -1.99969, 0.00261, -0.03069
32600, 2608080, 11.41002, 6.58783, 4.86592, 3.29086, -1.52509, 0.10731, -0.04443
32700, 2616080, 12.17002, 6.20915, 4.29370, 2.37279, -1.72082, 0.07148, -0.02521
32800, 2624080, 12.43002, 6.52829, 3.42456, 2.02568, -1.89016, 0.00527, 0.05849
32900, 2632080, 4.84000, 2.19186, 0.86587, 0.42988, -1.93991, 0.02105, -0.08765
33000, 2640080, 5.36000, 4.88131, 1.30998, 1.57315, -1.71425, 0.08264, -0.21348
33100, 2648080, 7.23999, 1.57582, 2.15802, 0.92704, -1.67979, 0.01059, 0.10285
33200, 2656080, 6.92999, 3.24672, 1.59252, 1.06210, -1.82732, 0.01274, 0.03554
33300, 2664080, 6.27999, 4.18352, 1.37491, 1.15589, -1.92077, 0.00257, 0.02846
33400, 2672080, 4.34000, 1.36879, 0.88715, 0.55903, -1.85781, 0.06596, -0.16727
33500, 2680080, 6.45999, 2.32356, 1.82185, 0.75983, -1.83316, 0.00583, -0.02217
33600, 2688080, 11.20999, 4.64888, 2.77521, 1.36700, -1.75751, 0.03079, -0.00099
33700, 2696080, 3.40000, 1.05729, 0.62261, 0.32972, -1.78440, 0.00167, 0.01327
33800, 2704080, 7.72999, 5.01713, 1.64964, 1.40756, -1.84015, 0.00270, -0.05628
33900, 2712080, 9.95999, 5.33147, 2.83839, 1.55131, -1.78678, 0.02246, 0.12671
34000, 2720080, 13.34002, 5.66496, 3.64948, 1.75354, -1.80280, 0.00451, 0.00853
34100, 2728080, 9.62999, 4.35778, 2.13430, 1.01335, -1.82087, 0.00341, 0.03155
34200, 2736080, 3.28000, 0.89918, 0.59979, 0.34766, -2.00628, 0.00186, 0.02437
34300, 2744080, 10.44002, 7.05912, 5.33800, 4.66853, -1.54570, 0.03845, -0.00317
34400, 2752080, 5.40000, 1.35764, 1.52427, 0.62022, -1.73347, 0.01495, 0.05141
34500, 2760080, 4.31000, 1.71810, 0.96285, 0.50909, -1.87632, 0.07791, -0.24823
34600, 2768080, 8.30999, 4.96981, 1.85533, 1.13237, -1.85195, 0.00697, 0.09241
34700, 2776080, 11.06002, 6.66951, 2.86811, 1.54266, -1.81812, 0.01226, 0.09721
34800, 2784080, 8.38999, 3.87833, 2.03674, 1.12960, -1.84638, 0.01183, 0.09232
34900, 2792080, 12.96002, 6.73724, 3.80596, 2.23941, -1.88191, 0.06574, -0.15658
35000, 2800080, 6.09999, 4.37453, 1.83128, 1.90091, -1.84434, 0.05239, -0.14282
35100, 2808080, 6.43999, 5.76814, 1.61750, 1.75703, -1.82512, 0.00367, 0.05008
35200, 2816080, 8.82999, 2.22743, 2.21505, 0.63786, -1.81762, 0.06478, -0.16243
35300, 2824080, 7.46999, 2.34705, 1.84715, 0.71064, -1.83781, 0.01021, 0.04826
35400, 2832080, 5.79000, 4.18280, 1.57478, 1.22179, -1.88907, 0.04712, -0.19059
35500, 2840080, 7.94999, 0.50741, 2.60856, 0.26618, -1.75221, 0.01242, 0.02399
35600, 2848080, 6.14999, 2.43997, 1.76211, 0.73999, -1.91265, 0.02588, -0.12211
35700, 2856080, 10.83999, 2.72489, 3.59069, 1.33812, -1.64382, 0.02524, 0.06078
35800, 2864080, 11.05001, 4.66106, 3.43816, 1.82381, -1.80790, 0.00498, 0.02982
35900, 2872080, 11.64002, 6.58828, 2.48095, 1.67675, -1.82695, 0.00586, 0.04047
36000, 2880080, 6.84999, 4.75404, 1.45290, 1.31207, -1.80042, 0.01583, 0.14896
36100, 2888080, 6.01999, 4.51610, 1.41751, 1.19980, -1.88062, 0.01467, -0.04590
36200, 2896080, 8.91999, 2.65169, 2.99855, 1.20270, -1.72741, 0.14405, -0.13063
36300, 2904080, 6.63999, 2.34560, 1.44277, 0.62686, -1.79368, 0.00237, -0.05597
36400, 2912080, 5.59000, 5.71663, 1.38583, 1.61281, -1.83607, 0.00484, 0.08910
36500, 2920080, 7.60999, 5.16845, 2.09855, 1.54101, -1.73892, 0.01583, 0.08617
36600, 2928080, 5.83000, 2.00835, 1.42377, 0.76015, -1.89876, 0.00386, 0.01523
36700, 2936080, 7.95999, 3.35619, 1.83905, 1.18228, -1.84010, 0.07458, -0.19983
36800, 2944080, 9.18000, 4.34235, 2.29745, 1.27158, -1.85500, 0.00601, 0.09526
36900, 2952080, 10.31999, 3.60607, 2.77412, 1.13883, -1.80001, 0.05067, -0.04505
37000, 2960080, 13.31002, 5.27360, 3.41043, 1.67420, -1.88909, 0.01385, -0.01440
37100, 2968080, 6.59999, 2.86663, 1.93028, 0.55104, -1.91337, 0.01629, 0.11718
37200, 2976080, 7.09999, 4.90121, 2.44486, 2.25291, -1.87388, 0.00771, 0.02381
37300, 2984080, 8.32000, 5.30690, 2.34902, 2.11377, -1.79636, 0.01025, 0.02770
37400, 2992080, 4.28000, 1.06132, 1.09330, 0.23503, -1.73886, 0.00837, 0.09807
37500, 3000080, 9.23999, 3.23184, 2.36345, 1.05443, -1.78820, 0.09608, -0.18552
37600, 3008080, 14.27005, 8.02657, 3.88915, 2.38143, -1.71047, 0.05237, -0.05683
37700, 3016080, 7.31999, 3.33578, 1.51850, 0.96012, -1.87153, 0.00406, 0.00018
37800, 3024080, 5.31000, 1.53688, 1.09971, 0.43687, -1.91867, 0.00716, 0.03914
37900, 3032080, 11.66999, 4.44791, 4.26202, 1.52733, -1.61892, 0.13862, -0.05929
38000, 3040080, 11.67003, 8.91143, 3.77029, 3.18619, -1.72206, 0.01701, 0.07118
38100, 3048080, 5.64000, 0.84159, 1.22962, 0.20334, -1.99999, 0.01139, -0.09589
38200, 3056080, 14.57003, 5.47478, 6.83310, 3.48157, -1.47042, 0.25845, -0.18400
38300, 3064080, 8.22999, 3.00317, 2.68909, 1.25813, -1.82555, 0.00241, 0.00146
38400, 3072080, 3.26000, 0.51173, 0.39878, 0.24742, -1.97372, 0.00479, 0.03344
38500, 3080080, 11.13003, 8.88841, 4.00766, 3.36155, -1.79886, 0.15619, -0.32991
38600, 3088080, 6.11999, 3.19332, 1.87355, 1.15663, -1.83473, 0.00907, 0.02670
38700, 3096080, 8.06999, 3.59397, 2.37235, 1.29418, -1.62739, 0.02873, 0.12278
38800, 3104080, 6.90999, 3.32142, 1.63546, 0.91781, -1.79013, 0.00300, 0.03152
38900, 3112080, 4.04000, 1.05729, 0.69277, 0.31105, -1.94985, 0.00244, 0.00350
39000, 3120080, 14.46001, 3.94235, 6.22890, 1.85686, -1.52246, 0.04284, 0.06848
39100, 3128080, 8.19999, 3.79866, 3.15032, 1.84634, -1.77227, 0.13242, -0.23873
39200, 3136080, 5.82000, 1.84217, 1.20365, 0.70726, -1.84065, 0.00602, -0.00996
39300, 3144080, 5.82000, 2.64958, 1.57329, 1.02959, -1.73263, 0.01076, 0.06446
39400, 3152080, 8.37999, 5.44681, 2.23910, 1.55035, -1.81233, 0.00857, 0.08578
39500, 3160080, 5.40000, 2.67731, 1.36737, 0.69919, -1.79623, 0.00980, 0.11804
39600, 3168080, 7.95999, 5.05964, 2.09269, 1.67426, -1.86880, 0.00245, -0.00551
39700, 3176080, 3.96000, 2.77128, 0.84879, 0.82594, -1.88637, 0.00673, 0.05516
39800, 3184080, 5.95999, 1.87275, 1.34594, 0.45640, -1.86705, 0.00382, 0.03819
39900, 3192080, 5.48000, 1.59733, 1.47245, 0.80241, -1.84918, 0.00787, 0.08290
40000, 3200080, 6.48999, 2.19560, 1.57606, 1.00386, -1.84582, 0.03790, -0.03037
40100, 3208080, 7.05001, 7.12447, 1.71639, 2.07062, -1.85324, 0.04739, -0.13834
40200, 3216080, 7.17999, 5.63659, 1.82003, 1.42085, -1.85137, 0.00396, 0.05864
40300, 3224080, 8.94999, 4.28745, 2.29675, 1.04630, -1.84885, 0.01108, 0.11043
40400, 3232080, 10.26002, 7.72861, 2.48346, 2.25172, -1.82944, 0.09098, -0.23508
40500, 3240080, 9.78002, 7.56626, 2.44552, 2.48051, -1.75288, 0.00332, 0.04927
40600, 3248080, 9.66999, 3.61380, 2.35499, 1.31345, -1.85946, 0.00607, -0.00676
40700, 3256080, 9.56001, 6.37332, 2.07545, 1.83416, -1.79269, 0.00763, 0.08352
40800, 3264080, 6.35999, 2.02386, 1.10403, 0.57784, -1.95206, 0.00166, -0.02208
40900, 3272080, 5.00000, 2.90213, 1.17773, 0.86063, -1.91349, 0.00508, 0.03980
41000, 3280080, 11.80999, 2.88303, 4.54299, 1.50462, -1.75705, 0.01664, 0.03981
41100, 3288080, 11.32004, 9.63045, 3.51090, 3.29373, -1.74617, 0.00579, -0.00878
41200, 3296080, 9.78002, 7.84097, 2.25149, 2.04335, -1.83373, 0.00784, 0.04135
41300, 3304080, 7.15999, 3.03016, 1.54105, 0.74426, -1.92196, 0.01087, 0.14077
41400, 3312080, 16.58004, 3.78204, 4.17325, 1.08899, -1.81480, 0.00741, 0.08823
41500, 3320080, 6.85999, 5.49865, 1.21475, 1.27361, -1.90192, 0.00207, 0.02839
41600, 3328080, 8.98002, 8.12058, 2.26948, 2.59862, -1.71567, 0.00954, 0.02525
41700, 3336080, 7.91999, 4.18798, 1.86973, 1.25008, -1.86759, 0.01329, 0.13214
41800, 3344080, 5.24000, 1.12380, 1.33249, 0.42843, -1.80303, 0.00712, 0.09643
41900, 3352080, 10.84001, 6.95780, 3.50819, 2.69362, -1.69196, 0.00261, -0.03397
42000, 3360080, 12.61002, 6.86035, 3.46684, 2.23469, -1.66340, 0.01688, 0.06910
42100, 3368080, 12.82002, 5.87134, 2.73993, 1.34398, -1.76835, 0.00261, 0.04071
42200, 3376080, 3.08000, 0.40266, 0.56022, 0.14712, -1.77902, 0.01501, 0.11980
42300, 3384080, 6.87999, 3.54822, 1.39878, 0.96174, -1.82650, 0.06000, -0.18137
42400, 3392080, 3.43000, 1.73601, 0.91604, 0.65803, -1.52744, 0.02219, 0.01752
42500, 3400080, 8.74002, 8.29910, 2.13941, 2.36232, -1.80740, 0.10857, -0.22602
42600, 3408080, 4.57000, 1.66769, 0.85633, 0.34450, -1.90331, 0.01021, 0.07531
42700, 3416080, 13.95000, 2.99217, 3.70277, 0.74700, -1.82152, 0.00298, 0.01798
42800, 3424080, 12.55001, 5.33224, 4.77099, 2.83615, -1.64387, 0.00606, -0.00311
42900, 3432080, 11.19003, 8.85824, 3.32364, 2.61880, -1.80953, 0.00511, -0.03522
43000, 3440080, 6.75999, 3.86988, 1.31749, 0.85629, -1.83609, 0.00423, 0.05119
43100, 3448080, 6.83999, 2.77128, 1.34481, 0.73628, -1.79363, 0.00181, -0.00818
43200, 3456080, 4.25000, 0.97727, 0.73399, 0.30398, -1.89543, 0.00481, 0.06152
43300, 3464080, 5.38000, 1.35823, 0.95682, 0.42449, -1.89799, 0.02285, -0.02943
43400, 3472080, 8.83999, 3.75347, 2.09631, 1.30058, -1.88545, 0.00623, 0.08204
43500, 3480080, 10.34002, 6.65509, 3.06313, 2.26405, -1.86749, 0.00360, 0.00097
43600, 3488080, 7.95999, 5.75407, 2.39740, 2.14632, -1.63109, 0.01280, 0.06015
43700, 3496080, 7.63999, 1.45474, 1.63399, 0.37814, -1.81840, 0.00433, -0.04917
43800, 3504080, 8.82999, 3.65737, 1.96923, 1.06524, -1.84394, 0.01026, 0.10331
43900, 3512080, 8.28000, 5.70045, 2.17112, 1.98874, -1.67949, 0.00802, 0.07548
44000, 3520080, 10.68999, 3.41610, 2.97770, 1.29414, -1.83607, 0.01165, -0.00205
44100, 3528080, 7.77999, 4.40236, 1.89816, 1.37708, -1.88430, 0.00903, 0.01036
44200, 3536080, 9.57000, 5.95739, 2.41340, 1.45232, -1.85250, 0.01547, 0.09424
44300, 3544080, 6.10999, 2.77020, 1.66211, 0.88570, -1.82700, 0.01997, 0.13688
44400, 3552080, 8.39999, 4.45588, 2.15921, 1.38708, -1.89094, 0.04046, -0.17645
44500, 3560080, 16.24006, 7.23389, 4.61751, 2.16757, -1.76738, 0.00560, 0.01318
44600, 3568080, 7.17999, 1.86862, 1.65404, 0.46984, -1.82934, 0.09532, -0.33703
44700, 3576080, 4.20000, 1.28996, 0.81000, 0.56770, -1.83589, 0.00805, 0.09262
44800, 3584080, 7.62999, 1.79135, 1.86933, 0.52849, -1.81328, 0.00288, -0.01526
44900, 3592080, 12.02002, 6.12389, 4.01673, 2.04203, -1.74065, 0.03657, 0.17241
45000, 3600080, 6.89999, 2.26215, 1.68352, 0.70341, -1.81013, 0.00779, 0.05218
45100, 3608080, 7.20999, 4.63601, 1.65737, 1.25139, -1.86371, 0.02895, -0.04886
45200, 3616080, 14.04001, 4.22111, 3.62001, 1.46636, -1.86358, 0.00186, 0.01317
45300, 3624080, 12.90005, 8.81468, 3.89376, 3.05370, -1.75592, 0.01514, 0.12924
45400, 3632080, 9.91999, 5.26847, 2.72791, 1.60006, -1.60619, 0.01222, 0.12230
45500, 3640080, 6.43999, 3.41041, 1.60995, 0.89680, -1.74635, 0.00975, 0.00645
45600, 3648080, 7.36999, 4.94981, 1.57654, 1.44375, -1.79410, 0.00936, 0.01848
45700, 3656080, 8.52000, 5.30580, 1.75294, 1.39180, -1.84404, 0.00372, -0.02899
45800, 3664080, 5.24000, 1.23935, 1.05715, 0.33213, -1.83657, 0.08071, -0.15882
45900, 3672080, 4.44000, 2.23237, 1.13989, 0.63051, -1.78550, 0.00809, 0.09373
46000, 3680080, 9.42001, 6.16588, 3.11359, 2.04266, -1.57484, 0.01752, -0.02177
46100, 3688080, 7.31999, 1.79124, 1.87977, 0.75808, -1.86588, 0.01161, 0.03565
46200, 3696080, 6.19999, 2.35875, 1.22708, 0.54805, -1.87045, 0.05594, -0.22126
46300, 3704080, 13.20002, 6.28075, 3.82412, 2.04238, -1.88061, 0.00477, 0.04826
46400, 3712080, 6.49999, 4.65119, 1.79704, 1.57128, -1.90663, 0.00313, 0.03267
46500, 3720080, 8.08999, 3.54797, 2.60019, 1.20190, -1.71559, 0.04071, 0.16295
46600, 3728080, 7.07999, 5.83872, 2.30131, 2.02615, -1.88890, 0.05763, -0.15348
46700, 3736080, 5.64000, 2.14463, 1.48667, 0.60916, -1.67380, 0.01008, 0.01346
46800, 3744080, 6.97999, 3.62767, 1.88331, 1.20487, -1.77786, 0.04442, -0.05862
46900, 3752080, 13.80002, 4.82630, 4.00360, 1.83616, -1.80966, 0.00744, 0.06928
47000, 3760080, 5.25000, 2.30764, 1.10237, 0.40781, -1.97534, 0.06240, -0.32625
47100, 3768080, 6.61999, 3.38727, 2.80505, 1.97330, -1.63447, 0.09103, 0.35694
47200, 3776080, 6.51999, 4.87365, 2.67020, 2.15883, -1.69659, 0.05000, 0.19702
47300, 3784080, 7.70001, 7.33663, 1.96117, 2.27553, -1.82412, 0.00358, 0.01366
47400, 3792080, 5.94999, 5.41940, 1.18521, 1.44996, -1.83976, 0.00325, 0.04356
47500, 3800080, 5.13000, 1.17683, 1.27198, 0.49227, -1.91661, 0.00105, 0.01601
47600, 3808080, 5.66000, 3.21289, 1.20345, 0.93838, -1.92993, 0.00535, 0.02928
47700, 3816080, 9.33002, 6.98760, 2.95288, 2.62797, -1.82302, 0.00516, 0.06021
47800, 3824080, 6.83999, 3.09701, 1.53642, 0.86887, -1.80302, 0.00510, 0.03283
47900, 3832080, 11.46002, 7.96593, 2.93428, 2.38004, -1.74201, 0.00521, -0.05124
48000, 3840080, 9.86002, 8.18885, 2.36244, 2.36601, -1.77699, 0.02589, 0.02520
48100, 3848080, 7.43999, 2.52877, 1.69625, 0.64057, -1.81511, 0.00796, 0.12619
48200, 3856080, 4.20000, 1.53188, 0.98340, 0.47970, -1.88809, 0.00164, 0.00587
48300, 3864080, 11.44000, 4.98896, 3.52306, 1.81058, -1.85626, 0.01542, 0.10050
48400, 3872080, 10.49001, 6.16465, 2.69811, 1.96390, -1.83515, 0.00928, 0.06769
48500, 3880080, 11.04002, 7.63476, 2.89533, 2.32048, -1.84843, 0.00232, -0.01667
48600, 3888080, 5.66000, 1.45968, 1.07275, 0.37186, -1.86561, 0.00400, 0.07669
48700, 3896080, 6.27999, 1.68063, 1.28152, 0.35778, -1.87742, 0.01365, 0.00434
48800, 3904080, 5.92999, 3.52807, 1.64397, 1.18436, -1.74736, 0.03004, 0.24040
48900, 3912080, 6.60999, 1.51310, 1.84738, 0.74981, -1.68946, 0.00656, 0.02965
49000, 3920080, 14.62003, 5.49055, 4.08996, 1.95599, -1.76825, 0.01206, -0.00300
49100, 3928080, 4.44000, 1.35764, 0.74742, 0.39791, -1.80913, 0.01070, 0.05378
49200, 3936080, 2.63000, 0.61741, 0.42709, 0.12911, -1.74263, 0.01203, 0.03615
49300, 3944080, 8.43999, 4.32888, 1.93800, 1.07861, -1.80665, 0.00174, 0.00681
49400, 3952080, 5.80000, 1.41610, 1.41896, 0.28647, -1.84223, 0.07312, -0.21054
49500, 3960080, 8.43999, 5.25448, 2.41282, 1.73259, -1.73222, 0.01072, -0.08135
49600, 3968080, 13.38002, 6.66661, 3.16057, 1.87445, -1.79278, 0.00190, 0.02570
49700, 3976080, 6.11999, 1.92665, 0.92398, 0.44657, -1.79724, 0.00929, -0.01509
49800, 3984080, 5.28000, 2.75700, 0.78647, 0.64681, -1.86051, 0.08694, -0.23059
49900, 3992080, 11.06002, 7.27649, 3.11997, 2.33951, -1.88896, 0.00205, 0.02274
50000, 4000080, 8.03999, 2.87852, 1.95302, 0.68213, -1.82505, 0.00391, 0.06590
50100, 4008080, 7.57000, 7.10549, 2.11794, 2.25520, -1.74038, 0.00295, 0.00520
50200, 4016080, 5.84000, 2.12716, 1.27681, 0.70731, -1.88019, 0.00296, 0.00820
50300, 4024080, 10.44002, 7.11899, 2.47043, 1.96472, -1.75816, 0.00950, 0.06530
50400, 4032080, 10.47000, 4.13447, 3.00717, 1.17424, -1.68752, 0.02745, 0.09771
50500, 4040080, 5.48000, 4.19981, 1.25885, 1.05139, -1.76610, 0.00790, -0.03622
50600, 4048080, 10.20999, 4.97818, 2.68370, 1.59466, -1.76150, 0.04504, -0.06339
50700, 4056080, 10.68002, 7.16292, 2.76220, 2.22354, -1.85589, 0.00444, 0.01555
50800, 4064080, 8.72999, 3.46493, 2.09757, 0.81409, -1.78117, 0.00673, -0.00558
50900, 4072080, 8.91000, 5.16257, 1.99668, 1.30638, -1.88290, 0.00186, 0.00071
51000, 4080080, 5.95999, 5.89110, 1.10762, 1.28966, -1.85011, 0.02532, -0.12130
51100, 4088080, 8.11999, 4.40702, 1.80518, 1.01044, -1.91595, 0.00385, 0.04481
51200, 4096080, 7.76999, 4.96122, 1.88813, 1.49808, -1.90378, 0.00368, 0.06177
51300, 4104080, 7.47999, 3.41166, 1.81568, 1.01307, -1.77239, 0.01079, 0.07011
51400, 4112080, 6.64999, 5.08775, 1.54721, 1.28192, -1.75516, 0.01502, 0.14949
51500, 4120080, 11.40001, 6.99809, 3.25716, 2.37027, -1.58086, 0.00451, -0.03465
51600, 4128080, 7.56999, 4.45736, 1.60328, 1.04422, -1.77156, 0.00578, -0.03943
51700, 4136080, 7.06999, 2.98768, 1.62132, 1.28717, -1.72048, 0.01982, 0.09437
51800, 4144080, 9.83002, 7.98411, 2.55559, 2.38994, -1.81977, 0.09855, -0.22085
51900, 4152080, 8.51999, 3.50922, 2.65357, 0.93249, -1.76427, 0.00954, 0.04029
52000, 4160080, 11.38002, 6.69632, 3.33754, 2.56842, -1.73877, 0.00552, 0.05022
52100, 4168080, 9.63000, 7.04897, 2.54147, 2.37525, -1.74417, 0.01243, 0.14925
52200, 4176080, 7.75999, 2.88998, 1.54442, 0.63942, -1.85811, 0.06624, -0.18319
52300, 4184080, 9.41002, 7.75485, 1.99880, 1.94746, -1.91463, 0.00072, -0.00510
52400, 4192080, 7.94999, 3.18904, 1.79691, 0.89041, -1.88307, 0.00265, 0.04213
52500, 4200080, 7.48000, 5.57020, 2.14078, 2.05002, -1.82828, 0.01764, 0.20704
52600, 4208080, 12.26005, 10.09220, 4.44291, 4.15119, -1.82957, 0.09145, -0.21858
52700, 4216080, 6.78999, 1.82643, 1.78327, 0.69339, -1.81357, 0.00544, 0.07642
52800, 4224080, 6.65999, 2.81983, 1.63454, 0.90602, -1.81768, 0.00994, 0.11437
52900, 4232080, 6.06999, 2.98536, 1.51970, 1.10540, -1.77722, 0.02284, 0.12004
53000, 4240080, 3.89000, 1.38501, 0.66995, 0.45386, -1.82110, 0.06688, -0.00713
53100, 4248080, 7.34999, 2.37147, 2.06942, 0.66217, -1.84301, 0.01045, 0.10406
53200, 4256080, 9.96000, 6.02291, 2.45235, 1.81853, -1.85842, 0.00153, 0.03714
53300, 4264080, 13.23002, 5.64316, 3.61776, 1.59553, -1.80676, 0.00566, 0.05867
53400, 4272080, 7.39999, 3.43037, 1.37347, 0.66487, -1.85265, 0.00297, 0.02624
53500, 4280080, 9.55001, 5.46744, 1.78043, 1.35549, -1.86711, 0.00494, 0.04995
53600, 4288080, 8.94999, 1.73170, 1.91180, 0.41702, -1.86760, 0.01520, 0.01337
53700, 4296080, 4.69000, 3.16958, 1.05294, 0.67592, -1.84099, 0.05229, 0.05873
53800, 4304080, 11.68002, 6.38019, 3.45784, 2.38003, -1.82538, 0.05308, -0.06669
53900, 4312080, 6.87999, 1.92610, 1.61647, 0.72839, -1.85009, 0.00411, -0.01989
54000, 4320080, 6.43999, 3.17187, 1.33738, 0.86535, -1.80447, 0.01388, 0.03114
54100, 4328080, 11.92002, 6.78741, 2.65180, 1.85444, -1.79246, 0.06971, -0.28564
54200, 4336080, 12.50002, 6.32878, 2.60050, 1.66119, -1.88218, 0.00098, 0.02957
54300, 4344080, 8.59999, 2.90948, 1.65704, 0.81983, -1.93808, 0.00278, 0.04367
54400, 4352080, 10.27002, 7.01046, 3.44717, 2.86592, -1.86535, 0.00756, -0.06179
54500, 4360080, 6.34999, 4.92204, 1.81477, 1.69673, -1.76931, 0.00742, 0.10047
54600, 4368080, 9.35999, 3.05086, 2.12297, 0.94196, -1.84934, 0.00573, 0.00659
54700, 4376080, 13.54002, 6.99455, 3.16704, 1.78214, -1.86229, 0.01414, -0.01062
54800, 4384080, 5.40000, 2.04065, 1.26930, 0.72614, -1.90924, 0.02296, -0.03652
54900, 4392080, 7.88999, 5.59279, 2.16102, 1.81758, -1.82513, 0.06332, -0.05433
55000, 4400080, 5.40000, 1.90214, 1.31540, 0.38390, -1.80531, 0.02445, 0.14320
55100, 4408080, 5.72000, 5.73624, 1.36675, 1.55369, -1.89714, 0.03653, 0.07115
55200, 4416080, 5.56000, 2.92702, 1.44898, 0.85753, -1.88143, 0.02267, 0.22024
55300, 4424080, 12.97002, 7.75986, 5.29382, 3.50380, -1.57319, 0.06594, 0.14027
55400, 4432080, 6.46999, 2.84673, 1.80879, 1.02397, -1.82066, 0.08289, -0.23074
55500, 4440080, 13.10004, 7.36711, 3.00763, 1.86467, -1.84616, 0.05273, -0.16918
55600, 4448080, 6.56999, 2.34000, 1.19327, 0.46171, -1.95026, 0.00340, -0.00381
55700, 4456080, 8.20002, 7.46080, 1.93936, 2.11308, -1.86423, 0.04662, -0.03541
55800, 4464080, 9.46002, 7.94798, 3.45548, 3.12910, -1.81253, 0.02654, 0.12826
55900, 4472080, 10.93002, 8.73754, 2.98518, 2.52682, -1.84827, 0.09326, -0.19964
56000, 4480080, 12.28000, 4.06877, 2.89001, 1.16472, -1.88011, 0.02956, -0.00671
56100, 4488080, 13.22003, 6.98846, 2.85141, 1.61339, -1.81051, 0.00700, 0.08660
56200, 4496080, 9.12002, 8.07734, 1.87792, 1.77456, -1.83521, 0.00413, 0.03133
56300, 4504080, 5.55000, 3.20472, 1.08014, 0.85580, -1.93943, 0.00214, 0.03054
56400, 4512080, 4.04000, 1.39178, 0.69333, 0.41680, -1.87786, 0.01285, -0.10437
56500, 4520080, 6.05999, 2.44087, 1.32994, 0.72235, -1.72608, 0.01259, 0.06991
56600, 4528080, 8.18999, 3.88286, 1.78939, 1.11477, -1.89495, 0.00673, 0.02690
56700, 4536080, 9.74999, 1.46910, 2.44039, 0.55593, -1.82767, 0.00737, 0.05829
56800, 4544080, 4.76000, 2.94446, 0.85600, 0.66112, -1.87467, 0.00173, -0.00731
56900, 4552080, 7.47999, 4.80710, 1.44132, 1.27053, -1.90224, 0.06149, -0.26206
57000, 4560080, 9.72001, 7.71771, 2.68566, 2.66123, -1.75283, 0.10681, -0.26381
57100, 4568080, 3.50000, 2.20194, 0.81353, 0.47489, -1.85228, 0.02993, 0.25813
57200, 4576080, 7.59999, 1.91276, 1.64308, 0.46445, -1.85345, 0.00699, -0.01254
57300, 4584080, 10.30000, 5.59596, 3.33782, 2.04460, -1.67773, 0.09670, -0.11379
57400, 4592080, 4.19000, 1.16956, 0.72220, 0.22261, -1.83071, 0.00883, -0.10130
57500, 4600080, 10.65999, 3.17750, 2.81053, 1.21694, -1.79740, 0.01413, 0.09958
57600, 4608080, 5.56000, 2.97330, 1.34197, 0.97035, -1.56888, 0.00529, 0.02755
57700, 4616080, 8.90002, 8.12714, 2.08515, 2.37955, -1.82393, 0.00119, -0.03433
57800, 4624080, 12.21002, 6.30876, 2.87907, 1.97484, -1.81791, 0.00956, 0.08809
57900, 4632080, 14.24005, 7.85922, 3.58899, 2.20558, -1.89597, 0.05940, -0.20974
58000, 4640080, 8.93999, 3.31550, 1.78659, 0.69258, -1.84497, 0.00246, 0.01424
58100, 4648080, 6.94999, 4.00338, 1.91139, 1.31431, -1.89115, 0.00293, 0.03266
58200, 4656080, 7.44999, 2.82604, 1.83073, 0.73429, -1.60078, 0.03687, 0.11383
58300, 4664080, 5.58000, 1.57090, 1.42627, 0.32305, -1.74681, 0.00263, -0.01235
58400, 4672080, 6.83999, 3.98396, 1.34617, 0.86890, -1.89550, 0.00566, 0.09339
58500, 4680080, 6.99999, 3.81324, 1.42007, 1.04809, -1.83001, 0.00529, 0.05059
58600, 4688080, 4.44000, 1.45474, 1.09415, 0.48630, -1.76973, 0.02962, 0.19887
58700, 4696080, 19.24007, 2.28530, 6.40493, 0.46097, -1.68280, 0.01485, 0.09998
58800, 4704080, 8.94001, 6.36229, 2.29294, 2.02617, -1.90008, 0.07406, -0.29678
58900, 4712080, 6.54999, 3.76133, 1.19889, 0.87261, -1.90071, 0.00966, 0.01923
59000, 4720080, 6.28999, 3.92168, 1.51867, 1.15931, -1.86342, 0.01980, 0.12888
59100, 4728080, 7.18999, 3.64964, 2.36094, 1.43352, -1.67416, 0.01144, 0.11657
59200, 4736080, 12.69002, 7.50302, 3.64058, 2.32823, -1.72509, 0.00676, -0.05111
59300, 4744080, 4.76000, 1.97261, 0.66391, 0.52474, -1.94969, 0.01441, 0.01342
59400, 4752080, 7.87999, 4.91853, 2.49635, 1.56024, -1.48689, 0.04865, 0.20654
59500, 4760080, 3.48000, 1.30639, 0.87713, 0.35455, -1.78424, 0.00786, 0.00621
59600, 4768080, 9.91002, 6.88836, 2.64067, 2.26128, -1.81236, 0.03462, -0.07726
59700, 4776080, 6.83999, 1.81960, 1.16800, 0.37605, -1.86904, 0.00260, 0.03989
59800, 4784080, 13.09005, 8.33532, 2.84497, 2.05928, -1.79933, 0.04435, -0.08729
59900, 4792080, 5.87999, 0.61275, 1.28280, 0.21313, -1.84437, 0.04039, -0.13150
60000, 4800080, 10.69000, 7.27901, 3.28448, 2.57216, -1.80046, 0.01191, 0.06628
60100, 4808080, 7.15999, 4.73556, 2.10399, 2.08181, -1.86120, 0.00435, 0.06146
60200, 4816080, 6.83999, 4.65560, 1.79828, 1.40192, -1.77557, 0.01006, -0.02925
60300, 4824080, 10.34001, 5.04378, 2.88852, 2.07106, -1.91369, 0.04679, -0.18931
60400, 4832080, 11.03002, 6.98753, 3.09439, 2.40902, -1.84688, 0.00769, 0.07259
60500, 4840080, 5.22000, 3.37164, 1.14400, 0.79801, -1.88552, 0.00301, 0.00031
60600, 4848080, 6.84000, 5.89183, 1.68039, 1.50996, -1.72137, 0.10389, -0.21013
60700, 4856080, 6.77999, 4.86155, 1.58114, 1.17619, -1.86761, 0.05172, -0.12479
60800, 4864080, 8.73999, 4.07208, 2.10200, 1.36905, -1.80825, 0.01074, 0.13135
60900, 4872080, 10.05000, 6.13487, 2.50183, 1.53445, -1.84497, 0.00293, -0.01140
61000, 4880080, 10.74000, 5.94352, 2.71530, 1.88482, -1.77895, 0.00624, -0.01382
61100, 4888080, 5.30000, 1.79763, 0.92726, 0.56828, -1.85348, 0.00310, -0.03071
61200, 4896080, 6.59999, 2.06352, 1.56549, 0.78356, -1.81133, 0.02593, 0.06555
61300, 4904080, 4.26000, 0.52713, 0.61847, 0.05381, -1.90935, 0.06011, -0.08204
61400, 4912080, 9.64000, 5.12916, 2.87410, 1.98076, -1.70796, 0.02156, 0.17827
61500, 4920080, 8.82002, 8.89442, 2.37342, 2.68556, -1.78360, 0.00678, 0.01591
61600, 4928080, 4.12000, 0.69128, 0.76810, 0.18541, -1.86481, 0.00580, -0.00617
61700, 4936080, 7.03999, 1.91276, 1.26054, 0.39938, -1.83694, 0.00513, 0.06991
61800, 4944080, 3.79000, 1.97487, 0.78872, 0.49432, -1.87751, 0.02281, -0.06914
61900, 4952080, 6.72000, 5.97578, 2.09975, 2.37939, -1.85353, 0.00966, 0.13078
62000, 4960080, 7.35999, 3.60237, 2.26625, 1.15569, -1.70837, 0.00543, 0.00348
62100, 4968080, 5.64000, 5.91423, 1.65055, 1.96244, -1.78308, 0.00771, -0.07063
62200, 4976080, 6.04999, 4.29727, 1.45790, 1.49321, -1.78304, 0.00829, 0.05695
62300, 4984080, 6.30999, 3.78310, 1.28253, 0.90722, -1.85603, 0.00840, 0.05874
62400, 4992080, 12.44002, 5.86175, 3.98988, 2.24610, -1.85151, 0.00289, -0.02075
62500, 5000080, 8.21002, 7.85041, 2.43341, 2.72261, -1.90766, 0.01127, 0.07780
62600, 5008080, 8.52999, 3.95984, 2.43496, 1.30218, -1.81254, 0.00298, 0.03539
62700, 5016080, 11.40002, 7.82227, 2.94053, 2.43046, -1.82628, 0.09585, -0.29201
62800, 5024080, 4.36000, 2.01329, 0.66998, 0.36182, -1.78783, 0.00121, 0.00178
62900, 5032080, 6.79999, 1.93494, 1.40042, 0.64918, -1.80861, 0.00761, -0.00531
63000, 5040080, 6.27999, 2.64363, 1.16966, 0.59131, -1.88736, 0.01912, -0.00070
63100, 5048080, 6.43999, 2.14463, 1.59971, 0.60977, -1.91182, 0.00787, -0.00681
63200, 5056080, 9.78000, 5.69346, 2.89306, 1.92880, -1.81121, 0.01358, 0.02574
63300, 5064080, 14.09001, 3.15900, 3.74655, 1.13517, -1.78272, 0.00219, -0.00417
63400, 5072080, 8.83001, 6.86066, 2.05902, 2.07022, -1.85032, 0.00679, 0.09335
63500, 5080080, 8.24999, 3.07269, 1.83419, 0.79548, -1.88007, 0.00357, -0.01879
63600, 5088080, 9.72002, 7.94251, 2.64259, 2.60922, -1.74279, 0.02635, 0.07415
63700, 5096080, 15.25005, 7.87226, 4.41605, 2.57126, -1.63811, 0.05089, 0.08933
63800, 5104080, 9.07999, 4.97460, 2.03628, 1.15066, -1.78616, 0.07042, -0.18198
63900, 5112080, 7.10999, 5.13221, 1.49028, 0.98510, -1.85127, 0.00502, -0.03099
64000, 5120080, 9.47999, 4.45995, 2.13377, 1.19428, -1.89924, 0.01167, 0.12943
64100, 5128080, 12.72002, 5.39336, 3.36531, 1.82906, -1.84837, 0.05420, -0.02273
64200, 5136080, 6.87999, 4.84490, 1.75825, 1.46348, -1.78159, 0.08053, -0.17881
64300, 5144080, 8.74002, 8.25786, 2.12472, 2.45176, -1.74702, 0.03461, -0.05338
64400, 5152080, 11.48001, 7.30183, 2.51883, 1.76497, -1.84307, 0.04597, -0.18138
64500, 5160080, 9.77000, 4.71179, 2.36916, 1.54559, -1.89170, 0.07440, -0.29243
64600, 5168080, 9.03999, 2.71961, 2.16461, 0.75746, -1.83272, 0.00854, 0.11352
64700, 5176080, 10.34002, 7.41388, 2.50836, 2.17281, -1.85171, 0.01029, 0.07907
64800, 5184080, 5.33000, 2.69367, 1.14164, 0.84943, -1.79044, 0.07547, -0.12690
64900, 5192080, 8.44999, 2.34341, 2.01569, 0.36451, -1.84656, 0.00181, 0.00061
65000, 5200080, 8.68000, 5.45177, 2.42202, 1.89564, -1.75831, 0.01895, 0.13792
65100, 5208080, 4.92000, 1.39485, 0.99356, 0.40122, -1.85830, 0.00612, 0.05467
65200, 5216080, 8.27999, 4.59286, 2.36085, 1.83801, -1.65431, 0.00431, 0.03422
65300, 5224080, 10.34002, 7.37695, 2.96098, 2.28217, -1.80437, 0.00411, 0.06026
65400, 5232080, 17.18004, 4.50482, 4.74386, 1.51719, -1.78663, 0.03699, -0.05032
65500, 5240080, 14.93003, 5.60103, 3.02249, 1.22803, -1.83752, 0.00127, -0.00676
65600, 5248080, 8.27999, 2.75274, 1.57358, 0.28907, -1.87547, 0.03504, -0.08571
65700, 5256080, 6.13999, 2.48826, 1.56453, 0.84772, -1.79618, 0.01062, 0.07874
65800, 5264080, 9.00001, 6.24003, 2.26504, 1.75808, -1.79936, 0.03334, -0.08779
65900, 5272080, 8.20001, 6.79587, 2.62202, 2.39314, -1.80577, 0.01917, 0.12260
66000, 5280080, 8.23001, 6.31423, 1.88722, 1.86410, -1.76851, 0.08842, -0.26054
66100, 5288080, 9.40999, 1.82556, 2.21342, 0.38840, -1.82853, 0.07733, -0.27457
66200, 5296080, 6.59999, 1.97909, 1.33278, 0.46139, -1.72913, 0.00435, 0.02553
66300, 5304080, 10.98002, 8.02729, 2.57868, 2.08672, -1.79383, 0.06368, -0.15241
66400, 5312080, 5.48000, 4.66201, 0.98290, 1.08474, -1.74701, 0.00734, 0.12313
66500, 5320080, 5.80000, 3.78065, 1.18560, 1.09519, -1.78524, 0.01575, -0.04462
66600, 5328080, 5.74000, 3.32449, 1.33558, 0.99710, -1.75224, 0.04904, -0.11287
66700, 5336080, 10.83999, 1.93769, 2.44614, 0.46333, -1.89448, 0.00095, -0.01992
66800, 5344080, 4.05000, 0.80689, 0.81622, 0.09357, -1.81771, 0.00177, -0.00435
66900, 5352080, 8.56999, 2.78268, 2.06332, 0.94780, -1.82132, 0.02048, -0.12862
67000, 5360080, 9.53999, 4.52789, 2.30763, 1.28465, -1.79835, 0.00608, 0.08647
67100, 5368080, 8.64002, 8.38353, 2.13631, 2.35092, -1.83041, 0.01356, 0.11290
67200, 5376080, 5.00000, 4.32789, 0.94699, 0.82687, -1.91010, 0.00382, 0.07208
67300, 5384080, 5.16000, 3.28812, 1.11277, 0.83540, -1.81672, 0.10200, -0.40781
67400, 5392080, 6.82999, 3.18469, 2.37956, 1.31867, -1.63115, 0.01355, 0.07107
67500, 5400080, 10.98002, 7.79758, 3.14761, 2.53784, -1.70182, 0.00702, 0.05911
67600, 5408080, 7.15999, 3.33066, 1.46380, 0.78755, -1.82353, 0.00732, 0.08593
67700, 5416080, 6.78999, 3.62353, 1.37347, 0.92364, -1.87282, 0.02561, -0.08543
67800, 5424080, 7.61000, 5.93542, 1.86829, 1.75068, -1.85539, 0.09564, -0.22111
67900, 5432080, 7.60999, 4.36292, 1.83950, 1.04942, -1.81535, 0.06394, -0.00601
68000, 5440080, 10.23001, 5.79136, 2.43033, 1.73057, -1.82388, 0.00338, 0.02333
68100, 5448080, 5.35000, 1.74275, 1.04331, 0.43048, -1.88505, 0.02566, -0.11772
68200, 5456080, 9.83999, 3.45238, 2.86417, 1.01346, -1.69339, 0.01265, -0.09812
68300, 5464080, 7.71999, 2.85470, 2.63287, 1.20565, -1.63541, 0.00593, 0.01188
68400, 5472080, 6.91999, 4.32000, 1.47204, 1.21526, -1.77675, 0.00578, 0.09548
68500, 5480080, 4.94000, 2.45655, 0.91458, 0.66368, -1.82588, 0.00302, 0.00385
68600, 5488080, 6.11999, 3.46009, 1.39675, 1.06605, -1.77118, 0.00593, 0.05994
68700, 5496080, 10.19999, 2.46490, 2.77504, 0.72337, -1.70787, 0.00219, -0.00721
68800, 5504080, 6.75999, 5.14245, 1.70838, 1.41983, -1.75173, 0.00458, -0.06472
68900, 5512080, 8.27999, 3.49567, 1.72422, 0.80257, -1.76257, 0.00404, 0.06337
69000, 5520080, 4.68000, 1.81725, 0.50345, 0.36238, -1.94646, 0.00589, -0.01546
69100, 5528080, 4.92000, 0.22627, 0.97331, 0.20542, -1.83586, 0.00864, 0.14368
69200, 5536080, 8.32002, 7.72478, 1.87468, 1.84030, -1.78210, 0.00602, 0.07584
69300, 5544080, 9.63001, 5.90653, 2.54992, 1.85911, -1.73834, 0.00211, -0.00911
69400, 5552080, 13.72002, 5.63158, 3.29911, 1.30182, -1.81873, 0.00309, 0.07548
69500, 5560080, 12.18003, 7.87950, 2.94984, 2.15952, -1.93764, 0.03977, -0.17298
69600, 5568080, 5.43000, 3.88080, 1.51490, 1.13773, -1.77079, 0.10404, -0.18853
69700, 5576080, 7.85001, 6.55737, 2.27163, 2.24266, -1.81926, 0.03176, -0.03704
69800, 5584080, 6.17999, 2.28070, 1.56329, 0.89442, -1.77680, 0.00350, -0.06082
69900, 5592080, 4.36000, 2.04691, 0.82744, 0.43791, -1.89055, 0.03799, -0.07664
70000, 5600080, 8.49001, 6.45094, 1.95731, 1.64800, -1.89160, 0.05879, -0.22911
70100, 5608080, 7.10999, 1.93256, 1.60447, 0.49545, -1.82981, 0.06223, -0.14175
70200, 5616080, 7.39999, 4.32000, 2.03299, 1.27693, -1.79436, 0.01208, -0.00176
70300, 5624080, 5.95999, 2.79428, 1.13008, 0.85533, -1.88298, 0.07531, -0.25888
70400, 5632080, 5.72000, 1.90214, 1.65334, 0.80620, -1.79085, 0.13517, -0.17066
70500, 5640080, 7.66999, 4.68408, 2.42366, 1.54923, -1.58421, 0.00803, 0.01704
70600, 5648080, 7.29999, 3.07237, 1.65736, 1.03227, -1.88946, 0.00265, 0.04687
70700, 5656080, 8.01999, 1.94881, 1.73433, 0.39987, -1.86735, 0.00211, -0.01560
70800, 5664080, 10.99999, 4.02657, 3.30286, 1.59640, -1.74830, 0.11360, -0.32018
70900, 5672080, 5.53000, 1.87257, 1.35340, 0.75176, -1.89132, 0.00821, 0.06206
71000, 5680080, 8.99000, 5.76032, 2.42314, 1.92928, -1.80560, 0.07212, -0.13117
71100, 5688080, 5.87999, 1.74295, 1.12187, 0.56763, -1.83725, 0.00139, -0.01803
71200, 5696080, 7.30999, 2.93291, 1.74791, 1.01331, -1.77204, 0.04019, 0.05696
71300, 5704080, 13.31004, 8.12917, 3.31552, 2.26408, -1.80990, 0.08552, -0.22816
71400, 5712080, 6.82999, 2.37147, 1.56668, 0.70515, -1.75638, 0.00584, 0.07277
71500, 5720080, 5.96999, 1.42300, 1.08317, 0.30197, -1.88520, 0.00104, 0.01272
71600, 5728080, 4.51000, 1.00896, 0.74437, 0.22090, -1.94660, 0.04429, -0.14655
71700, 5736080, 9.14001, 6.24118, 3.03547, 2.48600, -1.63983, 0.04854, 0.03845
71800, 5744080, 11.06002, 6.98938, 3.32982, 2.37024, -1.75716, 0.04808, 0.00845
71900, 5752080, 8.03999, 2.97187, 1.92539, 1.13242, -1.91382, 0.01274, 0.16557
72000, 5760080, 3.72000, 2.32780, 0.72322, 0.67480, -1.84876, 0.06513, -0.20862
72100, 5768080, 12.40005, 9.96137, 4.38809, 3.96854, -1.64265, 0.00803, 0.07774
72200, 5776080, 8.19999, 3.26729, 2.03565, 0.89448, -1.75676, 0.00705, 0.02679
72300, 5784080, 6.67999, 1.90214, 1.09592, 0.38710, -1.90561, 0.03468, -0.05583
72400, 5792080, 5.32000, 3.23580, 1.16940, 0.80586, -1.85462, 0.01141, 0.10193
72500, 5800080, 8.24002, 8.53684, 2.49291, 3.14855, -1.84625, 0.03229, -0.05488
72600, 5808080, 15.52002, 3.71152, 5.50886, 2.17673, -1.59830, 0.01513, 0.13101
72700, 5816080, 6.43999, 4.96687, 1.57204, 1.56539, -1.92160, 0.00978, 0.10203
72800, 5824080, 7.01999, 3.85573, 1.54969, 0.97114, -1.79198, 0.00396, 0.03428
72900, 5832080, 10.24999, 3.24129, 2.76960, 1.18006, -1.90629, 0.01852, 0.03940
73000, 5840080, 8.03999, 2.44229, 2.21757, 0.95315, -1.78165, 0.00575, 0.08186
73100, 5848080, 6.11999, 3.93114, 1.67525, 1.34267, -1.83857, 0.00812, 0.06808
73200, 5856080, 15.34001, 1.93400, 4.20570, 0.45811, -1.80629, 0.02259, 0.15140
73300, 5864080, 11.86002, 7.77813, 2.59845, 1.72948, -1.80316, 0.01101, 0.07234
73400, 5872080, 7.79999, 4.08548, 1.64169, 1.17720, -1.85609, 0.00988, 0.07740
73500, 5880080, 10.27001, 5.79864, 2.14775, 1.45930, -1.77887, 0.00215, 0.00908
73600, 5888080, 4.03000, 2.14224, 0.69870, 0.47816, -1.85260, 0.00443, 0.01742
73700, 5896080, 9.42999, 4.59372, 2.30324, 1.25087, -1.75007, 0.00363, -0.01882
73800, 5904080, 9.63999, 4.32000, 2.07401, 1.15651, -1.76073, 0.04141, -0.06480
73900, 5912080, 9.03999, 3.62833, 1.93822, 0.84585, -1.78062, 0.02199, -0.05290
74000, 5920080, 6.92000, 5.65459, 1.59897, 1.44838, -1.79971, 0.00787, 0.08010
74100, 5928080, 7.79999, 4.49900, 1.82398, 1.07031, -1.85373, 0.03399, -0.09747
74200, 5936080, 7.90001, 6.38646, 1.88911, 1.90874, -1.74382, 0.00833, -0.04127
74300, 5944080, 11.91002, 7.54775, 3.01725, 1.96767, -1.80540, 0.00919, -0.05030
74400, 5952080, 16.13004, 5.13257, 3.57749, 1.17605, -1.76667, 0.00370, -0.01812
74500, 5960080, 7.28999, 2.83132, 1.32598, 0.65945, -1.89766, 0.00101, -0.00954
74600, 5968080, 10.31002, 7.35230, 2.40722, 1.92366, -1.88139, 0.00586, 0.05172
74700, 5976080, 5.09000, 1.20105, 1.17395, 0.33024, -1.88232, 0.00859, 0.08562
74800, 5984080, 9.70002, 8.55727, 2.70945, 2.91945, -1.74314, 0.02341, 0.04385
74900, 5992080, 10.35999, 4.98831, 2.73441, 1.04863, -1.85698, 0.00591, 0.05377
75000, 6000080, 9.50001, 6.23367, 2.97367, 2.21418, -1.93068, 0.01030, -0.03173
75100, 6008080, 8.18001, 6.73314, 2.92867, 2.47429, -1.59944, 0.02053, 0.09923
75200, 6016080, 13.85003, 6.21875, 4.13858, 2.27013, -1.62605, 0.03970, -0.00770
75300, 6024080, 8.81001, 5.78860, 1.77020, 1.32884, -1.82884, 0.01842, -0.03223
75400, 6032080, 5.91999, 5.35681, 0.89958, 1.05436, -1.91275, 0.01217, 0.00797
75500, 6040080, 9.48002, 7.02731, 2.17284, 1.89049, -1.81925, 0.00231, -0.02533
75600, 6048080, 13.12003, 7.34503, 4.27790, 2.89526, -1.61126, 0.01681, -0.01956
75700, 6056080, 7.99001, 7.03998, 1.89044, 2.03733, -1.83285, 0.00418, 0.01524
75800, 6064080, 3.16000, 0.36950, 0.38020, 0.27923, -1.96131, 0.03071, -0.10928
75900, 6072080, 15.23005, 6.12554, 8.55432, 4.02566, -1.47766, 0.02772, 0.11428
76000, 6080080, 5.86000, 2.36090, 1.58657, 0.65971, -1.69567, 0.05249, -0.04225
76100, 6088080, 9.40002, 6.90488, 2.40797, 1.80344, -1.84714, 0.00587, 0.05032
76200, 6096080, 8.58002, 8.36617, 3.40669, 3.87631, -1.42879, 0.03444, 0.16160
76300, 6104080, 14.28004, 8.63973, 5.70043, 3.70148, -1.76013, 0.00851, -0.01405
76400, 6112080, 5.73000, 1.55688, 1.17126, 0.51161, -1.73403, 0.09124, -0.20883
76500, 6120080, 10.49001, 7.48941, 2.57424, 1.94292, -1.77093, 0.05115, -0.14367
76600, 6128080, 6.90999, 2.75281, 1.63951, 0.89083, -1.77709, 0.00280, -0.00544
76700, 6136080, 8.19999, 2.19186, 1.87693, 0.55285, -1.77781, 0.04239, -0.02076
76800, 6144080, 6.31999, 1.87673, 1.59712, 0.34842, -1.77023, 0.01177, 0.02599
76900, 6152080, 10.18001, 7.04982, 2.74090, 2.30277, -1.70323, 0.20404, -0.48492
77000, 6160080, 6.35999, 2.13866, 1.20205, 0.63469, -1.81868, 0.00392, 0.01419
77100, 6168080, 7.04999, 3.95836, 1.62253, 1.23372, -1.81752, 0.00908, 0.12225
77200, 6176080, 8.78001, 6.71761, 2.44050, 2.14384, -1.69457, 0.03325, -0.01596
77300, 6184080, 8.56999, 2.67320, 2.08841, 0.75176, -1.81818, 0.04486, -0.13682
77400, 6192080, 6.82999, 3.07009, 1.68892, 0.98712, -1.84862, 0.00957, 0.11753
77500, 6200080, 14.16005, 8.10721, 4.49205, 3.25549, -1.87052, 0.10226, -0.34140
77600, 6208080, 14.16005, 8.31916, 4.19380, 2.74569, -1.77133, 0.00360, -0.02127
77700, 6216080, 3.74000, 0.92232, 0.66945, 0.24225, -1.68023, 0.00334, 0.05570
77800, 6224080, 11.18002, 7.11529, 2.26750, 1.85106, -1.81809, 0.04295, -0.15218
77900, 6232080, 12.02002, 7.11881, 2.52564, 1.87070, -1.68557, 0.00338, 0.02977
78000, 6240080, 7.06999, 4.72094, 1.57309, 1.24717, -1.75163, 0.08374, -0.12134
78100, 6248080, 11.60002, 6.95729, 2.45687, 1.58405, -1.89976, 0.00343, -0.00428
78200, 6256080, 4.76000, 3.42664, 0.67989, 0.88774, -1.97958, 0.00450, 0.02703
78300, 6264080, 6.27999, 3.18262, 2.00739, 1.71953, -1.77208, 0.00707, -0.03641
78400, 6272080, 13.08002, 6.67832, 5.79424, 3.15243, -1.59341, 0.02535, 0.15248
78500, 6280080, 7.47999, 3.35110, 1.73706, 0.98326, -1.76966, 0.01068, 0.07963
78600, 6288080, 6.16999, 1.32881, 1.08390, 0.15485, -1.86608, 0.00310, -0.01180
78700, 6296080, 5.95999, 3.21463, 1.24237, 0.79093, -1.90061, 0.01670, -0.06410
78800, 6304080, 4.84000, 2.49757, 1.44555, 0.66880, -1.63726, 0.02667, 0.15971
78900, 6312080, 10.21999, 3.75865, 3.26265, 1.26450, -1.69448, 0.01304, 0.09373
79000, 6320080, 7.47999, 5.20522, 1.48973, 1.21088, -1.76572, 0.00348, 0.01386
79100, 6328080, 8.54999, 1.78030, 1.63328, 0.31555, -1.89543, 0.00292, -0.02959
79200, 6336080, 3.88000, 1.46351, 0.67944, 0.31591, -1.84421, 0.00559, 0.08073
79300, 6344080, 11.88002, 6.70414, 3.17498, 2.11969, -1.75365, 0.01046, -0.06331
79400, 6352080, 6.25999, 4.02717, 1.41836, 1.08567, -1.77569, 0.03706, -0.01822
79500, 6360080, 7.95999, 1.10851, 1.80476, 0.62088, -1.83655, 0.06478, -0.20186
79600, 6368080, 7.71999, 1.70082, 1.71020, 0.55782, -1.82115, 0.01633, 0.00331
79700, 6376080, 7.05999, 1.08049, 1.64165, 0.29036, -1.84576, 0.00215, 0.03581
79800, 6384080, 12.66002, 7.08757, 3.01804, 1.78843, -1.79008, 0.01285, 0.08137
79900, 6392080, 8.72000, 4.80244, 1.71059, 1.13438, -1.79656, 0.00130, 0.02127
80000, 6400080, 11.78002, 6.20384, 2.67565, 1.88166, -1.84045, 0.04664, -0.16092
80100, 6408080, 10.28001, 5.38881, 2.10893, 1.35506, -1.92454, 0.04863, -0.13025
80200, 6416080, 12.51001, 5.25638, 3.62968, 1.71487, -1.81867, 0.01296, -0.00210
80300, 6424080, 6.18999, 3.87709, 1.17770, 0.88586, -1.84569, 0.02144, 0.02875
80400, 6432080, 11.92002, 6.19975, 2.88530, 1.88840, -1.80594, 0.00668, -0.07511
80500, 6440080, 9.24000, 5.96953, 1.97256, 1.48810, -1.90825, 0.04937, -0.15022
80600, 6448080, 6.27999, 4.07607, 1.27225, 1.18523, -1.95050, 0.07875, -0.37743
80700, 6456080, 7.25999, 2.20097, 1.66130, 0.54123, -1.83050, 0.00829, 0.09775
80800, 6464080, 10.44001, 5.50783, 2.70059, 1.81987, -1.83297, 0.00912, 0.05384
80900, 6472080, 12.23003, 7.76797, 3.19810, 2.14507, -1.86205, 0.00166, 0.00604
81000, 6480080, 5.56000, 0.99492, 1.24843, 0.57318, -1.85041, 0.00870, 0.08462
81100, 6488080, 5.47000, 3.09604, 1.25914, 0.99416, -1.89463, 0.00390, 0.05787
81200, 6496080, 9.28002, 8.00658, 2.71552, 2.64457, -1.79154, 0.02253, 0.17488
81300, 6504080, 5.64000, 2.69478, 1.36063, 1.10758, -1.69628, 0.08445, -0.16599
81400, 6512080, 6.81999, 0.63456, 1.66168, 0.37170, -1.90793, 0.06988, -0.20752
81500, 6520080, 8.36999, 2.79854, 2.04839, 0.85209, -1.88842, 0.00473, 0.03697
81600, 6528080, 6.56999, 3.10756, 1.39453, 0.81039, -1.83093, 0.07269, -0.23852
81700, 6536080, 7.63999, 3.16784, 1.52820, 0.68680, -1.85502, 0.01813, 0.02896
81800, 6544080, 4.52000, 3.58604, 0.85514, 0.74729, -1.84531, 0.00346, 0.04193
81900, 6552080, 7.93999, 4.15750, 2.21267, 1.36337, -1.84988, 0.02471, -0.02340
82000, 6560080, 6.50999, 4.60091, 1.67469, 1.40387, -1.76876, 0.00456, 0.06011
82100, 6568080, 4.04000, 2.28339, 0.87805, 0.72856, -1.92407, 0.05951, -0.07274
82200, 6576080, 10.25001, 5.51030, 2.94007, 2.22858, -1.83206, 0.00668, -0.00919
82300, 6584080, 7.54999, 3.69654, 2.66679, 1.80735, -1.64394, 0.11280, -0.18640
82400, 6592080, 12.34003, 7.81043, 3.48731, 2.57685, -1.72471, 0.08804, -0.15072
82500, 6600080, 11.52002, 7.70230, 2.65373, 2.08145, -1.87866, 0.05644, -0.09435
82600, 6608080, 5.83000, 3.51566, 2.49098, 2.31046, -1.67772, 0.04612, -0.04030
82700, 6616080, 10.71999, 4.19714, 4.17669, 1.77542, -1.51764, 0.43028, -0.27015
82800, 6624080, 8.24999, 2.07624, 2.39395, 0.75611, -1.78405, 0.00543, 0.04733
82900, 6632080, 10.26002, 7.16482, 1.94106, 1.48743, -1.83423, 0.00284, 0.04887
83000, 6640080, 7.68002, 8.26486, 1.33082, 1.62736, -1.89147, 0.03484, -0.00824
83100, 6648080, 7.90999, 3.73629, 1.50593, 0.89433, -1.91540, 0.00099, 0.01955
83200, 6656080, 11.36002, 7.10684, 2.96810, 2.08743, -1.78029, 0.00893, 0.10309
83300, 6664080, 10.26002, 7.95066, 2.25653, 1.99314, -1.89429, 0.00278, -0.00684
83400, 6672080, 7.55999, 4.37496, 1.41379, 1.07189, -1.86068, 0.02427, -0.12355
83500, 6680080, 6.69999, 2.69666, 1.43991, 0.61830, -1.77821, 0.01864, 0.00918
83600, 6688080, 11.96002, 6.48778, 3.35301, 2.18349, -1.75625, 0.17605, -0.26272
83700, 6696080, 7.43999, 4.08835, 1.75282, 0.99869, -1.83109, 0.00812, 0.11239
83800, 6704080, 5.25000, 1.86944, 0.90443, 0.43585, -1.79295, 0.00149, 0.00411
83900, 6712080, 8.43999, 4.68484, 1.79892, 1.30637, -1.82103, 0.01083, 0.11382
84000, 6720080, 4.89000, 1.84734, 1.08226, 0.40645, -1.76253, 0.01114, 0.07676
84100, 6728080, 13.06002, 6.81723, 4.36663, 3.13185, -1.68206, 0.00510, -0.03919
84200, 6736080, 10.09999, 4.65806, 2.25070, 1.17597, -1.80134, 0.09427, -0.20827
84300, 6744080, 11.62003, 8.59110, 2.66619, 2.14826, -1.81114, 0.00180, 0.04611
84400, 6752080, 6.11999, 4.46760, 1.10598, 1.01394, -1.87633, 0.01873, -0.05637
84500, 6760080, 6.99999, 3.68579, 1.45228, 0.92965, -1.86953, 0.00537, 0.06341
84600, 6768080, 14.28001, 3.84516, 4.17035, 1.76351, -1.70289, 0.02701, 0.02868
84700, 6776080, 6.83999, 4.46855, 1.45906, 1.27502, -1.70999, 0.00214, -0.01120
84800, 6784080, 8.46999, 3.18084, 1.93308, 0.77075, -1.73399, 0.00335, -0.02107
84900, 6792080, 18.24007, 4.20519, 4.27505, 1.24304, -1.78739, 0.00232, 0.05495
85000, 6800080, 7.55999, 4.13428, 1.32848, 0.96124, -1.89374, 0.01013, 0.14155
85100, 6808080, 6.71999, 1.99920, 1.66599, 0.47036, -1.77474, 0.01309, 0.13209
85200, 6816080, 10.52002, 6.31954, 3.36223, 2.48257, -1.79872, 0.00185, 0.01260
85300, 6824080, 11.26000, 4.28798, 2.91636, 1.48099, -1.78091, 0.06757, -0.16904
85400, 6832080, 9.07999, 4.32888, 1.61407, 0.94347, -1.82995, 0.00231, -0.04204
85500, 6840080, 12.28000, 3.62511, 2.29138, 0.83339, -1.84292, 0.04494, -0.19119
85600, 6848080, 13.90002, 5.48549, 3.07581, 1.37783, -1.84405, 0.02861, 0.04258
85700, 6856080, 11.32002, 7.95324, 2.43501, 2.00427, -1.73006, 0.08810, -0.11239
85800, 6864080, 6.91999, 4.10112, 1.50475, 1.15811, -1.80354, 0.00228, -0.03063
85900, 6872080, 8.75999, 5.12333, 1.79038, 1.20349, -1.80561, 0.00221, -0.04804
86000, 6880080, 9.88001, 5.94089, 2.07111, 1.38075, -1.87363, 0.00193, 0.00048
86100, 6888080, 10.34000, 5.81103, 2.31168, 1.59771, -1.86305, 0.00113, -0.01357
86200, 6896080, 12.98002, 7.24593, 2.77093, 1.81157, -1.79614, 0.00318, -0.00057
86300, 6904080, 11.06002, 7.92324, 2.59260, 2.10037, -1.83209, 0.00164, 0.05335
86400, 6912080, 6.43999, 4.05929, 1.08074, 0.87174, -1.90212, 0.00077, 0.00779
86500, 6920080, 3.87000, 0.49139, 0.58866, 0.20346, -1.88854, 0.02035, 0.09362
86600, 6928080, 7.95999, 4.07293, 2.05896, 1.08485, -1.88550, 0.08516, -0.15718
86700, 6936080, 8.58999, 2.90184, 2.49693, 0.95416, -1.75478, 0.02219, 0.18339
86800, 6944080, 7.03999, 3.35141, 1.53246, 0.88236, -1.86356, 0.00336, -0.07586
86900, 6952080, 12.50003, 7.64758, 3.47685, 2.53934, -1.75385, 0.03317, 0.01079
87000, 6960080, 11.22002, 7.86324, 2.76512, 2.37759, -1.89771, 0.00527, 0.06635
87100, 6968080, 15.36004, 6.65384, 3.86365, 1.92980, -1.86585, 0.00432, -0.01247
87200, 6976080, 7.56999, 1.34278, 1.71823, 0.23898, -1.70728, 0.10839, -0.43847
87300, 6984080, 13.79003, 6.20270, 4.45699, 2.11761, -1.83579, 0.09888, -0.26176
87400, 6992080, 9.59002, 7.80879, 2.95266, 3.22359, -1.82313, 0.01218, 0.05046
87500, 7000080, 8.25999, 4.84616, 2.01166, 1.29243, -1.80524, 0.12673, -0.32192
87600, 7008080, 11.00000, 5.75111, 2.41958, 1.28924, -1.88864, 0.00302, 0.04607
87700, 7016080, 9.62999, 3.61248, 2.31061, 1.03467, -1.90033, 0.00220, 0.01365
87800, 7024080, 9.64002, 6.70415, 2.33887, 1.85708, -1.83885, 0.00338, 0.05534
87900, 7032080, 8.98002, 8.12058, 1.88959, 2.49562, -1.99122, 0.04649, -0.19754
88000, 7040080, 6.53999, 4.07522, 1.79559, 1.47043, -1.91920, 0.00278, 0.00706
88100, 7048080, 11.07002, 8.65967, 3.80078, 3.25133, -1.87173, 0.14138, -0.34329
88200, 7056080, 10.72999, 2.19900, 3.18508, 1.28188, -1.79103, 0.01591, 0.15752
88300, 7064080, 11.22002, 6.68037, 2.87214, 2.04997, -1.76418, 0.10603, -0.24054
88400, 7072080, 12.15002, 7.44057, 2.34764, 1.67558, -1.94834, 0.08438, -0.27655
88500, 7080080, 4.47000, 2.84523, 0.78211, 0.54365, -1.97117, 0.00736, -0.01840
88600, 7088080, 5.80000, 1.68063, 1.48635, 0.50418, -1.76113, 0.02316, -0.04057
88700, 7096080, 9.29000, 4.66767, 2.93357, 1.77576, -1.72236, 0.01486, 0.12627
88800, 7104080, 5.40000, 2.07384, 1.22872, 0.65178, -1.80478, 0.00242, -0.02330
88900, 7112080, 13.06002, 5.65705, 2.61929, 1.52848, -1.80492, 0.00253, 0.02674
89000, 7120080, 8.35999, 3.83444, 1.42273, 0.63532, -1.83938, 0.00244, 0.02029
89100, 7128080, 7.84999, 2.16576, 1.86238, 0.59194, -1.89814, 0.00065, -0.00117
89200, 7136080, 7.63999, 2.29271, 2.17879, 0.90935, -1.82056, 0.00908, 0.14060
89300, 7144080, 11.98002, 7.42824, 3.91688, 2.80671, -1.67524, 0.00736, -0.08534
89400, 7152080, 7.28999, 4.62011, 1.56933, 1.05986, -1.74151, 0.00416, -0.02591
89500, 7160080, 5.08000, 1.30639, 0.77057, 0.42941, -1.96758, 0.00249, 0.04736
89600, 7168080, 7.03999, 2.33398, 1.39815, 0.50529, -1.89683, 0.01447, 0.06812
89700, 7176080, 6.21999, 3.26802, 1.85893, 1.36336, -1.77115, 0.04556, 0.00484
89800, 7184080, 10.54999, 3.47261, 2.80287, 1.14353, -1.80334, 0.01576, -0.03302
89900, 7192080, 13.81003, 6.43830, 3.42110, 1.95591, -1.74058, 0.06306, -0.18301
90000, 7200080, 6.44999, 1.04836, 1.12539, 0.22502, -1.81365, 0.00672, 0.07345
90100, 7208080, 9.62000, 5.77162, 2.17949, 1.43876, -1.80264, 0.00925, 0.07649
90200, 7216080, 11.87000, 4.76168, 2.57889, 1.25201, -1.81164, 0.00294, 0.04231
90300, 7224080, 8.67002, 8.29491, 1.70703, 1.78743, -1.91034, 0.04459, -0.13760
90400, 7232080, 8.40999, 4.36145, 1.45119, 0.80173, -1.93785, 0.00480, -0.07451
90500, 7240080, 4.52000, 1.50944, 0.72455, 0.35022, -1.87337, 0.01436, 0.13621
90600, 7248080, 7.42999, 3.46831, 1.82136, 1.00112, -1.81632, 0.07774, -0.15582
90700, 7256080, 7.90999, 4.08566, 2.01553, 1.23867, -1.82172, 0.00847, 0.12023
90800, 7264080, 12.61005, 9.70682, 3.21302, 2.77141, -1.82989, 0.00382, 0.01001
90900, 7272080, 9.31999, 4.39830, 1.97543, 1.10305, -1.92981, 0.00304, 0.03687
91000, 7280080, 7.39999, 4.55836, 1.43408, 1.09259, -1.88734, 0.00470, 0.06402
91100, 7288080, 5.85999, 0.98278, 1.72807, 0.61909, -1.76682, 0.00750, -0.05601
91200, 7296080, 3.88000, 0.95554, 0.58048, 0.40049, -1.84563, 0.01843, -0.03526
91300, 7304080, 17.42007, 7.16005, 7.13379, 3.44717, -1.62210, 0.01233, -0.01683
91400, 7312080, 6.83999, 2.74653, 1.41376, 0.84589, -1.88059, 0.03822, -0.11196
91500, 7320080, 10.28002, 8.37550, 2.95592, 2.99613, -1.81172, 0.00710, 0.00534
91600, 7328080, 10.66002, 7.01284, 2.51675, 1.89202, -1.83363, 0.00819, 0.10857
91700, 7336080, 9.19002, 8.00348, 2.13632, 2.16732, -1.79216, 0.00456, -0.03417
91800, 7344080, 4.42000, 1.19040, 0.92729, 0.46160, -1.82023, 0.06326, -0.02552
91900, 7352080, 8.86999, 6.11336, 2.32382, 1.88027, -1.80751, 0.00460, 0.02291
92000, 7360080, 6.85999, 3.11307, 1.88837, 1.00882, -1.89157, 0.00647, 0.09126
92100, 7368080, 8.48002, 8.45448, 1.92942, 2.26686, -1.84565, 0.00989, 0.03518
92200, 7376080, 9.30002, 7.95952, 2.61868, 2.65654, -1.71042, 0.02094, 0.11546
92300, 7384080, 11.39999, 2.69478, 2.86745, 1.02861, -1.79829, 0.01133, 0.04955
92400, 7392080, 13.05999, 1.63315, 3.25746, 0.32359, -1.73007, 0.00652, 0.09671
92500, 7400080, 4.68000, 1.39178, 0.57308, 0.29877, -1.94111, 0.00280, -0.03660
92600, 7408080, 12.38002, 6.71762, 3.71381, 2.55062, -1.52689, 0.00955, -0.00084
92700, 7416080, 8.97999, 2.12201, 2.72770, 0.76027, -1.73813, 0.02090, 0.14796
92800, 7424080, 14.65004, 7.76687, 4.43883, 2.62678, -1.64018, 0.14811, -0.29024
92900, 7432080, 4.84000, 1.53188, 0.70580, 0.30473, -1.85666, 0.04317, -0.16741
93000, 7440080, 9.15999, 4.03399, 1.91438, 1.11929, -1.90136, 0.00730, -0.02817
93100, 7448080, 8.11999, 0.80532, 1.96677, 0.30881, -1.84868, 0.03049, -0.08778
93200, 7456080, 9.70002, 7.55751, 3.10709, 3.34910, -1.67635, 0.11881, -0.08373
93300, 7464080, 8.72999, 3.96993, 2.37868, 1.25887, -1.73164, 0.00567, 0.07681
93400, 7472080, 7.38999, 5.26243, 1.49151, 1.21649, -1.81706, 0.00581, 0.00332
93500, 7480080, 10.45002, 6.27656, 1.93866, 1.49745, -1.87802, 0.00064, 0.00083
93600, 7488080, 5.40000, 1.58930, 0.89249, 0.24742, -1.95451, 0.05824, -0.26055
93700, 7496080, 6.92999, 4.03641, 1.81955, 1.24933, -1.86754, 0.00604, 0.05991
93800, 7504080, 5.70000, 2.09061, 2.04616, 0.86830, -1.75260, 0.01834, 0.18990
93900, 7512080, 6.31999, 5.47001, 1.46631, 1.49658, -1.81374, 0.00211, -0.03730
94000, 7520080, 10.94002, 7.22233, 3.11354, 2.52184, -1.78763, 0.09179, -0.17541
94100, 7528080, 3.24000, 1.23591, 0.49618, 0.21118, -1.93360, 0.04021, -0.05484
94200, 7536080, 5.00000, 1.23591, 1.20606, 0.30624, -1.81687, 0.00591, -0.07604
94300, 7544080, 9.88000, 5.00539, 2.82976, 1.51007, -1.76778, 0.00355, -0.02612
94400, 7552080, 8.71999, 5.23108, 2.08978, 1.36163, -1.81591, 0.00196, -0.01308
94500, 7560080, 9.97001, 5.39497, 1.86564, 1.06488, -1.79815, 0.00264, 0.02182
94600, 7568080, 4.93000, 3.37083, 0.74874, 0.66130, -1.86309, 0.00738, 0.07418
94700, 7576080, 8.56999, 4.32633, 2.21657, 1.39007, -1.79284, 0.00364, -0.01261
94800, 7584080, 6.19999, 2.34424, 1.67271, 0.96239, -1.69283, 0.06624, -0.15908
94900, 7592080, 10.67999, 5.30660, 2.93315, 1.82484, -1.76368, 0.00612, 0.05457
95000, 7600080, 4.60000, 0.78655, 0.73210, 0.20149, -1.85073, 0.00127, -0.00777
95100, 7608080, 10.17001, 7.58705, 2.09029, 1.85820, -1.79580, 0.00472, -0.02299
95200, 7616080, 11.89002, 6.08955, 2.23501, 1.45580, -1.88441, 0.00701, 0.03171
95300, 7624080, 5.48000, 3.70772, 0.98961, 0.71224, -1.87509, 0.00396, 0.04028
95400, 7632080, 5.95999, 2.12866, 1.17877, 0.60652, -1.84093, 0.00511, 0.05150
95500, 7640080, 10.36000, 5.91721, 2.65979, 1.82127, -1.75180, 0.00243, -0.04464
95600, 7648080, 8.14999, 3.32030, 1.55851, 0.65283, -1.80567, 0.02177, -0.04042
95700, 7656080, 11.93001, 5.42543, 2.32622, 1.26716, -1.85990, 0.02605, -0.13151
95800, 7664080, 9.15999, 4.70574, 1.54081, 0.80270, -1.87103, 0.00296, 0.03238
95900, 7672080, 7.83999, 4.02101, 1.83981, 1.31372, -1.86283, 0.00357, -0.01603
96000, 7680080, 8.04999, 3.38252, 2.00112, 0.98059, -1.89209, 0.10331, -0.16098
96100, 7688080, 9.85002, 7.50936, 2.44617, 2.53094, -1.82036, 0.01008, 0.04466
96200, 7696080, 5.16000, 2.75739, 1.04937, 0.66973, -1.90417, 0.07356, -0.28291
96300, 7704080, 7.67999, 2.12540, 2.11445, 0.80114, -1.83268, 0.07258, -0.14988
96400, 7712080, 7.19999, 3.65644, 1.72370, 0.99143, -1.80102, 0.00654, -0.00007
96500, 7720080, 5.32000, 1.55400, 1.09492, 0.49132, -1.84171, 0.03289, 0.00029
96600, 7728080, 14.48004, 6.39246, 4.41983, 1.86116, -1.76304, 0.14929, -0.25573
96700, 7736080, 6.25999, 2.23750, 1.48952, 0.57854, -1.76095, 0.02479, 0.06112
96800, 7744080, 8.67999, 2.87852, 1.80941, 0.53521, -1.85716, 0.00618, 0.06787
96900, 7752080, 6.03999, 2.50610, 0.89880, 0.45329, -1.98839, 0.03091, -0.20561
97000, 7760080, 5.97999, 3.30454, 1.73031, 1.02486, -1.85583, 0.01898, 0.05870
97100, 7768080, 9.40000, 5.36419, 3.52529, 1.83258, -1.65878, 0.00375, -0.02640
97200, 7776080, 6.19999, 3.51029, 1.61931, 0.97889, -1.76881, 0.00854, 0.01517
97300, 7784080, 12.32005, 10.04412, 2.75917, 2.66209, -1.84881, 0.00233, -0.02375
97400, 7792080, 9.79001, 8.24005, 2.34047, 2.21792, -1.84201, 0.00279, -0.03522
97500, 7800080, 9.04000, 4.91833, 1.80178, 1.10901, -1.86829, 0.00160, 0.02480
97600, 7808080, 8.66999, 6.01459, 2.00039, 1.59392, -1.91024, 0.04688, -0.09215
97700, 7816080, 7.00999, 4.68579, 1.43086, 1.04376, -1.88823, 0.00485, 0.06580
97800, 7824080, 4.65000, 1.13390, 0.91985, 0.31964, -1.80935, 0.01218, 0.12996
97900, 7832080, 5.24000, 2.61931, 1.24320, 0.61765, -1.87564, 0.04031, -0.06625
98000, 7840080, 7.77999, 4.17452, 2.09221, 1.17747, -1.70121, 0.06778, -0.11337
98100, 7848080, 8.19999, 2.41418, 1.95110, 0.74950, -1.90358, 0.00200, -0.04801
98200, 7856080, 13.06004, 7.91112, 3.62727, 2.47077, -1.91565, 0.00199, -0.01185
98300, 7864080, 13.67003, 6.39933, 3.50916, 1.70651, -1.70908, 0.00125, -0.00730
98400, 7872080, 9.87002, 8.88065, 1.99807, 1.90215, -1.85819, 0.00317, -0.07363
98500, 7880080, 10.42002, 7.31159, 2.33075, 2.04412, -1.77476, 0.04805, -0.11417
98600, 7888080, 7.93001, 7.16373, 2.03429, 1.94327, -1.79223, 0.18528, -0.37575
98700, 7896080, 7.76999, 3.52838, 1.56859, 1.01686, -1.79911, 0.05040, -0.18740
98800, 7904080, 6.20999, 4.07298, 1.12569, 0.80884, -1.81370, 0.00569, -0.01861
98900, 7912080, 6.13999, 3.77394, 1.09927, 0.81917, -1.89307, 0.00313, 0.03246
99000, 7920080, 6.42999, 2.63927, 1.49532, 0.80922, -1.87250, 0.05413, -0.13504
99100, 7928080, 9.57002, 7.94388, 3.03840, 2.93104, -1.79696, 0.01181, 0.04056
99200, 7936080, 9.57999, 4.76268, 2.42059, 1.44584, -1.80895, 0.00834, 0.00206
99300, 7944080, 8.50002, 8.49698, 1.81016, 2.07133, -1.87512, 0.09666, -0.39167
99400, 7952080, 5.59000, 2.76345, 1.17123, 0.67048, -1.86862, 0.00159, 0.00450
99500, 7960080, 13.91001, 3.08451, 4.25708, 1.27054, -1.77911, 0.06965, -0.20000
99600, 7968080, 12.24999, 2.54021, 3.46577, 1.10960, -1.69243, 0.00601, -0.07184
99700, 7976080, 9.90001, 6.09724, 2.08663, 1.76564, -1.93681, 0.00346, -0.00130
99800, 7984080, 8.43999, 3.80876, 1.66099, 0.82193, -1.89967, 0.02806, -0.10323
99900, 7992080, 4.24000, 1.16390, 0.82814, 0.30100, -1.88445, 0.03844, -0.01146
100000, 8000080, 4.07000, 1.03350, 0.50694, 0.25502, -1.91863, 0.00468, -0.01240
100100, 8008080, 9.10002, 8.69920, 3.30552, 3.24176, -1.81782, 0.00832, 0.09540
100200, 8016080, 8.33999, 4.73810, 2.66925, 1.80153, -1.67016, 0.22720, -0.23417
100300, 8024080, 8.87001, 5.93382, 2.18474, 1.99097, -1.88565, 0.13054, -0.34512
100400, 8032080, 10.41001, 7.04950, 2.16074, 1.58417, -1.88526, 0.00523, 0.08208
100500, 8040080, 6.55999, 2.86626, 1.25976, 0.77397, -1.88082, 0.00679, 0.04078
100600, 8048080, 6.35999, 1.19733, 1.21782, 0.49579, -1.84124, 0.08188, -0.09612
100700, 8056080, 10.72002, 6.89221, 2.63044, 1.69630, -1.78874, 0.01270, 0.02000
100800, 8064080, 7.23999, 4.40605, 1.50428, 1.10064, -1.81461, 0.00524, 0.07382
100900, 8072080, 5.72000, 2.04065, 1.05820, 0.51414, -1.85733, 0.00413, -0.02983
101000, 8080080, 11.02002, 7.04599, 2.56658, 1.89357, -1.77215, 0.00353, 0.00266
101100, 8088080, 10.63999, 3.39945, 2.32883, 0.90346, -1.85185, 0.00080, 0.00655
101200, 8096080, 5.80000, 3.19332, 1.09947, 0.72745, -1.85343, 0.00589, 0.08343
101300, 8104080, 10.41002, 7.33009, 2.20619, 1.68130, -1.82636, 0.00306, 0.08075
101400, 8112080, 7.33999, 4.39302, 1.84149, 1.49664, -1.60533, 0.00478, 0.06223
101500, 8120080, 10.17999, 4.55010, 1.93579, 1.04541, -1.87376, 0.00543, 0.07341
101600, 8128080, 3.40000, 1.23591, 0.46808, 0.26748, -1.84994, 0.00365, 0.03207
101700, 8136080, 6.39999, 2.12415, 1.47345, 0.28354, -1.80389, 0.00624, -0.03582
101800, 8144080, 10.90002, 6.74520, 3.65058, 2.16970, -1.84575, 0.00666, 0.04683
101900, 8152080, 9.23001, 7.10640, 2.84233, 2.58188, -1.77147, 0.17485, -0.26264
102000, 8160080, 4.84000, 2.65651, 0.95544, 0.41473, -1.82652, 0.00721, 0.01018
102100, 8168080, 11.34002, 7.57386, 2.64024, 2.09465, -1.82193, 0.00568, 0.02318
102200, 8176080, 3.56000, 1.28996, 0.52273, 0.19654, -1.87745, 0.00166, 0.02302
102300, 8184080, 11.20000, 5.57079, 2.91266, 1.40459, -1.78180, 0.00327, 0.01138
102400, 8192080, 8.22999, 1.25363, 2.12797, 0.50900, -1.85318, 0.00631, 0.08742
102500, 8200080, 10.18002, 7.78828, 2.77034, 2.44935, -1.70589, 0.01911, 0.03724
102600, 8208080, 10.04002, 8.01310, 2.33042, 2.02804, -1.76891, 0.00521, -0.04022
102700, 8216080, 4.77000, 2.42132, 0.89369, 0.43950, -1.85506, 0.00853, 0.08473
102800, 8224080, 4.84000, 2.84272, 0.88464, 0.64508, -1.89423, 0.07038, -0.22259
102900, 8232080, 5.16000, 1.47549, 1.22870, 0.47901, -1.88915, 0.00318, -0.02535
103000, 8240080, 11.24001, 6.71431, 2.81524, 1.86091, -1.77982, 0.00515, 0.08026
103100, 8248080, 5.72000, 2.80190, 0.88796, 0.74739, -1.98279, 0.00627, -0.03449
103200, 8256080, 13.63002, 6.10092, 6.42150, 2.67927, -1.46942, 0.04499, 0.14281
103300, 8264080, 9.80001, 5.59392, 3.86313, 2.84071, -1.72905, 0.01412, 0.06174
103400, 8272080, 7.47999, 0.55426, 1.89298, 0.27483, -1.67820, 0.08108, -0.16289
103500, 8280080, 9.78002, 7.53461, 2.05689, 1.90989, -1.91557, 0.00629, 0.02584
103600, 8288080, 4.19000, 1.68392, 0.74989, 0.41402, -1.89474, 0.00326, 0.03885
103700, 8296080, 9.41000, 5.47796, 2.51205, 1.31684, -1.77401, 0.00980, 0.05358
103800, 8304080, 7.55999, 2.46403, 2.27588, 0.63251, -1.68411, 0.05567, 0.11797
103900, 8312080, 8.48999, 3.36719, 1.87179, 0.93462, -1.71176, 0.00680, 0.07910
104000, 8320080, 6.09999, 1.98057, 1.03562, 0.42151, -1.86976, 0.00233, -0.00538
104100, 8328080, 9.23001, 6.42816, 2.16697, 1.53912, -1.80619, 0.00452, 0.05779
104200, 8336080, 9.55999, 5.83653, 2.93024, 2.17986, -1.60873, 0.00758, 0.05483
104300, 8344080, 10.19999, 1.82895, 2.74167, 0.48520, -1.69884, 0.12675, -0.22144
104400, 8352080, 8.74000, 4.85409, 2.26149, 1.39391, -1.84690, 0.00794, 0.11009
104500, 8360080, 14.96002, 4.04790, 3.17204, 1.28613, -1.93199, 0.00505, 0.02122
104600, 8368080, 8.11999, 4.84952, 1.66407, 1.21918, -1.85964, 0.00705, 0.08137
104700, 8376080, 6.43999, 5.55601, 1.45104, 1.48942, -1.84670, 0.00969, 0.01460
104800, 8384080, 3.66000, 2.48075, 0.82327, 0.54967, -1.66840, 0.03046, 0.17355
104900, 8392080, 6.32999, 1.98645, 1.45427, 0.72141, -1.84891, 0.00451, 0.08532
105000, 8400080, 6.64999, 2.12951, 1.31065, 0.56015, -1.78635, 0.01057, -0.01631
105100, 8408080, 5.72000, 1.52350, 1.12049, 0.54180, -1.81526, 0.06244, -0.15944
105200, 8416080, 7.50999, 2.27200, 1.81981, 0.62508, -1.82315, 0.08627, -0.26530
105300, 8424080, 8.23999, 3.04193, 2.12417, 0.79713, -1.76488, 0.00257, -0.03413
105400, 8432080, 6.09999, 3.19424, 1.63151, 0.91446, -1.76117, 0.16430, -0.39450
105500, 8440080, 9.49002, 7.96801, 2.33181, 2.33621, -1.78736, 0.00504, -0.04160
105600, 8448080, 5.35000, 3.43556, 1.23654, 0.60824, -1.89001, 0.00789, 0.04296
105700, 8456080, 10.52002, 7.10783, 3.12152, 2.36744, -1.90869, 0.08252, -0.30838
105800, 8464080, 12.26002, 6.03581, 3.27208, 1.67198, -1.75143, 0.00338, -0.04075
105900, 8472080, 9.22001, 6.38948, 2.08703, 1.72506, -1.87075, 0.06607, -0.12802
106000, 8480080, 8.03999, 3.70772, 1.50708, 0.90689, -1.85889, 0.00838, 0.09821
106100, 8488080, 11.16000, 3.33579, 3.04921, 0.97698, -1.73034, 0.00901, -0.08346
106200, 8496080, 8.74002, 8.24545, 2.32149, 2.32269, -1.65839, 0.09459, -0.16466
106300, 8504080, 16.40006, 7.45122, 4.30622, 2.04139, -1.67795, 0.00513, -0.05872
106400, 8512080, 6.25999, 4.33940, 1.08248, 0.89795, -1.89641, 0.01277, 0.11679
106500, 8520080, 7.83999, 4.80910, 1.62297, 1.07258, -1.84178, 0.00443, 0.04977
106600, 8528080, 15.15004, 5.95655, 4.48401, 1.97738, -1.75626, 0.02116, 0.18025
106700, 8536080, 7.12001, 7.07313, 1.63401, 1.96478, -1.79444, 0.06844, -0.15054
106800, 8544080, 5.50000, 3.07584, 0.94290, 0.80262, -1.81980, 0.00713, 0.05190
106900, 8552080, 5.24000, 1.57852, 0.85904, 0.30239, -1.90768, 0.00240, 0.05331
107000, 8560080, 6.03999, 3.35619, 1.12808, 0.72206, -1.88149, 0.09381, -0.37031
107100, 8568080, 6.60999, 3.49359, 1.73608, 1.01487, -1.82750, 0.10645, -0.20617
107200, 8576080, 6.03999, 5.24513, 1.36868, 1.47012, -1.82490, 0.09802, -0.25413
107300, 8584080, 4.84000, 2.75739, 0.92077, 0.59792, -1.80343, 0.00448, 0.00233
107400, 8592080, 9.39999, 5.04951, 1.87845, 1.16040, -1.80567, 0.00225, -0.02042
107500, 8600080, 6.11999, 2.44229, 1.12091, 0.42685, -1.85551, 0.00371, 0.05238
107600, 8608080, 6.74999, 4.97742, 1.34680, 1.09276, -1.82053, 0.06195, -0.13386
107700, 8616080, 11.37002, 7.01602, 2.35981, 1.74187, -1.81893, 0.05039, -0.19297
107800, 8624080, 8.99999, 3.05120, 1.70443, 0.72525, -1.84497, 0.00282, -0.02653
107900, 8632080, 8.20002, 7.20004, 1.97880, 2.19075, -1.88312, 0.00812, 0.10970
108000, 8640080, 4.04000, 1.34184, 0.74420, 0.26586, -1.77486, 0.02562, 0.03415
108100, 8648080, 13.41003, 6.73387, 4.17701, 2.41221, -1.69910, 0.00652, -0.07159
108200, 8656080, 11.63000, 4.60834, 3.02248, 1.27056, -1.76665, 0.00618, -0.01523
108300, 8664080, 9.15999, 4.42923, 1.77850, 1.08970, -1.86222, 0.06770, -0.14374
108400, 8672080, 6.35999, 4.13118, 1.05351, 0.79204, -1.87255, 0.00086, -0.03386
108500, 8680080, 6.42000, 5.95355, 1.14450, 1.40140, -1.87906, 0.00403, 0.06787
108600, 8688080, 7.44999, 3.45506, 1.87582, 1.28238, -1.80617, 0.01425, 0.14679
108700, 8696080, 9.31999, 3.48956, 2.63138, 1.59071, -1.73368, 0.00900, 0.08056
108800, 8704080, 10.59002, 7.53736, 2.96948, 2.43875, -1.78023, 0.00209, -0.01643
108900, 8712080, 6.27999, 1.87275, 1.11523, 0.43207, -1.93592, 0.00321, 0.02128
109000, 8720080, 7.42999, 5.38218, 1.75246, 1.54486, -1.81256, 0.12917, -0.35271
109100, 8728080, 13.68005, 8.51684, 3.60980, 2.68459, -1.89752, 0.00404, 0.00131
109200, 8736080, 8.50999, 4.43962, 2.08238, 1.39467, -1.84938, 0.00562, 0.01152
109300, 8744080, 11.00000, 5.34506, 2.32634, 1.25982, -1.84323, 0.00162, -0.02764
109400, 8752080, 10.50999, 2.60469, 2.62678, 0.47311, -1.82845, 0.07183, -0.16706
109500, 8760080, 6.65999, 5.27691, 1.54933, 1.35339, -1.86323, 0.01451, -0.00575
109600, 8768080, 15.78004, 5.51421, 4.96590, 2.04253, -1.77151, 0.10048, -0.29561
109700, 8776080, 4.95000, 2.37484, 1.00238, 0.53608, -1.88626, 0.00182, -0.01050
109800, 8784080, 12.72004, 8.40081, 3.26821, 2.20493, -1.80782, 0.00201, 0.00548
109900, 8792080, 6.84999, 3.95230, 1.65069, 1.14594, -1.81727, 0.00109, -0.03689
110000, 8800080, 11.85002, 7.03651, 2.87856, 1.76168, -1.86739, 0.00190, -0.00721
110100, 8808080, 6.51999, 2.57516, 1.22685, 0.66154, -1.88736, 0.00825, -0.01895
110200, 8816080, 4.21000, 1.64418, 0.69404, 0.35441, -1.94383, 0.03242, -0.10656
110300, 8824080, 9.55000, 5.57982, 2.19483, 1.43864, -1.82879, 0.00492, -0.04816
110400, 8832080, 10.02002, 7.78554, 2.69960, 2.31211, -1.78369, 0.00321, -0.01789
110500, 8840080, 9.23999, 6.27613, 2.14648, 1.70068, -1.77342, 0.00645, 0.00972
110600, 8848080, 4.00000, 1.16390, 0.58940, 0.25723, -1.91815, 0.00369, 0.04915
110700, 8856080, 8.65999, 4.00286, 1.77459, 1.18208, -1.89711, 0.00287, 0.00841
110800, 8864080, 8.03999, 3.33962, 2.11204, 1.12927, -1.83168, 0.00766, 0.08381
110900, 8872080, 8.12000, 6.10242, 2.34296, 2.00873, -1.75536, 0.01361, 0.10605
111000, 8880080, 10.34002, 7.73826, 2.27156, 1.98390, -1.90146, 0.04231, -0.12055
111100, 8888080, 9.87000, 4.55842, 2.19366, 1.30053, -1.86068, 0.00853, 0.07750
111200, 8896080, 7.63999, 4.10632, 1.62618, 1.07731, -1.84092, 0.01951, 0.12420
111300, 8904080, 3.99000, 0.91877, 0.69089, 0.22936, -1.79328, 0.00284, -0.00385
111400, 8912080, 13.71999, 2.20157, 3.10768, 0.61995, -1.82145, 0.00873, 0.03560
111500, 8920080, 8.56001, 6.06087, 1.73112, 1.51431, -1.77623, 0.01737, 0.18356
111600, 8928080, 5.95999, 1.15007, 1.17796, 0.40449, -1.84100, 0.00154, 0.01851
111700, 8936080, 6.29999, 4.67361, 1.22464, 1.20595, -1.85302, 0.00501, 0.10992
111800, 8944080, 7.43999, 2.82974, 1.50714, 0.71754, -1.87856, 0.00340, -0.00814
111900, 8952080, 12.02001, 5.58452, 2.87129, 1.52033, -1.83564, 0.00083, -0.00781
112000, 8960080, 7.22999, 4.62876, 1.82851, 1.44368, -1.83381, 0.15794, -0.46024
112100, 8968080, 6.59999, 3.45021, 1.58319, 0.94800, -1.77678, 0.01015, -0.01532
112200, 8976080, 7.89002, 7.65628, 2.09216, 2.24168, -1.74573, 0.00773, 0.06258
112300, 8984080, 4.95000, 1.18631, 0.91053, 0.53984, -1.71861, 0.00608, 0.06444
112400, 8992080, 8.91999, 3.70426, 2.20460, 1.17814, -1.72801, 0.01063, 0.13172
112500, 9000080, 8.47999, 4.76240, 2.17642, 1.49278, -1.74496, 0.09853, -0.23297
112600, 9008080, 11.55999, 4.12459, 2.91709, 1.08244, -1.72349, 0.00489, -0.02628
112700, 9016080, 12.49002, 7.12613, 2.88972, 1.54595, -1.85477, 0.00273, -0.00876
112800, 9024080, 7.39999, 4.57331, 1.51660, 1.33428, -1.79796, 0.00506, -0.00031
112900, 9032080, 15.99006, 7.38402, 3.55965, 1.82075, -1.81506, 0.00383, -0.03491
113000, 9040080, 8.03999, 3.51878, 1.50943, 0.91992, -1.82682, 0.00374, 0.05858
113100, 9048080, 10.58002, 9.06311, 2.37217, 2.28799, -1.80029, 0.00700, 0.07605
113200, 9056080, 11.93999, 1.88905, 3.73279, 0.63847, -1.76437, 0.00438, 0.03494
113300, 9064080, 8.10999, 3.19272, 2.25025, 1.01302, -1.82450, 0.11174, -0.20231
113400, 9072080, 5.01000, 1.82964, 0.86520, 0.44481, -1.88587, 0.05083, -0.18903
113500, 9080080, 11.47002, 8.21699, 3.20853, 2.31682, -1.77114, 0.07295, -0.09153
113600, 9088080, 3.85000, 1.27724, 0.79471, 0.81127, -1.93653, 0.08278, -0.11727
113700, 9096080, 4.50000, 1.31636, 1.27883, 0.44811, -1.75329, 0.00653, 0.01005
113800, 9104080, 15.36005, 6.61786, 5.97805, 3.10011, -1.61026, 0.10868, -0.18891
113900, 9112080, 7.71999, 3.18262, 1.57559, 0.87283, -1.88439, 0.00519, 0.05682
114000, 9120080, 5.85000, 3.61439, 0.95124, 0.73105, -1.92966, 0.03280, -0.11179
114100, 9128080, 12.74002, 6.01811, 2.61238, 1.58805, -1.89353, 0.00458, 0.01131
114200, 9136080, 6.59999, 3.17187, 1.38092, 0.93957, -1.91234, 0.00856, 0.06802
114300, 9144080, 10.95002, 8.00107, 2.43174, 2.19366, -1.83366, 0.10881, -0.38098
114400, 9152080, 12.81004, 8.43815, 3.06748, 2.29501, -1.79545, 0.00306, -0.01393
114500, 9160080, 12.66002, 6.64000, 2.87749, 1.58002, -1.72265, 0.07706, -0.17782
114600, 9168080, 9.81002, 7.52632, 1.85171, 1.64026, -1.89553, 0.00226, -0.02203
114700, 9176080, 8.43999, 5.10999, 1.90869, 1.32980, -1.90110, 0.04188, -0.03062
114800, 9184080, 9.65002, 7.74439, 2.60887, 2.35966, -1.78945, 0.00983, 0.12595
114900, 9192080, 8.38000, 5.82093, 1.89154, 1.56633, -1.84091, 0.00097, 0.01254
115000, 9200080, 13.32001, 4.76344, 2.80435, 1.27525, -1.83936, 0.01646, -0.03442
115100, 9208080, 5.95999, 1.57582, 0.94138, 0.39807, -1.79634, 0.00608, 0.10373
115200, 9216080, 6.59999, 3.45021, 1.41067, 0.85230, -1.86168, 0.00507, 0.04884
115300, 9224080, 5.64000, 2.70821, 1.14887, 0.57321, -1.88498, 0.00501, 0.01837
115400, 9232080, 4.76000, 2.52729, 1.12519, 0.65786, -1.80892, 0.16175, -0.44453
115500, 9240080, 8.42002, 8.57322, 2.36160, 3.08892, -1.74735, 0.12291, -0.01040
115600, 9248080, 11.73999, 4.18014, 3.22093, 1.13535, -1.75908, 0.01231, 0.06880
115700, 9256080, 6.61999, 4.47016, 1.49825, 1.17308, -1.87731, 0.07360, -0.20143
115800, 9264080, 6.43999, 3.81659, 1.42062, 1.23953, -1.79758, 0.00998, 0.03179
115900, 9272080, 8.85999, 4.11844, 2.04293, 1.13033, -1.88227, 0.03173, -0.08649
116000, 9280080, 10.35999, 3.56815, 2.60951, 1.21768, -1.78232, 0.00408, 0.01337
116100, 9288080, 9.59999, 5.41228, 2.59364, 1.81762, -1.86097, 0.04970, -0.08738
116200, 9296080, 7.92999, 3.48549, 2.42235, 1.18538, -1.60260, 0.01429, 0.05249
116300, 9304080, 13.28005, 8.92296, 3.13029, 2.43152, -1.81887, 0.00473, 0.08268
116400, 9312080, 8.51999, 5.63039, 1.79233, 1.50337, -1.89141, 0.00234, 0.05296
116500, 9320080, 11.00002, 7.26428, 2.31925, 1.77164, -1.82103, 0.10800, -0.40223
116600, 9328080, 12.49002, 6.37202, 3.16510, 1.70422, -1.79441, 0.01215, -0.03013
116700, 9336080, 8.01999, 2.00626, 1.65470, 0.59559, -1.87872, 0.01020, 0.14602
116800, 9344080, 5.65000, 3.20705, 1.35255, 1.09674, -1.84061, 0.00261, -0.04509
116900, 9352080, 12.98001, 4.32898, 3.34046, 1.49530, -1.84916, 0.00600, 0.08125
117000, 9360080, 5.79000, 2.81602, 1.36807, 0.76169, -1.78825, 0.06539, -0.11719
117100, 9368080, 6.26999, 3.44501, 1.63313, 1.09278, -1.85814, 0.00988, 0.08003
117200, 9376080, 8.55001, 7.11174, 2.41885, 2.27779, -1.82227, 0.01419, -0.02229
117300, 9384080, 8.51999, 4.08444, 1.97751, 1.02959, -1.83600, 0.03601, -0.04666
117400, 9392080, 10.14002, 7.24160, 2.14838, 1.59177, -1.93693, 0.00448, 0.05012
117500, 9400080, 8.34999, 3.41766, 1.86208, 0.88094, -1.81118, 0.00229, -0.03888
117600, 9408080, 7.07999, 5.33786, 1.46696, 1.21650, -1.82418, 0.00107, 0.00080
117700, 9416080, 7.63999, 2.38036, 1.96309, 0.73690, -1.74965, 0.00214, -0.05696
117800, 9424080, 6.75999, 2.79428, 1.55878, 0.91559, -1.80818, 0.00938, 0.03876
117900, 9432080, 6.61999, 3.81163, 1.59374, 1.28027, -1.81569, 0.02183, -0.00503
118000, 9440080, 11.77999, 2.84450, 3.06361, 0.68386, -1.84455, 0.00263, -0.05685
118100, 9448080, 10.32002, 7.67345, 2.37335, 1.92675, -1.76655, 0.00650, -0.00892
118200, 9456080, 7.55999, 3.54777, 1.44838, 0.85953, -1.81498, 0.00512, 0.08072
118300, 9464080, 9.39002, 8.60580, 2.16873, 2.15929, -1.75425, 0.00348, 0.05941
118400, 9472080, 6.98999, 3.57060, 1.55354, 1.14589, -1.91433, 0.00345, 0.07346
118500, 9480080, 6.83999, 4.00106, 1.74798, 1.06994, -1.81828, 0.00587, 0.05280
118600, 9488080, 10.18002, 7.27335, 2.84316, 2.69072, -1.70737, 0.00606, 0.02461
118700, 9496080, 12.57005, 9.78840, 2.97266, 2.68181, -1.77920, 0.00624, 0.09554
118800, 9504080, 10.29002, 7.23378, 2.35061, 2.01083, -1.83122, 0.00318, 0.04677
118900, 9512080, 8.90002, 8.35903, 2.16240, 2.57026, -1.79072, 0.00329, 0.01952
119000, 9520080, 6.67999, 4.94362, 1.89724, 1.76305, -1.77956, 0.00635, 0.00823
119100, 9528080, 8.21999, 1.37850, 2.12154, 0.36716, -1.73878, 0.12941, -0.29388
119200, 9536080, 9.68000, 5.97435, 2.57415, 1.83536, -1.86758, 0.00617, 0.06800
119300, 9544080, 9.63000, 4.94735, 2.00376, 1.18378, -1.81246, 0.04935, -0.12868
119400, 9552080, 7.83999, 3.77302, 1.67011, 0.99281, -1.87432, 0.00312, 0.05056
119500, 9560080, 8.91999, 5.84821, 2.47467, 1.82426, -1.82377, 0.00328, -0.00976
119600, 9568080, 7.17999, 2.50812, 1.80912, 0.82335, -1.74846, 0.00415, 0.01282
119700, 9576080, 9.07999, 0.64083, 1.96857, 0.19380, -1.84368, 0.00311, -0.03438
119800, 9584080, 6.51999, 3.73638, 1.24752, 1.00186, -1.91752, 0.00604, 0.08904
119900, 9592080, 8.51999, 1.83594, 1.74794, 0.46275, -1.86360, 0.00086, -0.01547
120000, 9600080, 11.48002, 6.99626, 2.41245, 1.79216, -1.81780, 0.00476, -0.07659
120100, 9608080, 8.52000, 5.73254, 1.97405, 1.53519, -1.85396, 0.01123, -0.06004
120200, 9616080, 6.46999, 3.08136, 1.51576, 0.68410, -1.69886, 0.00511, 0.02863
120300, 9624080, 5.53000, 2.83509, 1.10295, 0.71067, -1.80819, 0.03113, 0.17519
120400, 9632080, 13.46004, 8.77708, 3.72317, 2.54553, -1.79368, 0.00557, 0.01901
120500, 9640080, 10.43999, 3.28812, 2.43315, 1.22073, -1.73621, 0.05963, -0.10594
120600, 9648080, 10.71002, 7.62578, 2.48588, 2.01527, -1.88407, 0.02415, -0.11362
120700, 9656080, 6.31999, 3.43752, 1.22097, 0.88564, -1.85520, 0.00100, 0.01414
120800, 9664080, 6.11999, 1.83594, 1.11658, 0.46295, -1.88987, 0.00343, 0.05970
120900, 9672080, 7.63999, 1.75271, 1.71754, 0.62869, -1.83549, 0.00514, 0.08283
121000, 9680080, 10.41002, 6.49446, 2.84569, 2.20914, -1.82358, 0.00546, 0.04674
121100, 9688080, 5.31000, 1.98726, 1.32227, 0.54259, -1.71912, 0.01922, 0.12694
121200, 9696080, 10.66002, 7.61936, 2.46566, 1.99655, -1.74484, 0.00375, 0.04151
121300, 9704080, 5.91999, 2.64968, 0.89103, 0.41306, -1.89852, 0.03044, -0.12284
121400, 9712080, 3.95000, 0.82905, 0.76300, 0.49632, -1.95024, 0.01486, -0.01827
121500, 9720080, 11.20000, 4.13546, 5.96130, 2.91171, -1.29248, 1.31839, -0.53475
121600, 9728080, 9.27999, 4.91658, 3.32149, 2.04287, -1.55540, 0.01520, 0.04366
121700, 9736080, 3.24000, 1.02450, 0.39546, 0.30401, -1.98201, 0.00094, -0.01812
121800, 9744080, 4.94000, 2.05977, 1.60954, 0.70873, -1.53697, 0.08018, 0.00924
121900, 9752080, 5.87999, 2.78357, 2.63045, 1.86045, -1.69591, 0.00650, -0.06451
122000, 9760080, 7.07999, 2.80647, 1.78777, 1.04106, -1.74574, 0.02601, -0.06658
122100, 9768080, 10.16999, 5.55134, 2.19892, 1.19526, -1.75914, 0.00612, 0.05513
122200, 9776080, 9.35999, 3.08095, 1.50524, 0.45979, -1.91209, 0.00253, 0.04390
122300, 9784080, 13.22005, 8.34218, 3.18218, 2.45277, -1.77291, 0.00575, 0.03470
122400, 9792080, 9.46000, 5.13462, 2.53694, 1.44109, -1.77800, 0.00278, 0.00156
122500, 9800080, 10.75999, 2.42828, 2.41108, 0.80416, -1.74235, 0.01247, 0.03866
122600, 9808080, 7.55999, 0.80000, 1.55089, 0.23841, -1.77308, 0.04751, -0.14501
122700, 9816080, 6.03999, 3.39804, 1.18863, 0.83249, -1.85867, 0.00149, 0.03631
122800, 9824080, 13.73002, 4.85116, 3.70623, 1.37671, -1.71113, 0.01852, 0.02729
122900, 9832080, 15.88003, 3.97436, 4.01321, 1.26394, -1.73357, 0.05410, -0.14706
123000, 9840080, 7.98999, 2.98071, 1.67388, 0.86495, -1.84075, 0.00688, 0.08448
123100, 9848080, 7.07999, 5.40143, 1.56937, 1.38147, -1.86020, 0.00285, 0.00956
123200, 9856080, 8.55999, 5.04074, 2.15419, 1.41273, -1.84210, 0.00888, 0.07857
123300, 9864080, 16.82003, 3.34693, 4.40002, 1.07912, -1.79872, 0.00681, -0.02197
123400, 9872080, 7.45999, 4.92043, 1.61703, 1.34273, -1.73456, 0.00643, 0.08692
123500, 9880080, 10.82002, 7.64898, 2.67106, 1.97067, -1.64334, 0.00780, 0.02761
123600, 9888080, 4.22000, 0.86994, 0.66286, 0.20133, -1.87383, 0.03916, -0.17784
123700, 9896080, 9.75002, 7.66054, 2.05144, 1.52067, -1.85821, 0.00387, 0.05428
123800, 9904080, 7.60999, 4.56366, 1.62431, 0.90084, -1.89411, 0.00305, 0.05440
123900, 9912080, 3.88000, 0.95554, 0.80103, 0.30639, -1.90946, 0.01727, 0.08445
124000, 9920080, 9.14002, 8.01108, 2.70025, 2.81814, -1.85427, 0.00879, -0.08455
124100, 9928080, 8.67999, 2.69478, 2.41968, 1.53996, -1.73512, 0.01488, -0.01914
124200, 9936080, 12.37002, 6.78641, 3.51088, 2.20970, -1.67192, 0.00951, -0.05664
124300, 9944080, 9.72002, 7.02305, 2.38199, 2.27623, -1.81556, 0.01626, 0.03248
124400, 9952080, 6.28999, 3.30161, 1.25513, 0.80264, -1.81431, 0.00456, 0.09033
124500, 9960080, 8.55000, 5.32381, 1.77288, 1.47730, -1.84431, 0.00211, 0.00685
124600, 9968080, 8.50001, 6.66820, 1.73628, 1.34161, -1.84074, 0.01107, 0.08909
124700, 9976080, 4.07000, 2.70454, 0.75353, 0.54693, -1.88689, 0.01494, 0.15538
124800, 9984080, 5.62000, 1.98997, 1.27277, 0.63781, -1.84177, 0.00315, -0.07009
124900, 9992080, 11.22002, 7.32383, 2.90467, 2.05100, -1.87749, 0.04829, -0.14678
