0, 80, 0.00000, 0.00000, 0.00000, 0.00000, -3.40988, 0.02872, -0.18974
100, 8080, 0.00077, 0.00575, 4.32723, 6.08853, -3.45709, 0.00082, -0.08297
200, 16080, 0.00058, 0.00536, 4.65766, 7.57550, -3.46466, 40.56337, 10.23738
300, 24080, -0.00210, 0.00000, 1.08814, 0.57923, -3.46356, 0.00042, -0.05955
400, 32080, 0.00057, 0.00533, 3.04533, 4.73816, -3.46339, 0.00065, -0.07639
500, 40080, 0.00080, 0.00580, 2.98171, 3.21856, -3.46086, 0.00186, -0.04299
600, 48080, 0.00042, 0.00503, 2.77739, 2.90427, -3.46288, 0.00047, -0.05765
700, 56080, -0.00210, 0.00000, 1.38054, 0.61367, -3.45685, 0.02121, -0.29649
800, 64080, 0.00352, 0.00650, 2.97229, 2.15864, -3.46232, 0.01015, 0.03189
900, 72080, -0.00210, 0.00000, 1.37785, 0.65903, -3.46254, 0.00256, -0.12313
1000, 80080, 0.00341, 0.00636, 2.80653, 1.78114, -3.46312, 0.00212, 0.02490
1100, 88080, 0.00348, 0.00645, 2.05005, 1.72057, -3.46308, 0.00877, 0.01607
1200, 96080, 0.00611, 0.00549, 3.54032, 1.66803, -3.46209, 1.13717, 1.44296
1300, 104080, 0.00043, 0.00507, 2.03988, 1.82216, -3.46278, 0.00199, 0.02036
1400, 112080, 0.00059, 0.00539, 1.44139, 1.99554, -3.46208, 0.00275, 0.07975
1500, 120080, -0.00210, 0.00000, 0.79234, 0.55116, -3.46221, 0.00282, 0.01212
1600, 128080, 0.00378, 0.00680, 3.00083, 1.59242, -3.45773, 3.81801, 3.62800
1700, 136080, 0.00077, 0.00574, 2.00717, 2.14195, -3.45849, 1.27201, 1.05841
1800, 144080, 0.00371, 0.00671, 2.99605, 1.99691, -3.46267, 0.00153, 0.00045
1900, 152080, 0.00382, 0.00683, 2.90683, 2.25416, -3.45620, 0.00338, -0.14739
2000, 160080, 0.00361, 0.00661, 3.03674, 2.69652, -3.46025, 0.00255, -0.08233
2100, 168080, 0.00046, 0.00512, 2.58431, 2.63583, -3.46066, 0.01024, 0.13004
2200, 176080, 0.00066, 0.00551, 2.04696, 2.44660, -3.46020, 0.00076, -0.02313
2300, 184080, -0.00210, 0.00000, 0.72724, 0.82330, -3.45956, 0.00675, 0.17285
2400, 192080, 0.00358, 0.00657, 3.78265, 2.93139, -3.45546, 0.00792, -0.17085
2500, 200080, 0.00064, 0.00548, 2.94717, 2.46512, -3.46166, 0.00200, -0.01190
2600, 208080, 0.00348, 0.00646, 3.59151, 2.41791, -3.46044, 0.00102, -0.04638
2700, 216080, -0.00210, 0.00000, 1.15741, 0.39764, -3.46089, 0.01736, 0.24321
2800, 224080, 0.00058, 0.00537, 2.27213, 1.23295, -3.44090, 0.03068, -0.27813
2900, 232080, -0.00210, 0.00000, 1.30865, 0.49432, -3.45973, 0.00149, 0.00441
3000, 240080, 0.00081, 0.00581, 2.16935, 1.25881, -3.45285, 0.00407, -0.00350
3100, 248080, -0.00210, 0.00000, 1.21270, 0.71274, -3.44474, 0.00591, 0.03271
3200, 256080, 0.00317, 0.00609, 2.83259, 2.04934, -3.44991, 0.00101, -0.00633
3300, 264080, 0.00332, 0.00630, 2.92664, 2.02443, -3.44938, 0.02028, 0.00221
3400, 272080, 0.00043, 0.00506, 2.17915, 1.84152, -3.43712, 0.02581, 0.17807
3500, 280080, 0.00382, 0.00684, 2.67518, 1.08023, -3.44635, 0.00257, -0.13853
3600, 288080, 0.00350, 0.00647, 2.32102, 1.06022, -3.42023, 0.48248, 0.82441
3700, 296080, 0.00369, 0.00669, 2.03225, 1.13486, -3.42218, 0.19691, 0.10537
3800, 304080, 0.00946, 0.00032, 2.93615, 0.43003, -3.27887, 0.01886, -0.09980
3900, 312080, 0.00631, 0.00565, 2.46080, 0.89655, -3.40125, 0.01125, 0.05161
4000, 320080, 0.00091, 0.00603, 1.64520, 0.31324, -3.43676, 0.00361, -0.14156
4100, 328080, 0.00330, 0.00624, 1.83225, 1.52599, -3.41592, 0.00458, 0.10057
4200, 336080, 0.00077, 0.00574, 1.55316, 1.01139, -3.43182, 0.00486, -0.16791
4300, 344080, 0.00352, 0.00649, 1.88597, 1.22499, -3.41342, 0.40138, 1.36976
4400, 352080, 0.00364, 0.00663, 1.99900, 1.10469, -3.43281, 0.55989, 0.95513
4500, 360080, 0.00076, 0.00572, 1.62125, 1.16756, -3.38994, 0.00180, -0.04258
4600, 368080, 0.00076, 0.00573, 2.03699, 0.83704, -3.39488, 0.00777, -0.09946
4700, 376080, 0.00366, 0.00665, 1.92874, 1.03702, -3.38119, 0.07050, -0.07174
4800, 384080, 0.00344, 0.00641, 2.29805, 1.03515, -3.31158, 0.24229, 0.61036
4900, 392080, 0.00087, 0.00594, 1.39895, 0.69366, -3.41194, 0.00124, -0.06888
5000, 400080, 0.00620, 0.00554, 2.43229, 1.15587, -3.40323, 0.00218, -0.09454
5100, 408080, 0.00351, 0.00649, 2.28673, 0.89992, -3.41394, 0.00121, -0.04546
5200, 416080, 0.00643, 0.00573, 2.43669, 0.68979, -3.35253, 0.00452, -0.15574
5300, 424080, 0.00367, 0.00667, 2.23257, 0.46760, -3.37010, 0.00303, -0.10916
5400, 432080, 0.00620, 0.00554, 2.32895, 0.60895, -3.39670, 0.01464, 0.23543
5500, 440080, 0.00615, 0.00551, 2.53208, 0.76448, -3.35404, 0.01663, 0.05119
5600, 448080, 0.00626, 0.00560, 2.21367, 0.51978, -3.35941, 0.00347, 0.04367
5700, 456080, -0.00210, 0.00000, 1.33017, 0.34909, -3.45852, 0.00160, 0.05647
5800, 464080, 0.00641, 0.00569, 2.37512, 0.79761, -3.27749, 0.03067, 0.12474
5900, 472080, 0.00363, 0.00661, 1.52956, 0.52598, -3.34336, 0.04352, 0.00925
6000, 480080, 0.00371, 0.00671, 1.37630, 0.99962, -3.41761, 0.00197, -0.09056
6100, 488080, 0.00357, 0.00655, 2.18638, 0.66586, -3.35638, 0.06860, -0.08484
6200, 496080, 0.00366, 0.00666, 1.82493, 0.54375, -3.38832, 0.02728, -0.35618
6300, 504080, 0.00677, 0.00592, 2.06745, 0.21001, -3.23953, 0.01329, -0.26989
6400, 512080, 0.00385, 0.00687, 1.63661, 0.34159, -3.39685, 0.00131, -0.09586
6500, 520080, 0.00669, 0.00587, 2.04189, 0.36194, -3.42266, 0.00172, -0.05310
6600, 528080, 0.00090, 0.00601, 1.92279, 0.27856, -3.19214, 0.01136, -0.01657
6700, 536080, 0.00929, 0.00050, 2.40180, 0.47247, -3.33960, 0.03474, -0.01699
6800, 544080, 0.00874, 0.00081, 2.58027, 0.66909, -3.33320, 0.04435, 0.11413
6900, 552080, 0.00087, 0.00594, 1.31626, 0.26987, -3.36998, 0.00166, -0.10505
7000, 560080, 0.00946, 0.00061, 1.95065, 0.54337, -3.35698, 0.00879, 0.22674
7100, 568080, 0.00972, 0.00017, 1.74440, 0.24786, -3.20106, 0.01313, -0.02304
7200, 576080, -0.00210, 0.00000, 1.56846, 0.39328, -3.42896, 0.00090, 0.00724
7300, 584080, 0.00353, 0.00650, 1.49186, 0.85222, -3.38469, 0.00196, 0.06673
7400, 592080, 0.00667, 0.00586, 1.90510, 0.49556, -3.21215, 0.01196, -0.06894
7500, 600080, 0.00349, 0.00645, 2.10260, 0.49038, -3.20782, 0.06253, -0.04133
7600, 608080, 0.00941, 0.00052, 2.13792, 0.71927, -3.31996, 0.00742, -0.21879
7700, 616080, 0.00876, 0.00066, 2.61943, 0.72969, -3.24885, 0.00511, 0.00803
7800, 624080, 0.00908, 0.00061, 2.16401, 0.51865, -3.17579, 0.00649, 0.09872
7900, 632080, 0.00869, 0.00039, 2.77072, 0.46189, -3.15587, 0.00365, -0.06117
8000, 640080, 0.00074, 0.00569, 1.78475, 0.38830, -3.34257, 0.00359, 0.11228
8100, 648080, 0.00914, 0.00064, 2.09416, 0.58260, -3.29492, 0.14161, 0.52483
8200, 656080, 0.00665, 0.00584, 1.75695, 0.35688, -3.15403, 0.04179, 0.21692
8300, 664080, 0.00647, 0.00573, 2.21343, 0.57399, -3.31134, 0.03056, 0.24509
8400, 672080, 0.00615, 0.00552, 2.35981, 0.55356, -3.18348, 0.04286, -0.08903
8500, 680080, 0.00916, 0.00065, 2.11629, 0.61465, -3.17852, 0.02204, 0.04081
8600, 688080, 0.00952, 0.00032, 1.69062, 0.35378, -3.35916, 0.00639, -0.13215
8700, 696080, 0.00911, 0.00059, 2.22831, 0.52246, -3.15742, 0.03152, -0.16927
8800, 704080, 0.00911, 0.00053, 2.40148, 0.67713, -3.26439, 0.02090, -0.13510
8900, 712080, 0.00948, 0.00035, 1.99010, 0.23588, -3.22628, 0.04713, 0.21989
9000, 720080, 0.00665, 0.00583, 2.11803, 0.47900, -3.25992, 0.00692, -0.00685
9100, 728080, 0.00898, 0.00061, 2.66346, 0.92602, -3.11858, 0.02514, 0.06726
9200, 736080, 0.00617, 0.00556, 2.19306, 0.39792, -3.13302, 0.01106, -0.10599
9300, 744080, 0.00344, 0.00645, 2.07673, 0.61809, -3.37132, 0.01194, 0.04476
9400, 752080, 0.00959, 0.00029, 1.82935, 0.53896, -3.09561, 0.01883, 0.12010
9500, 760080, 0.00958, 0.00043, 1.81947, 0.46787, -2.99850, 0.08113, -0.15522
9600, 768080, 0.00946, 0.00037, 1.95644, 0.40922, -2.97226, 0.00900, -0.13225
9700, 776080, 0.00913, 0.00079, 2.21601, 0.84392, -3.02187, 0.02446, -0.08795
9800, 784080, 0.00898, 0.00060, 2.40574, 0.66043, -2.97083, 0.00900, -0.01975
9900, 792080, 0.00955, 0.00052, 1.65857, 0.43194, -3.26898, 0.00639, -0.01402
10000, 800080, 0.00619, 0.00555, 2.11417, 0.63063, -3.32075, 0.00296, -0.05859
10100, 808080, 0.00958, 0.00029, 1.63893, 0.32571, -3.19781, 0.01319, 0.03673
10200, 816080, 0.00916, 0.00067, 2.10414, 0.78730, -3.10158, 0.00394, 0.01504
10300, 824080, 0.00912, 0.00051, 2.10941, 0.70883, -3.22470, 0.01687, -0.07250
10400, 832080, 0.00953, 0.00045, 1.63223, 0.48181, -3.25702, 0.00382, -0.03998
10500, 840080, 0.00629, 0.00562, 2.15821, 0.49052, -3.21671, 0.01508, -0.05015
10600, 848080, 0.00362, 0.00661, 1.67365, 0.18693, -3.31541, 0.00302, -0.00027
10700, 856080, 0.00943, 0.00034, 1.97663, 0.28224, -3.12361, 0.00977, -0.08824
10800, 864080, 0.00932, 0.00041, 2.13520, 0.51586, -3.18002, 0.00467, -0.03480
10900, 872080, 0.00588, 0.00532, 2.76321, 0.22952, -3.35504, 0.00349, -0.10388
11000, 880080, 0.00938, 0.00047, 1.86287, 0.64532, -3.12401, 0.00821, -0.22134
11100, 888080, 0.00967, 0.00025, 1.57220, 0.42287, -3.02148, 0.01049, 0.10525
11200, 896080, 0.00941, 0.00016, 1.88005, 0.25022, -3.31387, 0.00904, -0.01194
11300, 904080, 0.00925, 0.00060, 2.30988, 0.85562, -3.07774, 0.01249, -0.08009
11400, 912080, 0.00929, 0.00053, 2.27568, 0.83758, -3.25517, 0.00858, -0.19887
11500, 920080, 0.00627, 0.00563, 2.33616, 0.89983, -3.23746, 0.00654, -0.17528
11600, 928080, 0.00951, 0.00010, 1.73152, 0.17369, -3.19711, 0.01754, 0.05085
11700, 936080, 0.00894, 0.00064, 2.41785, 0.81711, -3.24274, 0.01166, -0.05634
11800, 944080, 0.00673, 0.00590, 1.78666, 0.90842, -3.27271, 0.03354, -0.27721
11900, 952080, 0.00952, 0.00016, 1.58467, 0.40594, -3.21995, 0.09743, 0.48395
12000, 960080, 0.00942, 0.00030, 1.98560, 0.39391, -3.09281, 0.00976, 0.06320
12100, 968080, 0.00936, 0.00041, 2.27877, 0.71605, -3.26955, 0.00456, -0.17886
12200, 976080, 0.00927, 0.00016, 2.23163, 0.16483, -3.23272, 0.00996, -0.17960
12300, 984080, 0.00953, 0.00052, 1.83785, 0.90972, -3.22416, 0.00274, -0.00565
12400, 992080, 0.00958, 0.00031, 1.81642, 0.48940, -3.12737, 0.00491, -0.05036
12500, 1000080, 0.00951, 0.00023, 1.74350, 0.19311, -3.19990, 0.00487, 0.05289
12600, 1008080, 0.00962, 0.00039, 1.61168, 0.44770, -3.27348, 0.01821, 0.09632
12700, 1016080, 0.00931, 0.00087, 2.03046, 1.16247, -3.11781, 0.04870, -0.23214
12800, 1024080, 0.00950, 0.00029, 1.72680, 0.31897, -3.25491, 0.01760, 0.19793
12900, 1032080, 0.00946, 0.00021, 1.96439, 0.30574, -3.17619, 0.01126, 0.06830
13000, 1040080, 0.00913, 0.00043, 2.59530, 0.57029, -3.07486, 0.02194, -0.22048
13100, 1048080, 0.00660, 0.00581, 2.17778, 0.81186, -3.21132, 0.00885, -0.18794
13200, 1056080, 0.00958, 0.00026, 1.81229, 0.50329, -3.17445, 0.00458, -0.09497
13300, 1064080, 0.00654, 0.00576, 2.20115, 0.33108, -3.31022, 0.00369, -0.00094
13400, 1072080, 0.00934, 0.00077, 1.82138, 0.76230, -3.25083, 0.01365, 0.14909
13500, 1080080, 0.00949, 0.00017, 2.02312, 0.35024, -3.11948, 0.00584, 0.09959
13600, 1088080, 0.00942, 0.00047, 1.92556, 0.76252, -3.13809, 0.00927, 0.02208
13700, 1096080, 0.00938, 0.00024, 1.94251, 0.36944, -3.23795, 0.00405, 0.01827
13800, 1104080, 0.00925, 0.00041, 1.88300, 0.48292, -3.21260, 0.00964, -0.00428
13900, 1112080, 0.00929, 0.00047, 1.91282, 0.34477, -3.17720, 0.00635, -0.05034
14000, 1120080, 0.00970, 0.00017, 1.61838, 0.29145, -3.10762, 0.00497, 0.00373
14100, 1128080, 0.00971, 0.00023, 1.42856, 0.27798, -2.96138, 0.01198, -0.22712
14200, 1136080, 0.00966, 0.00010, 1.71915, 0.16207, -3.18082, 0.01878, 0.19865
14300, 1144080, 0.00943, 0.00022, 2.17027, 0.39991, -3.08895, 0.00500, -0.13201
14400, 1152080, 0.00937, 0.00043, 2.24002, 0.76456, -3.14418, 0.00500, 0.13077
14500, 1160080, 0.00922, 0.00024, 2.30246, 0.49583, -3.21669, 0.00709, -0.12764
14600, 1168080, 0.00956, 0.00016, 1.84708, 0.25891, -3.15999, 0.00852, 0.03361
14700, 1176080, 0.00965, 0.00024, 1.65863, 0.39526, -3.20457, 0.00373, -0.02579
14800, 1184080, 0.00961, 0.00038, 1.71711, 0.65360, -3.08354, 0.02724, -0.23446
14900, 1192080, 0.00963, 0.00033, 1.70549, 0.59136, -3.11205, 0.00349, -0.03970
15000, 1200080, 0.00945, 0.00031, 1.94783, 0.41721, -2.93140, 0.00247, 0.03228
15100, 1208080, 0.00665, 0.00583, 1.83594, 0.46645, -3.23996, 0.02376, 0.00911
15200, 1216080, 0.00955, 0.00040, 1.97828, 0.63193, -3.04067, 0.00440, 0.06065
15300, 1224080, 0.00648, 0.00572, 2.69435, 0.87294, -3.23301, 0.00501, -0.09358
15400, 1232080, 0.00926, 0.00028, 2.38203, 0.48538, -3.21454, 0.00312, 0.04579
15500, 1240080, 0.00955, 0.00043, 1.76119, 0.75259, -3.17676, 0.00905, -0.23998
15600, 1248080, 0.00899, 0.00058, 2.76023, 0.85437, -3.14891, 0.00459, -0.07917
15700, 1256080, 0.00955, 0.00017, 1.73666, 0.08093, -3.33418, 0.00249, -0.04711
15800, 1264080, 0.00951, 0.00027, 1.80537, 0.40789, -3.17173, 0.01149, -0.22365
15900, 1272080, 0.00953, 0.00023, 2.03800, 0.54578, -3.12129, 0.00716, -0.05283
16000, 1280080, 0.00925, 0.00053, 2.28032, 0.76554, -3.22889, 0.01110, -0.26714
16100, 1288080, 0.00968, 0.00028, 1.55798, 0.37671, -3.07358, 0.00340, -0.06678
16200, 1296080, 0.00955, 0.00030, 1.66824, 0.46279, -3.13736, 0.00749, 0.05624
16300, 1304080, 0.00929, 0.00047, 2.15470, 0.97571, -3.25062, 0.01081, 0.06653
16400, 1312080, 0.00626, 0.00560, 2.49526, 0.71937, -3.19339, 0.00700, 0.06385
16500, 1320080, 0.00958, 0.00052, 1.79986, 0.87756, -3.00956, 0.01274, 0.19876
16600, 1328080, 0.00929, 0.00031, 2.59727, 0.65984, -3.04166, 0.00383, 0.02603
16700, 1336080, 0.00939, 0.00055, 2.34533, 1.14633, -2.94449, 0.00986, 0.06423
16800, 1344080, 0.00964, 0.00021, 1.64358, 0.61647, -3.19733, 0.00899, 0.04448
16900, 1352080, 0.00947, 0.00062, 2.03351, 1.10485, -3.16897, 0.00540, -0.07328
17000, 1360080, 0.00939, 0.00030, 2.24444, 0.44000, -3.12728, 0.00461, 0.02991
17100, 1368080, 0.00958, 0.00021, 1.65249, 0.40627, -3.12880, 0.00841, 0.06656
17200, 1376080, 0.00903, 0.00069, 2.71024, 1.44196, -3.17921, 0.00856, 0.13842
17300, 1384080, 0.00954, 0.00014, 1.70514, 0.26559, -3.24114, 0.00621, -0.04978
17400, 1392080, 0.00935, 0.00032, 2.12657, 0.59997, -3.19699, 0.00533, 0.05624
17500, 1400080, 0.00960, 0.00016, 1.77226, 0.34467, -3.25884, 0.00486, -0.07199
17600, 1408080, 0.00954, 0.00036, 1.85943, 0.59215, -3.17732, 0.00882, 0.03624
17700, 1416080, 0.00937, 0.00046, 2.27121, 0.86530, -3.28196, 0.01318, 0.09546
17800, 1424080, 0.00977, 0.00015, 1.46871, 0.37173, -3.20758, 0.00230, 0.05124
17900, 1432080, 0.00935, 0.00059, 2.29159, 1.11434, -3.13379, 0.00481, 0.00300
18000, 1440080, 0.00950, 0.00039, 1.92673, 0.65404, -3.10848, 0.00693, 0.02328
18100, 1448080, 0.00968, 0.00013, 1.61181, 0.27013, -3.13453, 0.00770, 0.01610
18200, 1456080, 0.00969, 0.00024, 1.74372, 0.73405, -3.15197, 0.00495, -0.02326
18300, 1464080, 0.00961, 0.00014, 1.87996, 0.29173, -3.18226, 0.00266, -0.00643
18400, 1472080, 0.00968, 0.00028, 1.59730, 0.55873, -3.19620, 0.00550, 0.11894
18500, 1480080, 0.00957, 0.00037, 2.02770, 0.64510, -3.16756, 0.00377, -0.07520
18600, 1488080, 0.00049, 0.00518, 2.80945, 0.20393, -3.28225, 0.00367, -0.10001
18700, 1496080, 0.00948, 0.00053, 1.83215, 0.80301, -3.23646, 0.01124, -0.11503
18800, 1504080, 0.00974, 0.00016, 1.51383, 0.33706, -3.22005, 0.00285, -0.05830
18900, 1512080, 0.00951, 0.00020, 2.24096, 0.23324, -3.07943, 0.00753, -0.14920
19000, 1520080, 0.00954, 0.00020, 1.83637, 0.49039, -3.18715, 0.00880, -0.19513
19100, 1528080, 0.00978, 0.00021, 1.54390, 0.46951, -3.18771, 0.00529, -0.05776
19200, 1536080, 0.00957, 0.00024, 1.93444, 0.38396, -3.18524, 0.00891, -0.05236
19300, 1544080, 0.00958, 0.00036, 1.87801, 0.67952, -3.07364, 0.01227, -0.18798
19400, 1552080, 0.00944, 0.00063, 2.01964, 1.09582, -3.10274, 0.00435, -0.12192
19500, 1560080, 0.00953, 0.00036, 1.95161, 0.57646, -3.10019, 0.00406, 0.01319
19600, 1568080, 0.00949, 0.00023, 1.81089, 0.38591, -3.14032, 0.00633, 0.00148
19700, 1576080, 0.00955, 0.00030, 1.81429, 0.48613, -3.12533, 0.00458, 0.03990
19800, 1584080, 0.00945, 0.00031, 1.92751, 0.57170, -3.15816, 0.00923, 0.05845
19900, 1592080, 0.00968, 0.00019, 1.83295, 0.50440, -3.12406, 0.00291, 0.00152
20000, 1600080, 0.00959, 0.00021, 1.98658, 0.44004, -3.14169, 0.00451, -0.02873
20100, 1608080, 0.00948, 0.00033, 1.85626, 0.49471, -3.14953, 0.00557, -0.08169
20200, 1616080, 0.00941, 0.00038, 2.25052, 0.76201, -3.07338, 0.00885, -0.14412
20300, 1624080, 0.00961, 0.00024, 1.79453, 0.46494, -3.13738, 0.00555, -0.07161
20400, 1632080, 0.00974, 0.00021, 1.66420, 0.55208, -3.07582, 0.00691, -0.06786
20500, 1640080, 0.00892, 0.00089, 2.71268, 1.13876, -3.13282, 0.00238, -0.05763
20600, 1648080, 0.00958, 0.00033, 1.90177, 0.63830, -3.09237, 0.00685, -0.03980
20700, 1656080, 0.00968, 0.00022, 1.77931, 0.43048, -3.12843, 0.00585, -0.05887
20800, 1664080, 0.00944, 0.00030, 2.04011, 0.39271, -3.18876, 0.00805, 0.15856
20900, 1672080, 0.00946, 0.00025, 1.96961, 0.46364, -3.24063, 0.00463, -0.10820
21000, 1680080, 0.00917, 0.00039, 2.21469, 0.58584, -3.25139, 0.00749, -0.10042
21100, 1688080, 0.00951, 0.00013, 2.04088, 0.36208, -3.16000, 0.01092, -0.03394
21200, 1696080, 0.00959, 0.00033, 1.89375, 0.72200, -3.11709, 0.00739, 0.11175
21300, 1704080, 0.00947, 0.00012, 2.29291, 0.36451, -3.06834, 0.00411, 0.10272
21400, 1712080, 0.00935, 0.00041, 2.40982, 0.97116, -3.15463, 0.00651, -0.04672
21500, 1720080, 0.00895, 0.00061, 2.49456, 0.87927, -3.23377, 0.00431, -0.12363
21600, 1728080, 0.00953, 0.00035, 1.82328, 0.72214, -3.18914, 0.01078, -0.03686
21700, 1736080, 0.00978, 0.00009, 1.40798, 0.16185, -3.04550, 0.01619, -0.33998
21800, 1744080, 0.00966, 0.00009, 1.77151, 0.38970, -3.13850, 0.01413, 0.05900
21900, 1752080, 0.00629, 0.00559, 1.98362, 0.56636, -3.31987, 0.01194, -0.00589
22000, 1760080, 0.00947, 0.00033, 1.84850, 0.66862, -3.15322, 0.00843, 0.02605
22100, 1768080, 0.00956, 0.00037, 2.07134, 0.76968, -3.02686, 0.00493, -0.04390
22200, 1776080, 0.00960, 0.00021, 1.82975, 0.53259, -3.15091, 0.01455, -0.12424
22300, 1784080, 0.00907, 0.00057, 2.69059, 1.21796, -3.23121, 0.00473, 0.14776
22400, 1792080, 0.00955, 0.00022, 1.76433, 0.31624, -3.20475, 0.01089, 0.06210
22500, 1800080, 0.00948, 0.00014, 2.13225, 0.37708, -3.20007, 0.00496, 0.10669
22600, 1808080, 0.00935, 0.00062, 2.13008, 0.94436, -3.18653, 0.00347, 0.02874
22700, 1816080, 0.00935, 0.00064, 2.37678, 1.20594, -3.17434, 0.00273, -0.07588
22800, 1824080, 0.00945, 0.00036, 2.07719, 0.59806, -3.13732, 0.00866, 0.20044
22900, 1832080, 0.00966, 0.00018, 1.76863, 0.41581, -3.16363, 0.01300, -0.02173
23000, 1840080, 0.00972, 0.00014, 1.63136, 0.33120, -3.08149, 0.00282, -0.01089
23100, 1848080, 0.00964, 0.00014, 1.59301, 0.47172, -3.03280, 0.00458, -0.02483
23200, 1856080, 0.00959, 0.00021, 1.73073, 0.39978, -3.24741, 0.00442, -0.04282
23300, 1864080, 0.00973, 0.00013, 1.47043, 0.34135, -3.13547, 0.01723, -0.15036
23400, 1872080, 0.00924, 0.00056, 2.70265, 1.10724, -3.09493, 0.00625, 0.07592
23500, 1880080, 0.00947, 0.00041, 2.11660, 0.75436, -3.10563, 0.01660, -0.25987
23600, 1888080, 0.00903, 0.00064, 2.77153, 0.90086, -3.12473, 0.00919, -0.06966
23700, 1896080, 0.00924, 0.00020, 2.41735, 0.17198, -3.13903, 0.01574, 0.14254
23800, 1904080, 0.00959, 0.00025, 1.81508, 0.62948, -3.17638, 0.00445, -0.09708
23900, 1912080, 0.00969, 0.00007, 1.72318, 0.19303, -3.12971, 0.00511, 0.00290
24000, 1920080, 0.00957, 0.00044, 1.96772, 0.86898, -3.14858, 0.00352, 0.05740
24100, 1928080, 0.00934, 0.00033, 2.21628, 0.44777, -3.14704, 0.00398, 0.01030
24200, 1936080, 0.00937, 0.00030, 2.44619, 0.81956, -3.04758, 0.00217, 0.03519
24300, 1944080, 0.00960, 0.00018, 1.97167, 0.43700, -3.12791, 0.00628, 0.10178
24400, 1952080, 0.00957, 0.00029, 1.94126, 0.65504, -3.16789, 0.00821, 0.06295
24500, 1960080, 0.00926, 0.00028, 2.61764, 0.36631, -3.22629, 0.00476, 0.05516
24600, 1968080, 0.00966, 0.00026, 1.81653, 0.60474, -3.07800, 0.00541, -0.03889
24700, 1976080, 0.00953, 0.00018, 2.15983, 0.36128, -3.16739, 0.00281, -0.02076
24800, 1984080, 0.00950, 0.00036, 1.89613, 0.82384, -3.00218, 0.00568, 0.05465
24900, 1992080, 0.00955, 0.00014, 2.27101, 0.56969, -3.06085, 0.00688, 0.12651
25000, 2000080, 0.00964, 0.00025, 1.82260, 0.37725, -3.09874, 0.00801, -0.12160
25100, 2008080, 0.00955, 0.00031, 1.82766, 0.63421, -3.08720, 0.00476, 0.08577
25200, 2016080, 0.00963, 0.00021, 1.84439, 0.54454, -3.08263, 0.00899, 0.10358
25300, 2024080, 0.00965, 0.00012, 1.82923, 0.30658, -3.15823, 0.00390, -0.00702
25400, 2032080, 0.00958, 0.00022, 2.12996, 0.48935, -3.10605, 0.00824, -0.20300
25500, 2040080, 0.00967, 0.00007, 1.84094, 0.21413, -3.15923, 0.00318, 0.11944
25600, 2048080, 0.00976, 0.00020, 1.46823, 0.35110, -3.15208, 0.00329, 0.04833
25700, 2056080, 0.00965, 0.00031, 1.71111, 0.70199, -3.09635, 0.00514, 0.17410
25800, 2064080, 0.00951, 0.00027, 1.88238, 0.51649, -3.14472, 0.00403, -0.03051
25900, 2072080, 0.00922, 0.00058, 2.34005, 0.73074, -3.12679, 0.00534, 0.09528
26000, 2080080, 0.00961, 0.00022, 2.00569, 0.40281, -3.02181, 0.00740, 0.10183
26100, 2088080, 0.00952, 0.00014, 2.01739, 0.34848, -3.03856, 0.02018, -0.04614
26200, 2096080, 0.00948, 0.00041, 2.19246, 0.78991, -2.98571, 0.01014, 0.03099
26300, 2104080, 0.00977, 0.00013, 1.63845, 0.38699, -3.11786, 0.00459, -0.10043
26400, 2112080, 0.00940, 0.00012, 2.14942, 0.56674, -3.17928, 0.00584, -0.14629
26500, 2120080, 0.00955, 0.00022, 2.05996, 0.62663, -3.08038, 0.00413, 0.04649
26600, 2128080, 0.00915, 0.00061, 2.73487, 1.26441, -3.17563, 0.00749, 0.09850
26700, 2136080, 0.00976, 0.00008, 1.46283, 0.26142, -3.05710, 0.00627, -0.00578
26800, 2144080, 0.00964, 0.00026, 1.76280, 0.52964, -3.20087, 0.00212, -0.01614
26900, 2152080, 0.00966, 0.00020, 2.03093, 0.56157, -3.13257, 0.03173, -0.20987
27000, 2160080, 0.00971, 0.00020, 1.72334, 0.50201, -3.14860, 0.00602, 0.01405
27100, 2168080, 0.00929, 0.00056, 2.49334, 0.90872, -3.05223, 0.00316, 0.03115
27200, 2176080, 0.00936, 0.00042, 2.02417, 0.49919, -3.19490, 0.00487, 0.04533
27300, 2184080, 0.00963, 0.00039, 1.74302, 0.92509, -3.16401, 0.00795, 0.17730
27400, 2192080, 0.00948, 0.00020, 2.15121, 0.59918, -3.19975, 0.00949, 0.15312
27500, 2200080, 0.00931, 0.00046, 2.18218, 0.70937, -3.19584, 0.00772, -0.01188
27600, 2208080, 0.00947, 0.00045, 1.97755, 0.69044, -3.16150, 0.00544, -0.16241
27700, 2216080, 0.00944, 0.00054, 2.01218, 1.03979, -3.17568, 0.00985, -0.06629
27800, 2224080, 0.00943, 0.00040, 2.03685, 0.65936, -3.28087, 0.00331, -0.01715
27900, 2232080, 0.00944, 0.00034, 2.19907, 0.53729, -3.04320, 0.00269, 0.01676
28000, 2240080, 0.00883, 0.00095, 3.61210, 2.16636, -3.12730, 0.00715, 0.00848
28100, 2248080, 0.00933, 0.00046, 1.92270, 0.30883, -3.30924, 0.01031, -0.25685
28200, 2256080, 0.00910, 0.00050, 2.37176, 0.60350, -3.19443, 0.00313, -0.01472
28300, 2264080, 0.00951, 0.00015, 1.85131, 0.31636, -3.16916, 0.00668, 0.10072
28400, 2272080, 0.00964, 0.00015, 1.93015, 0.28530, -3.12538, 0.00446, -0.01612
28500, 2280080, 0.00931, 0.00062, 2.25831, 1.08027, -3.11746, 0.00596, -0.16081
28600, 2288080, 0.00973, 0.00011, 1.62895, 0.18982, -3.08130, 0.00695, -0.00250
28700, 2296080, 0.00942, 0.00038, 2.41764, 0.62416, -3.17325, 0.00732, -0.04717
28800, 2304080, 0.00917, 0.00036, 2.96783, 0.82371, -3.10088, 0.01560, 0.13599
28900, 2312080, 0.00950, 0.00035, 2.00827, 0.53959, -3.13781, 0.00431, 0.09893
29000, 2320080, 0.00969, 0.00014, 1.77246, 0.32932, -3.16844, 0.00269, 0.03273
29100, 2328080, 0.00961, 0.00037, 1.79802, 0.67974, -3.12150, 0.00944, -0.04820
29200, 2336080, 0.00950, 0.00017, 2.13872, 0.23364, -3.18474, 0.00614, -0.03355
29300, 2344080, 0.00964, 0.00042, 1.50421, 0.56835, -3.19555, 0.00613, -0.07058
29400, 2352080, 0.00964, 0.00024, 1.84944, 0.28931, -3.15891, 0.00529, -0.10035
29500, 2360080, 0.00942, 0.00016, 2.33001, 0.26263, -3.16821, 0.00311, -0.08800
29600, 2368080, 0.00987, 0.00008, 1.36162, 0.17882, -3.14227, 0.01010, -0.06965
29700, 2376080, 0.00949, 0.00010, 2.18319, 0.12544, -3.17591, 0.00767, 0.09391
29800, 2384080, 0.00957, 0.00014, 1.89726, 0.40502, -3.16364, 0.00442, -0.05832
29900, 2392080, 0.00936, 0.00024, 2.33263, 0.57037, -3.16215, 0.00636, 0.07605
30000, 2400080, 0.00936, 0.00036, 2.44403, 0.71127, -3.12271, 0.00284, 0.03408
30100, 2408080, 0.00949, 0.00027, 2.05996, 0.70099, -3.14788, 0.00423, -0.00369
30200, 2416080, 0.00958, 0.00017, 1.81626, 0.29221, -3.05151, 0.01003, -0.08810
30300, 2424080, 0.00981, 0.00007, 1.37330, 0.18705, -3.05210, 0.00676, -0.02756
30400, 2432080, 0.00962, 0.00016, 1.75970, 0.45283, -3.18709, 0.00582, 0.15160
30500, 2440080, 0.00967, 0.00012, 1.88679, 0.28737, -3.05725, 0.01127, -0.07986
30600, 2448080, 0.00964, 0.00026, 1.84742, 0.65911, -3.07255, 0.00654, -0.03256
30700, 2456080, 0.00952, 0.00036, 1.94449, 0.75822, -3.06346, 0.00627, 0.11378
30800, 2464080, 0.00971, 0.00008, 1.69522, 0.09518, -3.15322, 0.00325, 0.04347
30900, 2472080, 0.00975, 0.00021, 1.62933, 0.54214, -3.08832, 0.00521, 0.11962
31000, 2480080, 0.00953, 0.00029, 2.01746, 0.47603, -3.14409, 0.00616, 0.13312
31100, 2488080, 0.00964, 0.00036, 1.84537, 0.71227, -3.12806, 0.00983, 0.04808
31200, 2496080, 0.00927, 0.00034, 2.53729, 0.99057, -3.12903, 0.00499, -0.00421
31300, 2504080, 0.00938, 0.00026, 2.21121, 0.54404, -3.25970, 0.00377, 0.06669
31400, 2512080, 0.00980, 0.00008, 1.40052, 0.27971, -3.10903, 0.01381, -0.01409
31500, 2520080, 0.00956, 0.00028, 1.99248, 0.52560, -3.11472, 0.00390, -0.02038
31600, 2528080, 0.00959, 0.00007, 1.85279, 0.40050, -3.05509, 0.00784, 0.21624
31700, 2536080, 0.00959, 0.00025, 2.05799, 0.60762, -3.18751, 0.00698, 0.02003
31800, 2544080, 0.00967, 0.00011, 1.63670, 0.49519, -3.11545, 0.00267, -0.04638
31900, 2552080, 0.00945, 0.00035, 2.31103, 0.76218, -3.25700, 0.00865, -0.22632
32000, 2560080, 0.00945, 0.00023, 2.20917, 0.44263, -3.12641, 0.00406, 0.14823
32100, 2568080, 0.00937, 0.00019, 2.18787, 0.47514, -3.17028, 0.01317, 0.22007
32200, 2576080, 0.00966, 0.00017, 1.78082, 0.48064, -3.06953, 0.00506, 0.13664
32300, 2584080, 0.00941, 0.00051, 2.60629, 0.95836, -3.09057, 0.00446, 0.10027
32400, 2592080, 0.00963, 0.00022, 1.86359, 0.47093, -3.20092, 0.00262, -0.05182
32500, 2600080, 0.00941, 0.00037, 2.27382, 0.96094, -3.20407, 0.13477, 0.38310
32600, 2608080, 0.00952, 0.00018, 2.12199, 0.36661, -3.16166, 0.00799, 0.19534
32700, 2616080, 0.00959, 0.00022, 2.03125, 0.32895, -3.10744, 0.00371, 0.03799
32800, 2624080, 0.00928, 0.00033, 2.50238, 0.33944, -3.27879, 0.00365, 0.00750
32900, 2632080, 0.00970, 0.00020, 1.68816, 0.54682, -3.14854, 0.01218, 0.10158
33000, 2640080, 0.00933, 0.00046, 2.36027, 1.02143, -3.25020, 0.00547, -0.10162
33100, 2648080, 0.00915, 0.00035, 2.31007, 0.24063, -3.11622, 0.00842, -0.13330
33200, 2656080, 0.00956, 0.00040, 1.76239, 0.56349, -3.17282, 0.00622, 0.15004
33300, 2664080, 0.00920, 0.00021, 2.56955, 0.44639, -3.15199, 0.00836, -0.01940
33400, 2672080, 0.00958, 0.00018, 1.92234, 0.29904, -3.22093, 0.01152, -0.05446
33500, 2680080, 0.00951, 0.00006, 1.97519, 0.21994, -3.07461, 0.00429, 0.05919
33600, 2688080, 0.00950, 0.00042, 2.04283, 1.05211, -3.09964, 0.00522, -0.02363
33700, 2696080, 0.00952, 0.00024, 2.04751, 0.59544, -3.06004, 0.01086, -0.01084
33800, 2704080, 0.00927, 0.00033, 2.84267, 0.65520, -3.05177, 0.00731, 0.02669
33900, 2712080, 0.00968, 0.00017, 1.61825, 0.45961, -3.11770, 0.00610, 0.14440
34000, 2720080, 0.00975, 0.00010, 1.74415, 0.10593, -3.01634, 0.00271, 0.02198
34100, 2728080, 0.00966, 0.00016, 1.67821, 0.34067, -3.06621, 0.00464, 0.12947
34200, 2736080, 0.00958, 0.00027, 1.89591, 0.49241, -3.18801, 0.00264, 0.04361
34300, 2744080, 0.00963, 0.00030, 1.88335, 0.73221, -3.07376, 0.00436, 0.00885
34400, 2752080, 0.00951, 0.00014, 2.13590, 0.28551, -3.17617, 0.00386, 0.04477
34500, 2760080, 0.00971, 0.00006, 1.71015, 0.28203, -3.14875, 0.00270, 0.09777
34600, 2768080, 0.00959, 0.00022, 1.97389, 0.57591, -3.10645, 0.00449, 0.11828
34700, 2776080, 0.00983, 0.00011, 1.47780, 0.38272, -3.11589, 0.00462, -0.04921
34800, 2784080, 0.00972, 0.00018, 1.60706, 0.40024, -3.16835, 0.00875, -0.20986
34900, 2792080, 0.00975, 0.00015, 1.39763, 0.33639, -3.13751, 0.00549, -0.01359
35000, 2800080, 0.00949, 0.00035, 2.01358, 0.70916, -3.04913, 0.00546, 0.00643
35100, 2808080, 0.00946, 0.00026, 2.21820, 0.36010, -3.06953, 0.00352, 0.07414
35200, 2816080, 0.00956, 0.00037, 1.84361, 0.52576, -3.11871, 0.01070, 0.06379
35300, 2824080, 0.00972, 0.00008, 1.67006, 0.21869, -3.04919, 0.00463, 0.04031
35400, 2832080, 0.00960, 0.00027, 1.89529, 0.67825, -3.17209, 0.00331, 0.09479
35500, 2840080, 0.00900, 0.00063, 2.82410, 1.24602, -3.21870, 0.00452, 0.07479
35600, 2848080, 0.00974, 0.00009, 1.46121, 0.16406, -3.19578, 0.00434, 0.11431
35700, 2856080, 0.00950, 0.00027, 2.05932, 0.61856, -3.25548, 0.01078, -0.19813
35800, 2864080, 0.00946, 0.00028, 2.11575, 0.46598, -3.19562, 0.00767, -0.07732
35900, 2872080, 0.00973, 0.00016, 1.68517, 0.49098, -3.07217, 0.00724, -0.01777
36000, 2880080, 0.00953, 0.00034, 1.93585, 0.69875, -3.05893, 0.00534, 0.05646
36100, 2888080, 0.00978, 0.00015, 1.50687, 0.43806, -3.10284, 0.00534, 0.00376
36200, 2896080, 0.00949, 0.00024, 2.28326, 0.61381, -3.07936, 0.01073, 0.06648
36300, 2904080, 0.00959, 0.00025, 1.91968, 0.28533, -3.04629, 0.00360, 0.00766
36400, 2912080, 0.00973, 0.00013, 1.78520, 0.21762, -2.96681, 0.00541, 0.09593
36500, 2920080, 0.00984, 0.00006, 1.42827, 0.23293, -3.07141, 0.00378, -0.03799
36600, 2928080, 0.00943, 0.00008, 2.44615, 0.24235, -3.01958, 0.00902, -0.04524
36700, 2936080, 0.00952, 0.00048, 1.90162, 0.67131, -3.11639, 0.01099, -0.15009
36800, 2944080, 0.00960, 0.00024, 1.97955, 0.57018, -3.13871, 0.00280, 0.01353
36900, 2952080, 0.00960, 0.00017, 2.15470, 0.49852, -3.16807, 0.01788, -0.04939
37000, 2960080, 0.00961, 0.00011, 2.00281, 0.20315, -3.14491, 0.00547, 0.07089
37100, 2968080, 0.00957, 0.00014, 1.93692, 0.57120, -3.07163, 0.00280, -0.07833
37200, 2976080, 0.00947, 0.00025, 1.99474, 0.54528, -3.25404, 0.01331, -0.03601
37300, 2984080, 0.00958, 0.00015, 1.85071, 0.24767, -3.11645, 0.00656, 0.11896
37400, 2992080, 0.00966, 0.00025, 1.69540, 0.46417, -3.22189, 0.00883, 0.21950
37500, 3000080, 0.00968, 0.00018, 1.56629, 0.35012, -3.18103, 0.00538, 0.03464
37600, 3008080, 0.00929, 0.00047, 2.44806, 0.87795, -3.23154, 0.00849, -0.17906
37700, 3016080, 0.00956, 0.00041, 1.82083, 0.74274, -3.20641, 0.00550, -0.12889
37800, 3024080, 0.00911, 0.00070, 2.85481, 1.19581, -3.18192, 0.00764, 0.06669
37900, 3032080, 0.00949, 0.00022, 1.96807, 0.43946, -3.21161, 0.00442, 0.03784
38000, 3040080, 0.00958, 0.00018, 1.88269, 0.13813, -3.18725, 0.00881, -0.01871
38100, 3048080, 0.00958, 0.00037, 2.02992, 1.01544, -3.10878, 0.00564, -0.12028
38200, 3056080, 0.00965, 0.00021, 1.76803, 0.51315, -3.16968, 0.00749, 0.08026
38300, 3064080, 0.00956, 0.00041, 1.79457, 0.63194, -3.13440, 0.00981, 0.02258
38400, 3072080, 0.00959, 0.00041, 1.74347, 0.71791, -3.15528, 0.00520, -0.08353
38500, 3080080, 0.00962, 0.00013, 1.70425, 0.14441, -3.24324, 0.00362, -0.09499
38600, 3088080, 0.00971, 0.00015, 1.67895, 0.56494, -3.17096, 0.00473, 0.12875
38700, 3096080, 0.00948, 0.00039, 2.02223, 0.77022, -3.15686, 0.00542, -0.06947
38800, 3104080, 0.00949, 0.00027, 2.07661, 0.58629, -3.12197, 0.00554, -0.05326
38900, 3112080, 0.00949, 0.00026, 2.21125, 0.48675, -3.12531, 0.00251, -0.03584
39000, 3120080, 0.00943, 0.00013, 2.48580, 0.31581, -3.12795, 0.00556, 0.12071
39100, 3128080, 0.00953, 0.00033, 2.00669, 0.71669, -3.18918, 0.00175, -0.03245
39200, 3136080, 0.00958, 0.00011, 1.98021, 0.25155, -3.16320, 0.00325, 0.01543
39300, 3144080, 0.00912, 0.00051, 2.88905, 0.91390, -3.08899, 0.00489, -0.10616
39400, 3152080, 0.00949, 0.00023, 1.98351, 0.14424, -3.21046, 0.00360, -0.00504
39500, 3160080, 0.00963, 0.00036, 1.74080, 0.81531, -3.15739, 0.00710, -0.23164
39600, 3168080, 0.00968, 0.00028, 1.86596, 0.88124, -3.19264, 0.00572, -0.10658
39700, 3176080, 0.00970, 0.00025, 1.79606, 0.43767, -3.10435, 0.01730, 0.09372
39800, 3184080, 0.00919, 0.00011, 3.05949, 0.25980, -3.05440, 0.00352, -0.00708
39900, 3192080, 0.00947, 0.00026, 2.49235, 0.75216, -3.13663, 0.00760, 0.09954
40000, 3200080, 0.00963, 0.00026, 1.80558, 0.52301, -3.22009, 0.00193, -0.01304
40100, 3208080, 0.00960, 0.00026, 1.86730, 0.50968, -3.16105, 0.00760, 0.17477
40200, 3216080, 0.00978, 0.00014, 1.42174, 0.40940, -3.16970, 0.00428, -0.14862
40300, 3224080, 0.00953, 0.00039, 2.09613, 0.88895, -3.15315, 0.00667, 0.06038
40400, 3232080, 0.00968, 0.00013, 1.86159, 0.31962, -3.19332, 0.02502, -0.16971
40500, 3240080, 0.00959, 0.00017, 2.01855, 0.48214, -3.19909, 0.00743, 0.15628
40600, 3248080, 0.00956, 0.00016, 2.11010, 0.76403, -3.09494, 0.00371, -0.06148
40700, 3256080, 0.00963, 0.00013, 2.06823, 0.44892, -3.00897, 0.00794, 0.13555
40800, 3264080, 0.00953, 0.00023, 1.81377, 0.32277, -3.24105, 0.00484, -0.10371
40900, 3272080, 0.00929, 0.00028, 2.45072, 0.30821, -3.13724, 0.00888, 0.22780
41000, 3280080, 0.00939, 0.00052, 2.62484, 1.35315, -3.05910, 0.00717, -0.07536
41100, 3288080, 0.00961, 0.00015, 2.08377, 0.36689, -3.13558, 0.00220, 0.03973
41200, 3296080, 0.00916, 0.00070, 2.81014, 1.22249, -3.14156, 0.00293, 0.02353
41300, 3304080, 0.00948, 0.00042, 2.19163, 0.98846, -3.27487, 0.00364, 0.02049
41400, 3312080, 0.00948, 0.00029, 2.01389, 0.49004, -3.21067, 0.00355, -0.03094
41500, 3320080, 0.00952, 0.00011, 1.88602, 0.20557, -3.07320, 0.00605, -0.05995
41600, 3328080, 0.00966, 0.00026, 1.62388, 0.43696, -3.15532, 0.01104, 0.04747
41700, 3336080, 0.00942, 0.00040, 2.13707, 0.63136, -3.23439, 0.00403, 0.00838
41800, 3344080, 0.00977, 0.00003, 1.60885, 0.00460, -3.10187, 0.00420, -0.07206
41900, 3352080, 0.00956, 0.00028, 1.83865, 0.69710, -3.04390, 0.00683, 0.16454
42000, 3360080, 0.00979, 0.00006, 1.69069, 0.29474, -3.05772, 0.01024, -0.05833
42100, 3368080, 0.00965, 0.00006, 1.74945, 0.31938, -3.17276, 0.00805, -0.05107
42200, 3376080, 0.00950, 0.00027, 2.18577, 0.50297, -3.11494, 0.00270, 0.06457
42300, 3384080, 0.00962, 0.00009, 1.81264, 0.14165, -3.09898, 0.00518, 0.11724
42400, 3392080, 0.00949, 0.00014, 2.28489, 0.35241, -3.17270, 0.00136, -0.01709
42500, 3400080, 0.00933, 0.00028, 2.36493, 0.46009, -3.15553, 0.01178, -0.03694
42600, 3408080, 0.00981, 0.00011, 1.46646, 0.29596, -3.15287, 0.00740, -0.01661
42700, 3416080, 0.00954, 0.00042, 2.11537, 0.89727, -3.18483, 0.00302, 0.00760
42800, 3424080, 0.00954, 0.00028, 2.22165, 0.55738, -3.06632, 0.00922, 0.23656
42900, 3432080, 0.00977, 0.00006, 1.63583, 0.15932, -3.06795, 0.00834, -0.16612
43000, 3440080, 0.00965, 0.00013, 1.90429, 0.28609, -3.11759, 0.00526, -0.00276
43100, 3448080, 0.00965, 0.00018, 1.84836, 0.43872, -3.13437, 0.00216, 0.06804
43200, 3456080, 0.00967, 0.00019, 1.92036, 0.63926, -3.11405, 0.00344, -0.09359
43300, 3464080, 0.00941, 0.00025, 2.41420, 0.65881, -3.09706, 0.00315, -0.05626
43400, 3472080, 0.00954, 0.00022, 1.90494, 0.51461, -3.12884, 0.00944, 0.06858
43500, 3480080, 0.00942, 0.00019, 2.27195, 0.34304, -3.15802, 0.00306, 0.03743
43600, 3488080, 0.00958, 0.00010, 2.20313, 0.21083, -3.13348, 0.01616, 0.07135
43700, 3496080, 0.00956, 0.00035, 2.02154, 0.72931, -3.14088, 0.00261, 0.00658
43800, 3504080, 0.00961, 0.00015, 1.83934, 0.43653, -3.23367, 0.00217, 0.02898
43900, 3512080, 0.00937, 0.00053, 2.30798, 1.15914, -3.13398, 0.00294, -0.02488
44000, 3520080, 0.00964, 0.00013, 1.56802, 0.32969, -3.11385, 0.00488, -0.05872
44100, 3528080, 0.00933, 0.00042, 2.48836, 0.85132, -3.11005, 0.00537, -0.06644
44200, 3536080, 0.00962, 0.00023, 1.96048, 0.41716, -3.12878, 0.00289, -0.03196
44300, 3544080, 0.00949, 0.00033, 2.11030, 0.72622, -3.20664, 0.00474, 0.09969
44400, 3552080, 0.00952, 0.00034, 2.32544, 0.77107, -3.10142, 0.01043, 0.14288
44500, 3560080, 0.00962, 0.00019, 2.03407, 0.44799, -3.02782, 0.00184, -0.00327
44600, 3568080, 0.00951, 0.00031, 2.00167, 0.65565, -3.08896, 0.01766, 0.11575
44700, 3576080, 0.00967, 0.00017, 1.68844, 0.37754, -3.13048, 0.00429, -0.09796
44800, 3584080, 0.00955, 0.00040, 1.75250, 0.61230, -3.16121, 0.00328, -0.05580
44900, 3592080, 0.00941, 0.00040, 2.11157, 0.75912, -3.11232, 0.02915, -0.29975
45000, 3600080, 0.00965, 0.00021, 1.63599, 0.50899, -3.12658, 0.00242, 0.03843
45100, 3608080, 0.00952, 0.00041, 1.99221, 0.77209, -3.11792, 0.00203, 0.04409
45200, 3616080, 0.00972, 0.00013, 1.63711, 0.38407, -3.09843, 0.00537, -0.12284
45300, 3624080, 0.00947, 0.00005, 2.24055, 0.25404, -3.21275, 0.00433, -0.01346
45400, 3632080, 0.00962, 0.00028, 1.87009, 0.62356, -3.13860, 0.00390, -0.12845
45500, 3640080, 0.00965, 0.00013, 1.77417, 0.37731, -3.14050, 0.00388, -0.09915
45600, 3648080, 0.00966, 0.00009, 1.85604, 0.29655, -3.15923, 0.00272, -0.03066
45700, 3656080, 0.00937, 0.00026, 2.34063, 0.57098, -3.21087, 0.01453, -0.09216
45800, 3664080, 0.00983, 0.00017, 1.46130, 0.48764, -3.10269, 0.00403, 0.10155
45900, 3672080, 0.00948, 0.00036, 2.38301, 0.81348, -3.14975, 0.00580, 0.14633
46000, 3680080, 0.00950, 0.00030, 2.09029, 0.67439, -3.11562, 0.00164, -0.01050
46100, 3688080, 0.00955, 0.00022, 2.11146, 0.48659, -3.05259, 0.00533, -0.05446
46200, 3696080, 0.00960, 0.00027, 1.89080, 0.49601, -3.10484, 0.00258, 0.00984
46300, 3704080, 0.00926, 0.00015, 2.87451, 0.24714, -3.12181, 0.00252, -0.04351
46400, 3712080, 0.00967, 0.00011, 1.77563, 0.33806, -3.15879, 0.00583, -0.04482
46500, 3720080, 0.00957, 0.00042, 1.91842, 0.90605, -3.11692, 0.00422, 0.07203
46600, 3728080, 0.00985, 0.00005, 1.32733, 0.12481, -3.15954, 0.00532, -0.11948
46700, 3736080, 0.00947, 0.00013, 2.46335, 0.30046, -3.06537, 0.00334, -0.06013
46800, 3744080, 0.00964, 0.00022, 2.00461, 0.62186, -3.12786, 0.00510, 0.02455
46900, 3752080, 0.00949, 0.00041, 1.99875, 0.66696, -3.21846, 0.00381, -0.07508
47000, 3760080, 0.00966, 0.00008, 1.83107, 0.10817, -3.09355, 0.01123, -0.00444
47100, 3768080, 0.00944, 0.00081, 2.46525, 1.86585, -3.08142, 0.00955, 0.04604
47200, 3776080, 0.00960, 0.00016, 2.11700, 0.49079, -3.11091, 0.00940, -0.03448
47300, 3784080, 0.00951, 0.00031, 1.94527, 0.60245, -3.20594, 0.00523, 0.02287
47400, 3792080, 0.00951, 0.00045, 2.13201, 0.90348, -3.15549, 0.01052, 0.14068
47500, 3800080, 0.00962, 0.00025, 1.92362, 0.64141, -3.04265, 0.00429, 0.07159
47600, 3808080, 0.00962, 0.00022, 2.05728, 0.54909, -3.20277, 0.00789, 0.04663
47700, 3816080, 0.00655, 0.00577, 2.49119, 1.16414, -3.20857, 0.00332, 0.01158
47800, 3824080, 0.00958, 0.00018, 1.93406, 0.30647, -3.14195, 0.00661, 0.00354
47900, 3832080, 0.00939, 0.00034, 2.14376, 0.59169, -3.18109, 0.00622, -0.03587
48000, 3840080, 0.00956, 0.00010, 2.03988, 0.17247, -3.16400, 0.00324, -0.01015
48100, 3848080, 0.00983, 0.00008, 1.38515, 0.19867, -3.02153, 0.00773, 0.06707
48200, 3856080, 0.00970, 0.00006, 1.61601, 0.31594, -3.05323, 0.00461, -0.03201
48300, 3864080, 0.00955, 0.00026, 2.18829, 0.51641, -3.21442, 0.00297, -0.00093
48400, 3872080, 0.00953, 0.00034, 2.01453, 0.80807, -3.16260, 0.01180, 0.08525
48500, 3880080, 0.00959, 0.00013, 1.80046, 0.39139, -3.20899, 0.00439, 0.12035
48600, 3888080, 0.00948, 0.00015, 2.13335, 0.26828, -3.22704, 0.00479, 0.11213
48700, 3896080, 0.00932, 0.00041, 2.57298, 0.91498, -3.13970, 0.00514, -0.06120
48800, 3904080, 0.00943, 0.00028, 2.57358, 0.69565, -3.06221, 0.00526, -0.14080
48900, 3912080, 0.00925, 0.00066, 2.83175, 1.67641, -3.10205, 0.00677, 0.09223
49000, 3920080, 0.00952, 0.00053, 2.01237, 0.99906, -3.15362, 0.01153, -0.06730
49100, 3928080, 0.00953, 0.00023, 2.19124, 0.43216, -3.11595, 0.01105, -0.01410
49200, 3936080, 0.00963, 0.00025, 2.01645, 0.61915, -3.00307, 0.00247, 0.01239
49300, 3944080, 0.00973, 0.00023, 1.70448, 0.63709, -3.17974, 0.00233, 0.04499
49400, 3952080, 0.00971, 0.00017, 1.67932, 0.47231, -3.09598, 0.00310, 0.04284
49500, 3960080, 0.00935, 0.00036, 2.51820, 0.81445, -3.12955, 0.00587, 0.03659
49600, 3968080, 0.00948, 0.00021, 2.17726, 0.41424, -3.12909, 0.00752, -0.00695
49700, 3976080, 0.00971, 0.00030, 1.66837, 0.68744, -3.19383, 0.00269, 0.02249
49800, 3984080, 0.00972, 0.00010, 1.62823, 0.23367, -3.17692, 0.01378, 0.07372
49900, 3992080, 0.00984, 0.00019, 1.38076, 0.44077, -3.22669, 0.00672, -0.03346
50000, 4000080, 0.00951, 0.00017, 2.15217, 0.32521, -3.15494, 0.00333, -0.04648
50100, 4008080, 0.00968, 0.00025, 1.77561, 0.73284, -3.09503, 0.00834, 0.22918
50200, 4016080, 0.00976, 0.00009, 1.72731, 0.28905, -3.13686, 0.00420, 0.03808
50300, 4024080, 0.00979, 0.00004, 1.38821, 0.21544, -3.03256, 0.00357, -0.06288
50400, 4032080, 0.00961, 0.00019, 1.99339, 0.49592, -3.17533, 0.00773, -0.05447
50500, 4040080, 0.00950, 0.00034, 2.17023, 0.69122, -3.11152, 0.00322, -0.01669
50600, 4048080, 0.00977, 0.00013, 1.58111, 0.23899, -3.16626, 0.00413, 0.03866
50700, 4056080, 0.00969, 0.00016, 1.71378, 0.46098, -3.14188, 0.00388, -0.06184
50800, 4064080, 0.00952, 0.00020, 1.93203, 0.45897, -3.18716, 0.00240, -0.01980
50900, 4072080, 0.00904, 0.00060, 2.24957, 0.95920, -3.13505, 0.00254, 0.05390
51000, 4080080, 0.00961, 0.00019, 1.93867, 0.46398, -3.18192, 0.00567, 0.11498
51100, 4088080, 0.00963, 0.00009, 1.58244, 0.37174, -3.14414, 0.00519, -0.11018
51200, 4096080, 0.00980, 0.00007, 1.40093, 0.17244, -3.26152, 0.00587, 0.01331
51300, 4104080, 0.00928, 0.00045, 2.45421, 0.94467, -3.16185, 0.00196, 0.01324
51400, 4112080, 0.00966, 0.00005, 1.59577, 0.35319, -3.10895, 0.00568, 0.00227
51500, 4120080, 0.00958, 0.00020, 2.00058, 0.59430, -3.16447, 0.00439, 0.01186
51600, 4128080, 0.00957, 0.00016, 2.02480, 0.37592, -3.09279, 0.00344, -0.03817
51700, 4136080, 0.00951, 0.00030, 2.19734, 0.68011, -3.08948, 0.00323, 0.01418
51800, 4144080, 0.00952, 0.00013, 1.97792, 0.27352, -3.14960, 0.01296, 0.03691
51900, 4152080, 0.00958, 0.00026, 2.00274, 0.62050, -3.09357, 0.00507, -0.02127
52000, 4160080, 0.00940, 0.00024, 2.36164, 0.42353, -3.07382, 0.00301, 0.05565
52100, 4168080, 0.00911, 0.00045, 3.48763, 0.76376, -3.11016, 0.00579, 0.12790
52200, 4176080, 0.00982, 0.00010, 1.47045, 0.24834, -3.12632, 0.00512, 0.06215
52300, 4184080, 0.00964, 0.00012, 1.79241, 0.26096, -3.14544, 0.00608, 0.02017
52400, 4192080, 0.00973, 0.00009, 1.66079, 0.19210, -3.14180, 0.00307, 0.09849
52500, 4200080, 0.00940, 0.00053, 2.02884, 0.78251, -3.23109, 0.01388, 0.06507
52600, 4208080, 0.00964, 0.00022, 1.78753, 0.46761, -3.08366, 0.00324, -0.09511
52700, 4216080, 0.00966, 0.00018, 1.82819, 0.45867, -3.09060, 0.00467, -0.09953
52800, 4224080, 0.00961, 0.00018, 1.97472, 0.36787, -3.13888, 0.00552, 0.11003
52900, 4232080, 0.00937, 0.00024, 2.42104, 0.41957, -3.18653, 0.00383, -0.03109
53000, 4240080, 0.00976, 0.00010, 1.56900, 0.29057, -3.10842, 0.00682, -0.08844
53100, 4248080, 0.00975, 0.00007, 1.52649, 0.36957, -3.10022, 0.00863, -0.22580
53200, 4256080, 0.00928, 0.00044, 2.52027, 0.79316, -3.19354, 0.00398, -0.09332
53300, 4264080, 0.00972, 0.00020, 1.61174, 0.44575, -3.23016, 0.00502, -0.07496
53400, 4272080, 0.00971, 0.00013, 1.70424, 0.21344, -3.08389, 0.00565, -0.04760
53500, 4280080, 0.00954, 0.00022, 2.04182, 0.27256, -3.16579, 0.00463, -0.04363
53600, 4288080, 0.00952, 0.00021, 2.15952, 0.29804, -3.22212, 0.00307, -0.10070
53700, 4296080, 0.00963, 0.00015, 2.16339, 0.34557, -3.17760, 0.00303, 0.02388
53800, 4304080, 0.00941, 0.00036, 2.45759, 0.76723, -3.06952, 0.00633, -0.01405
53900, 4312080, 0.00953, 0.00028, 2.00763, 0.70742, -3.10850, 0.00329, 0.07930
54000, 4320080, 0.00923, 0.00008, 2.71588, 0.24396, -3.10133, 0.00584, -0.08979
54100, 4328080, 0.00947, 0.00022, 2.27515, 0.62695, -3.15759, 0.00723, 0.17258
54200, 4336080, 0.00939, 0.00065, 2.26380, 1.19855, -3.13413, 0.00514, -0.07011
54300, 4344080, 0.00965, 0.00025, 1.79152, 0.57101, -3.15999, 0.00448, 0.05960
54400, 4352080, 0.00941, 0.00026, 2.44722, 0.31871, -3.14576, 0.00842, -0.02727
54500, 4360080, 0.00954, 0.00013, 2.26476, 0.28837, -3.20604, 0.00405, -0.00952
54600, 4368080, 0.00916, 0.00062, 2.60236, 1.33246, -3.23540, 0.00668, -0.20758
54700, 4376080, 0.00966, 0.00024, 1.71738, 0.42087, -3.22436, 0.00299, -0.02955
54800, 4384080, 0.00956, 0.00028, 2.01801, 0.65871, -3.13979, 0.00314, 0.00008
54900, 4392080, 0.00953, 0.00050, 1.94395, 0.93285, -3.18017, 0.00284, -0.01556
55000, 4400080, 0.00966, 0.00014, 1.75774, 0.38994, -3.15276, 0.00749, -0.13755
55100, 4408080, 0.00896, 0.00041, 2.80147, 0.75532, -3.31869, 0.00459, -0.13981
55200, 4416080, 0.00941, 0.00067, 1.80066, 0.64793, -3.21779, 0.02403, 0.24045
55300, 4424080, 0.00948, 0.00029, 1.87206, 0.47045, -3.21347, 0.00513, -0.13159
55400, 4432080, 0.00962, 0.00011, 1.84828, 0.16448, -3.06210, 0.00354, 0.05490
55500, 4440080, 0.00958, 0.00026, 1.74528, 0.43840, -3.12179, 0.00533, -0.10088
55600, 4448080, 0.00969, 0.00012, 1.75484, 0.32677, -3.07558, 0.00402, -0.08750
55700, 4456080, 0.00964, 0.00029, 2.05809, 0.83231, -3.04893, 0.00786, -0.17373
55800, 4464080, 0.00974, 0.00015, 1.71502, 0.32911, -3.07533, 0.00637, -0.04191
55900, 4472080, 0.00972, 0.00032, 1.64302, 0.82530, -3.06029, 0.00683, -0.03998
56000, 4480080, 0.00957, 0.00035, 1.95326, 0.84291, -2.92528, 0.00330, -0.01958
56100, 4488080, 0.00972, 0.00011, 1.66390, 0.22532, -3.18225, 0.00571, -0.11295
56200, 4496080, 0.00946, 0.00052, 2.29658, 1.28351, -3.17163, 0.02249, -0.00653
56300, 4504080, 0.00978, 0.00004, 1.53449, 0.22742, -3.13083, 0.00552, -0.08318
56400, 4512080, 0.00967, 0.00013, 2.07879, 0.36175, -3.04013, 0.00873, -0.08956
56500, 4520080, 0.00951, 0.00030, 2.28981, 0.79006, -3.07734, 0.00773, 0.04089
56600, 4528080, 0.00975, 0.00012, 1.56890, 0.27632, -3.12112, 0.00415, -0.06975
56700, 4536080, 0.00974, 0.00018, 1.60454, 0.51521, -3.21429, 0.00574, -0.08150
56800, 4544080, 0.00967, 0.00019, 1.89671, 0.52080, -2.99878, 0.00336, 0.05325
56900, 4552080, 0.00967, 0.00028, 1.79830, 0.57440, -3.14431, 0.01168, 0.10559
57000, 4560080, 0.00969, 0.00019, 1.86760, 0.52294, -3.13184, 0.00366, -0.00002
57100, 4568080, 0.00963, 0.00018, 1.99202, 0.46566, -3.06441, 0.00591, -0.02470
57200, 4576080, 0.00927, 0.00027, 2.49370, 0.39868, -3.12694, 0.00601, 0.09359
57300, 4584080, 0.00958, 0.00023, 1.87253, 0.46436, -3.18802, 0.00616, 0.10018
57400, 4592080, 0.00957, 0.00015, 2.16033, 0.62536, -3.13691, 0.00378, 0.03596
57500, 4600080, 0.00952, 0.00027, 1.95277, 0.61723, -3.18998, 0.00568, -0.16563
57600, 4608080, 0.00936, 0.00034, 2.22763, 0.98329, -3.16774, 0.01695, 0.03615
57700, 4616080, 0.00952, 0.00034, 2.06316, 0.71431, -3.16477, 0.00571, -0.05766
57800, 4624080, 0.00933, 0.00022, 2.61695, 0.51499, -2.94474, 0.00239, -0.03678
57900, 4632080, 0.00951, 0.00052, 2.10080, 1.00685, -3.05540, 0.00557, -0.03854
58000, 4640080, 0.00969, 0.00008, 1.72276, 0.24973, -3.21311, 0.00340, -0.04715
58100, 4648080, 0.00952, 0.00018, 2.44995, 0.41919, -3.04090, 0.00319, -0.02578
58200, 4656080, 0.00976, 0.00009, 1.69758, 0.21673, -3.01899, 0.00538, 0.09383
58300, 4664080, 0.00958, 0.00020, 2.08760, 0.50922, -3.13889, 0.00476, -0.10986
58400, 4672080, 0.00949, 0.00027, 2.25373, 0.57488, -3.18903, 0.00309, 0.03460
58500, 4680080, 0.00966, 0.00025, 1.84787, 0.49602, -3.17688, 0.00525, -0.13182
58600, 4688080, 0.00971, 0.00007, 1.84509, 0.24235, -3.09797, 0.00619, 0.09844
58700, 4696080, 0.00944, 0.00055, 2.17635, 0.81979, -3.10584, 0.01229, 0.11579
58800, 4704080, 0.00957, 0.00019, 1.79008, 0.27275, -3.24046, 0.00432, -0.05387
58900, 4712080, 0.00925, 0.00035, 2.56690, 0.78347, -3.23499, 0.00518, -0.03079
59000, 4720080, 0.00936, 0.00055, 1.96836, 0.55816, -3.28534, 0.00988, 0.13825
59100, 4728080, 0.00946, 0.00045, 1.95221, 0.50205, -3.07828, 0.00414, 0.03384
59200, 4736080, 0.00961, 0.00011, 2.09338, 0.28739, -3.05968, 0.00502, 0.00512
59300, 4744080, 0.00949, 0.00034, 2.28536, 0.77279, -3.02938, 0.00957, -0.20198
59400, 4752080, 0.00967, 0.00018, 1.65236, 0.38583, -3.02587, 0.00642, -0.04425
59500, 4760080, 0.00947, 0.00035, 2.13425, 0.62597, -3.09476, 0.00529, -0.08307
59600, 4768080, 0.00941, 0.00017, 2.29397, 0.22032, -3.26153, 0.00264, -0.01305
59700, 4776080, 0.00963, 0.00015, 1.87942, 0.27258, -3.07040, 0.00346, 0.02986
59800, 4784080, 0.00951, 0.00035, 2.08531, 0.62488, -3.09218, 0.00679, 0.04430
59900, 4792080, 0.00929, 0.00038, 2.47666, 0.69047, -3.10405, 0.00677, 0.07405
60000, 4800080, 0.00932, 0.00040, 2.36260, 0.72003, -3.14408, 0.00293, 0.07511
60100, 4808080, 0.00961, 0.00027, 1.90291, 0.57926, -3.04907, 0.00880, 0.06542
60200, 4816080, 0.00973, 0.00019, 1.67430, 0.57758, -3.10916, 0.00446, -0.05945
60300, 4824080, 0.00951, 0.00025, 1.98060, 0.49062, -3.20538, 0.00322, 0.12467
60400, 4832080, 0.00935, 0.00023, 2.46329, 0.59092, -3.15353, 0.00368, -0.14471
60500, 4840080, 0.00958, 0.00016, 2.09863, 0.62912, -3.02771, 0.01098, 0.05932
60600, 4848080, 0.00962, 0.00025, 2.02092, 0.73700, -3.02646, 0.00580, -0.09552
60700, 4856080, 0.00968, 0.00021, 1.94631, 0.45917, -3.11435, 0.01096, -0.11629
60800, 4864080, 0.00962, 0.00012, 2.08102, 0.47103, -2.96242, 0.02886, -0.07517
60900, 4872080, 0.00940, 0.00060, 2.58424, 1.33494, -3.08669, 0.00493, -0.06997
61000, 4880080, 0.00936, 0.00032, 2.34382, 0.57804, -3.15803, 0.00280, 0.04051
61100, 4888080, 0.00964, 0.00012, 1.87673, 0.24726, -3.14722, 0.00381, 0.03619
61200, 4896080, 0.00938, 0.00041, 2.12061, 0.69689, -3.24943, 0.00252, -0.00668
61300, 4904080, 0.00936, 0.00012, 2.31636, 0.24029, -3.06594, 0.00786, -0.18736
61400, 4912080, 0.00947, 0.00018, 2.16462, 0.37109, -3.12802, 0.00657, 0.03930
61500, 4920080, 0.00962, 0.00013, 1.78033, 0.27752, -3.18977, 0.00329, -0.03972
61600, 4928080, 0.00953, 0.00031, 1.75673, 0.50115, -3.31704, 0.00402, -0.07092
61700, 4936080, 0.00960, 0.00016, 1.80742, 0.29368, -3.15821, 0.00775, 0.04368
61800, 4944080, 0.00965, 0.00019, 1.68381, 0.39133, -3.12374, 0.00551, -0.17971
61900, 4952080, 0.00936, 0.00016, 2.39690, 0.36217, -3.25612, 0.00467, -0.11980
62000, 4960080, 0.00956, 0.00019, 2.29011, 0.42701, -3.06699, 0.00853, 0.04541
62100, 4968080, 0.00949, 0.00032, 2.32080, 0.87011, -3.09804, 0.00457, -0.02719
62200, 4976080, 0.00966, 0.00019, 1.72318, 0.47070, -3.18821, 0.00471, -0.16350
62300, 4984080, 0.00963, 0.00031, 1.81591, 0.72670, -3.13968, 0.00618, 0.01263
62400, 4992080, 0.00954, 0.00022, 2.16372, 0.51353, -2.95398, 0.00521, 0.11712
62500, 5000080, 0.00923, 0.00032, 2.77861, 0.74212, -3.15690, 0.01299, 0.04446
62600, 5008080, 0.00964, 0.00022, 1.97381, 0.59208, -3.11250, 0.00596, -0.10447
62700, 5016080, 0.00975, 0.00003, 1.80951, 0.35653, -3.13549, 0.00714, 0.08801
62800, 5024080, 0.00941, 0.00017, 2.50519, 0.38516, -3.07126, 0.00680, 0.02420
62900, 5032080, 0.00952, 0.00039, 2.06610, 0.55716, -3.21046, 0.01040, -0.04246
63000, 5040080, 0.00949, 0.00023, 2.07970, 0.48688, -3.10455, 0.03012, 0.12591
63100, 5048080, 0.00945, 0.00023, 2.38673, 0.52062, -3.11204, 0.00728, 0.00841
63200, 5056080, 0.00966, 0.00015, 2.00439, 0.37977, -3.11828, 0.01138, -0.02435
63300, 5064080, 0.00963, 0.00015, 1.91557, 0.29126, -3.05420, 0.00563, -0.01573
63400, 5072080, 0.00934, 0.00045, 2.34222, 0.64854, -3.16236, 0.01740, -0.09890
63500, 5080080, 0.00921, 0.00032, 2.47387, 0.50914, -3.14172, 0.01456, 0.09336
63600, 5088080, 0.00927, 0.00072, 2.45566, 1.11921, -3.06538, 0.00239, -0.08465
63700, 5096080, 0.00970, 0.00012, 1.71802, 0.32301, -3.08561, 0.00232, 0.03436
63800, 5104080, 0.00956, 0.00035, 2.08897, 0.74032, -3.19288, 0.00448, -0.10549
63900, 5112080, 0.00940, 0.00019, 2.25530, 0.24644, -3.15941, 0.00673, -0.09243
64000, 5120080, 0.00975, 0.00017, 1.55637, 0.45070, -3.14059, 0.00327, 0.04320
64100, 5128080, 0.00961, 0.00014, 1.89125, 0.43554, -3.14370, 0.00660, 0.09468
64200, 5136080, 0.00977, 0.00009, 1.66344, 0.23118, -3.14747, 0.00463, 0.01155
64300, 5144080, 0.00958, 0.00024, 2.17411, 0.63942, -3.10543, 0.01017, 0.00002
64400, 5152080, 0.00963, 0.00011, 1.78806, 0.19356, -3.10823, 0.00250, -0.02145
64500, 5160080, 0.00948, 0.00040, 2.25753, 0.67011, -3.16820, 0.00298, 0.09810
64600, 5168080, 0.00966, 0.00020, 1.79463, 0.42467, -3.09735, 0.00303, 0.00475
64700, 5176080, 0.00962, 0.00025, 1.77149, 0.68489, -3.15670, 0.00205, 0.01558
64800, 5184080, 0.00960, 0.00031, 1.77427, 0.41218, -3.19279, 0.00706, -0.02350
64900, 5192080, 0.00962, 0.00026, 1.75606, 0.52167, -3.11054, 0.00436, -0.01178
65000, 5200080, 0.00945, 0.00018, 2.30368, 0.13415, -3.06242, 0.00622, 0.02606
65100, 5208080, 0.00959, 0.00011, 2.04774, 0.27381, -3.14031, 0.00328, -0.01523
65200, 5216080, 0.00947, 0.00020, 2.10020, 0.10862, -3.15644, 0.00537, 0.02986
65300, 5224080, 0.00951, 0.00014, 1.99530, 0.32422, -3.17909, 0.00683, 0.01864
65400, 5232080, 0.00966, 0.00023, 1.91053, 0.65128, -3.19528, 0.00439, -0.06866
65500, 5240080, 0.00963, 0.00012, 1.76221, 0.50147, -3.11237, 0.00311, -0.02090
65600, 5248080, 0.00966, 0.00024, 1.88117, 0.58822, -3.11187, 0.00511, 0.06700
65700, 5256080, 0.00955, 0.00026, 2.09841, 0.56098, -3.07301, 0.00442, -0.05697
65800, 5264080, 0.00962, 0.00026, 1.96307, 0.53176, -3.06042, 0.00444, -0.09968
65900, 5272080, 0.00920, 0.00077, 2.67489, 1.38164, -3.07060, 0.00784, -0.06586
66000, 5280080, 0.00985, 0.00014, 1.39121, 0.34549, -3.12719, 0.00860, 0.07025
66100, 5288080, 0.00969, 0.00018, 1.77417, 0.50106, -3.19731, 0.00593, -0.04400
66200, 5296080, 0.00932, 0.00015, 2.42824, 0.28527, -3.13307, 0.00508, 0.04328
66300, 5304080, 0.00941, 0.00006, 2.28753, 0.26296, -3.20363, 0.00624, -0.18804
66400, 5312080, 0.00970, 0.00013, 1.61106, 0.39024, -3.07786, 0.00658, 0.05642
66500, 5320080, 0.00976, 0.00015, 1.63319, 0.52377, -3.01927, 0.00456, -0.07604
66600, 5328080, 0.00948, 0.00031, 2.27099, 0.61910, -3.15251, 0.00722, -0.06905
66700, 5336080, 0.00972, 0.00026, 1.68983, 0.64003, -3.15823, 0.00802, -0.11035
66800, 5344080, 0.00962, 0.00024, 1.96129, 0.59206, -3.14181, 0.00472, -0.10411
66900, 5352080, 0.00978, 0.00009, 1.63036, 0.29760, -3.02788, 0.00515, -0.09891
67000, 5360080, 0.00954, 0.00012, 2.16290, 0.11896, -3.02913, 0.00455, 0.03655
67100, 5368080, 0.00968, 0.00010, 1.91201, 0.46366, -3.16427, 0.00484, -0.05237
67200, 5376080, 0.00974, 0.00020, 1.66533, 0.50014, -3.10466, 0.00485, -0.06908
67300, 5384080, 0.00958, 0.00026, 1.98308, 0.60567, -3.09051, 0.01072, 0.01197
67400, 5392080, 0.00944, 0.00040, 2.39197, 0.72308, -3.06482, 0.00234, -0.00600
67500, 5400080, 0.00969, 0.00025, 1.65178, 0.50931, -3.15675, 0.00221, 0.06129
67600, 5408080, 0.00951, 0.00020, 2.01493, 0.27636, -3.10087, 0.00670, 0.01429
67700, 5416080, 0.00967, 0.00029, 1.78505, 0.71392, -3.04295, 0.00471, -0.03736
67800, 5424080, 0.00940, 0.00020, 2.45367, 0.61163, -3.09502, 0.00808, 0.02332
67900, 5432080, 0.00961, 0.00010, 1.90500, 0.32947, -3.18010, 0.01240, -0.03462
68000, 5440080, 0.00952, 0.00031, 2.23516, 0.70160, -3.08141, 0.01147, -0.00478
68100, 5448080, 0.00975, 0.00023, 1.55958, 0.69705, -3.09104, 0.01432, 0.21331
68200, 5456080, 0.00966, 0.00022, 1.80355, 0.50469, -3.08793, 0.00341, 0.06019
68300, 5464080, 0.00965, 0.00020, 2.07138, 0.64071, -3.04755, 0.00441, 0.09583
68400, 5472080, 0.00935, 0.00014, 2.34069, 0.29311, -3.04974, 0.00361, -0.03046
68500, 5480080, 0.00983, 0.00009, 1.43878, 0.32699, -3.23513, 0.00266, 0.03018
68600, 5488080, 0.00977, 0.00010, 1.57943, 0.23210, -3.11172, 0.00415, 0.01304
68700, 5496080, 0.00973, 0.00009, 1.73607, 0.29449, -3.13586, 0.01254, 0.04475
68800, 5504080, 0.00964, 0.00026, 1.97575, 0.64346, -3.10225, 0.00446, -0.06077
68900, 5512080, 0.00964, 0.00027, 1.83586, 0.65665, -3.06995, 0.00323, -0.04171
69000, 5520080, 0.00915, 0.00060, 3.06391, 1.61060, -3.14621, 0.01033, -0.11402
69100, 5528080, 0.00960, 0.00024, 2.12802, 0.62888, -3.11187, 0.00325, 0.00208
69200, 5536080, 0.00976, 0.00017, 1.52335, 0.41948, -3.13536, 0.01288, -0.11899
69300, 5544080, 0.00973, 0.00021, 1.56352, 0.36046, -3.08741, 0.01611, -0.10880
69400, 5552080, 0.00952, 0.00023, 2.31700, 0.56812, -3.06894, 0.00969, -0.24001
69500, 5560080, 0.00966, 0.00037, 1.75860, 0.79543, -3.03069, 0.01164, -0.02690
69600, 5568080, 0.00983, 0.00003, 1.54749, 0.26897, -2.96124, 0.00410, 0.05577
69700, 5576080, 0.00968, 0.00024, 1.84722, 0.59502, -3.05455, 0.01427, 0.02202
69800, 5584080, 0.00944, 0.00026, 2.60096, 0.53069, -3.05762, 0.00671, -0.03979
69900, 5592080, 0.00944, 0.00033, 2.23139, 0.73098, -3.07556, 0.00420, -0.00196
70000, 5600080, 0.00970, 0.00011, 1.91429, 0.40658, -3.05204, 0.00529, 0.07278
70100, 5608080, 0.00980, 0.00016, 1.56294, 0.51192, -3.01366, 0.01062, 0.06852
70200, 5616080, 0.00954, 0.00016, 2.41577, 0.44525, -3.10796, 0.00680, 0.09897
70300, 5624080, 0.00955, 0.00020, 1.98578, 0.35876, -3.18299, 0.00203, 0.01565
70400, 5632080, 0.00951, 0.00022, 2.15086, 0.43167, -3.20836, 0.00507, -0.01490
70500, 5640080, 0.00973, 0.00014, 1.66703, 0.46180, -3.06291, 0.00406, -0.03338
70600, 5648080, 0.00965, 0.00024, 1.95590, 0.69703, -3.07148, 0.00391, 0.05693
70700, 5656080, 0.00956, 0.00021, 2.15964, 0.56820, -2.98072, 0.00479, 0.11076
70800, 5664080, 0.00961, 0.00020, 1.90195, 0.44668, -3.14655, 0.00786, -0.05688
70900, 5672080, 0.00946, 0.00011, 2.15742, 0.15434, -3.05398, 0.00315, 0.03554
71000, 5680080, 0.00940, 0.00037, 2.29169, 0.93394, -3.12656, 0.00375, 0.02235
71100, 5688080, 0.00953, 0.00033, 2.14331, 0.85446, -3.00191, 0.00716, -0.09174
71200, 5696080, 0.00966, 0.00021, 1.76532, 0.52659, -3.14971, 0.00245, 0.03122
71300, 5704080, 0.00967, 0.00021, 1.72878, 0.60006, -3.14711, 0.00785, 0.09329
71400, 5712080, 0.00949, 0.00021, 2.36997, 0.45873, -3.03994, 0.00536, 0.08131
71500, 5720080, 0.00937, 0.00021, 2.49262, 0.27897, -3.07189, 0.00442, 0.01359
71600, 5728080, 0.00969, 0.00013, 1.88073, 0.38948, -3.06678, 0.00718, 0.08223
71700, 5736080, 0.00977, 0.00014, 1.62074, 0.41439, -3.09873, 0.00219, -0.04450
71800, 5744080, 0.00973, 0.00010, 1.63523, 0.38014, -3.22127, 0.00341, -0.02729
71900, 5752080, 0.00942, 0.00019, 2.31269, 0.56374, -3.11676, 0.00342, 0.03893
72000, 5760080, 0.00976, 0.00008, 1.33448, 0.18657, -3.14183, 0.00592, -0.05771
72100, 5768080, 0.00960, 0.00028, 1.96958, 0.66501, -3.17523, 0.00249, -0.02670
72200, 5776080, 0.00964, 0.00006, 1.92830, 0.12279, -3.10062, 0.01891, -0.20015
72300, 5784080, 0.00965, 0.00011, 1.90148, 0.27853, -3.13416, 0.00532, -0.08064
72400, 5792080, 0.00958, 0.00021, 1.92090, 0.60721, -3.13140, 0.00491, -0.15957
72500, 5800080, 0.00981, 0.00018, 1.55508, 0.50612, -3.03192, 0.00169, -0.00015
72600, 5808080, 0.00972, 0.00021, 1.77557, 0.37001, -3.09873, 0.00304, -0.00728
72700, 5816080, 0.00972, 0.00014, 1.61995, 0.47838, -3.16876, 0.00185, 0.05927
72800, 5824080, 0.00948, 0.00011, 2.19829, 0.21070, -3.08019, 0.00686, 0.01629
72900, 5832080, 0.00966, 0.00016, 1.89079, 0.35218, -3.20935, 0.02247, -0.31089
73000, 5840080, 0.00961, 0.00015, 1.70725, 0.26343, -3.07173, 0.00467, 0.09538
73100, 5848080, 0.00971, 0.00019, 1.53891, 0.38923, -3.05674, 0.00319, 0.06577
73200, 5856080, 0.00951, 0.00040, 2.13963, 0.93923, -3.19180, 0.00715, 0.09501
73300, 5864080, 0.00958, 0.00021, 1.97764, 0.37358, -3.12543, 0.01514, -0.14907
73400, 5872080, 0.00964, 0.00017, 1.77729, 0.32296, -3.11752, 0.00338, 0.07421
73500, 5880080, 0.00947, 0.00030, 2.16673, 0.58149, -3.16199, 0.00920, 0.03567
73600, 5888080, 0.00962, 0.00015, 2.18366, 0.56258, -3.14595, 0.01720, 0.06886
73700, 5896080, 0.00970, 0.00017, 2.01218, 0.60983, -3.07562, 0.00918, -0.21553
73800, 5904080, 0.00963, 0.00017, 2.02277, 0.31399, -3.05832, 0.02312, 0.18400
73900, 5912080, 0.00959, 0.00032, 1.94906, 0.79116, -3.07191, 0.00501, 0.06016
74000, 5920080, 0.00980, 0.00022, 1.55546, 0.67308, -2.93677, 0.00451, 0.03988
74100, 5928080, 0.00956, 0.00026, 1.92389, 0.61708, -3.16247, 0.00577, 0.06884
74200, 5936080, 0.00953, 0.00014, 2.24894, 0.41589, -3.13070, 0.00590, -0.05658
74300, 5944080, 0.00946, 0.00034, 2.16102, 0.70747, -3.20321, 0.00204, -0.05060
74400, 5952080, 0.00959, 0.00018, 2.06801, 0.69782, -3.11364, 0.00451, 0.14712
74500, 5960080, 0.00932, 0.00044, 2.52449, 0.76737, -3.22087, 0.00384, -0.06933
74600, 5968080, 0.00951, 0.00013, 2.08864, 0.15793, -3.27044, 0.00281, 0.05746
74700, 5976080, 0.00976, 0.00009, 1.67470, 0.27802, -3.12134, 0.00339, 0.08265
74800, 5984080, 0.00951, 0.00040, 2.02658, 0.76090, -3.13520, 0.00998, 0.17678
74900, 5992080, 0.00952, 0.00015, 1.99411, 0.32004, -3.13179, 0.00468, 0.00897
75000, 6000080, 0.00964, 0.00016, 1.95462, 0.25890, -2.99334, 0.00668, 0.17472
75100, 6008080, 0.00972, 0.00026, 1.69265, 0.66889, -3.06451, 0.00375, -0.07667
75200, 6016080, 0.00948, 0.00034, 2.07841, 0.69291, -3.14755, 0.00406, -0.06386
75300, 6024080, 0.00970, 0.00023, 1.68438, 0.42686, -3.15590, 0.00405, 0.10014
75400, 6032080, 0.00976, 0.00010, 1.62809, 0.25157, -3.09829, 0.00231, -0.00716
75500, 6040080, 0.00925, 0.00064, 2.39179, 1.22282, -3.21090, 0.00770, 0.01952
75600, 6048080, 0.00940, 0.00029, 2.22524, 0.37660, -3.09526, 0.00726, 0.02705
75700, 6056080, 0.00361, 0.00661, 1.97690, 0.57228, -3.23210, 0.00990, -0.22634
75800, 6064080, 0.00947, 0.00036, 1.90749, 0.34832, -3.15850, 0.01028, 0.15472
75900, 6072080, 0.00914, 0.00047, 2.45562, 0.68521, -3.13660, 0.00737, -0.06305
76000, 6080080, 0.00915, 0.00025, 2.88912, 0.37106, -3.13875, 0.00783, 0.03776
76100, 6088080, 0.00956, 0.00006, 1.86610, 0.21373, -3.08014, 0.00567, 0.00299
76200, 6096080, 0.00938, 0.00041, 2.27161, 0.96358, -3.00676, 0.00655, -0.12612
76300, 6104080, 0.00966, 0.00018, 1.83388, 0.53535, -3.06039, 0.00316, -0.10397
76400, 6112080, 0.00965, 0.00018, 1.95892, 0.50329, -2.99979, 0.00579, 0.04893
76500, 6120080, 0.00968, 0.00031, 1.72951, 0.75148, -3.02643, 0.00237, -0.05987
76600, 6128080, 0.00940, 0.00037, 2.31667, 0.52009, -3.11712, 0.00306, 0.01509
76700, 6136080, 0.00968, 0.00024, 1.70324, 0.40449, -3.16874, 0.00777, -0.05902
76800, 6144080, 0.00967, 0.00018, 1.87299, 0.52664, -3.12952, 0.00526, 0.00476
76900, 6152080, 0.00948, 0.00043, 2.12776, 0.91955, -3.17635, 0.00429, 0.08854
77000, 6160080, 0.00937, 0.00023, 2.28239, 0.48425, -3.20019, 0.00257, 0.10144
77100, 6168080, 0.00955, 0.00023, 2.11458, 0.63382, -3.09355, 0.00408, -0.08352
77200, 6176080, 0.00983, 0.00008, 1.25014, 0.09323, -3.13370, 0.00169, 0.03593
77300, 6184080, 0.00975, 0.00014, 1.89015, 0.47569, -3.09196, 0.01191, -0.00966
77400, 6192080, 0.00979, 0.00006, 1.67304, 0.31467, -3.12526, 0.00677, -0.02766
77500, 6200080, 0.00964, 0.00023, 2.17204, 0.64954, -3.05189, 0.00496, 0.11830
77600, 6208080, 0.00966, 0.00032, 1.77470, 0.90923, -3.09410, 0.00280, 0.04697
77700, 6216080, 0.00943, 0.00038, 2.40652, 0.93406, -3.11655, 0.00456, 0.04362
77800, 6224080, 0.00966, 0.00014, 1.84255, 0.43231, -3.07132, 0.00686, -0.18223
77900, 6232080, 0.00962, 0.00007, 1.91027, 0.21596, -3.08773, 0.00702, 0.13283
78000, 6240080, 0.00977, 0.00005, 1.60136, 0.15438, -3.15421, 0.00396, -0.07135
78100, 6248080, 0.00959, 0.00011, 1.97103, 0.33881, -3.20592, 0.00603, -0.01527
78200, 6256080, 0.00940, 0.00018, 2.44326, 0.44804, -3.17310, 0.00664, 0.03302
78300, 6264080, 0.00958, 0.00028, 1.87684, 0.60045, -3.10722, 0.00427, -0.03097
78400, 6272080, 0.00931, 0.00046, 2.51462, 0.91099, -3.14605, 0.01067, 0.13593
78500, 6280080, 0.00967, 0.00020, 1.89247, 0.59583, -3.08974, 0.00847, 0.13219
78600, 6288080, 0.00952, 0.00028, 2.23184, 0.65390, -3.11115, 0.00657, -0.14114
78700, 6296080, 0.00949, 0.00027, 2.13999, 0.71822, -3.02355, 0.00251, 0.01518
78800, 6304080, 0.00943, 0.00031, 2.18993, 0.58055, -3.07136, 0.01085, -0.12660
78900, 6312080, 0.00955, 0.00015, 1.82111, 0.44572, -3.14772, 0.00393, -0.02403
79000, 6320080, 0.00966, 0.00023, 1.91613, 0.64239, -3.06615, 0.00268, 0.03647
79100, 6328080, 0.00948, 0.00019, 2.38012, 0.42588, -3.06882, 0.00198, 0.06643
79200, 6336080, 0.00952, 0.00018, 2.19664, 0.44369, -3.01827, 0.00342, 0.06360
79300, 6344080, 0.00973, 0.00015, 1.68508, 0.32243, -3.05546, 0.00148, 0.02707
79400, 6352080, 0.00957, 0.00021, 2.09459, 0.37291, -3.12391, 0.01479, 0.01828
79500, 6360080, 0.00968, 0.00023, 1.87389, 0.64805, -3.18704, 0.00350, 0.10566
79600, 6368080, 0.00970, 0.00016, 1.46354, 0.28955, -2.99782, 0.00665, 0.01976
79700, 6376080, 0.00971, 0.00028, 1.89818, 0.87069, -3.12690, 0.01023, 0.12869
79800, 6384080, 0.00972, 0.00017, 1.58760, 0.39313, -3.13285, 0.01265, -0.09921
79900, 6392080, 0.00958, 0.00025, 2.13966, 0.65825, -3.15645, 0.00204, 0.04763
80000, 6400080, 0.00942, 0.00020, 2.52660, 0.57039, -3.07124, 0.00229, 0.00828
80100, 6408080, 0.00961, 0.00028, 2.03774, 0.74459, -3.04594, 0.01060, 0.18221
80200, 6416080, 0.00950, 0.00033, 2.24962, 0.63409, -3.16875, 0.00603, -0.04486
80300, 6424080, 0.00978, 0.00009, 1.60242, 0.31899, -3.08519, 0.00533, 0.07994
80400, 6432080, 0.00949, 0.00034, 2.37919, 0.82322, -3.13405, 0.02067, -0.09804
80500, 6440080, 0.00963, 0.00023, 1.98000, 0.72388, -3.15552, 0.00552, -0.00527
80600, 6448080, 0.00912, 0.00042, 2.41586, 0.84685, -3.18526, 0.00375, -0.07307
80700, 6456080, 0.00965, 0.00017, 1.77669, 0.25391, -3.20500, 0.00451, -0.07517
80800, 6464080, 0.00941, 0.00042, 2.14790, 0.92997, -3.12532, 0.00823, -0.21694
80900, 6472080, 0.00963, 0.00019, 1.78573, 0.55028, -3.15477, 0.00491, 0.09783
81000, 6480080, 0.00942, 0.00021, 2.58247, 0.36218, -3.06134, 0.00461, 0.09491
81100, 6488080, 0.00948, 0.00026, 2.18794, 0.56704, -3.12987, 0.00298, 0.06482
81200, 6496080, 0.00963, 0.00038, 1.90436, 0.91450, -3.20226, 0.00483, -0.06663
81300, 6504080, 0.00964, 0.00021, 1.93600, 0.48078, -3.06022, 0.00729, -0.10068
81400, 6512080, 0.00956, 0.00022, 2.02165, 0.59757, -3.06810, 0.00732, 0.08109
81500, 6520080, 0.00964, 0.00025, 2.03624, 0.63666, -3.09168, 0.00396, -0.06362
81600, 6528080, 0.00916, 0.00023, 2.76487, 0.56285, -3.19383, 0.02373, -0.01057
81700, 6536080, 0.00969, 0.00022, 1.89248, 0.37930, -3.10025, 0.00267, 0.02729
81800, 6544080, 0.00967, 0.00019, 1.69454, 0.37778, -3.12480, 0.00674, -0.03407
81900, 6552080, 0.00953, 0.00012, 1.96092, 0.25716, -3.08742, 0.01024, -0.09556
82000, 6560080, 0.00953, 0.00031, 2.12175, 0.59640, -3.18948, 0.00256, -0.00826
82100, 6568080, 0.00963, 0.00026, 1.93608, 0.59360, -3.03906, 0.00384, -0.10030
82200, 6576080, 0.00963, 0.00021, 1.80065, 0.47669, -3.14251, 0.00830, 0.03659
82300, 6584080, 0.00934, 0.00044, 2.34069, 0.83277, -3.13329, 0.00555, 0.11161
82400, 6592080, 0.00977, 0.00024, 1.60448, 0.63365, -3.05084, 0.00500, 0.09684
82500, 6600080, 0.00969, 0.00028, 1.89453, 0.89399, -3.12745, 0.00370, 0.07507
82600, 6608080, 0.00964, 0.00028, 1.80901, 0.59184, -3.23109, 0.00533, -0.02451
82700, 6616080, 0.00954, 0.00033, 1.82332, 0.71063, -3.17255, 0.00376, 0.01005
82800, 6624080, 0.00980, 0.00010, 1.48053, 0.32590, -3.14636, 0.01158, -0.06092
82900, 6632080, 0.00948, 0.00034, 2.25888, 0.87598, -3.17825, 0.00788, -0.09097
83000, 6640080, 0.00942, 0.00028, 2.35674, 0.47717, -3.06847, 0.00366, 0.10302
83100, 6648080, 0.00935, 0.00022, 2.50316, 0.33325, -3.14449, 0.00240, 0.00588
83200, 6656080, 0.00956, 0.00021, 2.04329, 0.47135, -3.16735, 0.00241, 0.04145
83300, 6664080, 0.00966, 0.00012, 1.86010, 0.20580, -3.11548, 0.00555, 0.09440
83400, 6672080, 0.00977, 0.00022, 1.43424, 0.33295, -3.12500, 0.00477, -0.08515
83500, 6680080, 0.00957, 0.00022, 2.25382, 0.56503, -3.05514, 0.01680, -0.09843
83600, 6688080, 0.00974, 0.00018, 1.74171, 0.54238, -3.09569, 0.00554, -0.05418
83700, 6696080, 0.00970, 0.00020, 1.54894, 0.40932, -3.19212, 0.00114, -0.04870
83800, 6704080, 0.00973, 0.00029, 1.69786, 0.84668, -3.19871, 0.00936, -0.13327
83900, 6712080, 0.00955, 0.00018, 2.22801, 0.45862, -3.10851, 0.00795, -0.11545
84000, 6720080, 0.00957, 0.00019, 2.17448, 0.44412, -3.15437, 0.00588, 0.04754
84100, 6728080, 0.00970, 0.00014, 1.88433, 0.33441, -3.04800, 0.00457, -0.12190
84200, 6736080, 0.00951, 0.00024, 2.30467, 0.60712, -3.08513, 0.00415, 0.03998
84300, 6744080, 0.00948, 0.00013, 2.40870, 0.28545, -3.16149, 0.00575, -0.10765
84400, 6752080, 0.00948, 0.00022, 2.39314, 0.61555, -3.11446, 0.00648, -0.05966
84500, 6760080, 0.00955, 0.00034, 2.19263, 0.88257, -3.21963, 0.00620, -0.04758
84600, 6768080, 0.00960, 0.00027, 2.03904, 0.70798, -3.09420, 0.00422, -0.06440
84700, 6776080, 0.00953, 0.00028, 2.17733, 0.67169, -3.14353, 0.00311, -0.03584
84800, 6784080, 0.00946, 0.00021, 2.29135, 0.47341, -3.06222, 0.00377, 0.09529
84900, 6792080, 0.00951, 0.00042, 2.31422, 1.14998, -3.08150, 0.00748, 0.15568
85000, 6800080, 0.00964, 0.00026, 1.89188, 0.48049, -3.07204, 0.00587, -0.08749
85100, 6808080, 0.00937, 0.00023, 2.52279, 0.77738, -3.07795, 0.00981, 0.04077
85200, 6816080, 0.00962, 0.00023, 1.98684, 0.63147, -3.12107, 0.00624, -0.09594
85300, 6824080, 0.00971, 0.00017, 1.78960, 0.73096, -3.07949, 0.01518, -0.03622
85400, 6832080, 0.00942, 0.00055, 2.17595, 1.00348, -3.16445, 0.00947, -0.12935
85500, 6840080, 0.00966, 0.00025, 1.91701, 0.65300, -3.12048, 0.00430, 0.13887
85600, 6848080, 0.00971, 0.00016, 1.72135, 0.42443, -3.19684, 0.00984, -0.08729
85700, 6856080, 0.00950, 0.00020, 2.03428, 0.48311, -3.12810, 0.00383, 0.11490
85800, 6864080, 0.00976, 0.00018, 1.59225, 0.41420, -3.00748, 0.00349, 0.08054
85900, 6872080, 0.00958, 0.00016, 2.24958, 0.59577, -3.08008, 0.00580, -0.02017
86000, 6880080, 0.00961, 0.00036, 2.18971, 1.07382, -2.96401, 0.00870, -0.03760
86100, 6888080, 0.00952, 0.00019, 2.10450, 0.38361, -3.17211, 0.00311, -0.10568
86200, 6896080, 0.00951, 0.00018, 2.11235, 0.49865, -3.02954, 0.00410, -0.07524
86300, 6904080, 0.00972, 0.00017, 1.78159, 0.48816, -2.98090, 0.00546, -0.02030
86400, 6912080, 0.00953, 0.00025, 2.12790, 0.71061, -3.18933, 0.00243, 0.09474
86500, 6920080, 0.00958, 0.00014, 1.92773, 0.26921, -3.18319, 0.00145, -0.03864
86600, 6928080, 0.00942, 0.00017, 2.39837, 0.41346, -3.04522, 0.00762, -0.01928
86700, 6936080, 0.00964, 0.00008, 1.96442, 0.30444, -3.15108, 0.00577, 0.14230
86800, 6944080, 0.00949, 0.00023, 1.96372, 0.38062, -3.03520, 0.00473, -0.02901
86900, 6952080, 0.00956, 0.00024, 2.09016, 0.59755, -3.08061, 0.00771, -0.15672
87000, 6960080, 0.00974, 0.00008, 1.70380, 0.23882, -3.23050, 0.01303, -0.06140
87100, 6968080, 0.00969, 0.00011, 1.74386, 0.16988, -3.21133, 0.00243, 0.04420
87200, 6976080, 0.00970, 0.00020, 1.85907, 0.49557, -3.10991, 0.00327, -0.06341
87300, 6984080, 0.00960, 0.00015, 2.01885, 0.42139, -3.13274, 0.00518, 0.15454
87400, 6992080, 0.00970, 0.00021, 1.83439, 0.63295, -3.06851, 0.00604, 0.07053
87500, 7000080, 0.00957, 0.00014, 2.17324, 0.48338, -3.04855, 0.00405, 0.08958
87600, 7008080, 0.00940, 0.00018, 2.34930, 0.51555, -3.13732, 0.00277, 0.09402
87700, 7016080, 0.00970, 0.00015, 1.58863, 0.22813, -3.14914, 0.00744, -0.20314
87800, 7024080, 0.00952, 0.00016, 1.93502, 0.55611, -3.15791, 0.00267, -0.02221
87900, 7032080, 0.00958, 0.00023, 2.05438, 0.40431, -3.13400, 0.00284, -0.01902
88000, 7040080, 0.00970, 0.00019, 1.77402, 0.54717, -3.15138, 0.00217, -0.05054
88100, 7048080, 0.00939, 0.00033, 2.48899, 0.60302, -3.11258, 0.00279, -0.11779
88200, 7056080, 0.00960, 0.00032, 1.95318, 0.78610, -3.18123, 0.00274, 0.07422
88300, 7064080, 0.00964, 0.00022, 1.66093, 0.30141, -3.11042, 0.00392, 0.10571
88400, 7072080, 0.00972, 0.00024, 1.50720, 0.33420, -3.11089, 0.00349, -0.01959
88500, 7080080, 0.00961, 0.00017, 1.87939, 0.45507, -3.08291, 0.00425, 0.09677
88600, 7088080, 0.00968, 0.00017, 1.74849, 0.50675, -3.00352, 0.00456, 0.06761
88700, 7096080, 0.00967, 0.00015, 1.94251, 0.45050, -3.07042, 0.00425, 0.12414
88800, 7104080, 0.00955, 0.00013, 2.06582, 0.44359, -3.12119, 0.00341, -0.06811
88900, 7112080, 0.00972, 0.00026, 1.83474, 0.75360, -3.06005, 0.00454, -0.02720
89000, 7120080, 0.00977, 0.00013, 1.56014, 0.42111, -3.06618, 0.00266, 0.07231
89100, 7128080, 0.00974, 0.00018, 1.60081, 0.40816, -3.02938, 0.02224, -0.00617
89200, 7136080, 0.00946, 0.00012, 2.27626, 0.33506, -3.09746, 0.00300, 0.02082
89300, 7144080, 0.00962, 0.00039, 1.80036, 0.96030, -3.19600, 0.00235, 0.00964
89400, 7152080, 0.00958, 0.00015, 1.89558, 0.33958, -3.19432, 0.00355, 0.00149
89500, 7160080, 0.00963, 0.00015, 2.03254, 0.53410, -3.11444, 0.00612, 0.10558
89600, 7168080, 0.00955, 0.00025, 1.90618, 0.60537, -3.14375, 0.00182, 0.00643
89700, 7176080, 0.00983, 0.00005, 1.26078, 0.13665, -3.16062, 0.00441, -0.09800
89800, 7184080, 0.00966, 0.00023, 1.77628, 0.42301, -3.00479, 0.00479, 0.14375
89900, 7192080, 0.00960, 0.00017, 2.21127, 0.63145, -3.14933, 0.02031, -0.03828
90000, 7200080, 0.00954, 0.00033, 2.10088, 0.65726, -3.00429, 0.00798, 0.10755
90100, 7208080, 0.00947, 0.00036, 2.27912, 0.76189, -3.13427, 0.00616, -0.16183
90200, 7216080, 0.00964, 0.00023, 1.74841, 0.53521, -3.11002, 0.00384, 0.11438
90300, 7224080, 0.00955, 0.00009, 2.22424, 0.44485, -3.19931, 0.00915, -0.05903
90400, 7232080, 0.00934, 0.00020, 2.49440, 0.23544, -3.09118, 0.00395, -0.13702
90500, 7240080, 0.00943, 0.00013, 2.31197, 0.21091, -3.07337, 0.00299, 0.04139
90600, 7248080, 0.00975, 0.00011, 1.58222, 0.32265, -3.03393, 0.00518, 0.06212
90700, 7256080, 0.00955, 0.00030, 2.16020, 0.83547, -3.08256, 0.01102, -0.18948
90800, 7264080, 0.00976, 0.00015, 1.62336, 0.52799, -3.04111, 0.00559, -0.01086
90900, 7272080, 0.00963, 0.00021, 2.03385, 0.68763, -3.11587, 0.00830, 0.10781
91000, 7280080, 0.00955, 0.00019, 1.94471, 0.30842, -3.11296, 0.00415, -0.01491
91100, 7288080, 0.00955, 0.00005, 1.94682, 0.14879, -3.22319, 0.00243, -0.05175
91200, 7296080, 0.00956, 0.00038, 1.89430, 0.75124, -3.18525, 0.00753, 0.06870
91300, 7304080, 0.00973, 0.00011, 1.68403, 0.35119, -3.18765, 0.00335, 0.00679
91400, 7312080, 0.00963, 0.00027, 1.86250, 0.65443, -3.23663, 0.00715, -0.14010
91500, 7320080, 0.00951, 0.00041, 2.04466, 1.13796, -3.07311, 0.00648, -0.13057
91600, 7328080, 0.00975, 0.00013, 1.60677, 0.37357, -3.16231, 0.00448, -0.10383
91700, 7336080, 0.00952, 0.00042, 2.04090, 0.97663, -3.09827, 0.00231, -0.04340
91800, 7344080, 0.00973, 0.00025, 1.68670, 0.66822, -3.06038, 0.00226, 0.00664
91900, 7352080, 0.00953, 0.00022, 2.20241, 0.66433, -3.17306, 0.00225, -0.03948
92000, 7360080, 0.00945, 0.00060, 2.12776, 1.29219, -2.98791, 0.00267, -0.07059
92100, 7368080, 0.00970, 0.00026, 1.73963, 0.45250, -3.18388, 0.01053, 0.03668
92200, 7376080, 0.00968, 0.00010, 1.92769, 0.19387, -3.13407, 0.00266, -0.02307
92300, 7384080, 0.00963, 0.00032, 1.93702, 0.78583, -3.10993, 0.00376, 0.06382
92400, 7392080, 0.00959, 0.00023, 2.03343, 0.53965, -3.04427, 0.00640, -0.06162
92500, 7400080, 0.00966, 0.00006, 1.80104, 0.21260, -3.11158, 0.00789, -0.00297
92600, 7408080, 0.00951, 0.00012, 2.24434, 0.35229, -3.09623, 0.00238, 0.05260
92700, 7416080, 0.00960, 0.00011, 1.94380, 0.15149, -3.14516, 0.01056, -0.19983
92800, 7424080, 0.00969, 0.00007, 1.88054, 0.27670, -3.05919, 0.00487, 0.08113
92900, 7432080, 0.00976, 0.00018, 1.59769, 0.52913, -3.19052, 0.00214, 0.02827
93000, 7440080, 0.00954, 0.00028, 2.02912, 0.61093, -3.08236, 0.00458, -0.07188
93100, 7448080, 0.00974, 0.00019, 1.69475, 0.48094, -3.12319, 0.00692, -0.03727
93200, 7456080, 0.00952, 0.00027, 2.30711, 0.85442, -3.13093, 0.00482, -0.07602
93300, 7464080, 0.00971, 0.00023, 1.77085, 0.60552, -3.15202, 0.00367, 0.02369
93400, 7472080, 0.00966, 0.00022, 1.66318, 0.53818, -3.08326, 0.00286, 0.05766
93500, 7480080, 0.00964, 0.00013, 1.98996, 0.34213, -3.22054, 0.00285, 0.00541
93600, 7488080, 0.00958, 0.00036, 1.76863, 0.77376, -3.10621, 0.00434, -0.02588
93700, 7496080, 0.00942, 0.00030, 2.30955, 0.71697, -3.17141, 0.01307, 0.13583
93800, 7504080, 0.00977, 0.00010, 1.61211, 0.35035, -3.14745, 0.00273, 0.06473
93900, 7512080, 0.00974, 0.00017, 1.53321, 0.27057, -3.08124, 0.01362, -0.14071
94000, 7520080, 0.00951, 0.00052, 2.32084, 1.09379, -2.98507, 0.00181, -0.01816
94100, 7528080, 0.00950, 0.00025, 2.26798, 0.60323, -3.10820, 0.01473, -0.05381
94200, 7536080, 0.00963, 0.00018, 1.86859, 0.42431, -3.16204, 0.00208, -0.05571
94300, 7544080, 0.00963, 0.00016, 1.85284, 0.44488, -3.15314, 0.00457, -0.05805
94400, 7552080, 0.00952, 0.00017, 2.44963, 0.53518, -3.10850, 0.17405, 0.51056
94500, 7560080, 0.00977, 0.00021, 1.63311, 0.48734, -3.00359, 0.00859, -0.04738
94600, 7568080, 0.00970, 0.00022, 1.80890, 0.57612, -3.11922, 0.20286, 0.64068
94700, 7576080, 0.00976, 0.00015, 1.58391, 0.41145, -3.10758, 0.00275, 0.04589
94800, 7584080, 0.00967, 0.00040, 1.91551, 0.84025, -3.11154, 0.00436, -0.01521
94900, 7592080, 0.00973, 0.00022, 1.60945, 0.46895, -3.08866, 0.00849, -0.05266
95000, 7600080, 0.00965, 0.00010, 1.91395, 0.45751, -3.01233, 0.00389, 0.05091
95100, 7608080, 0.00936, 0.00077, 2.56765, 1.71739, -3.07579, 0.00965, -0.16020
95200, 7616080, 0.00961, 0.00038, 1.78100, 0.70890, -3.10436, 0.00330, -0.08137
95300, 7624080, 0.00962, 0.00026, 2.00256, 0.35134, -3.00042, 0.01263, 0.11761
95400, 7632080, 0.00957, 0.00026, 2.04586, 0.65927, -3.17604, 0.00300, 0.04200
95500, 7640080, 0.00982, 0.00011, 1.49460, 0.29788, -3.07442, 0.00351, 0.04800
95600, 7648080, 0.00954, 0.00014, 2.25341, 0.53736, -2.98506, 0.00663, -0.03891
95700, 7656080, 0.00960, 0.00014, 2.13762, 0.62236, -3.11258, 0.00510, 0.12112
95800, 7664080, 0.00965, 0.00025, 2.11279, 0.78229, -3.20293, 0.00348, -0.06395
95900, 7672080, 0.00965, 0.00015, 1.88707, 0.34531, -3.12491, 0.00215, 0.00008
96000, 7680080, 0.00968, 0.00007, 1.87621, 0.23743, -3.04333, 0.01693, -0.03463
96100, 7688080, 0.00979, 0.00014, 1.53145, 0.38614, -3.06110, 0.00378, -0.08121
96200, 7696080, 0.00946, 0.00033, 2.09268, 0.77207, -3.15218, 0.00557, -0.00586
96300, 7704080, 0.00940, 0.00040, 2.38353, 0.89519, -3.19830, 0.00492, 0.12988
96400, 7712080, 0.00959, 0.00012, 2.21431, 0.31858, -3.07759, 0.00448, 0.06162
96500, 7720080, 0.00976, 0.00023, 1.51580, 0.55672, -3.11694, 0.00393, -0.15794
96600, 7728080, 0.00956, 0.00024, 1.98643, 0.63691, -3.16341, 0.00330, -0.06722
96700, 7736080, 0.00964, 0.00015, 1.91218, 0.29215, -3.13917, 0.01770, -0.14300
96800, 7744080, 0.00954, 0.00009, 1.97240, 0.31914, -3.10800, 0.00314, -0.00276
96900, 7752080, 0.00971, 0.00009, 1.75108, 0.17029, -3.13502, 0.00462, -0.13913
97000, 7760080, 0.00959, 0.00012, 1.93310, 0.34935, -3.06964, 0.00268, -0.04952
97100, 7768080, 0.00950, 0.00039, 2.39055, 0.99283, -3.17297, 0.00158, -0.01973
97200, 7776080, 0.00946, 0.00051, 2.14502, 0.99422, -3.10043, 0.00326, 0.10074
97300, 7784080, 0.00950, 0.00036, 2.40653, 0.94273, -3.11266, 0.00322, 0.11862
97400, 7792080, 0.00979, 0.00015, 1.53070, 0.27037, -3.10604, 0.00400, -0.06111
97500, 7800080, 0.00946, 0.00029, 2.28576, 0.59458, -3.11821, 0.00251, 0.01094
97600, 7808080, 0.00951, 0.00032, 2.10701, 0.78914, -3.06053, 0.00200, 0.08499
97700, 7816080, 0.00983, 0.00013, 1.40431, 0.42566, -3.13005, 0.00389, -0.04101
97800, 7824080, 0.00977, 0.00018, 1.68149, 0.49248, -3.07665, 0.00364, 0.09644
97900, 7832080, 0.00950, 0.00027, 2.18808, 0.44251, -3.07974, 0.00454, 0.14163
98000, 7840080, 0.00964, 0.00008, 2.01398, 0.22662, -3.11694, 0.00360, -0.06005
98100, 7848080, 0.00957, 0.00029, 2.08783, 0.52817, -3.11623, 0.00517, -0.10124
98200, 7856080, 0.00958, 0.00033, 2.11847, 0.72337, -3.19355, 0.00519, 0.10245
98300, 7864080, 0.00978, 0.00020, 1.49525, 0.41374, -3.11179, 0.00308, -0.01758
98400, 7872080, 0.00944, 0.00015, 2.40426, 0.29377, -3.12178, 0.00556, -0.05888
98500, 7880080, 0.00935, 0.00024, 2.51831, 0.55107, -3.04726, 0.00665, -0.13939
98600, 7888080, 0.00936, 0.00015, 2.74083, 0.47952, -3.10436, 0.00691, -0.00178
98700, 7896080, 0.00976, 0.00015, 1.46579, 0.37253, -3.12417, 0.00423, -0.04516
98800, 7904080, 0.00954, 0.00014, 2.32975, 0.33219, -3.10308, 0.00257, -0.07709
98900, 7912080, 0.00935, 0.00011, 2.61357, 0.25024, -3.14506, 0.00297, 0.06816
99000, 7920080, 0.00949, 0.00025, 2.33719, 0.79412, -3.03906, 0.00174, 0.01719
99100, 7928080, 0.00959, 0.00031, 2.00272, 0.72796, -3.09062, 0.00345, 0.01080
99200, 7936080, 0.00944, 0.00029, 2.46752, 0.55534, -3.03916, 0.00234, 0.02677
99300, 7944080, 0.00948, 0.00019, 2.44174, 0.50426, -3.07993, 0.00244, -0.07339
99400, 7952080, 0.00962, 0.00023, 2.06354, 0.56778, -3.16685, 0.00570, -0.03339
99500, 7960080, 0.00954, 0.00026, 2.18006, 0.81552, -3.13112, 0.00387, -0.00381
99600, 7968080, 0.00971, 0.00019, 1.69819, 0.53466, -3.15036, 0.00600, 0.16268
99700, 7976080, 0.00975, 0.00019, 1.67897, 0.57059, -3.13827, 0.00728, 0.04261
99800, 7984080, 0.00958, 0.00022, 2.24574, 0.64740, -3.06931, 0.00288, 0.02308
99900, 7992080, 0.00964, 0.00026, 2.08001, 0.85619, -3.07548, 0.00606, 0.18842
100000, 8000080, 0.00979, 0.00003, 1.76260, 0.15234, -3.13798, 0.00721, -0.18101
100100, 8008080, 0.00967, 0.00016, 1.80331, 0.53995, -3.13072, 0.00570, -0.10932
100200, 8016080, 0.00964, 0.00029, 1.96677, 0.92369, -3.15563, 0.00396, -0.04926
100300, 8024080, 0.00971, 0.00015, 1.89235, 0.43732, -3.02986, 0.00587, 0.04759
100400, 8032080, 0.00957, 0.00011, 2.42658, 0.28734, -3.05371, 0.00287, 0.06136
100500, 8040080, 0.00966, 0.00022, 1.83443, 0.52140, -3.18019, 0.00298, -0.02968
100600, 8048080, 0.00969, 0.00018, 1.74323, 0.40194, -3.18463, 0.00505, -0.06170
100700, 8056080, 0.00954, 0.00019, 2.10794, 0.38017, -3.09477, 0.00612, -0.08918
100800, 8064080, 0.00974, 0.00030, 1.58005, 0.69184, -3.19816, 0.00458, 0.00376
100900, 8072080, 0.00965, 0.00034, 1.94816, 0.92150, -3.11854, 0.00432, 0.05512
101000, 8080080, 0.00944, 0.00024, 2.38634, 0.54016, -3.07707, 0.00345, -0.10594
101100, 8088080, 0.00948, 0.00015, 2.27760, 0.41283, -3.12953, 0.00257, 0.10182
101200, 8096080, 0.00952, 0.00012, 2.29943, 0.43592, -3.10092, 0.00623, -0.14918
101300, 8104080, 0.00953, 0.00041, 2.04923, 0.77812, -3.15074, 0.00359, -0.08711
101400, 8112080, 0.00966, 0.00018, 1.94138, 0.43229, -3.12951, 0.00414, -0.01127
101500, 8120080, 0.00963, 0.00016, 1.79010, 0.36603, -3.10255, 0.00643, 0.01731
101600, 8128080, 0.00947, 0.00024, 2.37893, 0.77277, -3.16326, 0.01495, -0.03735
101700, 8136080, 0.00957, 0.00017, 2.15885, 0.50968, -3.14433, 0.00355, -0.10221
101800, 8144080, 0.00941, 0.00025, 2.55059, 0.92322, -3.20568, 0.00444, -0.08409
101900, 8152080, 0.00960, 0.00006, 1.95177, 0.14775, -3.11746, 0.00411, 0.04956
102000, 8160080, 0.00969, 0.00016, 1.80358, 0.29419, -3.14810, 0.00696, 0.09007
102100, 8168080, 0.00950, 0.00022, 2.14208, 0.29285, -3.06193, 0.00273, 0.03653
102200, 8176080, 0.00959, 0.00026, 2.17988, 0.60648, -3.05780, 0.00825, 0.07169
102300, 8184080, 0.00964, 0.00018, 1.67514, 0.47508, -3.16826, 0.01253, -0.10028
102400, 8192080, 0.00975, 0.00020, 1.71868, 0.59406, -3.14081, 0.00513, 0.11470
102500, 8200080, 0.00936, 0.00021, 2.63656, 0.49471, -3.16635, 0.00808, -0.09342
102600, 8208080, 0.00952, 0.00021, 2.01719, 0.34945, -3.05614, 0.00334, 0.05783
102700, 8216080, 0.00977, 0.00016, 1.61009, 0.41008, -3.15752, 0.00336, 0.04053
102800, 8224080, 0.00948, 0.00021, 2.27999, 0.52561, -3.09390, 0.00432, 0.13779
102900, 8232080, 0.00966, 0.00025, 1.85705, 0.70881, -3.12871, 0.01421, -0.06772
103000, 8240080, 0.00969, 0.00022, 1.62904, 0.57175, -3.07384, 0.00836, -0.00591
103100, 8248080, 0.00945, 0.00084, 2.11340, 1.68177, -3.10982, 0.00686, -0.05800
103200, 8256080, 0.00953, 0.00038, 2.07645, 0.85730, -3.16571, 0.00350, 0.08400
103300, 8264080, 0.00939, 0.00022, 2.49476, 0.49168, -3.11798, 0.00462, 0.07931
103400, 8272080, 0.00970, 0.00021, 1.72443, 0.52984, -3.04259, 0.00165, 0.02038
103500, 8280080, 0.00935, 0.00060, 2.54086, 1.41511, -3.13407, 0.00549, 0.07927
103600, 8288080, 0.00955, 0.00017, 2.14526, 0.32816, -3.01574, 0.00676, 0.00302
103700, 8296080, 0.00930, 0.00069, 2.67343, 1.65499, -3.16519, 0.00482, -0.02294
103800, 8304080, 0.00965, 0.00021, 1.85007, 0.30914, -3.13482, 0.01392, -0.01630
103900, 8312080, 0.00967, 0.00013, 1.86405, 0.25310, -3.09593, 0.00870, 0.04219
104000, 8320080, 0.00959, 0.00043, 1.98465, 1.00120, -3.14618, 0.00445, -0.03291
104100, 8328080, 0.00947, 0.00033, 2.10130, 0.64844, -3.16198, 0.00516, 0.02662
104200, 8336080, 0.00973, 0.00034, 1.58151, 0.80375, -3.18950, 0.00216, 0.01480
104300, 8344080, 0.00958, 0.00011, 2.18238, 0.17701, -3.14247, 0.00676, 0.03546
104400, 8352080, 0.00958, 0.00033, 1.89939, 0.85317, -3.08435, 0.00536, 0.10822
104500, 8360080, 0.00972, 0.00016, 1.71342, 0.39445, -3.06803, 0.00389, 0.08482
104600, 8368080, 0.00971, 0.00019, 2.08824, 0.68877, -3.00771, 0.00308, 0.02527
104700, 8376080, 0.00956, 0.00018, 2.18862, 0.53135, -3.11165, 0.00214, 0.02001
104800, 8384080, 0.00956, 0.00019, 2.29081, 0.59353, -3.07317, 0.00285, 0.06312
104900, 8392080, 0.00960, 0.00012, 2.14907, 0.36470, -3.00927, 0.00549, -0.05152
105000, 8400080, 0.00950, 0.00026, 2.32949, 0.51980, -3.02079, 0.00270, 0.03798
105100, 8408080, 0.00940, 0.00043, 2.50325, 0.95222, -3.04639, 0.00414, -0.07758
105200, 8416080, 0.00954, 0.00030, 2.43055, 0.78748, -3.07960, 0.00990, 0.00350
105300, 8424080, 0.00966, 0.00023, 1.86886, 0.63008, -3.12457, 0.00166, -0.04816
105400, 8432080, 0.00966, 0.00014, 1.92211, 0.43626, -3.04328, 0.00714, 0.04692
105500, 8440080, 0.00964, 0.00029, 1.88178, 0.59209, -3.16927, 0.01637, -0.10690
105600, 8448080, 0.00963, 0.00015, 1.92291, 0.33537, -3.11188, 0.00363, -0.03881
105700, 8456080, 0.00977, 0.00020, 1.42985, 0.43717, -3.09501, 0.00391, -0.10356
105800, 8464080, 0.00962, 0.00019, 2.03462, 0.36993, -3.04267, 0.00998, -0.18153
105900, 8472080, 0.00973, 0.00021, 1.82685, 0.57628, -2.94787, 0.00604, -0.08200
106000, 8480080, 0.00968, 0.00024, 1.77207, 0.53957, -3.06534, 0.00615, 0.05557
106100, 8488080, 0.00967, 0.00009, 1.90319, 0.19976, -3.16465, 0.00301, -0.07201
106200, 8496080, 0.00970, 0.00017, 1.74496, 0.46214, -3.08807, 0.00468, -0.05090
106300, 8504080, 0.00969, 0.00028, 1.76863, 0.69118, -3.12307, 0.00421, 0.05792
106400, 8512080, 0.00974, 0.00004, 1.70734, 0.13013, -3.16320, 0.00199, 0.05469
106500, 8520080, 0.00975, 0.00021, 1.62632, 0.55674, -3.09806, 0.00507, -0.07906
106600, 8528080, 0.00949, 0.00034, 2.23666, 0.83798, -3.00761, 0.00432, 0.04457
106700, 8536080, 0.00953, 0.00009, 2.28977, 0.27237, -3.13853, 0.01184, -0.15309
106800, 8544080, 0.00977, 0.00008, 1.64184, 0.16321, -3.05837, 0.00284, -0.03872
106900, 8552080, 0.00968, 0.00021, 1.81145, 0.60026, -3.03263, 0.00382, -0.00579
107000, 8560080, 0.00950, 0.00031, 2.25541, 0.70209, -2.99243, 0.00534, 0.07028
107100, 8568080, 0.00960, 0.00025, 2.07365, 0.66335, -3.02342, 0.00272, 0.01280
107200, 8576080, 0.00978, 0.00020, 1.74065, 0.72746, -3.01422, 0.00817, -0.01676
107300, 8584080, 0.00959, 0.00020, 2.05556, 0.16635, -3.13468, 0.00614, -0.10946
107400, 8592080, 0.00973, 0.00018, 1.69848, 0.42929, -3.09287, 0.00388, 0.10474
107500, 8600080, 0.00946, 0.00035, 2.40253, 0.93445, -3.14099, 0.00478, 0.00185
107600, 8608080, 0.00946, 0.00032, 2.16325, 0.73637, -3.24462, 0.00416, 0.09737
107700, 8616080, 0.00964, 0.00017, 1.75482, 0.32512, -3.15215, 0.00398, -0.11986
107800, 8624080, 0.00967, 0.00028, 1.88170, 0.78350, -3.08267, 0.00225, 0.01992
107900, 8632080, 0.00963, 0.00033, 1.86426, 0.79169, -3.00749, 0.00594, -0.13223
108000, 8640080, 0.00956, 0.00023, 2.17497, 0.63435, -3.11737, 0.00556, -0.07607
108100, 8648080, 0.00959, 0.00030, 2.00995, 0.76631, -3.14561, 0.00260, -0.06722
108200, 8656080, 0.00953, 0.00018, 2.16220, 0.59862, -3.15056, 0.00441, 0.03869
108300, 8664080, 0.00974, 0.00002, 1.62947, 0.03888, -3.09870, 0.00215, 0.02203
108400, 8672080, 0.00973, 0.00023, 1.67089, 0.52587, -3.17460, 0.00337, 0.07779
108500, 8680080, 0.00966, 0.00020, 2.04137, 0.64581, -3.07979, 0.01148, 0.09785
108600, 8688080, 0.00963, 0.00024, 2.05737, 0.78964, -3.04747, 0.01010, 0.05979
108700, 8696080, 0.00968, 0.00023, 1.67846, 0.70038, -3.11120, 0.00175, 0.02435
108800, 8704080, 0.00975, 0.00013, 1.62615, 0.29448, -3.02911, 0.00195, -0.01520
108900, 8712080, 0.00945, 0.00030, 2.19743, 0.64385, -3.18207, 0.00333, 0.06335
109000, 8720080, 0.00970, 0.00025, 1.84118, 0.62817, -3.09248, 0.00726, 0.05423
109100, 8728080, 0.00962, 0.00021, 1.84185, 0.54722, -3.16969, 0.00195, 0.04002
109200, 8736080, 0.00958, 0.00013, 2.10250, 0.39665, -3.11571, 0.00312, -0.02360
109300, 8744080, 0.00949, 0.00030, 2.28184, 0.83784, -3.11120, 0.00624, -0.08429
109400, 8752080, 0.00941, 0.00023, 2.22179, 0.36253, -3.15405, 0.00597, -0.13056
109500, 8760080, 0.00969, 0.00013, 1.72226, 0.40750, -3.09328, 0.01897, 0.10041
109600, 8768080, 0.00950, 0.00011, 2.23493, 0.36801, -3.15682, 0.01206, -0.06373
109700, 8776080, 0.00935, 0.00025, 2.85124, 0.65193, -3.08955, 0.00305, 0.06638
109800, 8784080, 0.00977, 0.00010, 1.65893, 0.45251, -3.16280, 0.00241, 0.03789
109900, 8792080, 0.00958, 0.00012, 1.87387, 0.15850, -3.09131, 0.00281, 0.01039
110000, 8800080, 0.00957, 0.00031, 2.13734, 0.87866, -3.13241, 0.03656, -0.16374
110100, 8808080, 0.00975, 0.00019, 1.68788, 0.54219, -3.12458, 0.00673, -0.12606
110200, 8816080, 0.00948, 0.00045, 2.21139, 0.93557, -3.17196, 0.00484, -0.08059
110300, 8824080, 0.00974, 0.00014, 1.62454, 0.41938, -3.08689, 0.00548, -0.13492
110400, 8832080, 0.00968, 0.00022, 1.63532, 0.30372, -3.07719, 0.00460, 0.00007
110500, 8840080, 0.00977, 0.00022, 1.45096, 0.41469, -3.16214, 0.00853, 0.18097
110600, 8848080, 0.00961, 0.00027, 1.88860, 0.60422, -3.14682, 0.00766, 0.03184
110700, 8856080, 0.00957, 0.00031, 1.97424, 0.60832, -3.07163, 0.00604, -0.18434
110800, 8864080, 0.00958, 0.00024, 2.04808, 0.85538, -3.10566, 0.01967, -0.00693
110900, 8872080, 0.00956, 0.00015, 1.95794, 0.44574, -3.01892, 0.00816, -0.16998
111000, 8880080, 0.00945, 0.00023, 2.33691, 0.53556, -3.16602, 0.00511, 0.11330
111100, 8888080, 0.00981, 0.00016, 1.50654, 0.45853, -3.11207, 0.00328, -0.02196
111200, 8896080, 0.00943, 0.00013, 2.38179, 0.73234, -3.10034, 0.00743, -0.02102
111300, 8904080, 0.00970, 0.00019, 1.58196, 0.48498, -3.05833, 0.00502, -0.07935
111400, 8912080, 0.00964, 0.00019, 1.88727, 0.58231, -3.13311, 0.00341, 0.08631
111500, 8920080, 0.00966, 0.00018, 1.67550, 0.46412, -3.16833, 0.00411, 0.11814
111600, 8928080, 0.00971, 0.00016, 1.67031, 0.52167, -3.13306, 0.00256, 0.06223
111700, 8936080, 0.00968, 0.00023, 1.72296, 0.56059, -3.18009, 0.00625, -0.04186
111800, 8944080, 0.00965, 0.00018, 1.89923, 0.43174, -3.11848, 0.00387, 0.08338
111900, 8952080, 0.00948, 0.00027, 2.07437, 0.69158, -3.08786, 0.00363, -0.03636
112000, 8960080, 0.00963, 0.00021, 1.83622, 0.50221, -3.15834, 0.00153, -0.02328
112100, 8968080, 0.00954, 0.00028, 2.07447, 0.67450, -3.04110, 0.00198, -0.02915
112200, 8976080, 0.00973, 0.00017, 1.65781, 0.39720, -2.99361, 0.00208, -0.03934
112300, 8984080, 0.00956, 0.00022, 1.95481, 0.69582, -3.11194, 0.00542, 0.07656
112400, 8992080, 0.00973, 0.00014, 1.79353, 0.49577, -3.16640, 0.00574, 0.06207
112500, 9000080, 0.00977, 0.00004, 1.66400, 0.12503, -3.07387, 0.00845, 0.04510
112600, 9008080, 0.00963, 0.00019, 2.01072, 0.57770, -3.16630, 0.00540, -0.07059
112700, 9016080, 0.00958, 0.00014, 2.07599, 0.29578, -3.08449, 0.00313, -0.00809
112800, 9024080, 0.00971, 0.00025, 1.74221, 0.56690, -3.21466, 0.00248, 0.01894
112900, 9032080, 0.00935, 0.00038, 2.46952, 0.79570, -3.08193, 0.00463, -0.16276
113000, 9040080, 0.00962, 0.00023, 1.83356, 0.64660, -3.09453, 0.00507, 0.03402
113100, 9048080, 0.00967, 0.00013, 1.80323, 0.37848, -3.04839, 0.00245, 0.06686
113200, 9056080, 0.00973, 0.00019, 1.65461, 0.49176, -3.02726, 0.01922, -0.13116
113300, 9064080, 0.00956, 0.00012, 2.29063, 0.29162, -3.11154, 0.00754, 0.04857
113400, 9072080, 0.00968, 0.00017, 1.86409, 0.58562, -3.08969, 0.00266, 0.05149
113500, 9080080, 0.00961, 0.00023, 1.84705, 0.65861, -3.05351, 0.00471, 0.06759
113600, 9088080, 0.00947, 0.00020, 2.18101, 0.37168, -3.10447, 0.00448, -0.13230
113700, 9096080, 0.00951, 0.00023, 2.12074, 0.55332, -3.17621, 0.00656, -0.10253
113800, 9104080, 0.00946, 0.00018, 2.05370, 0.47943, -3.04964, 0.00545, 0.04850
113900, 9112080, 0.00968, 0.00012, 1.85519, 0.32909, -3.09692, 0.00355, 0.05895
114000, 9120080, 0.00958, 0.00011, 1.98047, 0.24845, -3.14734, 0.00209, 0.03322
114100, 9128080, 0.00961, 0.00015, 1.74415, 0.14902, -3.16378, 0.00423, -0.01090
114200, 9136080, 0.00951, 0.00009, 2.36414, 0.08034, -3.11335, 0.00595, 0.03951
114300, 9144080, 0.00967, 0.00018, 1.79869, 0.44215, -3.14498, 0.00482, -0.04410
114400, 9152080, 0.00955, 0.00037, 2.11253, 0.77055, -3.12386, 0.00334, -0.09412
114500, 9160080, 0.00953, 0.00025, 2.32494, 0.64966, -3.04404, 0.00339, -0.01892
114600, 9168080, 0.00953, 0.00037, 2.07780, 0.69248, -3.16003, 0.00214, 0.03339
114700, 9176080, 0.00967, 0.00025, 1.95132, 0.65434, -2.98850, 0.00341, 0.05596
114800, 9184080, 0.00936, 0.00049, 2.60691, 1.17805, -3.04725, 0.00556, 0.03374
114900, 9192080, 0.00960, 0.00020, 1.96142, 0.62957, -3.13678, 0.00948, -0.00427
115000, 9200080, 0.00955, 0.00030, 2.00504, 0.68443, -3.10856, 0.00361, -0.12097
115100, 9208080, 0.00952, 0.00026, 1.97333, 0.54561, -3.15093, 0.00240, 0.03345
115200, 9216080, 0.00947, 0.00021, 2.35390, 0.34275, -3.07201, 0.00414, 0.02326
115300, 9224080, 0.00953, 0.00011, 2.22104, 0.17798, -3.05709, 0.00340, -0.01585
115400, 9232080, 0.00980, 0.00021, 1.42129, 0.59164, -3.16784, 0.01243, -0.01734
115500, 9240080, 0.00947, 0.00043, 2.17814, 0.67645, -3.03520, 0.00473, 0.05683
115600, 9248080, 0.00968, 0.00031, 1.79153, 0.64485, -3.07068, 0.00453, 0.12541
115700, 9256080, 0.00958, 0.00024, 2.09649, 0.70995, -3.05860, 0.00668, -0.08105
115800, 9264080, 0.00980, 0.00008, 1.42842, 0.27747, -3.04571, 0.00406, 0.09015
115900, 9272080, 0.00964, 0.00010, 1.97809, 0.30999, -3.16811, 0.01788, -0.24834
116000, 9280080, 0.00962, 0.00017, 1.98860, 0.31971, -3.05945, 0.00485, 0.10718
116100, 9288080, 0.00954, 0.00020, 2.33867, 0.58761, -2.96065, 0.00322, -0.02946
116200, 9296080, 0.00981, 0.00012, 1.41941, 0.38592, -3.03390, 0.00427, 0.03768
116300, 9304080, 0.00960, 0.00016, 2.18607, 0.40921, -3.11347, 0.00573, 0.13540
116400, 9312080, 0.00959, 0.00029, 2.01741, 0.73490, -3.13710, 0.00284, -0.11677
116500, 9320080, 0.00950, 0.00018, 2.37654, 0.43991, -3.17285, 0.00215, -0.05041
116600, 9328080, 0.00940, 0.00010, 2.25970, 0.13774, -3.15148, 0.00478, -0.02803
116700, 9336080, 0.00937, 0.00021, 2.37495, 0.31179, -3.17633, 0.00785, -0.06798
116800, 9344080, 0.00964, 0.00028, 1.94560, 0.80535, -3.00729, 0.00797, 0.11005
116900, 9352080, 0.00954, 0.00020, 2.10019, 0.39415, -3.12950, 0.00772, -0.06956
117000, 9360080, 0.00978, 0.00009, 1.53169, 0.22656, -3.06719, 0.00436, 0.08834
117100, 9368080, 0.00953, 0.00023, 2.06272, 0.57968, -3.10761, 0.00296, -0.09029
117200, 9376080, 0.00966, 0.00024, 1.83441, 0.62058, -3.12676, 0.00363, 0.04182
117300, 9384080, 0.00962, 0.00014, 2.08558, 0.35810, -3.00622, 0.00410, -0.03711
117400, 9392080, 0.00964, 0.00025, 2.02317, 0.71069, -3.10952, 0.00385, 0.02569
117500, 9400080, 0.00962, 0.00014, 1.90551, 0.21572, -3.10300, 0.00345, 0.01036
117600, 9408080, 0.00980, 0.00013, 1.54578, 0.33750, -3.07377, 0.00181, 0.03985
117700, 9416080, 0.00965, 0.00028, 2.14249, 0.94919, -3.07492, 0.00436, 0.11876
117800, 9424080, 0.00962, 0.00006, 1.79835, 0.41605, -3.04868, 0.00635, -0.10889
117900, 9432080, 0.00957, 0.00017, 2.13553, 0.43015, -3.04352, 0.00368, 0.09027
118000, 9440080, 0.00965, 0.00021, 1.93264, 0.48949, -3.10982, 0.00277, -0.06127
118100, 9448080, 0.00959, 0.00015, 2.03752, 0.36158, -3.09884, 0.00350, 0.00238
118200, 9456080, 0.00961, 0.00019, 1.89045, 0.26500, -3.08961, 0.01199, -0.05134
118300, 9464080, 0.00944, 0.00007, 2.40485, 0.23460, -3.07396, 0.00629, 0.00671
118400, 9472080, 0.00949, 0.00052, 2.18709, 1.25598, -3.13811, 0.01145, -0.11301
118500, 9480080, 0.00959, 0.00018, 2.02784, 0.56510, -3.06161, 0.00274, -0.03168
118600, 9488080, 0.00948, 0.00023, 2.04497, 0.81058, -3.14500, 0.00547, 0.09579
118700, 9496080, 0.00944, 0.00036, 2.30845, 0.76039, -3.08867, 0.03175, -0.40600
118800, 9504080, 0.00951, 0.00030, 2.13951, 0.35677, -3.07719, 0.00612, -0.04360
118900, 9512080, 0.00956, 0.00026, 1.81543, 0.54793, -3.14898, 0.00302, 0.03108
119000, 9520080, 0.00964, 0.00015, 1.90636, 0.37214, -3.09701, 0.00424, -0.00809
119100, 9528080, 0.00970, 0.00051, 1.67065, 1.15009, -3.05315, 0.00178, 0.01019
119200, 9536080, 0.00954, 0.00017, 2.13767, 0.15843, -3.09832, 0.00838, 0.07276
119300, 9544080, 0.00969, 0.00009, 1.85155, 0.31532, -3.09867, 0.00714, -0.14888
119400, 9552080, 0.00940, 0.00033, 2.31993, 0.64978, -3.12792, 0.00117, -0.03262
119500, 9560080, 0.00940, 0.00051, 2.47870, 1.20888, -3.18026, 0.01621, 0.01041
119600, 9568080, 0.00968, 0.00013, 1.66938, 0.34280, -3.10038, 0.00467, -0.11745
119700, 9576080, 0.00957, 0.00025, 2.22149, 0.69115, -3.08076, 0.00762, -0.20127
119800, 9584080, 0.00962, 0.00026, 1.88032, 0.61668, -3.01392, 0.00758, -0.07057
119900, 9592080, 0.00959, 0.00011, 2.17201, 0.33412, -3.06579, 0.00360, -0.00188
120000, 9600080, 0.00956, 0.00041, 2.12927, 0.77225, -3.08686, 0.00703, -0.01666
120100, 9608080, 0.00948, 0.00007, 2.36851, 0.18320, -3.05642, 0.00476, -0.04628
120200, 9616080, 0.00955, 0.00014, 2.06174, 0.47551, -3.11150, 0.00260, -0.08730
120300, 9624080, 0.00949, 0.00022, 2.23399, 0.43456, -3.05728, 0.00583, -0.13361
120400, 9632080, 0.00938, 0.00060, 2.18728, 1.04626, -3.13571, 0.00910, 0.13522
120500, 9640080, 0.00955, 0.00011, 1.98500, 0.23031, -3.09452, 0.00254, 0.03256
120600, 9648080, 0.00980, 0.00016, 1.55713, 0.42853, -3.09548, 0.00599, -0.11092
120700, 9656080, 0.00974, 0.00018, 1.65882, 0.54589, -3.16359, 0.00513, 0.07508
120800, 9664080, 0.00956, 0.00016, 1.98311, 0.41389, -3.10749, 0.00348, -0.05097
120900, 9672080, 0.00967, 0.00018, 1.73879, 0.34739, -3.07257, 0.00458, -0.03806
121000, 9680080, 0.00947, 0.00023, 2.40789, 0.53490, -2.99686, 0.00763, -0.19229
121100, 9688080, 0.00922, 0.00036, 3.17516, 0.87095, -3.13568, 0.00314, 0.05029
121200, 9696080, 0.00961, 0.00026, 1.98262, 0.69639, -3.03565, 0.01712, -0.19110
121300, 9704080, 0.00946, 0.00024, 1.97899, 0.57906, -3.21357, 0.00685, -0.00697
121400, 9712080, 0.00949, 0.00031, 1.96637, 0.65391, -3.06722, 0.00643, -0.12728
121500, 9720080, 0.00950, 0.00012, 2.05423, 0.33162, -3.04298, 0.00797, 0.08723
121600, 9728080, 0.00932, 0.00021, 2.50578, 0.37321, -3.13315, 0.00387, 0.03271
121700, 9736080, 0.00946, 0.00034, 2.16775, 0.67542, -3.10017, 0.00165, 0.01232
121800, 9744080, 0.00968, 0.00011, 1.85042, 0.23220, -3.12423, 0.00203, 0.06419
121900, 9752080, 0.00959, 0.00016, 1.95280, 0.52421, -3.05926, 0.00221, 0.01321
122000, 9760080, 0.00979, 0.00017, 1.44493, 0.32648, -3.16421, 0.00278, 0.06184
122100, 9768080, 0.00962, 0.00027, 2.04050, 0.64485, -3.05544, 0.00630, 0.09309
122200, 9776080, 0.00962, 0.00017, 1.96861, 0.43726, -3.00412, 0.00415, -0.05325
122300, 9784080, 0.00962, 0.00015, 2.13027, 0.67782, -3.02924, 0.00904, -0.16718
122400, 9792080, 0.00959, 0.00024, 2.06635, 0.59235, -3.06697, 0.00283, 0.01624
122500, 9800080, 0.00971, 0.00007, 1.84014, 0.22541, -3.15674, 0.00502, -0.09312
122600, 9808080, 0.00975, 0.00013, 1.54678, 0.53415, -3.04419, 0.00883, -0.02444
122700, 9816080, -0.00210, 0.00000, 2.69591, 0.79652, -3.24365, 0.06977, -0.34183
122800, 9824080, -0.00210, 0.00000, 1.24840, 0.43556, -3.33404, 0.01187, -0.12041
122900, 9832080, -0.00210, 0.00000, 0.82094, 0.70229, -3.38251, 0.00282, -0.10952
123000, 9840080, -0.00210, 0.00000, 0.93510, 0.22943, -3.37637, 0.00507, 0.07237
123100, 9848080, -0.00210, 0.00000, 0.97978, 0.17037, -3.37953, 0.00398, -0.07158
123200, 9856080, -0.00210, 0.00000, 1.04637, 0.24965, -3.35760, 0.00555, -0.02062
123300, 9864080, -0.00210, 0.00000, 1.39385, 0.16993, -3.38096, 0.00957, 0.07414
123400, 9872080, -0.00210, 0.00000, 1.12741, 0.35103, -3.38696, 0.00443, 0.10596
123500, 9880080, -0.00210, 0.00000, 2.14930, 0.25236, -3.31024, 0.00463, -0.02447
123600, 9888080, -0.00210, 0.00000, 1.41909, 0.40823, -3.35328, 0.00499, 0.13140
123700, 9896080, -0.00210, 0.00000, 1.28850, 0.37627, -3.33812, 0.00186, 0.00885
123800, 9904080, 0.00092, 0.00604, 5.14434, 7.71227, -3.38589, 0.00633, -0.03534
123900, 9912080, -0.00210, 0.00000, 0.85049, 0.31209, -3.36370, 0.00382, 0.06908
124000, 9920080, -0.00210, 0.00000, 0.90032, 0.21306, -3.36130, 0.00157, -0.05415
124100, 9928080, 0.00080, 0.00580, 4.99330, 8.04135, -3.37732, 0.00188, 0.04612
124200, 9936080, -0.00210, 0.00000, 1.14328, 0.55506, -3.38500, 0.01073, 0.17936
124300, 9944080, -0.00210, 0.00000, 0.88411, 0.16572, -3.39019, 0.00219, 0.05091
124400, 9952080, -0.00210, 0.00000, 0.90552, 0.46800, -3.37910, 0.00208, -0.05321
124500, 9960080, -0.00210, 0.00000, 0.98359, 0.30060, -3.43215, 0.01067, 0.16955
124600, 9968080, -0.00210, 0.00000, 1.00526, 0.30513, -3.42876, 0.00148, -0.03816
124700, 9976080, -0.00210, 0.00000, 1.37501, 0.24064, -3.37737, 0.00732, 0.11975
124800, 9984080, -0.00210, 0.00000, 1.25005, 0.15899, -3.38968, 0.01119, -0.10712
124900, 9992080, 0.00370, 0.00671, 6.23137, 5.95467, -3.36641, 0.00457, -0.15059
