0, 80, 0.00000, 0.00000, 0.00000, 0.00000, -3.44720, 0.01541, 0.03368
100, 8080, -0.21000, 0.00000, -0.21000, 0.00000, -3.46529, 0.00001, 0.00299
200, 16080, 0.05160, 0.52320, 0.05160, 0.52320, -3.46512, 0.00005, -0.01831
300, 24080, -0.21000, 0.00000, -0.21000, 0.00000, -3.46503, 0.00002, 0.00839
400, 32080, -0.21000, 0.00000, -0.21000, 0.00000, -3.46512, 0.00008, -0.01535
500, 40080, 0.05110, 0.52220, 0.05110, 0.52220, -3.46526, 0.00001, -0.00426
600, 48080, 0.36340, 0.66240, 0.36340, 0.66240, -3.46533, 0.00010, -0.02468
700, 56080, -0.21000, 0.00000, -0.21000, 0.00000, -3.46546, 0.00004, 0.00184
800, 64080, 0.30660, 0.59698, 0.30660, 0.59698, -3.46552, 0.00006, -0.02137
900, 72080, -0.21000, 0.00000, -0.21000, 0.00000, -3.46544, 0.00001, -0.00235
1000, 80080, 0.08470, 0.58940, 0.08470, 0.58940, -3.46522, 0.00021, -0.03066
1100, 88080, -0.21000, 0.00000, -0.21000, 0.00000, -3.46528, 0.00010, 0.01172
1200, 96080, -0.21000, 0.00000, -0.21000, 0.00000, -3.46525, 0.00007, -0.00356
1300, 104080, 0.08810, 0.59620, 0.08810, 0.59620, -3.46544, 0.00004, -0.01404
1400, 112080, -0.21000, 0.00000, -0.21000, 0.00000, -3.46496, 0.00003, -0.00424
1500, 120080, 0.05480, 0.52960, 0.05480, 0.52960, -3.46541, 0.00007, -0.01322
1600, 128080, -0.21000, 0.00000, -0.21000, 0.00000, -3.46522, 0.00000, -0.00227
1700, 136080, 0.06760, 0.55520, 0.06760, 0.55520, -3.46516, 0.00003, -0.01216
1800, 144080, 0.33300, 0.62857, 0.33300, 0.62857, -3.46525, 0.00003, -0.01385
1900, 152080, -0.21000, 0.00000, -0.21000, 0.00000, -3.46487, 0.00002, -0.00129
2000, 160080, 0.07410, 0.56820, 0.07410, 0.56820, -3.46453, 0.00015, -0.03302
2100, 168080, 0.09110, 0.60220, 0.09110, 0.60220, -3.46510, 0.00012, -0.02045
2200, 176080, 0.61070, 0.55211, 0.61070, 0.55211, -3.46522, 0.00057, 0.01844
2300, 184080, 0.07010, 0.56020, 0.07010, 0.56020, -3.46527, 0.00009, -0.01780
2400, 192080, 0.08460, 0.58920, 0.08460, 0.58920, -3.46527, 0.00005, -0.01997
2500, 200080, 0.08570, 0.59140, 0.08570, 0.59140, -3.46528, 0.00004, -0.01186
2600, 208080, -0.21000, 0.00000, -0.21000, 0.00000, -3.46530, 0.00000, -0.00106
2700, 216080, -0.21000, 0.00000, -0.21000, 0.00000, -3.46511, 0.00003, -0.01235
2800, 224080, 0.04500, 0.51000, 0.04500, 0.51000, -3.46493, 0.00012, 0.00756
2900, 232080, 0.37410, 0.67451, 0.37410, 0.67451, -3.46473, 0.00021, -0.03810
3000, 240080, -0.21000, 0.00000, -0.21000, 0.00000, -3.46433, 0.00008, 0.00624
3100, 248080, -0.21000, 0.00000, -0.21000, 0.00000, -3.46458, 0.00002, -0.00341
3200, 256080, -0.21000, 0.00000, -0.21000, 0.00000, -3.46481, 0.00002, -0.00495
3300, 264080, 0.07700, 0.57400, 0.07700, 0.57400, -3.46470, 0.00004, -0.01312
3400, 272080, -0.21000, 0.00000, -0.21000, 0.00000, -3.46415, 0.00004, 0.00184
3500, 280080, 0.33240, 0.62777, 0.33240, 0.62777, -3.46417, 0.00014, -0.02709
3600, 288080, -0.21000, 0.00000, -0.21000, 0.00000, -3.46383, 0.00004, 0.01144
3700, 296080, 0.36930, 0.66904, 0.36930, 0.66904, -3.46426, 0.00006, 0.00065
3800, 304080, 0.06750, 0.55500, 0.06750, 0.55500, -3.46383, 0.00017, 0.01034
3900, 312080, 0.07500, 0.57000, 0.07500, 0.57000, -3.46454, 0.00110, -0.07609
4000, 320080, 0.08740, 0.59480, 0.08740, 0.59480, -3.46451, 0.00006, -0.01325
4100, 328080, 0.61700, 0.55447, 0.61700, 0.55447, -3.46488, 0.26873, 0.96241
4200, 336080, 0.04910, 0.51820, 0.04910, 0.51820, -3.46449, 0.00008, -0.00943
4300, 344080, -0.21000, 0.00000, -0.21000, 0.00000, -3.46477, 0.00002, -0.00476
4400, 352080, 0.08840, 0.59680, 0.08840, 0.59680, -3.46478, 0.00004, -0.00623
4500, 360080, 0.05450, 0.52900, 0.05450, 0.52900, -3.46466, 0.00053, -0.04544
4600, 368080, -0.21000, 0.00000, -0.21000, 0.00000, -3.46487, 0.00006, 0.00093
4700, 376080, -0.21000, 0.00000, -0.21000, 0.00000, -3.46459, 0.00002, -0.00024
4800, 384080, 0.08640, 0.59280, 0.08640, 0.59280, -3.46491, 0.00005, 0.00207
4900, 392080, -0.21000, 0.00000, -0.21000, 0.00000, -3.46498, 0.00001, -0.00666
5000, 400080, -0.21000, 0.00000, -0.21000, 0.00000, -3.46503, 0.00002, -0.00736
5100, 408080, 0.06480, 0.54960, 0.06480, 0.54960, -3.46511, 0.00000, -0.00003
5200, 416080, -0.21000, 0.00000, -0.21000, 0.00000, -3.46478, 0.00584, -0.07663
5300, 424080, 0.08740, 0.59480, 0.08740, 0.59480, -3.46462, 0.00003, -0.01169
5400, 432080, 0.09130, 0.60260, 0.09130, 0.60260, -3.46470, 0.00002, -0.01383
5500, 440080, 0.29860, 0.58744, 0.29860, 0.58744, -3.46506, 0.00013, -0.03040
5600, 448080, -0.21000, 0.00000, -0.21000, 0.00000, -3.46473, 0.00080, 0.02128
5700, 456080, -0.21000, 0.00000, -0.21000, 0.00000, -3.46469, 0.00002, -0.01069
5800, 464080, 0.07080, 0.56160, 0.07080, 0.56160, -3.46476, 0.00057, -0.03463
5900, 472080, 0.07240, 0.56480, 0.07240, 0.56480, -3.46488, 0.00002, -0.00862
6000, 480080, 0.04690, 0.51380, 0.04690, 0.51380, -3.46478, 0.00003, -0.01740
6100, 488080, -0.21000, 0.00000, -0.21000, 0.00000, -3.46477, 0.00001, -0.00176
6200, 496080, -0.21000, 0.00000, -0.21000, 0.00000, -3.46502, 0.00000, -0.00467
6300, 504080, -0.21000, 0.00000, -0.21000, 0.00000, -3.46512, 0.00002, -0.00799
6400, 512080, -0.21000, 0.00000, -0.21000, 0.00000, -3.46523, 0.00000, -0.00290
6500, 520080, -0.21000, 0.00000, -0.21000, 0.00000, -3.46515, 0.00009, -0.01641
6600, 528080, -0.21000, 0.00000, -0.21000, 0.00000, -3.46486, 0.00007, 0.00237
6700, 536080, 0.06660, 0.55320, 0.06660, 0.55320, -3.46503, 0.00007, -0.00305
6800, 544080, -0.21000, 0.00000, -0.21000, 0.00000, -3.46488, 0.00005, -0.00571
6900, 552080, 0.38000, 0.68149, 0.38000, 0.68149, -3.46480, 0.00082, -0.02521
7000, 560080, 0.08510, 0.59020, 0.08510, 0.59020, -3.46488, 0.00003, -0.01437
7100, 568080, -0.21000, 0.00000, -0.21000, 0.00000, -3.46492, 0.00002, -0.01266
7200, 576080, -0.21000, 0.00000, -0.21000, 0.00000, -3.46486, 0.00001, -0.00554
7300, 584080, 0.05320, 0.52640, 0.05320, 0.52640, -3.46511, 0.00006, -0.01634
7400, 592080, 0.06130, 0.54260, 0.06130, 0.54260, -3.46507, 0.00027, -0.03137
7500, 600080, -0.21000, 0.00000, -0.21000, 0.00000, -3.46350, 0.00014, 0.01244
7600, 608080, -0.21000, 0.00000, -0.21000, 0.00000, -3.46477, 0.00007, -0.01651
7700, 616080, -0.21000, 0.00000, -0.21000, 0.00000, -3.46513, 0.00001, -0.00724
7800, 624080, 0.07470, 0.56940, 0.07470, 0.56940, -3.46491, 0.00002, -0.01056
7900, 632080, 0.31270, 0.60374, 0.31270, 0.60374, -3.45857, 0.03929, -0.21307
8000, 640080, 0.08150, 0.58300, 0.08150, 0.58300, -3.46435, 0.00005, -0.00887
8100, 648080, 0.08560, 0.59120, 0.08560, 0.59120, -3.46483, 0.00131, 0.06768
8200, 656080, 0.04930, 0.51860, 0.04930, 0.51860, -3.46464, 0.00007, -0.01907
8300, 664080, 0.04990, 0.51980, 0.04990, 0.51980, -3.46434, 0.00015, -0.02677
8400, 672080, 0.06220, 0.54440, 0.06220, 0.54440, -3.46445, 0.00013, 0.00217
8500, 680080, -0.21000, 0.00000, -0.21000, 0.00000, -3.46403, 0.00001, -0.01139
8600, 688080, 0.06700, 0.55400, 0.06700, 0.55400, -3.46420, 0.00013, -0.01088
8700, 696080, 0.31410, 0.60642, 0.31410, 0.60642, -3.46445, 0.00018, -0.02496
8800, 704080, -0.21000, 0.00000, -0.21000, 0.00000, -3.46344, 0.00009, 0.00546
8900, 712080, 0.06680, 0.55360, 0.06680, 0.55360, -3.46414, 0.00022, -0.03211
9000, 720080, 0.08420, 0.58840, 0.08420, 0.58840, -3.46409, 0.00004, -0.00923
9100, 728080, 0.08180, 0.58360, 0.08180, 0.58360, -3.46423, 0.00007, -0.02049
9200, 736080, -0.21000, 0.00000, -0.21000, 0.00000, -3.46453, 0.00003, -0.00604
9300, 744080, -0.21000, 0.00000, -0.21000, 0.00000, -3.46425, 0.00000, -0.00305
9400, 752080, 0.08530, 0.59060, 0.08530, 0.59060, -3.46447, 0.00004, -0.01708
9500, 760080, -0.21000, 0.00000, -0.21000, 0.00000, -3.46428, 0.00016, 0.00021
9600, 768080, 0.08560, 0.59120, 0.08560, 0.59120, -3.46482, 0.00008, -0.02301
9700, 776080, 0.06460, 0.54920, 0.06460, 0.54920, -3.46431, 0.03918, 0.14367
9800, 784080, -0.21000, 0.00000, -0.21000, 0.00000, -3.46452, 0.00010, -0.01899
9900, 792080, -0.21000, 0.00000, -0.21000, 0.00000, -3.46443, 0.00001, -0.00723
10000, 800080, -0.21000, 0.00000, -0.21000, 0.00000, -3.46471, 0.00001, -0.00100
10100, 808080, -0.21000, 0.00000, -0.21000, 0.00000, -3.46477, 0.00002, -0.01241
10200, 816080, -0.21000, 0.00000, -0.21000, 0.00000, -3.46472, 0.00001, 0.00099
10300, 824080, -0.21000, 0.00000, -0.21000, 0.00000, -3.46497, 0.00000, -0.00222
10400, 832080, 0.09140, 0.60280, 0.09140, 0.60280, -3.46513, 0.00004, -0.00933
10500, 840080, -0.21000, 0.00000, -0.21000, 0.00000, -3.46495, 0.00000, -0.00425
10600, 848080, 0.04250, 0.50500, 0.04250, 0.50500, -3.46450, 0.14911, 0.60166
10700, 856080, 0.09150, 0.60300, 0.09150, 0.60300, -3.46209, 0.00004, -0.00252
10800, 864080, 0.05720, 0.53440, 0.05720, 0.53440, -3.46443, 0.00003, 0.00107
10900, 872080, 0.08000, 0.58000, 0.08000, 0.58000, -3.46446, 0.00005, -0.01755
11000, 880080, 0.06880, 0.55760, 0.06880, 0.55760, -3.46428, 0.00002, -0.01321
11100, 888080, 0.04940, 0.51880, 0.04940, 0.51880, -3.46363, 0.00011, -0.02148
11200, 896080, -0.21000, 0.00000, -0.21000, 0.00000, -3.46463, 0.00001, -0.00847
11300, 904080, 0.08590, 0.59180, 0.08590, 0.59180, -3.46414, 0.00017, 0.00584
11400, 912080, 0.04070, 0.50140, 0.04070, 0.50140, -3.46421, 0.00008, -0.01937
11500, 920080, 0.04110, 0.50220, 0.04110, 0.50220, -3.46384, 0.00013, -0.02811
11600, 928080, 0.06630, 0.55260, 0.06630, 0.55260, -3.46398, 0.00017, 0.00199
11700, 936080, 0.05920, 0.53840, 0.05920, 0.53840, -3.46364, 0.00009, -0.01554
11800, 944080, 0.05500, 0.53000, 0.05500, 0.53000, -3.46295, 0.00033, 0.01466
11900, 952080, 0.08410, 0.58820, 0.08410, 0.58820, -3.46454, 0.00011, -0.01563
12000, 960080, -0.21000, 0.00000, -0.21000, 0.00000, -3.46471, 0.00004, 0.00738
12100, 968080, 0.09080, 0.60160, 0.09080, 0.60160, -3.46449, 0.00006, -0.01950
12200, 976080, 0.05250, 0.52500, 0.05250, 0.52500, -3.46408, 0.00053, -0.04974
12300, 984080, -0.21000, 0.00000, -0.21000, 0.00000, -3.46385, 0.00003, -0.01438
12400, 992080, -0.21000, 0.00000, -0.21000, 0.00000, -3.46331, 0.00004, -0.01789
12500, 1000080, -0.21000, 0.00000, -0.21000, 0.00000, -3.46346, 0.00008, 0.00172
12600, 1008080, -0.21000, 0.00000, -0.21000, 0.00000, -3.46333, 0.00015, 0.00691
12700, 1016080, -0.21000, 0.00000, -0.21000, 0.00000, -3.46335, 0.00001, -0.00385
12800, 1024080, -0.21000, 0.00000, -0.21000, 0.00000, -3.46329, 0.00019, 0.00902
12900, 1032080, 0.08760, 0.59520, 0.08760, 0.59520, -3.46350, 0.00013, -0.00983
13000, 1040080, 0.09140, 0.60280, 0.09140, 0.60280, -3.46388, 0.06966, 0.24457
13100, 1048080, -0.21000, 0.00000, -0.21000, 0.00000, -3.46398, 0.00001, 0.00182
13200, 1056080, -0.21000, 0.00000, -0.21000, 0.00000, -3.46427, 0.00001, -0.00595
13300, 1064080, 0.08390, 0.58780, 0.08390, 0.58780, -3.46434, 0.01870, 0.21668
13400, 1072080, -0.21000, 0.00000, -0.21000, 0.00000, -3.46440, 0.00001, -0.00230
13500, 1080080, 0.04700, 0.51400, 0.04700, 0.51400, -3.46475, 0.00010, -0.01731
13600, 1088080, 0.08850, 0.59700, 0.08850, 0.59700, -3.46502, 0.00009, -0.00798
13700, 1096080, 0.08760, 0.59520, 0.08760, 0.59520, -3.46485, 0.00007, -0.01805
13800, 1104080, -0.21000, 0.00000, -0.21000, 0.00000, -3.46486, 0.00038, -0.01577
13900, 1112080, -0.21000, 0.00000, -0.21000, 0.00000, -3.46444, 0.00010, -0.01190
14000, 1120080, -0.21000, 0.00000, -0.21000, 0.00000, -3.46518, 0.00001, -0.00680
14100, 1128080, 0.08790, 0.59580, 0.08790, 0.59580, -3.46340, 0.00481, -0.07917
14200, 1136080, 0.62030, 0.55720, 0.62030, 0.55720, -3.46421, 0.00013, -0.02958
14300, 1144080, 0.07500, 0.57000, 0.07500, 0.57000, -3.46398, 0.00060, -0.05629
14400, 1152080, -0.21000, 0.00000, -0.21000, 0.00000, -3.46289, 0.00043, -0.01315
14500, 1160080, -0.21000, 0.00000, -0.21000, 0.00000, -3.46449, 0.00000, -0.00211
14600, 1168080, 0.09130, 0.60260, 0.09130, 0.60260, -3.46416, 0.00004, -0.01369
14700, 1176080, 0.08800, 0.59600, 0.08800, 0.59600, -3.46433, 0.00004, -0.01286
14800, 1184080, -0.21000, 0.00000, -0.21000, 0.00000, -3.46323, 0.00011, -0.01015
14900, 1192080, 0.07010, 0.56020, 0.07010, 0.56020, -3.46424, 0.00003, -0.01771
15000, 1200080, -0.21000, 0.00000, -0.21000, 0.00000, -3.46430, 0.00005, 0.00418
15100, 1208080, -0.21000, 0.00000, -0.21000, 0.00000, -3.46421, 0.00001, -0.00681
15200, 1216080, -0.21000, 0.00000, -0.21000, 0.00000, -3.46450, 0.00000, -0.00090
15300, 1224080, 0.04200, 0.50400, 0.04200, 0.50400, -3.46455, 0.00038, -0.04067
15400, 1232080, 0.09130, 0.60260, 0.09130, 0.60260, -3.46423, 0.00011, -0.01790
15500, 1240080, 0.07830, 0.57660, 0.07830, 0.57660, -3.46390, 0.00002, -0.01077
15600, 1248080, 0.04740, 0.51480, 0.04740, 0.51480, -3.46434, 0.00012, -0.02758
15700, 1256080, 0.38930, 0.69202, 0.38930, 0.69202, -3.46089, 0.00037, -0.03209
15800, 1264080, 0.04320, 0.50640, 0.04320, 0.50640, -3.46469, 0.00002, -0.01238
15900, 1272080, -0.21000, 0.00000, -0.21000, 0.00000, -3.46423, 0.00349, 0.07946
16000, 1280080, 0.09120, 0.60240, 0.09120, 0.60240, -3.46451, 0.00323, 0.10133
16100, 1288080, 0.04420, 0.50840, 0.04420, 0.50840, -3.46446, 0.00002, -0.01384
16200, 1296080, -0.21000, 0.00000, -0.21000, 0.00000, -3.46473, 0.00000, -0.00374
16300, 1304080, -0.21000, 0.00000, -0.21000, 0.00000, -3.46484, 0.00000, -0.00279
16400, 1312080, -0.21000, 0.00000, -0.21000, 0.00000, -3.46503, 0.00001, -0.00628
16500, 1320080, -0.21000, 0.00000, -0.21000, 0.00000, -3.46380, 0.00012, 0.00126
16600, 1328080, -0.21000, 0.00000, -0.21000, 0.00000, -3.46419, 0.00006, -0.00871
16700, 1336080, 0.07260, 0.56520, 0.07260, 0.56520, -3.46385, 0.00009, -0.02147
16800, 1344080, 0.08460, 0.58920, 0.08460, 0.58920, -3.46229, 0.00178, -0.08500
16900, 1352080, 0.39210, 0.69525, 0.39210, 0.69525, -3.46282, 0.00030, -0.03418
17000, 1360080, -0.21000, 0.00000, -0.21000, 0.00000, -3.46321, 0.00000, -0.00187
17100, 1368080, -0.21000, 0.00000, -0.21000, 0.00000, -3.46384, 0.00000, -0.00484
17200, 1376080, 0.35460, 0.65359, 0.35460, 0.65359, -3.46373, 0.00044, -0.03794
17300, 1384080, 0.05370, 0.52740, 0.05370, 0.52740, -3.46285, 0.00054, -0.02950
17400, 1392080, -0.21000, 0.00000, -0.21000, 0.00000, -3.45917, 0.00027, 0.00900
17500, 1400080, 0.07200, 0.56400, 0.07200, 0.56400, -3.46349, 0.00004, -0.00342
17600, 1408080, 0.04030, 0.50060, 0.04030, 0.50060, -3.46302, 0.00005, -0.01533
17700, 1416080, 0.05070, 0.52140, 0.05070, 0.52140, -3.46338, 0.00012, -0.01718
17800, 1424080, 0.31810, 0.61122, 0.31810, 0.61122, -3.46247, 0.00016, 0.00981
17900, 1432080, 0.05120, 0.52240, 0.05120, 0.52240, -3.45350, 0.00087, -0.02349
18000, 1440080, 0.08310, 0.58620, 0.08310, 0.58620, -3.46352, 0.00013, 0.00667
18100, 1448080, -0.21000, 0.00000, -0.21000, 0.00000, -3.46384, 0.00004, 0.00580
18200, 1456080, -0.21000, 0.00000, -0.21000, 0.00000, -3.46103, 0.00019, -0.01673
18300, 1464080, -0.21000, 0.00000, -0.21000, 0.00000, -3.46404, 0.00000, -0.00308
18400, 1472080, 0.08440, 0.58880, 0.08440, 0.58880, -3.46156, 0.17453, 0.68505
18500, 1480080, -0.21000, 0.00000, -0.21000, 0.00000, -3.46299, 0.00018, 0.00638
18600, 1488080, 0.08890, 0.59780, 0.08890, 0.59780, -3.46368, 0.00002, -0.01463
18700, 1496080, 0.07050, 0.56100, 0.07050, 0.56100, -3.46384, 0.00005, -0.01271
18800, 1504080, 0.05980, 0.53960, 0.05980, 0.53960, -3.46349, 0.00003, -0.01596
18900, 1512080, -0.21000, 0.00000, -0.21000, 0.00000, -3.46311, 0.00001, -0.00548
19000, 1520080, 0.06790, 0.55580, 0.06790, 0.55580, -3.46327, 0.00004, -0.01779
19100, 1528080, 0.34860, 0.64503, 0.34860, 0.64503, -3.46370, 0.00001, -0.01042
19200, 1536080, 0.08150, 0.58300, 0.08150, 0.58300, -3.46377, 0.00004, -0.01739
19300, 1544080, 0.33400, 0.63141, 0.33400, 0.63141, -3.46103, 0.00590, 0.10278
19400, 1552080, 0.08410, 0.58820, 0.08410, 0.58820, -3.46436, 0.00024, -0.01493
19500, 1560080, 0.04320, 0.50640, 0.04320, 0.50640, -3.46437, 0.00008, 0.00494
19600, 1568080, -0.21000, 0.00000, -0.21000, 0.00000, -3.46436, 0.00001, -0.00522
19700, 1576080, -0.21000, 0.00000, -0.21000, 0.00000, -3.46437, 0.00003, -0.01332
19800, 1584080, -0.21000, 0.00000, -0.21000, 0.00000, -3.46428, 0.00000, -0.00070
19900, 1592080, 0.06990, 0.55980, 0.06990, 0.55980, -3.46424, 0.00003, -0.01110
20000, 1600080, 0.34220, 0.64188, 0.34220, 0.64188, -3.46369, 0.00005, -0.02072
20100, 1608080, -0.21000, 0.00000, -0.21000, 0.00000, -3.46376, 0.00001, -0.00871
20200, 1616080, 0.06190, 0.54380, 0.06190, 0.54380, -3.46372, 0.00236, -0.00119
20300, 1624080, 0.08760, 0.59520, 0.08760, 0.59520, -3.46453, 0.00038, -0.04976
20400, 1632080, 0.36850, 0.66908, 0.36850, 0.66908, -3.46316, 0.00209, -0.08321
20500, 1640080, 0.09050, 0.60100, 0.09050, 0.60100, -3.45545, 0.00448, 0.05314
20600, 1648080, -0.21000, 0.00000, -0.21000, 0.00000, -3.46484, 0.00002, 0.00316
20700, 1656080, -0.21000, 0.00000, -0.21000, 0.00000, -3.46468, 0.00006, -0.00850
20800, 1664080, 0.34030, 0.64068, 0.34030, 0.64068, -3.46510, 0.00011, -0.01855
20900, 1672080, -0.21000, 0.00000, -0.21000, 0.00000, -3.46352, 0.00031, -0.00368
21000, 1680080, 0.07430, 0.56860, 0.07430, 0.56860, -3.46480, 0.00040, 0.01080
21100, 1688080, -0.21000, 0.00000, -0.21000, 0.00000, -3.46482, 0.00007, 0.00791
21200, 1696080, 0.07800, 0.57600, 0.07800, 0.57600, -3.46415, 0.00092, -0.01158
21300, 1704080, 0.38680, 0.68913, 0.38680, 0.68913, -3.46483, 0.00009, -0.01815
21400, 1712080, -0.21000, 0.00000, -0.21000, 0.00000, -3.46299, 0.00010, -0.01802
21500, 1720080, -0.21000, 0.00000, -0.21000, 0.00000, -3.46407, 0.00003, -0.00376
21600, 1728080, -0.21000, 0.00000, -0.21000, 0.00000, -3.46412, 0.00000, 0.00053
21700, 1736080, 0.08380, 0.58760, 0.08380, 0.58760, -3.46222, 0.00040, 0.02218
21800, 1744080, -0.21000, 0.00000, -0.21000, 0.00000, -3.46471, 0.00000, -0.00468
21900, 1752080, 0.07210, 0.56420, 0.07210, 0.56420, -3.46495, 0.00012, -0.03076
22000, 1760080, 0.06470, 0.54940, 0.06470, 0.54940, -3.46444, 0.00014, 0.00673
22100, 1768080, 0.04370, 0.50740, 0.04370, 0.50740, -3.46505, 0.00008, -0.02125
22200, 1776080, -0.21000, 0.00000, -0.21000, 0.00000, -3.46499, 0.00000, -0.00168
22300, 1784080, 0.38770, 0.69017, 0.38770, 0.69017, -3.46154, 0.02242, 0.01828
22400, 1792080, -0.21000, 0.00000, -0.21000, 0.00000, -3.46461, 0.00005, -0.02040
22500, 1800080, 0.34220, 0.64152, 0.34220, 0.64152, -3.46370, 0.00074, -0.04566
22600, 1808080, 0.34720, 0.64459, 0.34720, 0.64459, -3.46198, 0.00003, -0.00544
22700, 1816080, -0.21000, 0.00000, -0.21000, 0.00000, -3.46205, 0.00193, -0.02445
22800, 1824080, -0.21000, 0.00000, -0.21000, 0.00000, -3.46191, 0.00007, -0.01947
22900, 1832080, 0.36510, 0.66427, 0.36510, 0.66427, -3.46310, 0.00010, -0.01484
23000, 1840080, 0.07060, 0.56120, 0.07060, 0.56120, -3.46167, 0.00033, -0.00792
23100, 1848080, -0.21000, 0.00000, -0.21000, 0.00000, -3.46314, 0.00004, 0.00331
23200, 1856080, -0.21000, 0.00000, -0.21000, 0.00000, -3.46263, 0.00002, -0.00474
23300, 1864080, 0.33490, 0.62954, 0.33490, 0.62954, -3.46387, 0.00011, -0.02581
23400, 1872080, 0.59450, 0.54005, 0.59450, 0.54005, -3.46236, 0.00038, -0.03735
23500, 1880080, -0.21000, 0.00000, -0.21000, 0.00000, -3.46189, 0.00001, -0.00405
23600, 1888080, 0.06050, 0.54100, 0.06050, 0.54100, -3.46243, 0.00003, -0.00491
23700, 1896080, 0.37470, 0.67519, 0.37470, 0.67519, -3.46149, 0.00085, -0.05265
23800, 1904080, 0.05200, 0.52400, 0.05200, 0.52400, -3.46138, 0.00013, -0.02698
23900, 1912080, 0.59380, 0.53852, 0.59380, 0.53852, -3.46130, 0.00007, -0.01629
24000, 1920080, 0.39060, 0.69352, 0.39060, 0.69352, -3.46214, 0.00041, -0.00502
24100, 1928080, 0.29970, 0.58875, 0.29970, 0.58875, -3.43865, 0.01928, 0.09135
24200, 1936080, 0.04120, 0.50240, 0.04120, 0.50240, -3.46247, 0.00025, -0.03150
24300, 1944080, 0.06750, 0.55500, 0.06750, 0.55500, -3.46173, 0.00008, -0.01970
24400, 1952080, 0.34460, 0.64158, 0.34460, 0.64158, -3.46292, 0.00010, -0.02523
24500, 1960080, -0.21000, 0.00000, -0.21000, 0.00000, -3.46226, 0.00070, 0.01227
24600, 1968080, 0.31000, 0.60049, 0.31000, 0.60049, -3.46264, 0.00011, -0.01498
24700, 1976080, 0.05250, 0.52500, 0.05250, 0.52500, -3.46298, 0.00002, 0.00351
24800, 1984080, 0.07800, 0.57600, 0.07800, 0.57600, -3.45621, 0.00150, -0.01805
24900, 1992080, -0.21000, 0.00000, -0.21000, 0.00000, -3.46300, 0.00002, -0.00278
25000, 2000080, 0.04790, 0.51580, 0.04790, 0.51580, -3.46299, 0.00002, -0.01378
25100, 2008080, -0.21000, 0.00000, -0.21000, 0.00000, -3.46146, 0.00041, 0.01237
25200, 2016080, 0.67070, 0.58805, 0.67070, 0.58805, -3.46131, 0.00025, -0.00479
25300, 2024080, 0.07140, 0.56280, 0.07140, 0.56280, -3.46328, 0.00007, -0.00555
25400, 2032080, 0.67560, 0.59043, 0.67560, 0.59043, -3.46223, 0.00055, -0.00542
25500, 2040080, 0.66080, 0.58205, 0.66080, 0.58205, -3.46132, 0.00007, -0.02092
25600, 2048080, -0.21000, 0.00000, -0.21000, 0.00000, -3.46242, 0.00016, 0.00290
25700, 2056080, 0.33660, 0.63128, 0.33660, 0.63128, -3.46262, 0.00037, -0.04073
25800, 2064080, -0.21000, 0.00000, -0.21000, 0.00000, -3.46333, 0.00001, 0.00500
25900, 2072080, -0.21000, 0.00000, -0.21000, 0.00000, -3.46168, 0.00023, -0.01865
26000, 2080080, 0.36770, 0.66734, 0.36770, 0.66734, -3.46216, 0.00041, -0.00300
26100, 2088080, -0.21000, 0.00000, -0.21000, 0.00000, -3.46230, 0.00004, -0.00883
26200, 2096080, 0.38980, 0.69260, 0.38980, 0.69260, -3.46320, 0.00003, -0.01310
26300, 2104080, 0.05710, 0.53420, 0.05710, 0.53420, -3.45915, 0.00018, -0.03153
26400, 2112080, 0.33980, 0.63522, 0.33980, 0.63522, -3.31263, 0.08725, 0.57826
26500, 2120080, -0.21000, 0.00000, -0.21000, 0.00000, -3.46001, 0.00030, 0.01384
26600, 2128080, 0.06600, 0.55200, 0.06600, 0.55200, -3.45155, 0.00040, -0.00724
26700, 2136080, -0.21000, 0.00000, -0.21000, 0.00000, -3.46134, 0.00006, -0.00229
26800, 2144080, 0.04550, 0.51100, 0.04550, 0.51100, -3.46025, 0.00011, -0.01017
26900, 2152080, 0.31510, 0.60647, 0.31510, 0.60647, -3.46216, 0.00055, -0.06570
27000, 2160080, 0.08950, 0.59900, 0.08950, 0.59900, -3.46060, 0.00090, 0.03560
27100, 2168080, 0.05990, 0.53980, 0.05990, 0.53980, -3.45969, 0.00002, 0.00268
27200, 2176080, 0.61190, 0.54979, 0.61190, 0.54979, -3.37745, 0.01848, 0.10164
27300, 2184080, 0.07600, 0.57200, 0.07600, 0.57200, -3.45925, 0.00008, -0.00724
27400, 2192080, -0.21000, 0.00000, -0.21000, 0.00000, -3.45809, 0.00011, 0.00506
27500, 2200080, 0.08770, 0.59540, 0.08770, 0.59540, -3.45687, 0.00025, -0.03749
27600, 2208080, 0.08280, 0.58560, 0.08280, 0.58560, -3.45544, 0.00025, 0.00183
27700, 2216080, -0.21000, 0.00000, -0.21000, 0.00000, -3.45953, 0.00015, -0.02003
27800, 2224080, 0.35580, 0.65336, 0.35580, 0.65336, -3.45087, 0.00035, -0.03223
27900, 2232080, 0.59190, 0.53525, 0.59190, 0.53525, -3.45891, 0.00042, -0.01140
28000, 2240080, 0.64100, 0.56824, 0.64100, 0.56824, -3.44164, 0.00069, -0.04643
28100, 2248080, 0.37540, 0.67660, 0.37540, 0.67660, -3.45702, 0.00028, -0.02836
28200, 2256080, 0.07650, 0.57300, 0.07650, 0.57300, -3.46063, 0.00001, -0.00799
28300, 2264080, 0.35900, 0.65942, 0.35900, 0.65942, -3.46027, 0.00008, -0.01860
28400, 2272080, 0.36710, 0.66724, 0.36710, 0.66724, -3.46222, 0.00040, -0.04877
28500, 2280080, 0.35010, 0.64728, 0.35010, 0.64728, -3.46241, 0.00018, -0.03052
28600, 2288080, 0.06640, 0.55280, 0.06640, 0.55280, -3.44527, 0.04553, 0.32778
28700, 2296080, 0.08090, 0.58180, 0.08090, 0.58180, -3.45014, 0.00055, -0.01457
28800, 2304080, 0.06120, 0.54240, 0.06120, 0.54240, -3.45763, 0.00059, -0.04458
28900, 2312080, -0.21000, 0.00000, -0.21000, 0.00000, -3.46027, 0.00004, -0.01137
29000, 2320080, 0.06450, 0.54900, 0.06450, 0.54900, -3.45121, 0.12769, 0.59325
29100, 2328080, 0.06800, 0.55600, 0.06800, 0.55600, -3.46035, 0.00021, -0.02975
29200, 2336080, 0.65470, 0.57648, 0.65470, 0.57648, -3.46046, 0.00009, -0.02867
29300, 2344080, 0.07090, 0.56180, 0.07090, 0.56180, -3.45756, 0.00100, -0.04966
29400, 2352080, 0.05240, 0.52480, 0.05240, 0.52480, -3.46200, 0.00015, -0.00161
29500, 2360080, 0.33430, 0.63037, 0.33430, 0.63037, -3.46252, 0.00025, -0.03265
29600, 2368080, 0.36380, 0.66257, 0.36380, 0.66257, -3.45981, 0.00103, -0.04470
29700, 2376080, 0.07070, 0.56140, 0.07070, 0.56140, -3.46311, 0.00014, 0.00989
29800, 2384080, -0.21000, 0.00000, -0.21000, 0.00000, -3.46191, 0.00018, -0.02633
29900, 2392080, 0.64000, 0.56912, 0.64000, 0.56912, -3.45272, 0.00977, 0.00321
30000, 2400080, 0.35030, 0.64745, 0.35030, 0.64745, -3.46131, 0.00046, 0.01215
30100, 2408080, 0.88980, 0.04200, 0.88980, 0.04200, -3.46317, 0.00048, 0.00274
30200, 2416080, 0.06440, 0.54880, 0.06440, 0.54880, -3.46364, 0.00003, -0.00890
30300, 2424080, -0.21000, 0.00000, -0.21000, 0.00000, -3.46352, 0.00008, -0.00765
30400, 2432080, 0.67440, 0.59021, 0.67440, 0.59021, -3.46107, 0.00049, -0.03527
30500, 2440080, -0.21000, 0.00000, -0.21000, 0.00000, -3.46305, 0.00083, 0.03293
30600, 2448080, 0.64260, 0.57079, 0.64260, 0.57079, -3.46340, 0.00006, -0.01583
30700, 2456080, 0.37600, 0.67710, 0.37600, 0.67710, -3.45877, 0.00099, -0.03571
30800, 2464080, 0.67090, 0.58819, 0.67090, 0.58819, -3.45360, 0.00541, 0.09836
30900, 2472080, 0.08620, 0.59240, 0.08620, 0.59240, -3.43957, 0.00251, 0.02486
31000, 2480080, 0.06550, 0.55100, 0.06550, 0.55100, -3.45135, 0.00151, -0.08391
31100, 2488080, 0.36460, 0.66377, 0.36460, 0.66377, -3.45909, 0.00555, 0.14019
31200, 2496080, 0.06500, 0.55000, 0.06500, 0.55000, -3.43677, 0.00136, 0.01170
31300, 2504080, 0.37420, 0.67467, 0.37420, 0.67467, -3.45869, 0.00005, -0.02241
31400, 2512080, 0.66100, 0.58128, 0.66100, 0.58128, -3.46092, 0.00006, -0.00584
31500, 2520080, -0.21000, 0.00000, -0.21000, 0.00000, -3.45926, 0.00014, -0.01400
31600, 2528080, 0.09160, 0.60320, 0.09160, 0.60320, -3.45838, 0.00074, -0.05622
31700, 2536080, 0.67260, 0.58881, 0.67260, 0.58881, -3.32184, 0.04732, 0.26707
31800, 2544080, -0.21000, 0.00000, -0.21000, 0.00000, -3.40026, 0.00420, -0.11438
31900, 2552080, 0.06920, 0.55840, 0.06920, 0.55840, -3.45333, 0.00109, 0.01884
32000, 2560080, -0.21000, 0.00000, -0.21000, 0.00000, -3.35271, 0.01119, 0.07359
32100, 2568080, 0.07650, 0.57300, 0.07650, 0.57300, -3.46047, 0.00080, -0.04537
32200, 2576080, 0.04470, 0.50940, 0.04470, 0.50940, -3.45944, 0.00029, -0.02332
32300, 2584080, 0.08320, 0.58640, 0.08320, 0.58640, -3.45736, 0.00038, -0.03289
32400, 2592080, 0.09170, 0.60340, 0.09170, 0.60340, -3.45728, 0.00045, -0.04334
32500, 2600080, 0.37010, 0.67085, 0.37010, 0.67085, -3.35743, 0.00686, -0.00823
32600, 2608080, 0.07880, 0.57760, 0.07880, 0.57760, -3.46129, 0.00031, 0.00143
32700, 2616080, 0.07230, 0.56460, 0.07230, 0.56460, -3.45985, 0.00028, -0.00631
32800, 2624080, 0.08270, 0.58540, 0.08270, 0.58540, -3.46075, 0.00020, -0.03983
32900, 2632080, 0.04530, 0.51060, 0.04530, 0.51060, -3.46149, 0.00023, -0.02008
33000, 2640080, 0.34850, 0.64616, 0.34850, 0.64616, -3.46075, 0.00015, -0.02070
33100, 2648080, 0.36610, 0.66555, 0.36610, 0.66555, -3.44608, 0.00076, -0.02846
33200, 2656080, 0.37590, 0.67678, 0.37590, 0.67678, -3.45740, 0.00078, -0.05801
33300, 2664080, 0.33840, 0.63344, 0.33840, 0.63344, -3.46137, 0.00028, -0.00478
33400, 2672080, -0.21000, 0.00000, -0.21000, 0.00000, -3.46006, 0.00078, -0.02990
33500, 2680080, 0.36510, 0.66471, 0.36510, 0.66471, -3.45928, 0.00037, -0.01777
33600, 2688080, -0.21000, 0.00000, -0.21000, 0.00000, -3.45809, 0.00037, -0.00194
33700, 2696080, -0.21000, 0.00000, -0.21000, 0.00000, -3.46080, 0.00010, -0.01500
33800, 2704080, 0.59780, 0.54049, 0.59780, 0.54049, -3.46119, 0.00111, -0.01550
33900, 2712080, -0.21000, 0.00000, -0.21000, 0.00000, -3.45877, 0.00010, -0.00538
34000, 2720080, 0.08160, 0.58320, 0.08160, 0.58320, -3.46263, 0.00001, -0.00111
34100, 2728080, -0.21000, 0.00000, -0.21000, 0.00000, -3.46266, 0.00002, -0.01426
34200, 2736080, -0.21000, 0.00000, -0.21000, 0.00000, -3.46175, 0.00004, -0.01043
34300, 2744080, 0.34680, 0.64493, 0.34680, 0.64493, -3.46208, 0.00188, 0.04119
34400, 2752080, 0.33580, 0.63358, 0.33580, 0.63358, -3.46275, 0.00004, -0.00647
34500, 2760080, 0.04030, 0.50060, 0.04030, 0.50060, -3.46274, 0.00003, -0.01576
34600, 2768080, 0.06820, 0.55640, 0.06820, 0.55640, -3.46347, 0.00003, -0.01235
34700, 2776080, 0.04420, 0.50840, 0.04420, 0.50840, -3.46339, 0.00009, 0.00125
34800, 2784080, -0.21000, 0.00000, -0.21000, 0.00000, -3.46018, 0.00031, -0.00904
34900, 2792080, 0.08700, 0.59400, 0.08700, 0.59400, -3.46218, 0.00003, -0.01783
35000, 2800080, 0.38740, 0.68989, 0.38740, 0.68989, -3.46188, 0.00005, -0.00915
35100, 2808080, 0.33320, 0.62808, 0.33320, 0.62808, -3.46192, 0.00031, -0.04191
35200, 2816080, 0.07860, 0.57720, 0.07860, 0.57720, -3.46265, 0.00002, -0.01273
35300, 2824080, 0.09140, 0.60280, 0.09140, 0.60280, -3.46262, 0.00045, -0.02515
35400, 2832080, 0.33600, 0.63078, 0.33600, 0.63078, -3.46171, 0.00047, -0.03003
35500, 2840080, -0.21000, 0.00000, -0.21000, 0.00000, -3.46324, 0.00001, -0.00887
35600, 2848080, -0.21000, 0.00000, -0.21000, 0.00000, -3.46311, 0.00000, -0.00451
35700, 2856080, 0.05910, 0.53820, 0.05910, 0.53820, -3.45913, 0.00022, -0.00517
35800, 2864080, 0.05800, 0.53600, 0.05800, 0.53600, -3.46026, 0.00008, -0.02425
35900, 2872080, 0.34840, 0.64731, 0.34840, 0.64731, -3.46001, 0.00120, -0.06326
36000, 2880080, -0.21000, 0.00000, -0.21000, 0.00000, -3.46069, 0.00005, -0.00475
36100, 2888080, 0.37460, 0.67516, 0.37460, 0.67516, -3.39936, 0.01394, -0.06667
36200, 2896080, 0.63710, 0.56626, 0.63710, 0.56626, -3.44576, 0.00197, -0.09680
36300, 2904080, 0.33240, 0.62843, 0.33240, 0.62843, -3.45620, 0.00050, -0.05364
36400, 2912080, 0.34030, 0.63585, 0.34030, 0.63585, -3.28347, 0.00117, -0.03905
36500, 2920080, 0.37050, 0.67031, 0.37050, 0.67031, -3.45335, 0.00378, -0.08415
36600, 2928080, 0.36200, 0.66067, 0.36200, 0.66067, -3.46107, 0.00057, -0.04998
36700, 2936080, 0.06870, 0.55740, 0.06870, 0.55740, -3.39409, 0.00373, 0.05545
36800, 2944080, 0.36470, 0.66403, 0.36470, 0.66403, -3.46043, 0.00081, 0.02821
36900, 2952080, 0.59420, 0.53618, 0.59420, 0.53618, -3.45833, 0.00213, -0.07885
37000, 2960080, 0.07760, 0.57520, 0.07760, 0.57520, -3.46069, 0.00017, -0.00526
37100, 2968080, 0.36710, 0.66702, 0.36710, 0.66702, -3.45993, 0.00014, -0.01551
37200, 2976080, -0.21000, 0.00000, -0.21000, 0.00000, -3.45828, 0.00086, 0.00712
37300, 2984080, 0.08790, 0.59580, 0.08790, 0.59580, -3.46096, 0.00059, -0.03805
37400, 2992080, -0.21000, 0.00000, -0.21000, 0.00000, -3.42841, 0.00250, 0.05168
37500, 3000080, 0.64500, 0.57493, 0.64500, 0.57493, -3.44981, 0.00195, -0.08393
37600, 3008080, -0.21000, 0.00000, -0.21000, 0.00000, -3.46105, 0.00065, -0.01976
37700, 3016080, 0.07240, 0.56480, 0.07240, 0.56480, -3.45864, 0.00031, -0.02481
37800, 3024080, 0.35770, 0.65555, 0.35770, 0.65555, -3.45661, 0.00030, -0.03283
37900, 3032080, 0.08470, 0.58940, 0.08470, 0.58940, -3.46027, 0.00028, -0.04277
38000, 3040080, 0.07860, 0.57720, 0.07860, 0.57720, -3.46227, 0.00042, -0.04787
38100, 3048080, -0.21000, 0.00000, -0.21000, 0.00000, -3.44885, 0.00091, 0.00578
38200, 3056080, 0.08230, 0.58460, 0.08230, 0.58460, -3.33851, 0.02279, 0.07393
38300, 3064080, 0.36940, 0.66942, 0.36940, 0.66942, -3.46306, 0.00005, 0.00023
38400, 3072080, 0.09100, 0.60200, 0.09100, 0.60200, -3.46032, 0.00011, -0.01178
38500, 3080080, 0.37180, 0.67195, 0.37180, 0.67195, -3.44439, 0.00591, -0.14155
38600, 3088080, 0.96960, 0.03006, 0.96960, 0.03006, -3.45962, 0.00022, -0.03490
38700, 3096080, 0.37430, 0.67491, 0.37430, 0.67491, -3.46246, 0.00050, -0.04043
38800, 3104080, 0.07210, 0.56420, 0.07210, 0.56420, -3.46090, 0.00164, -0.06108
38900, 3112080, 0.35470, 0.65333, 0.35470, 0.65333, -3.46361, 0.00021, -0.03379
39000, 3120080, 0.59900, 0.53973, 0.59900, 0.53973, -3.45726, 0.00198, 0.04618
39100, 3128080, -0.21000, 0.00000, -0.21000, 0.00000, -3.46395, 0.00003, -0.01021
39200, 3136080, -0.21000, 0.00000, -0.21000, 0.00000, -3.46334, 0.00013, -0.01304
39300, 3144080, 0.04940, 0.51880, 0.04940, 0.51880, -3.46419, 0.00011, -0.02137
39400, 3152080, 0.04240, 0.50480, 0.04240, 0.50480, -3.46386, 0.00016, -0.01293
39500, 3160080, -0.21000, 0.00000, -0.21000, 0.00000, -3.46326, 0.00011, -0.01610
39600, 3168080, 0.34600, 0.64613, 0.34600, 0.64613, -3.46215, 0.00023, -0.02248
39700, 3176080, 0.07130, 0.56260, 0.07130, 0.56260, -3.45716, 0.00076, 0.03098
39800, 3184080, 0.34040, 0.63906, 0.34040, 0.63906, -3.45771, 0.00052, -0.03198
39900, 3192080, 0.08930, 0.59860, 0.08930, 0.59860, -3.45215, 0.00313, -0.08510
40000, 3200080, -0.21000, 0.00000, -0.21000, 0.00000, -3.46103, 0.00002, -0.00348
40100, 3208080, -0.21000, 0.00000, -0.21000, 0.00000, -3.45676, 0.00179, 0.03598
40200, 3216080, 0.08670, 0.59340, 0.08670, 0.59340, -3.45540, 0.00408, -0.09359
40300, 3224080, 0.66940, 0.58653, 0.66940, 0.58653, -3.45953, 0.00023, -0.00695
40400, 3232080, 0.65030, 0.57453, 0.65030, 0.57453, -3.36398, 0.03522, -0.09114
40500, 3240080, 0.33100, 0.62767, 0.33100, 0.62767, -3.37140, 0.08056, 0.32463
40600, 3248080, 0.91860, 0.04669, 0.91860, 0.04669, -3.43613, 0.00044, -0.03537
40700, 3256080, 0.37590, 0.67668, 0.37590, 0.67668, -3.46032, 0.00026, 0.01221
40800, 3264080, 0.07530, 0.57060, 0.07530, 0.57060, -3.46116, 0.00006, -0.02171
40900, 3272080, 0.38210, 0.68372, 0.38210, 0.68372, -3.45725, 0.00194, 0.03639
41000, 3280080, 0.38700, 0.68936, 0.38700, 0.68936, -3.46022, 0.00111, -0.01677
41100, 3288080, 0.38660, 0.68890, 0.38660, 0.68890, -3.46075, 0.00024, -0.01682
41200, 3296080, 0.37840, 0.67943, 0.37840, 0.67943, -3.38603, 0.01344, -0.14101
41300, 3304080, 0.08640, 0.59280, 0.08640, 0.59280, -3.45590, 0.00063, 0.00688
41400, 3312080, -0.21000, 0.00000, -0.21000, 0.00000, -3.45229, 0.00333, -0.06438
41500, 3320080, -0.21000, 0.00000, -0.21000, 0.00000, -3.45806, 0.00045, -0.00718
41600, 3328080, 0.32940, 0.62305, 0.32940, 0.62305, -3.46197, 0.00015, -0.01611
41700, 3336080, -0.21000, 0.00000, -0.21000, 0.00000, -3.46206, 0.00009, -0.01104
41800, 3344080, -0.21000, 0.00000, -0.21000, 0.00000, -3.46072, 0.00032, 0.01289
41900, 3352080, 0.06050, 0.54100, 0.06050, 0.54100, -3.36497, 0.03787, -0.28411
42000, 3360080, -0.21000, 0.00000, -0.21000, 0.00000, -3.46036, 0.00035, 0.03067
42100, 3368080, 0.32600, 0.61923, 0.32600, 0.61923, -3.45493, 0.00045, -0.04063
42200, 3376080, 0.08450, 0.58900, 0.08450, 0.58900, -3.46037, 0.00012, -0.03253
42300, 3384080, 0.08140, 0.58280, 0.08140, 0.58280, -3.45482, 0.00065, -0.04301
42400, 3392080, 0.64880, 0.57502, 0.64880, 0.57502, -3.46285, 0.00044, -0.03320
42500, 3400080, 0.36250, 0.66163, 0.36250, 0.66163, -3.29109, 0.01165, 0.03159
42600, 3408080, 0.08390, 0.58780, 0.08390, 0.58780, -3.45919, 0.00278, 0.08904
42700, 3416080, 0.05990, 0.53980, 0.05990, 0.53980, -3.46114, 0.00021, -0.02090
42800, 3424080, 0.62560, 0.55747, 0.62560, 0.55747, -3.45054, 0.00135, 0.04996
42900, 3432080, 0.37070, 0.67076, 0.37070, 0.67076, -3.45765, 0.00038, 0.00533
43000, 3440080, 0.05610, 0.53220, 0.05610, 0.53220, -3.35751, 0.08716, 0.44276
43100, 3448080, 0.36560, 0.66487, 0.36560, 0.66487, -3.42499, 0.00118, -0.00889
43200, 3456080, -0.21000, 0.00000, -0.21000, 0.00000, -3.46210, 0.00002, -0.01425
43300, 3464080, 0.08600, 0.59200, 0.08600, 0.59200, -3.45593, 0.00051, -0.01758
43400, 3472080, 0.68090, 0.59409, 0.68090, 0.59409, -3.42920, 0.00221, 0.00917
43500, 3480080, 0.63050, 0.56377, 0.63050, 0.56377, -3.27391, 0.04639, 0.24058
43600, 3488080, 0.07690, 0.57380, 0.07690, 0.57380, -3.30509, 0.04329, 0.13380
43700, 3496080, 0.08650, 0.59300, 0.08650, 0.59300, -3.46182, 0.00006, -0.01535
43800, 3504080, 0.08250, 0.58500, 0.08250, 0.58500, -3.46298, 0.00024, -0.03131
43900, 3512080, 0.63850, 0.56664, 0.63850, 0.56664, -3.45923, 0.00038, -0.01295
44000, 3520080, -0.21000, 0.00000, -0.21000, 0.00000, -3.46228, 0.00006, -0.00661
44100, 3528080, 0.04710, 0.51420, 0.04710, 0.51420, -3.46124, 0.00023, -0.03065
44200, 3536080, 0.38570, 0.68786, 0.38570, 0.68786, -3.45937, 0.00060, -0.04904
44300, 3544080, 0.31150, 0.60263, 0.31150, 0.60263, -3.45375, 0.00108, -0.01687
44400, 3552080, 0.95400, 0.03952, 0.95400, 0.03952, -3.45736, 0.00034, -0.00749
44500, 3560080, 0.36370, 0.66307, 0.36370, 0.66307, -3.35589, 0.04043, -0.11437
44600, 3568080, 0.36510, 0.66415, 0.36510, 0.66415, -3.41583, 0.00390, 0.06488
44700, 3576080, 0.07240, 0.56480, 0.07240, 0.56480, -3.46330, 0.00001, -0.00488
44800, 3584080, 0.63060, 0.56298, 0.63060, 0.56298, -3.46314, 0.00007, -0.02365
44900, 3592080, 0.05750, 0.53500, 0.05750, 0.53500, -3.46252, 0.00104, 0.03906
45000, 3600080, 0.30180, 0.59098, 0.30180, 0.59098, -3.45464, 0.00767, -0.06973
45100, 3608080, 0.37390, 0.67478, 0.37390, 0.67478, -3.46228, 0.00037, -0.01240
45200, 3616080, 0.08380, 0.58760, 0.08380, 0.58760, -3.46401, 0.00001, -0.00212
45300, 3624080, 0.35790, 0.65697, 0.35790, 0.65697, -3.46343, 0.00014, 0.00611
45400, 3632080, 0.07460, 0.56920, 0.07460, 0.56920, -3.46024, 0.00026, -0.02977
45500, 3640080, -0.21000, 0.00000, -0.21000, 0.00000, -3.46234, 0.00006, -0.00836
45600, 3648080, 0.33660, 0.63116, 0.33660, 0.63116, -3.46268, 0.00265, 0.08852
45700, 3656080, 0.33980, 0.63554, 0.33980, 0.63554, -3.46159, 0.00087, 0.03318
45800, 3664080, -0.21000, 0.00000, -0.21000, 0.00000, -3.43757, 0.00364, 0.06966
45900, 3672080, 0.37090, 0.67112, 0.37090, 0.67112, -3.26354, 0.06202, 0.38526
46000, 3680080, 0.04870, 0.51740, 0.04870, 0.51740, -3.46119, 0.00079, 0.03442
46100, 3688080, 0.35690, 0.65460, 0.35690, 0.65460, -3.45567, 0.00219, 0.03848
46200, 3696080, 0.08640, 0.59280, 0.08640, 0.59280, -3.46136, 0.00055, -0.03222
46300, 3704080, 0.08280, 0.58560, 0.08280, 0.58560, -3.46167, 0.00023, -0.01864
46400, 3712080, 0.34040, 0.64044, 0.34040, 0.64044, -3.46358, 0.00010, -0.01616
46500, 3720080, 0.04240, 0.50480, 0.04240, 0.50480, -3.45959, 0.00142, -0.07636
46600, 3728080, 0.08060, 0.58120, 0.08060, 0.58120, -3.46365, 0.00001, -0.00747
46700, 3736080, 0.05540, 0.53080, 0.05540, 0.53080, -3.46331, 0.00014, -0.02177
46800, 3744080, 0.06580, 0.55160, 0.06580, 0.55160, -3.45559, 0.00055, -0.05257
46900, 3752080, 0.07580, 0.57160, 0.07580, 0.57160, -3.45794, 0.00024, -0.02601
47000, 3760080, 0.62970, 0.56321, 0.62970, 0.56321, -3.44000, 0.00173, -0.07049
47100, 3768080, 0.35120, 0.65164, 0.35120, 0.65164, -3.40995, 0.00231, 0.04923
47200, 3776080, 0.38160, 0.68313, 0.38160, 0.68313, -3.45654, 0.00087, -0.04765
47300, 3784080, -0.21000, 0.00000, -0.21000, 0.00000, -3.46079, 0.00036, 0.01768
47400, 3792080, 0.37790, 0.67933, 0.37790, 0.67933, -3.39006, 0.00362, 0.00748
47500, 3800080, 0.38750, 0.68995, 0.38750, 0.68995, -3.38544, 0.00842, -0.01260
47600, 3808080, 0.36250, 0.66284, 0.36250, 0.66284, -3.40315, 0.00612, 0.04237
47700, 3816080, 0.38310, 0.68504, 0.38310, 0.68504, -3.46292, 0.00014, -0.01959
47800, 3824080, -0.21000, 0.00000, -0.21000, 0.00000, -3.46250, 0.00120, 0.01380
47900, 3832080, 0.06600, 0.55200, 0.06600, 0.55200, -3.42259, 0.00417, 0.04463
48000, 3840080, 0.33120, 0.62722, 0.33120, 0.62722, -3.46216, 0.00080, -0.01216
48100, 3848080, 0.34210, 0.63980, 0.34210, 0.63980, -3.46121, 0.00025, -0.00475
48200, 3856080, 0.62470, 0.56151, 0.62470, 0.56151, -3.46183, 0.00026, 0.01020
48300, 3864080, 0.08490, 0.58980, 0.08490, 0.58980, -3.34739, 0.02815, 0.12950
48400, 3872080, 0.33550, 0.62992, 0.33550, 0.62992, -3.25229, 0.01658, 0.10600
48500, 3880080, 0.31430, 0.60586, 0.31430, 0.60586, -3.45980, 0.00074, -0.00718
48600, 3888080, 0.08850, 0.59700, 0.08850, 0.59700, -3.46122, 0.00020, -0.01855
48700, 3896080, 0.07540, 0.57080, 0.07540, 0.57080, -3.46224, 0.00007, -0.00616
48800, 3904080, 0.36220, 0.66246, 0.36220, 0.66246, -3.46078, 0.00057, -0.04773
48900, 3912080, 0.07840, 0.57680, 0.07840, 0.57680, -3.46228, 0.00016, 0.01475
49000, 3920080, 0.63430, 0.56412, 0.63430, 0.56412, -3.45814, 0.00026, 0.00204
49100, 3928080, 0.08250, 0.58500, 0.08250, 0.58500, -3.45319, 0.00055, -0.04031
49200, 3936080, 0.08800, 0.59600, 0.08800, 0.59600, -3.46179, 0.00007, -0.01842
49300, 3944080, 0.34690, 0.64434, 0.34690, 0.64434, -3.46279, 0.00019, -0.02236
49400, 3952080, 0.06980, 0.55960, 0.06980, 0.55960, -3.45871, 0.00224, 0.08076
49500, 3960080, 0.63190, 0.56326, 0.63190, 0.56326, -3.35764, 0.01932, 0.18361
49600, 3968080, 0.95140, 0.05262, 0.95140, 0.05262, -3.25588, 0.01385, -0.01310
49700, 3976080, -0.21000, 0.00000, -0.21000, 0.00000, -3.45951, 0.00064, -0.03146
49800, 3984080, -0.21000, 0.00000, -0.21000, 0.00000, -3.45796, 0.00029, -0.01701
49900, 3992080, -0.21000, 0.00000, -0.21000, 0.00000, -3.45930, 0.00026, -0.00846
50000, 4000080, 0.06600, 0.55200, 0.06600, 0.55200, -3.46090, 0.00023, -0.02776
50100, 4008080, 0.05020, 0.52040, 0.05020, 0.52040, -3.45735, 0.00084, -0.06703
50200, 4016080, -0.21000, 0.00000, -0.21000, 0.00000, -3.46036, 0.00108, 0.04706
50300, 4024080, -0.21000, 0.00000, -0.21000, 0.00000, -3.46308, 0.00027, 0.00863
50400, 4032080, -0.21000, 0.00000, -0.21000, 0.00000, -3.46313, 0.00006, -0.01386
50500, 4040080, 0.08540, 0.59080, 0.08540, 0.59080, -3.46104, 0.00086, -0.01723
50600, 4048080, 0.07830, 0.57660, 0.07830, 0.57660, -3.46341, 0.00006, -0.01895
50700, 4056080, -0.21000, 0.00000, -0.21000, 0.00000, -3.46044, 0.00063, 0.03699
50800, 4064080, -0.21000, 0.00000, -0.21000, 0.00000, -3.44925, 0.00076, 0.02121
50900, 4072080, 0.34270, 0.63976, 0.34270, 0.63976, -3.46111, 0.00015, -0.03039
51000, 4080080, 0.63140, 0.56315, 0.63140, 0.56315, -3.46226, 0.00014, -0.02710
51100, 4088080, 0.67110, 0.58784, 0.67110, 0.58784, -3.44708, 0.00204, -0.08718
51200, 4096080, 0.04890, 0.51780, 0.04890, 0.51780, -3.45644, 0.00226, 0.01540
51300, 4104080, 0.38880, 0.69148, 0.38880, 0.69148, -3.44857, 0.00083, -0.01580
51400, 4112080, 0.07360, 0.56720, 0.07360, 0.56720, -3.46230, 0.00020, -0.01661
51500, 4120080, 0.34450, 0.64153, 0.34450, 0.64153, -3.45434, 0.00071, -0.03122
51600, 4128080, 0.36000, 0.65902, 0.36000, 0.65902, -3.45260, 0.00049, -0.03038
51700, 4136080, 0.96730, 0.02563, 0.96730, 0.02563, -3.37090, 0.05749, 0.23795
51800, 4144080, 0.65430, 0.57744, 0.65430, 0.57744, -3.46121, 0.00103, -0.06958
51900, 4152080, 0.05630, 0.53260, 0.05630, 0.53260, -3.34801, 0.01588, 0.12068
52000, 4160080, 0.37770, 0.67862, 0.37770, 0.67862, -3.26600, 0.16593, 0.51053
52100, 4168080, 0.61390, 0.55213, 0.61390, 0.55213, -3.13563, 0.06862, 0.23141
52200, 4176080, 0.68150, 0.59434, 0.68150, 0.59434, -3.45927, 0.00081, -0.04891
52300, 4184080, 0.60300, 0.54562, 0.60300, 0.54562, -3.45708, 0.00021, 0.00758
52400, 4192080, 0.08550, 0.59100, 0.08550, 0.59100, -3.30994, 0.00590, -0.01157
52500, 4200080, 0.37240, 0.67262, 0.37240, 0.67262, -3.41500, 0.00483, -0.13928
52600, 4208080, 0.08330, 0.58660, 0.08330, 0.58660, -3.46075, 0.00005, -0.00826
52700, 4216080, -0.21000, 0.00000, -0.21000, 0.00000, -3.43751, 0.00111, -0.04961
52800, 4224080, 0.37110, 0.67182, 0.37110, 0.67182, -3.45788, 0.00058, -0.03781
52900, 4232080, 0.36960, 0.66973, 0.36960, 0.66973, -3.43815, 0.00220, -0.04147
53000, 4240080, 0.04540, 0.51080, 0.04540, 0.51080, -3.44846, 0.00462, 0.06547
53100, 4248080, 0.32940, 0.62314, 0.32940, 0.62314, -3.45232, 0.00438, -0.07768
53200, 4256080, 0.08970, 0.59940, 0.08970, 0.59940, -3.45333, 0.00201, 0.09742
53300, 4264080, 0.06090, 0.54180, 0.06090, 0.54180, -3.45048, 0.00078, -0.03696
53400, 4272080, 0.33340, 0.62873, 0.33340, 0.62873, -3.44772, 0.00085, 0.00021
53500, 4280080, 0.06800, 0.55600, 0.06800, 0.55600, -3.41830, 0.00362, -0.06677
53600, 4288080, 0.65650, 0.58182, 0.65650, 0.58182, -3.36965, 0.02141, 0.16583
53700, 4296080, 0.96650, 0.02245, 0.96650, 0.02245, -3.45514, 0.00023, -0.03552
53800, 4304080, 0.90500, 0.07652, 0.90500, 0.07652, -3.33866, 0.00879, 0.05770
53900, 4312080, 0.07940, 0.57880, 0.07940, 0.57880, -3.45998, 0.00002, -0.00456
54000, 4320080, -0.21000, 0.00000, -0.21000, 0.00000, -3.40332, 0.04224, -0.27063
54100, 4328080, 0.38610, 0.68836, 0.38610, 0.68836, -3.29104, 0.01966, 0.10903
54200, 4336080, 0.37580, 0.67665, 0.37580, 0.67665, -3.22254, 0.02467, 0.02217
54300, 4344080, 0.08410, 0.58820, 0.08410, 0.58820, -3.42176, 0.00806, 0.05909
54400, 4352080, 0.07390, 0.56780, 0.07390, 0.56780, -3.45914, 0.00010, -0.00226
54500, 4360080, 0.07660, 0.57320, 0.07660, 0.57320, -3.38814, 0.00493, -0.14142
54600, 4368080, 0.06360, 0.54720, 0.06360, 0.54720, -3.46316, 0.00005, -0.00880
54700, 4376080, 0.38330, 0.68518, 0.38330, 0.68518, -3.45473, 0.00112, -0.01996
54800, 4384080, 0.33920, 0.63879, 0.33920, 0.63879, -3.44676, 0.00087, -0.04413
54900, 4392080, 0.37900, 0.68026, 0.37900, 0.68026, -3.45700, 0.00344, -0.03902
55000, 4400080, 0.37570, 0.67687, 0.37570, 0.67687, -3.45290, 0.00172, -0.05880
55100, 4408080, 0.06240, 0.54480, 0.06240, 0.54480, -3.46211, 0.00001, -0.00625
55200, 4416080, 0.07880, 0.57760, 0.07880, 0.57760, -3.46131, 0.00011, -0.02236
55300, 4424080, 0.59400, 0.53897, 0.59400, 0.53897, -3.44545, 0.00358, -0.08616
55400, 4432080, 0.37400, 0.67503, 0.37400, 0.67503, -3.46182, 0.00095, 0.03572
55500, 4440080, 0.07490, 0.56980, 0.07490, 0.56980, -3.46224, 0.00015, -0.02680
55600, 4448080, 0.35720, 0.65586, 0.35720, 0.65586, -3.45776, 0.00350, -0.02607
55700, 4456080, 0.06410, 0.54820, 0.06410, 0.54820, -3.46368, 0.00012, -0.00570
55800, 4464080, 0.33620, 0.63281, 0.33620, 0.63281, -3.44644, 0.00110, -0.02965
55900, 4472080, 0.37820, 0.67945, 0.37820, 0.67945, -3.43675, 0.00152, -0.06832
56000, 4480080, 0.61730, 0.55282, 0.61730, 0.55282, -3.46267, 0.00015, -0.02275
56100, 4488080, -0.21000, 0.00000, -0.21000, 0.00000, -3.45845, 0.00011, -0.01037
56200, 4496080, 0.64590, 0.57434, 0.64590, 0.57434, -3.45813, 0.00055, 0.02068
56300, 4504080, 0.38590, 0.68815, 0.38590, 0.68815, -3.20438, 0.00311, 0.02190
56400, 4512080, 0.58040, 0.52831, 0.58040, 0.52831, -3.42704, 0.01415, -0.23072
56500, 4520080, 0.36820, 0.66823, 0.36820, 0.66823, -3.25639, 0.00474, 0.05323
56600, 4528080, 0.37790, 0.67917, 0.37790, 0.67917, -3.45247, 0.00129, -0.05747
56700, 4536080, 0.05130, 0.52260, 0.05130, 0.52260, -3.44433, 0.08309, 0.45648
56800, 4544080, 0.36750, 0.66810, 0.36750, 0.66810, -3.33082, 0.01069, -0.18550
56900, 4552080, 0.04520, 0.51040, 0.04520, 0.51040, -3.45412, 0.00127, -0.04731
57000, 4560080, 0.63170, 0.56412, 0.63170, 0.56412, -3.45226, 0.00054, -0.02815
57100, 4568080, 0.08340, 0.58680, 0.08340, 0.58680, -3.45881, 0.00027, -0.01031
57200, 4576080, 0.60480, 0.54471, 0.60480, 0.54471, -3.44748, 0.00501, 0.10404
57300, 4584080, 0.36060, 0.65888, 0.36060, 0.65888, -3.42627, 0.00091, -0.02100
57400, 4592080, 0.66680, 0.58535, 0.66680, 0.58535, -3.45626, 0.00008, -0.01527
57500, 4600080, -0.21000, 0.00000, -0.21000, 0.00000, -3.45767, 0.00026, -0.03647
57600, 4608080, -0.21000, 0.00000, -0.21000, 0.00000, -3.45043, 0.00027, 0.01928
57700, 4616080, 0.35370, 0.65307, 0.35370, 0.65307, -3.44719, 0.00065, 0.00931
57800, 4624080, 0.36230, 0.66276, 0.36230, 0.66276, -3.45871, 0.00016, -0.03219
57900, 4632080, 0.93720, 0.05683, 0.93720, 0.05683, -3.44718, 0.00180, -0.04190
58000, 4640080, 0.36500, 0.66432, 0.36500, 0.66432, -3.44802, 0.00098, 0.02013
58100, 4648080, 0.92960, 0.02221, 0.92960, 0.02221, -3.45551, 0.00033, -0.05011
58200, 4656080, 0.91500, 0.07232, 0.91500, 0.07232, -3.38896, 0.00438, -0.06157
58300, 4664080, 0.94790, 0.03490, 0.94790, 0.03490, -3.43887, 0.00156, -0.05033
58400, 4672080, 0.96600, 0.02245, 0.96600, 0.02245, -3.21384, 0.00994, -0.01036
58500, 4680080, 0.91230, 0.08208, 0.91230, 0.08208, -3.34621, 0.00494, -0.02483
58600, 4688080, 0.64440, 0.57211, 0.64440, 0.57211, -3.44359, 0.00016, -0.02114
58700, 4696080, 0.37140, 0.67197, 0.37140, 0.67197, -3.44395, 0.00102, -0.04393
58800, 4704080, 0.65620, 0.57873, 0.65620, 0.57873, -3.23530, 0.00631, -0.06321
58900, 4712080, 0.36300, 0.66165, 0.36300, 0.66165, -3.39821, 0.00513, -0.14458
59000, 4720080, -0.21000, 0.00000, -0.21000, 0.00000, -3.44941, 0.00037, -0.02350
59100, 4728080, 0.07950, 0.57900, 0.07950, 0.57900, -3.44374, 0.00232, -0.06395
59200, 4736080, 0.37530, 0.67649, 0.37530, 0.67649, -3.45737, 0.00002, 0.00330
59300, 4744080, 0.32880, 0.62371, 0.32880, 0.62371, -3.42153, 0.00250, -0.08719
59400, 4752080, 0.58810, 0.53232, 0.58810, 0.53232, -3.45338, 0.00028, -0.03668
59500, 4760080, 0.96660, 0.01656, 0.96660, 0.01656, -3.31323, 0.00728, -0.03845
59600, 4768080, 0.64810, 0.57525, 0.64810, 0.57525, -3.43272, 0.00619, -0.06842
59700, 4776080, 0.90010, 0.07828, 0.90010, 0.07828, -3.45297, 0.00045, -0.03901
59800, 4784080, 0.90700, 0.07960, 0.90700, 0.07960, -3.38341, 0.00325, 0.02076
59900, 4792080, 0.07470, 0.56940, 0.07470, 0.56940, -3.45537, 0.00015, -0.01287
60000, 4800080, 0.32920, 0.62486, 0.32920, 0.62486, -3.45311, 0.00015, 0.01215
60100, 4808080, 0.05720, 0.53440, 0.05720, 0.53440, -3.37285, 0.00138, -0.06565
60200, 4816080, 0.32150, 0.61541, 0.32150, 0.61541, -3.38076, 0.01801, 0.15778
60300, 4824080, 0.65910, 0.58119, 0.65910, 0.58119, -3.45671, 0.00086, -0.05473
60400, 4832080, 0.07940, 0.57880, 0.07940, 0.57880, -3.38920, 0.00486, 0.03124
60500, 4840080, 0.58390, 0.52996, 0.58390, 0.52996, -3.44774, 0.00340, 0.02994
60600, 4848080, 0.33530, 0.62975, 0.33530, 0.62975, -3.31521, 0.01478, 0.19244
60700, 4856080, 0.35830, 0.65637, 0.35830, 0.65637, -3.42911, 0.00679, 0.09730
60800, 4864080, 0.35650, 0.65425, 0.35650, 0.65425, -3.45999, 0.00002, -0.01194
60900, 4872080, 0.08700, 0.59400, 0.08700, 0.59400, -3.46024, 0.00020, -0.00116
61000, 4880080, 0.34970, 0.64806, 0.34970, 0.64806, -3.41582, 0.00948, 0.05273
61100, 4888080, 0.65530, 0.57783, 0.65530, 0.57783, -3.45113, 0.00077, -0.04086
61200, 4896080, 0.62970, 0.56005, 0.62970, 0.56005, -3.33008, 0.00520, -0.10270
61300, 4904080, 0.36910, 0.66934, 0.36910, 0.66934, -3.44648, 0.00067, -0.04809
61400, 4912080, 0.92390, 0.07725, 0.92390, 0.07725, -3.35689, 0.01251, 0.18940
61500, 4920080, 0.07010, 0.56020, 0.07010, 0.56020, -3.45205, 0.00235, -0.05741
61600, 4928080, 0.60940, 0.54732, 0.60940, 0.54732, -3.19244, 0.01561, 0.04710
61700, 4936080, 0.65110, 0.57477, 0.65110, 0.57477, -3.37042, 0.00804, 0.07206
61800, 4944080, 0.63710, 0.56564, 0.63710, 0.56564, -3.43398, 0.00244, 0.03771
61900, 4952080, 0.08960, 0.59920, 0.08960, 0.59920, -3.44564, 0.00127, -0.06718
62000, 4960080, 0.90110, 0.07747, 0.90110, 0.07747, -3.45288, 0.00151, -0.03911
62100, 4968080, 0.61180, 0.55030, 0.61180, 0.55030, -3.44727, 0.00035, -0.04619
62200, 4976080, 0.32960, 0.62500, 0.32960, 0.62500, -3.25333, 0.00164, -0.03335
62300, 4984080, 0.61020, 0.55137, 0.61020, 0.55137, -3.44850, 0.00129, -0.02138
62400, 4992080, 0.68310, 0.59552, 0.68310, 0.59552, -3.26007, 0.01335, -0.19346
62500, 5000080, 0.07230, 0.56460, 0.07230, 0.56460, -3.39442, 0.00625, 0.01889
62600, 5008080, 0.37800, 0.67899, 0.37800, 0.67899, -3.45871, 0.00010, -0.01552
62700, 5016080, 0.60570, 0.54551, 0.60570, 0.54551, -3.45788, 0.00043, 0.00007
62800, 5024080, 0.66750, 0.58516, 0.66750, 0.58516, -3.32978, 0.01227, 0.06670
62900, 5032080, 0.35170, 0.65006, 0.35170, 0.65006, -3.44163, 0.00123, 0.02820
63000, 5040080, 0.63770, 0.56566, 0.63770, 0.56566, -3.44848, 0.00375, 0.03223
63100, 5048080, 0.62910, 0.56290, 0.62910, 0.56290, -3.32102, 0.01315, 0.18565
63200, 5056080, 0.88270, 0.09296, 0.88270, 0.09296, -3.36156, 0.00178, -0.08684
63300, 5064080, 0.35060, 0.64804, 0.35060, 0.64804, -3.42403, 0.00295, -0.11891
63400, 5072080, 0.67180, 0.58835, 0.67180, 0.58835, -3.42133, 0.00254, 0.06828
63500, 5080080, 0.08950, 0.59900, 0.08950, 0.59900, -3.42694, 0.00264, 0.05160
63600, 5088080, 0.33580, 0.63365, 0.33580, 0.63365, -3.40363, 0.00177, -0.03981
63700, 5096080, 0.67880, 0.59276, 0.67880, 0.59276, -3.44670, 0.00536, 0.12022
63800, 5104080, 0.37730, 0.67833, 0.37730, 0.67833, -3.45504, 0.00005, -0.01176
63900, 5112080, 0.35510, 0.65356, 0.35510, 0.65356, -3.43093, 0.00571, -0.07475
64000, 5120080, 0.38670, 0.68909, 0.38670, 0.68909, -3.39620, 0.00368, -0.10098
64100, 5128080, 0.97090, 0.01969, 0.97090, 0.01969, -3.16985, 0.00719, -0.07541
64200, 5136080, 0.65690, 0.57854, 0.65690, 0.57854, -3.44935, 0.00120, -0.01418
64300, 5144080, 0.38630, 0.68855, 0.38630, 0.68855, -3.41847, 0.00062, -0.01049
64400, 5152080, 0.38260, 0.68445, 0.38260, 0.68445, -3.44570, 0.00460, -0.11798
64500, 5160080, 0.96200, 0.01704, 0.96200, 0.01704, -3.38654, 0.00174, -0.05236
64600, 5168080, 0.64890, 0.57704, 0.64890, 0.57704, -3.45799, 0.00028, -0.02050
64700, 5176080, 0.38730, 0.68977, 0.38730, 0.68977, -3.45465, 0.00076, -0.05194
64800, 5184080, 0.91340, 0.06024, 0.91340, 0.06024, -3.27138, 0.00447, -0.05512
64900, 5192080, 0.94730, 0.01407, 0.94730, 0.01407, -3.26872, 0.00476, 0.06365
65000, 5200080, 0.08920, 0.59840, 0.08920, 0.59840, -3.39879, 0.00057, 0.01954
65100, 5208080, 0.35880, 0.65717, 0.35880, 0.65717, -3.43836, 0.01076, 0.05803
65200, 5216080, 0.65150, 0.57552, 0.65150, 0.57552, -3.45098, 0.00147, -0.07093
65300, 5224080, 0.34000, 0.63892, 0.34000, 0.63892, -3.43471, 0.01564, -0.15920
65400, 5232080, 0.95270, 0.03321, 0.95270, 0.03321, -3.45138, 0.00088, -0.06892
65500, 5240080, 0.64710, 0.57254, 0.64710, 0.57254, -3.39821, 0.05561, 0.19080
65600, 5248080, 0.66140, 0.58110, 0.66140, 0.58110, -3.38871, 0.00684, 0.10936
65700, 5256080, 0.66400, 0.58364, 0.66400, 0.58364, -3.43385, 0.00154, 0.01422
65800, 5264080, 0.35140, 0.64958, 0.35140, 0.64958, -3.42298, 0.01453, 0.23913
65900, 5272080, 0.66560, 0.58410, 0.66560, 0.58410, -3.35672, 0.00914, 0.05861
66000, 5280080, 0.33640, 0.63225, 0.33640, 0.63225, -3.40234, 0.00332, -0.02583
66100, 5288080, 0.38090, 0.68256, 0.38090, 0.68256, -3.30236, 0.00849, 0.08841
66200, 5296080, 0.89140, 0.06974, 0.89140, 0.06974, -3.33091, 0.02584, 0.07385
66300, 5304080, 0.63350, 0.56438, 0.63350, 0.56438, -3.39922, 0.00640, 0.06733
66400, 5312080, 0.07720, 0.57440, 0.07720, 0.57440, -3.43683, 0.00588, 0.05086
66500, 5320080, 0.08620, 0.59240, 0.08620, 0.59240, -3.29832, 0.01673, 0.18461
66600, 5328080, 0.36740, 0.66799, 0.36740, 0.66799, -3.18992, 0.01132, 0.13523
66700, 5336080, 0.63600, 0.56533, 0.63600, 0.56533, -3.40928, 0.00252, -0.09021
66800, 5344080, 0.63360, 0.56452, 0.63360, 0.56452, -3.44870, 0.00024, -0.02442
66900, 5352080, 0.66380, 0.58296, 0.66380, 0.58296, -3.29770, 0.00240, 0.02539
67000, 5360080, 0.32790, 0.62143, 0.32790, 0.62143, -3.45424, 0.00020, -0.00695
67100, 5368080, 0.68550, 0.59713, 0.68550, 0.59713, -3.44557, 0.00129, -0.05209
67200, 5376080, 0.64630, 0.57643, 0.64630, 0.57643, -3.38218, 0.02145, -0.21811
67300, 5384080, 0.65100, 0.57698, 0.65100, 0.57698, -3.38481, 0.02784, -0.17933
67400, 5392080, 0.59320, 0.53827, 0.59320, 0.53827, -3.30744, 0.05844, -0.25711
67500, 5400080, 0.65000, 0.57359, 0.65000, 0.57359, -3.41512, 0.00232, -0.04599
67600, 5408080, 0.95600, 0.03513, 0.95600, 0.03513, -3.35816, 0.00196, -0.07287
67700, 5416080, 0.62610, 0.55800, 0.62610, 0.55800, -3.32135, 0.02068, 0.27186
67800, 5424080, 0.36390, 0.66315, 0.36390, 0.66315, -3.34377, 0.00338, 0.05252
67900, 5432080, 0.61950, 0.55411, 0.61950, 0.55411, -3.31408, 0.00678, -0.13347
68000, 5440080, 0.66440, 0.58355, 0.66440, 0.58355, -3.46102, 0.00407, -0.09195
68100, 5448080, 0.07770, 0.57540, 0.07770, 0.57540, -3.38717, 0.01615, -0.07485
68200, 5456080, 0.65050, 0.57424, 0.65050, 0.57424, -3.28371, 0.01058, -0.02564
68300, 5464080, 0.63910, 0.56755, 0.63910, 0.56755, -3.44057, 0.00131, -0.05997
68400, 5472080, 0.90260, 0.05957, 0.90260, 0.05957, -3.27702, 0.00833, 0.03672
68500, 5480080, 0.95670, 0.02371, 0.95670, 0.02371, -3.36804, 0.00351, -0.00931
68600, 5488080, 0.63200, 0.56391, 0.63200, 0.56391, -3.43674, 0.00141, -0.06145
68700, 5496080, 0.64300, 0.56957, 0.64300, 0.56957, -3.44548, 0.00124, 0.04078
68800, 5504080, 0.67700, 0.59149, 0.67700, 0.59149, -3.32834, 0.00409, -0.07708
68900, 5512080, 0.67780, 0.59192, 0.67780, 0.59192, -3.33433, 0.00980, -0.15414
69000, 5520080, 0.36040, 0.65950, 0.36040, 0.65950, -3.40092, 0.00240, 0.00601
69100, 5528080, 0.07890, 0.57780, 0.07890, 0.57780, -3.45395, 0.00152, -0.04013
69200, 5536080, 0.35710, 0.65651, 0.35710, 0.65651, -3.41787, 0.00246, -0.08299
69300, 5544080, 0.33620, 0.63355, 0.33620, 0.63355, -3.43088, 0.00131, -0.04559
69400, 5552080, 0.66410, 0.58325, 0.66410, 0.58325, -3.40340, 0.00772, -0.02653
69500, 5560080, 0.61070, 0.55287, 0.61070, 0.55287, -3.46159, 0.00002, -0.00888
69600, 5568080, 0.07460, 0.56920, 0.07460, 0.56920, -3.41677, 0.00178, -0.04908
69700, 5576080, 0.05950, 0.53900, 0.05950, 0.53900, -3.43665, 0.00177, -0.01184
69800, 5584080, 0.34840, 0.64645, 0.34840, 0.64645, -3.41442, 0.00912, 0.12738
69900, 5592080, 0.94900, 0.04070, 0.94900, 0.04070, -3.29278, 0.00197, -0.01075
70000, 5600080, 0.65580, 0.57939, 0.65580, 0.57939, -3.37534, 0.00649, -0.05606
70100, 5608080, 0.63420, 0.56377, 0.63420, 0.56377, -3.35513, 0.00577, 0.02657
70200, 5616080, 0.38690, 0.68929, 0.38690, 0.68929, -3.43251, 0.00363, 0.05233
70300, 5624080, 0.32840, 0.62428, 0.32840, 0.62428, -3.45063, 0.00315, -0.08265
70400, 5632080, 0.93910, 0.04151, 0.93910, 0.04151, -3.46036, 0.00023, -0.01022
70500, 5640080, 0.35450, 0.65211, 0.35450, 0.65211, -3.28221, 0.00738, -0.12171
70600, 5648080, 0.35340, 0.65139, 0.35340, 0.65139, -3.43040, 0.00224, -0.01703
70700, 5656080, 0.35840, 0.65634, 0.35840, 0.65634, -3.35816, 0.01786, 0.13045
70800, 5664080, 0.62770, 0.56363, 0.62770, 0.56363, -3.39408, 0.00996, -0.04747
70900, 5672080, 0.66270, 0.58235, 0.66270, 0.58235, -3.31880, 0.01020, -0.01031
71000, 5680080, 0.38780, 0.69028, 0.38780, 0.69028, -3.34806, 0.07885, -0.49676
71100, 5688080, 0.89430, 0.07117, 0.89430, 0.07117, -3.13296, 0.05035, -0.06331
71200, 5696080, 0.67220, 0.58842, 0.67220, 0.58842, -3.43030, 0.00787, -0.02528
71300, 5704080, 0.63100, 0.56478, 0.63100, 0.56478, -3.25751, 0.03740, 0.20597
71400, 5712080, 0.35810, 0.65639, 0.35810, 0.65639, -3.45885, 0.00014, -0.02411
71500, 5720080, 0.67020, 0.58685, 0.67020, 0.58685, -3.25977, 0.00497, -0.11927
71600, 5728080, 0.64750, 0.57441, 0.64750, 0.57441, -3.42087, 0.00975, 0.09629
71700, 5736080, 0.63690, 0.56686, 0.63690, 0.56686, -3.32577, 0.00450, -0.06258
71800, 5744080, 0.34490, 0.64392, 0.34490, 0.64392, -3.43108, 0.00146, 0.02854
71900, 5752080, 0.90580, 0.06660, 0.90580, 0.06660, -3.32071, 0.00489, -0.02881
72000, 5760080, 0.62830, 0.56459, 0.62830, 0.56459, -3.32290, 0.00481, -0.06464
72100, 5768080, 0.95780, 0.02676, 0.95780, 0.02676, -3.35312, 0.00428, -0.11277
72200, 5776080, 0.67090, 0.58728, 0.67090, 0.58728, -3.30662, 0.01076, 0.13445
72300, 5784080, 0.93120, 0.04424, 0.93120, 0.04424, -3.28806, 0.01711, 0.12375
72400, 5792080, 0.95670, 0.03178, 0.95670, 0.03178, -3.27493, 0.05438, -0.36253
72500, 5800080, 0.38600, 0.68825, 0.38600, 0.68825, -3.42921, 0.00499, 0.02484
72600, 5808080, 0.93330, 0.05734, 0.93330, 0.05734, -3.18949, 0.01129, 0.20155
72700, 5816080, 0.89960, 0.05166, 0.89960, 0.05166, -3.38028, 0.02914, 0.18652
72800, 5824080, 0.38350, 0.68532, 0.38350, 0.68532, -3.45826, 0.00030, -0.01859
72900, 5832080, 0.63310, 0.56655, 0.63310, 0.56655, -3.45400, 0.00055, -0.04661
73000, 5840080, 0.32770, 0.62221, 0.32770, 0.62221, -3.34440, 0.00211, -0.05081
73100, 5848080, 0.05200, 0.52400, 0.05200, 0.52400, -3.38579, 0.00695, -0.03248
73200, 5856080, 0.36220, 0.66136, 0.36220, 0.66136, -3.44905, 0.00050, -0.02477
73300, 5864080, 0.07870, 0.57740, 0.07870, 0.57740, -3.45593, 0.00027, -0.03172
73400, 5872080, 0.32270, 0.61635, 0.32270, 0.61635, -3.45343, 0.00064, -0.05076
73500, 5880080, 0.61440, 0.55175, 0.61440, 0.55175, -3.25776, 0.10270, 0.24734
73600, 5888080, 0.95220, 0.01250, 0.95220, 0.01250, -3.39459, 0.00320, 0.01017
73700, 5896080, 0.94090, 0.04663, 0.94090, 0.04663, -3.43993, 0.00320, -0.08660
73800, 5904080, 0.63760, 0.56670, 0.63760, 0.56670, -3.45516, 0.00030, -0.01046
73900, 5912080, 0.08130, 0.58260, 0.08130, 0.58260, -3.44642, 0.00158, -0.01373
74000, 5920080, 0.63710, 0.56638, 0.63710, 0.56638, -3.38644, 0.00384, -0.06535
74100, 5928080, 0.35200, 0.65160, 0.35200, 0.65160, -3.38035, 0.00315, -0.05984
74200, 5936080, 0.07480, 0.56960, 0.07480, 0.56960, -3.27803, 0.00575, -0.10252
74300, 5944080, 0.88630, 0.08277, 0.88630, 0.08277, -3.45859, 0.00042, -0.04978
74400, 5952080, 0.07380, 0.56760, 0.07380, 0.56760, -3.28595, 0.01271, 0.16396
74500, 5960080, 0.32100, 0.61407, 0.32100, 0.61407, -3.40079, 0.03458, -0.24379
74600, 5968080, 0.37420, 0.67467, 0.37420, 0.67467, -3.21967, 0.02239, 0.10058
74700, 5976080, 0.34880, 0.64599, 0.34880, 0.64599, -3.38057, 0.03550, -0.31370
74800, 5984080, 0.63420, 0.56891, 0.63420, 0.56891, -3.41344, 0.00311, -0.00842
74900, 5992080, 0.62600, 0.56183, 0.62600, 0.56183, -3.40715, 0.00310, 0.04988
75000, 6000080, 0.08590, 0.59180, 0.08590, 0.59180, -3.45018, 0.00586, -0.08866
75100, 6008080, 0.36160, 0.66071, 0.36160, 0.66071, -3.35904, 0.00432, 0.05628
75200, 6016080, -0.21000, 0.00000, -0.21000, 0.00000, -3.42544, 0.00076, 0.02458
75300, 6024080, 0.08770, 0.59540, 0.08770, 0.59540, -3.42844, 0.01915, 0.12825
75400, 6032080, 0.94450, 0.02033, 0.94450, 0.02033, -3.42829, 0.00674, -0.13573
75500, 6040080, 0.95170, 0.03982, 0.95170, 0.03982, -3.33703, 0.00992, 0.10113
75600, 6048080, 0.94380, 0.04294, 0.94380, 0.04294, -3.30964, 0.00470, -0.05682
75700, 6056080, 0.67260, 0.58850, 0.67260, 0.58850, -3.39923, 0.02823, 0.11011
75800, 6064080, 0.65400, 0.57811, 0.65400, 0.57811, -3.18978, 0.02447, -0.07452
75900, 6072080, 0.35070, 0.65000, 0.35070, 0.65000, -3.37895, 0.00539, 0.07055
76000, 6080080, 0.98450, 0.00613, 0.98450, 0.00613, -3.37155, 0.00359, 0.05877
76100, 6088080, 0.94850, 0.04242, 0.94850, 0.04242, -3.44706, 0.00052, -0.00859
76200, 6096080, 0.93400, 0.07496, 0.93400, 0.07496, -3.42021, 0.00583, -0.03076
76300, 6104080, 0.04460, 0.50920, 0.04460, 0.50920, -3.44554, 0.00047, -0.04204
76400, 6112080, 0.36910, 0.66881, 0.36910, 0.66881, -3.45732, 0.00057, -0.03474
76500, 6120080, 0.65170, 0.57517, 0.65170, 0.57517, -3.44567, 0.00133, -0.04794
76600, 6128080, 0.66130, 0.58182, 0.66130, 0.58182, -3.41435, 0.00167, -0.10034
76700, 6136080, 0.35160, 0.64905, 0.35160, 0.64905, -3.44365, 0.00169, -0.03703
76800, 6144080, 0.96560, 0.01697, 0.96560, 0.01697, -3.42949, 0.00168, -0.08655
76900, 6152080, 0.05710, 0.53420, 0.05710, 0.53420, -3.45113, 0.00349, 0.10133
77000, 6160080, 0.08370, 0.58740, 0.08370, 0.58740, -3.42736, 0.01332, -0.16051
77100, 6168080, 0.36930, 0.66998, 0.36930, 0.66998, -3.39379, 0.00287, 0.05347
77200, 6176080, 0.62770, 0.56043, 0.62770, 0.56043, -3.27902, 0.01507, 0.11211
77300, 6184080, 0.90890, 0.08198, 0.90890, 0.08198, -3.44075, 0.00072, -0.01348
77400, 6192080, 0.36750, 0.66736, 0.36750, 0.66736, -3.42591, 0.00274, -0.07595
77500, 6200080, 0.95410, 0.05745, 0.95410, 0.05745, -3.20705, 0.02069, 0.15605
77600, 6208080, 0.87370, 0.07823, 0.87370, 0.07823, -3.27144, 0.00695, 0.01751
77700, 6216080, 0.94080, 0.03468, 0.94080, 0.03468, -3.45243, 0.00034, -0.01136
77800, 6224080, 0.36010, 0.65841, 0.36010, 0.65841, -3.42349, 0.00263, -0.04977
77900, 6232080, 0.07130, 0.56260, 0.07130, 0.56260, -3.42286, 0.00781, 0.03097
78000, 6240080, 0.67290, 0.58914, 0.67290, 0.58914, -3.44615, 0.00055, -0.03141
78100, 6248080, 0.37780, 0.67877, 0.37780, 0.67877, -3.41859, 0.00381, 0.06166
78200, 6256080, 0.08660, 0.59320, 0.08660, 0.59320, -3.44252, 0.00044, -0.03197
78300, 6264080, 0.67560, 0.59041, 0.67560, 0.59041, -3.38936, 0.00095, -0.01705
78400, 6272080, 0.63750, 0.57039, 0.63750, 0.57039, -3.38221, 0.00192, 0.00267
78500, 6280080, 0.95640, 0.03076, 0.95640, 0.03076, -3.36548, 0.00864, 0.06585
78600, 6288080, 0.89240, 0.06245, 0.89240, 0.06245, -3.44614, 0.00711, 0.09289
78700, 6296080, 0.95270, 0.03814, 0.95270, 0.03814, -3.36280, 0.00746, -0.01900
78800, 6304080, 0.61540, 0.55477, 0.61540, 0.55477, -3.33999, 0.00355, 0.00248
78900, 6312080, 0.06650, 0.55300, 0.06650, 0.55300, -3.37831, 0.00138, -0.05221
79000, 6320080, 0.38810, 0.69065, 0.38810, 0.69065, -3.28621, 0.01044, -0.06632
79100, 6328080, 0.92710, 0.05846, 0.92710, 0.05846, -3.35152, 0.00628, 0.00269
79200, 6336080, 0.64920, 0.57331, 0.64920, 0.57331, -3.43650, 0.00029, -0.01774
79300, 6344080, 0.96040, 0.02810, 0.96040, 0.02810, -3.39176, 0.00736, -0.11578
79400, 6352080, 0.64090, 0.57343, 0.64090, 0.57343, -3.33416, 0.00981, -0.09463
79500, 6360080, 0.94280, 0.03989, 0.94280, 0.03989, -3.40270, 0.01613, 0.04101
79600, 6368080, 0.67540, 0.59042, 0.67540, 0.59042, -3.42560, 0.00351, 0.04466
79700, 6376080, 0.88350, 0.09651, 0.88350, 0.09651, -3.29040, 0.00750, 0.04043
79800, 6384080, 0.65700, 0.57833, 0.65700, 0.57833, -3.42062, 0.00468, -0.13660
79900, 6392080, 0.87480, 0.07735, 0.87480, 0.07735, -3.36652, 0.00323, -0.07123
80000, 6400080, 0.93040, 0.04023, 0.93040, 0.04023, -3.25994, 0.02341, -0.27185
80100, 6408080, 0.92210, 0.06177, 0.92210, 0.06177, -3.44849, 0.00027, -0.01028
80200, 6416080, 0.37590, 0.67654, 0.37590, 0.67654, -3.40411, 0.00076, -0.03049
80300, 6424080, 0.37200, 0.67223, 0.37200, 0.67223, -3.44480, 0.00028, 0.00508
80400, 6432080, 0.63950, 0.57097, 0.63950, 0.57097, -3.40171, 0.02981, -0.31307
80500, 6440080, 0.95320, 0.06689, 0.95320, 0.06689, -3.43380, 0.00295, -0.06337
80600, 6448080, 0.34220, 0.63956, 0.34220, 0.63956, -3.44954, 0.00104, -0.04021
80700, 6456080, 0.89760, 0.07609, 0.89760, 0.07609, -3.32343, 0.00367, 0.04959
80800, 6464080, 0.89020, 0.09018, 0.89020, 0.09018, -3.38384, 0.02203, -0.24986
80900, 6472080, 0.94710, 0.02275, 0.94710, 0.02275, -3.14507, 0.03737, -0.05677
81000, 6480080, 0.96870, 0.02931, 0.96870, 0.02931, -3.13907, 0.02023, 0.10382
81100, 6488080, 0.94200, 0.02387, 0.94200, 0.02387, -3.42579, 0.02112, 0.29088
81200, 6496080, 0.63220, 0.56368, 0.63220, 0.56368, -3.32981, 0.00182, 0.00435
81300, 6504080, 0.95000, 0.06141, 0.95000, 0.06141, -3.44900, 0.00064, -0.05102
81400, 6512080, 0.61120, 0.55252, 0.61120, 0.55252, -3.45106, 0.00121, 0.03911
81500, 6520080, 0.61370, 0.55260, 0.61370, 0.55260, -3.36044, 0.00933, 0.11720
81600, 6528080, 0.64190, 0.57156, 0.64190, 0.57156, -3.42096, 0.00051, -0.04726
81700, 6536080, 0.94380, 0.01214, 0.94380, 0.01214, -3.19063, 0.00920, 0.00555
81800, 6544080, 0.91510, 0.04587, 0.91510, 0.04587, -3.22741, 0.00890, -0.01024
81900, 6552080, 0.93990, 0.04177, 0.93990, 0.04177, -3.16926, 0.00660, 0.04912
82000, 6560080, 0.92080, 0.03332, 0.92080, 0.03332, -3.44498, 0.00178, -0.08859
82100, 6568080, -0.21000, 0.00000, -0.21000, 0.00000, -3.39899, 0.00132, -0.01883
82200, 6576080, 0.62000, 0.55627, 0.62000, 0.55627, -3.17637, 0.01087, -0.08135
82300, 6584080, 0.59540, 0.54305, 0.59540, 0.54305, -3.27092, 0.01386, -0.14620
82400, 6592080, 0.64760, 0.57685, 0.64760, 0.57685, -3.42375, 0.00530, 0.04262
82500, 6600080, 0.37810, 0.67918, 0.37810, 0.67918, -3.36184, 0.00393, 0.03923
82600, 6608080, 0.67440, 0.59007, 0.67440, 0.59007, -3.40209, 0.00226, 0.01327
82700, 6616080, 0.61460, 0.55113, 0.61460, 0.55113, -3.34072, 0.00318, -0.14929
82800, 6624080, 0.63530, 0.56942, 0.63530, 0.56942, -3.43864, 0.00096, -0.03357
82900, 6632080, 0.59680, 0.54467, 0.59680, 0.54467, -3.32523, 0.01146, -0.15152
83000, 6640080, 0.36530, 0.66431, 0.36530, 0.66431, -3.45338, 0.00059, 0.01448
83100, 6648080, 0.64550, 0.57183, 0.64550, 0.57183, -3.43771, 0.00192, 0.03283
83200, 6656080, 0.93260, 0.03225, 0.93260, 0.03225, -3.42596, 0.00072, -0.05922
83300, 6664080, 0.62980, 0.56276, 0.62980, 0.56276, -3.43776, 0.00492, 0.04116
83400, 6672080, 0.63950, 0.57083, 0.63950, 0.57083, -3.40545, 0.00093, -0.04940
83500, 6680080, 0.38030, 0.68164, 0.38030, 0.68164, -3.43232, 0.00171, 0.03814
83600, 6688080, 0.64480, 0.57204, 0.64480, 0.57204, -3.44546, 0.00471, -0.09326
83700, 6696080, 0.64340, 0.57021, 0.64340, 0.57021, -3.45281, 0.00118, -0.09352
83800, 6704080, 0.60410, 0.54379, 0.60410, 0.54379, -3.23693, 0.00754, -0.04744
83900, 6712080, 0.67640, 0.59120, 0.67640, 0.59120, -3.32563, 0.01381, -0.06975
84000, 6720080, 0.61640, 0.55447, 0.61640, 0.55447, -3.34395, 0.00939, -0.05913
84100, 6728080, 0.36560, 0.66606, 0.36560, 0.66606, -3.27483, 0.00936, 0.01570
84200, 6736080, 0.68220, 0.59487, 0.68220, 0.59487, -3.42375, 0.01339, 0.04097
84300, 6744080, 0.94890, 0.05497, 0.94890, 0.05497, -3.29901, 0.00176, -0.05674
84400, 6752080, 0.93820, 0.04679, 0.93820, 0.04679, -3.33555, 0.00352, -0.01180
84500, 6760080, 0.32060, 0.61330, 0.32060, 0.61330, -3.18150, 0.00749, 0.04286
84600, 6768080, 0.93650, 0.03229, 0.93650, 0.03229, -3.28304, 0.00550, 0.00033
84700, 6776080, 0.66690, 0.58519, 0.66690, 0.58519, -3.29246, 0.01028, 0.10867
84800, 6784080, 0.90350, 0.03046, 0.90350, 0.03046, -3.25035, 0.01904, 0.07250
84900, 6792080, 0.97770, 0.00930, 0.97770, 0.00930, -3.20405, 0.02871, 0.20784
85000, 6800080, 0.93350, 0.06661, 0.93350, 0.06661, -3.29328, 0.00554, -0.02049
85100, 6808080, 0.68030, 0.59360, 0.68030, 0.59360, -3.21235, 0.02718, 0.01817
85200, 6816080, 0.97050, 0.01962, 0.97050, 0.01962, -3.40018, 0.00255, -0.11838
85300, 6824080, 0.90500, 0.06188, 0.90500, 0.06188, -3.35182, 0.00136, -0.01767
85400, 6832080, 0.96730, 0.01158, 0.96730, 0.01158, -3.32566, 0.02027, -0.02215
85500, 6840080, 0.96980, 0.01760, 0.96980, 0.01760, -3.21593, 0.00737, 0.18074
85600, 6848080, 0.93000, 0.07629, 0.93000, 0.07629, -3.38427, 0.01558, -0.08821
85700, 6856080, 0.95480, 0.03739, 0.95480, 0.03739, -3.03719, 0.01402, -0.03070
85800, 6864080, 0.96880, 0.02182, 0.96880, 0.02182, -3.22281, 0.01163, 0.06002
85900, 6872080, 0.35620, 0.65390, 0.35620, 0.65390, -3.41317, 0.00581, -0.16783
86000, 6880080, 0.88490, 0.06352, 0.88490, 0.06352, -3.43594, 0.00106, -0.08020
86100, 6888080, 0.66580, 0.58423, 0.66580, 0.58423, -3.35199, 0.00584, 0.07379
86200, 6896080, 0.96590, 0.02811, 0.96590, 0.02811, -3.18408, 0.00467, -0.08292
86300, 6904080, 0.96700, 0.01683, 0.96700, 0.01683, -3.37501, 0.01071, 0.05505
86400, 6912080, 0.67090, 0.58779, 0.67090, 0.58779, -3.18318, 0.01204, -0.18341
86500, 6920080, 0.66480, 0.58345, 0.66480, 0.58345, -3.26048, 0.00455, 0.06303
86600, 6928080, 0.96660, 0.01764, 0.96660, 0.01764, -3.27467, 0.00714, 0.02926
86700, 6936080, 0.94230, 0.04327, 0.94230, 0.04327, -3.39959, 0.01610, 0.11095
86800, 6944080, 0.93990, 0.04425, 0.93990, 0.04425, -3.33145, 0.00838, 0.05221
86900, 6952080, 0.91030, 0.06441, 0.91030, 0.06441, -3.31674, 0.00978, 0.09697
87000, 6960080, 0.62390, 0.56037, 0.62390, 0.56037, -3.33521, 0.01004, 0.17828
87100, 6968080, 0.38370, 0.68561, 0.38370, 0.68561, -3.34301, 0.00443, -0.13981
87200, 6976080, 0.35620, 0.65400, 0.35620, 0.65400, -3.35614, 0.00640, 0.10749
87300, 6984080, 0.67600, 0.59081, 0.67600, 0.59081, -3.37058, 0.00193, -0.05297
87400, 6992080, 0.65060, 0.57540, 0.65060, 0.57540, -3.16892, 0.01145, -0.01156
87500, 7000080, 0.62080, 0.55482, 0.62080, 0.55482, -3.30495, 0.02643, -0.15254
87600, 7008080, 0.64670, 0.57390, 0.64670, 0.57390, -3.45319, 0.00219, 0.07177
87700, 7016080, 0.67540, 0.59049, 0.67540, 0.59049, -3.41473, 0.01328, 0.13124
87800, 7024080, 0.95870, 0.01611, 0.95870, 0.01611, -3.37480, 0.00912, 0.03186
87900, 7032080, 0.67550, 0.59054, 0.67550, 0.59054, -3.41501, 0.00513, 0.04739
88000, 7040080, 0.67410, 0.58979, 0.67410, 0.58979, -3.35302, 0.00440, -0.02906
88100, 7048080, 0.92350, 0.05700, 0.92350, 0.05700, -3.15980, 0.08720, 0.37977
88200, 7056080, 0.93090, 0.03413, 0.93090, 0.03413, -3.14836, 0.02044, 0.19567
88300, 7064080, 0.61180, 0.55162, 0.61180, 0.55162, -3.44893, 0.00033, -0.00253
88400, 7072080, 0.64740, 0.57307, 0.64740, 0.57307, -3.14449, 0.02434, 0.18508
88500, 7080080, 0.97960, 0.00909, 0.97960, 0.00909, -3.23389, 0.00341, -0.11442
88600, 7088080, 0.92940, 0.07047, 0.92940, 0.07047, -3.14835, 0.01288, 0.09395
88700, 7096080, 0.64840, 0.57718, 0.64840, 0.57718, -3.35306, 0.00280, 0.10393
88800, 7104080, 0.94470, 0.06430, 0.94470, 0.06430, -3.37207, 0.00507, -0.01288
88900, 7112080, 0.64990, 0.57626, 0.64990, 0.57626, -3.26499, 0.00182, 0.02320
89000, 7120080, 0.91590, 0.07587, 0.91590, 0.07587, -3.31231, 0.02138, -0.00655
89100, 7128080, 0.64410, 0.57294, 0.64410, 0.57294, -3.32115, 0.01561, -0.00072
89200, 7136080, 0.92580, 0.04497, 0.92580, 0.04497, -3.28488, 0.01009, -0.02164
89300, 7144080, 0.66460, 0.58333, 0.66460, 0.58333, -3.45177, 0.00026, -0.03636
89400, 7152080, 0.89570, 0.05620, 0.89570, 0.05620, -3.25305, 0.01559, 0.01842
89500, 7160080, 0.67400, 0.58951, 0.67400, 0.58951, -3.38761, 0.00806, 0.03513
89600, 7168080, 0.92140, 0.06702, 0.92140, 0.06702, -3.33359, 0.00425, 0.01687
89700, 7176080, 0.98130, 0.00878, 0.98130, 0.00878, -3.38541, 0.01187, 0.06751
89800, 7184080, 0.36060, 0.65915, 0.36060, 0.65915, -3.43452, 0.00245, -0.09482
89900, 7192080, 0.65020, 0.57370, 0.65020, 0.57370, -3.43640, 0.00108, -0.02375
90000, 7200080, 0.05290, 0.52580, 0.05290, 0.52580, -3.41247, 0.00428, 0.01108
90100, 7208080, 0.96820, 0.02394, 0.96820, 0.02394, -3.25859, 0.01030, 0.04297
90200, 7216080, 0.92420, 0.02676, 0.92420, 0.02676, -3.30489, 0.01100, -0.01985
90300, 7224080, 0.87180, 0.07226, 0.87180, 0.07226, -3.35854, 0.00706, 0.11190
90400, 7232080, 0.94180, 0.06036, 0.94180, 0.06036, -3.34966, 0.00795, 0.05366
90500, 7240080, 0.93310, 0.06708, 0.93310, 0.06708, -3.24277, 0.00525, 0.00178
90600, 7248080, 0.95370, 0.03679, 0.95370, 0.03679, -3.42298, 0.00408, -0.09303
90700, 7256080, 0.94620, 0.05900, 0.94620, 0.05900, -3.25642, 0.01613, 0.15432
90800, 7264080, 0.93800, 0.08215, 0.93800, 0.08215, -3.24289, 0.00288, 0.02252
90900, 7272080, 0.61370, 0.54983, 0.61370, 0.54983, -3.33104, 0.00775, 0.08266
91000, 7280080, 0.91310, 0.06468, 0.91310, 0.06468, -3.33907, 0.00191, -0.07073
91100, 7288080, 0.96180, 0.03599, 0.96180, 0.03599, -3.32164, 0.00688, -0.00195
91200, 7296080, 0.95740, 0.02475, 0.95740, 0.02475, -3.09060, 0.01936, 0.08819
91300, 7304080, 0.94660, 0.04082, 0.94660, 0.04082, -3.31889, 0.00188, -0.01914
91400, 7312080, 0.66860, 0.58592, 0.66860, 0.58592, -3.22178, 0.00774, 0.07632
91500, 7320080, 0.65800, 0.57985, 0.65800, 0.57985, -3.31589, 0.01117, -0.23545
91600, 7328080, 0.91230, 0.04784, 0.91230, 0.04784, -3.19276, 0.00371, 0.05274
91700, 7336080, 0.94000, 0.03399, 0.94000, 0.03399, -3.44018, 0.00110, -0.07657
91800, 7344080, 0.64090, 0.56975, 0.64090, 0.56975, -3.30237, 0.00963, -0.05414
91900, 7352080, 0.92550, 0.05421, 0.92550, 0.05421, -3.35702, 0.00443, -0.07907
92000, 7360080, 0.95140, 0.04953, 0.95140, 0.04953, -3.30958, 0.00780, -0.20412
92100, 7368080, 0.63660, 0.57132, 0.63660, 0.57132, -3.44059, 0.00084, -0.02201
92200, 7376080, 0.64610, 0.57359, 0.64610, 0.57359, -3.42205, 0.00165, -0.05748
92300, 7384080, 0.94590, 0.05445, 0.94590, 0.05445, -3.07279, 0.00923, 0.02094
92400, 7392080, 0.91680, 0.05628, 0.91680, 0.05628, -3.25137, 0.00173, 0.01456
92500, 7400080, 0.65720, 0.57923, 0.65720, 0.57923, -3.26688, 0.01568, -0.08761
92600, 7408080, 0.67420, 0.58948, 0.67420, 0.58948, -3.08375, 0.01700, 0.22425
92700, 7416080, 0.92670, 0.03696, 0.92670, 0.03696, -3.33836, 0.00417, 0.02335
92800, 7424080, 0.66550, 0.58394, 0.66550, 0.58394, -3.19612, 0.00919, 0.14085
92900, 7432080, 0.66170, 0.58149, 0.66170, 0.58149, -3.13383, 0.01410, -0.07237
93000, 7440080, 0.93310, 0.07135, 0.93310, 0.07135, -3.23982, 0.00583, -0.00541
93100, 7448080, 0.91420, 0.06842, 0.91420, 0.06842, -3.43929, 0.00157, -0.09885
93200, 7456080, 0.67470, 0.58994, 0.67470, 0.58994, -3.31077, 0.00127, -0.05241
93300, 7464080, 0.61900, 0.55492, 0.61900, 0.55492, -3.26486, 0.01204, -0.20444
93400, 7472080, 0.65810, 0.57889, 0.65810, 0.57889, -3.42483, 0.00135, -0.05646
93500, 7480080, 0.90410, 0.08501, 0.90410, 0.08501, -3.40072, 0.00311, -0.11242
93600, 7488080, 0.62180, 0.55954, 0.62180, 0.55954, -3.32060, 0.01258, 0.14328
93700, 7496080, 0.35130, 0.64997, 0.35130, 0.64997, -3.42470, 0.00268, 0.02799
93800, 7504080, 0.68000, 0.59339, 0.68000, 0.59339, -3.40406, 0.00130, -0.04782
93900, 7512080, 0.94150, 0.07741, 0.94150, 0.07741, -3.37585, 0.00304, 0.08220
94000, 7520080, 0.35400, 0.65178, 0.35400, 0.65178, -3.33713, 0.00258, 0.07887
94100, 7528080, 0.65390, 0.57659, 0.65390, 0.57659, -3.26412, 0.00580, 0.07078
94200, 7536080, 0.35180, 0.64901, 0.35180, 0.64901, -3.31297, 0.00198, -0.06502
94300, 7544080, 0.94730, 0.05073, 0.94730, 0.05073, -3.27992, 0.00697, 0.14733
94400, 7552080, 0.94500, 0.06075, 0.94500, 0.06075, -3.35586, 0.00364, -0.01618
94500, 7560080, 0.67040, 0.58701, 0.67040, 0.58701, -3.36605, 0.00406, -0.11272
94600, 7568080, 0.67840, 0.59232, 0.67840, 0.59232, -3.39561, 0.00436, 0.02797
94700, 7576080, 0.91240, 0.06465, 0.91240, 0.06465, -3.39219, 0.00351, -0.01628
94800, 7584080, 0.37440, 0.67526, 0.37440, 0.67526, -3.34112, 0.00339, 0.03503
94900, 7592080, 0.67680, 0.59120, 0.67680, 0.59120, -3.37552, 0.00104, -0.05594
95000, 7600080, 0.60100, 0.54342, 0.60100, 0.54342, -3.34933, 0.01201, -0.03696
95100, 7608080, 0.95740, 0.03053, 0.95740, 0.03053, -3.37785, 0.00679, 0.06861
95200, 7616080, 0.85000, 0.06759, 0.85000, 0.06759, -3.15869, 0.21867, 0.62820
95300, 7624080, 0.95860, 0.02390, 0.95860, 0.02390, -3.40469, 0.00211, -0.08162
95400, 7632080, 0.96340, 0.03638, 0.96340, 0.03638, -3.40934, 0.00241, -0.03401
95500, 7640080, 0.97400, 0.02021, 0.97400, 0.02021, -3.20227, 0.00928, 0.13787
95600, 7648080, 0.96130, 0.02409, 0.96130, 0.02409, -3.37591, 0.00451, 0.09077
95700, 7656080, 0.66830, 0.58554, 0.66830, 0.58554, -3.33878, 0.01778, 0.11362
95800, 7664080, 0.95990, 0.03344, 0.95990, 0.03344, -3.25001, 0.01187, -0.11771
95900, 7672080, 0.92970, 0.05750, 0.92970, 0.05750, -3.38103, 0.00664, 0.04537
96000, 7680080, 0.94520, 0.04913, 0.94520, 0.04913, -3.28147, 0.00628, -0.00529
96100, 7688080, 0.96990, 0.01811, 0.96990, 0.01811, -3.25784, 0.00313, -0.02442
96200, 7696080, 0.89610, 0.08972, 0.89610, 0.08972, -3.34918, 0.01246, -0.13622
96300, 7704080, 0.66150, 0.58145, 0.66150, 0.58145, -3.43494, 0.00220, -0.05353
96400, 7712080, 0.62370, 0.55583, 0.62370, 0.55583, -3.39014, 0.00700, 0.17392
96500, 7720080, 0.95420, 0.04732, 0.95420, 0.04732, -3.24165, 0.00188, 0.04586
96600, 7728080, 0.35500, 0.65243, 0.35500, 0.65243, -3.36004, 0.00656, -0.02412
96700, 7736080, 0.67020, 0.58704, 0.67020, 0.58704, -3.38519, 0.00220, -0.08188
96800, 7744080, 0.95780, 0.03311, 0.95780, 0.03311, -3.43148, 0.00048, -0.00779
96900, 7752080, 0.96310, 0.00969, 0.96310, 0.00969, -3.33470, 0.00608, 0.00147
97000, 7760080, 0.62090, 0.55790, 0.62090, 0.55790, -3.26542, 0.00333, 0.09971
97100, 7768080, 0.95830, 0.03738, 0.95830, 0.03738, -3.35154, 0.00210, 0.02400
97200, 7776080, 0.63780, 0.56706, 0.63780, 0.56706, -3.35049, 0.00326, 0.01394
97300, 7784080, 0.93110, 0.08581, 0.93110, 0.08581, -3.38556, 0.00220, -0.03355
97400, 7792080, 0.65320, 0.57941, 0.65320, 0.57941, -3.22430, 0.01270, -0.12050
97500, 7800080, 0.63990, 0.56994, 0.63990, 0.56994, -3.39864, 0.00492, -0.18402
97600, 7808080, 0.91150, 0.05308, 0.91150, 0.05308, -3.37045, 0.00314, -0.02858
97700, 7816080, 0.64760, 0.57230, 0.64760, 0.57230, -3.13988, 0.09916, -0.51617
97800, 7824080, 0.94240, 0.04117, 0.94240, 0.04117, -3.27266, 0.00249, -0.01842
97900, 7832080, 0.92390, 0.07439, 0.92390, 0.07439, -3.25151, 0.00564, -0.08311
98000, 7840080, 0.94550, 0.02882, 0.94550, 0.02882, -3.22135, 0.00998, -0.16686
98100, 7848080, 0.96270, 0.02112, 0.96270, 0.02112, -3.29470, 0.02196, 0.07957
98200, 7856080, 0.65980, 0.58164, 0.65980, 0.58164, -3.22283, 0.01016, -0.23146
98300, 7864080, 0.94250, 0.03360, 0.94250, 0.03360, -3.38107, 0.02423, -0.09396
98400, 7872080, 0.93680, 0.01137, 0.93680, 0.01137, -3.29460, 0.00405, 0.05747
98500, 7880080, 0.63940, 0.56829, 0.63940, 0.56829, -3.23916, 0.01046, 0.10106
98600, 7888080, 0.65880, 0.57970, 0.65880, 0.57970, -3.10535, 0.02159, -0.20221
98700, 7896080, 0.94040, 0.07396, 0.94040, 0.07396, -3.42358, 0.00241, -0.11403
98800, 7904080, 0.90790, 0.03828, 0.90790, 0.03828, -3.37410, 0.00308, -0.08231
98900, 7912080, 0.36850, 0.66917, 0.36850, 0.66917, -3.38815, 0.00573, -0.18937
99000, 7920080, 0.97860, 0.01126, 0.97860, 0.01126, -3.41546, 0.00244, -0.08988
99100, 7928080, 0.62060, 0.55858, 0.62060, 0.55858, -3.36619, 0.00288, 0.03862
99200, 7936080, 0.96310, 0.01801, 0.96310, 0.01801, -3.26654, 0.00250, -0.08591
99300, 7944080, 0.65170, 0.57477, 0.65170, 0.57477, -3.17341, 0.01404, 0.23238
99400, 7952080, 0.66420, 0.58321, 0.66420, 0.58321, -3.25243, 0.00633, -0.09942
99500, 7960080, 0.95540, 0.02412, 0.95540, 0.02412, -3.28109, 0.02827, 0.01833
99600, 7968080, 0.67720, 0.59172, 0.67720, 0.59172, -3.12708, 0.00493, 0.08954
99700, 7976080, 0.92110, 0.08314, 0.92110, 0.08314, -3.31334, 0.06226, -0.17367
99800, 7984080, 0.67710, 0.59216, 0.67710, 0.59216, -3.27106, 0.01890, 0.13049
99900, 7992080, 0.91520, 0.03935, 0.91520, 0.03935, -3.34756, 0.00367, -0.10484
100000, 8000080, 0.34360, 0.64085, 0.34360, 0.64085, -3.37621, 0.00244, -0.12468
100100, 8008080, 0.97350, 0.00970, 0.97350, 0.00970, -3.28263, 0.01477, 0.17158
100200, 8016080, 0.91750, 0.04064, 0.91750, 0.04064, -3.29536, 0.00536, -0.05986
100300, 8024080, 0.93820, 0.04080, 0.93820, 0.04080, -3.31321, 0.00500, -0.01871
100400, 8032080, 0.63820, 0.56834, 0.63820, 0.56834, -3.25460, 0.04665, 0.15891
100500, 8040080, 0.61930, 0.55330, 0.61930, 0.55330, -3.29213, 0.00349, 0.06137
100600, 8048080, 0.94570, 0.03939, 0.94570, 0.03939, -3.42163, 0.00071, 0.02504
100700, 8056080, 0.91630, 0.08477, 0.91630, 0.08477, -3.27027, 0.01085, 0.10611
100800, 8064080, 0.95360, 0.01862, 0.95360, 0.01862, -3.28862, 0.00639, -0.15799
100900, 8072080, 0.65260, 0.57623, 0.65260, 0.57623, -3.38283, 0.01531, 0.17592
101000, 8080080, 0.89340, 0.08072, 0.89340, 0.08072, -3.38340, 0.00164, -0.04772
101100, 8088080, 0.91610, 0.05785, 0.91610, 0.05785, -3.29469, 0.00216, -0.01691
101200, 8096080, 0.66420, 0.58294, 0.66420, 0.58294, -3.18455, 0.00616, 0.10984
101300, 8104080, 0.67150, 0.58773, 0.67150, 0.58773, -3.36180, 0.00402, 0.12464
101400, 8112080, 0.66670, 0.58523, 0.66670, 0.58523, -3.20998, 0.00628, -0.10443
101500, 8120080, 0.95310, 0.02291, 0.95310, 0.02291, -3.17311, 0.02087, 0.22574
101600, 8128080, 0.89260, 0.06905, 0.89260, 0.06905, -3.29316, 0.00291, 0.00764
101700, 8136080, 0.97190, 0.02123, 0.97190, 0.02123, -3.35846, 0.00377, -0.03970
101800, 8144080, 0.65330, 0.57709, 0.65330, 0.57709, -3.40073, 0.03089, -0.07686
101900, 8152080, 0.93890, 0.03084, 0.93890, 0.03084, -3.37680, 0.00442, -0.15607
102000, 8160080, 0.97770, 0.01249, 0.97770, 0.01249, -3.26902, 0.00558, 0.08379
102100, 8168080, 0.93040, 0.06807, 0.93040, 0.06807, -3.39914, 0.00066, -0.04588
102200, 8176080, 0.97490, 0.01906, 0.97490, 0.01906, -3.09026, 0.01483, 0.03267
102300, 8184080, 0.92280, 0.05075, 0.92280, 0.05075, -3.36038, 0.00304, -0.00313
102400, 8192080, 0.95570, 0.03592, 0.95570, 0.03592, -3.21388, 0.00273, 0.02595
102500, 8200080, 0.90460, 0.08422, 0.90460, 0.08422, -3.09514, 0.00536, 0.12428
102600, 8208080, 0.67540, 0.59031, 0.67540, 0.59031, -3.19773, 0.00695, -0.08921
102700, 8216080, 0.66660, 0.58443, 0.66660, 0.58443, -3.21766, 0.04914, -0.29508
102800, 8224080, 0.65110, 0.57533, 0.65110, 0.57533, -3.35084, 0.02463, 0.17039
102900, 8232080, 0.94850, 0.03092, 0.94850, 0.03092, -3.31020, 0.00647, 0.03040
103000, 8240080, 0.95750, 0.03051, 0.95750, 0.03051, -3.11949, 0.01469, 0.15840
103100, 8248080, 0.37650, 0.67723, 0.37650, 0.67723, -3.28364, 0.00552, -0.07017
103200, 8256080, 0.68800, 0.59868, 0.68800, 0.59868, -3.25033, 0.01159, -0.23564
103300, 8264080, 0.94640, 0.04125, 0.94640, 0.04125, -3.26110, 0.00617, 0.14516
103400, 8272080, 0.96970, 0.00959, 0.96970, 0.00959, -3.33773, 0.00515, -0.05637
103500, 8280080, 0.95410, 0.03847, 0.95410, 0.03847, -3.31629, 0.01105, -0.06327
103600, 8288080, 0.66370, 0.58261, 0.66370, 0.58261, -3.34678, 0.00235, -0.01821
103700, 8296080, 0.95120, 0.04724, 0.95120, 0.04724, -3.23706, 0.00220, -0.01636
103800, 8304080, 0.97570, 0.00250, 0.97570, 0.00250, -3.35487, 0.00402, -0.09301
103900, 8312080, 0.88050, 0.05516, 0.88050, 0.05516, -3.35322, 0.00784, -0.02136
104000, 8320080, 0.95110, 0.02240, 0.95110, 0.02240, -3.04595, 0.00751, 0.06819
104100, 8328080, 0.93430, 0.03841, 0.93430, 0.03841, -3.38678, 0.00367, -0.02145
104200, 8336080, 0.94980, 0.02991, 0.94980, 0.02991, -3.37814, 0.00271, -0.10566
104300, 8344080, 0.95410, 0.01333, 0.95410, 0.01333, -3.33339, 0.01367, 0.16329
104400, 8352080, 0.95700, 0.03687, 0.95700, 0.03687, -3.33353, 0.02039, -0.25402
104500, 8360080, 0.92760, 0.02337, 0.92760, 0.02337, -3.36885, 0.00283, 0.06615
104600, 8368080, 0.93930, 0.05990, 0.93930, 0.05990, -3.38441, 0.00667, -0.14667
104700, 8376080, 0.94490, 0.01663, 0.94490, 0.01663, -3.23572, 0.00461, -0.01599
104800, 8384080, 0.93090, 0.05903, 0.93090, 0.05903, -3.06206, 0.01496, 0.16073
104900, 8392080, 0.94640, 0.05666, 0.94640, 0.05666, -3.20495, 0.00829, 0.12976
105000, 8400080, 0.97120, 0.01657, 0.97120, 0.01657, -3.23723, 0.00417, -0.02151
105100, 8408080, 0.96590, 0.02238, 0.96590, 0.02238, -3.27248, 0.00462, 0.11342
105200, 8416080, 0.97210, 0.02803, 0.97210, 0.02803, -3.35025, 0.00651, -0.07966
105300, 8424080, 0.97800, 0.01411, 0.97800, 0.01411, -3.41424, 0.00142, -0.04370
105400, 8432080, 0.95800, 0.03181, 0.95800, 0.03181, -3.28633, 0.01547, 0.14892
105500, 8440080, 0.92080, 0.03637, 0.92080, 0.03637, -3.09268, 0.00527, 0.01680
105600, 8448080, 0.93070, 0.08564, 0.93070, 0.08564, -3.10917, 0.00945, -0.20472
105700, 8456080, 0.93100, 0.08075, 0.93100, 0.08075, -3.25136, 0.00254, -0.07838
105800, 8464080, 0.93330, 0.05793, 0.93330, 0.05793, -3.32445, 0.02555, 0.21468
105900, 8472080, 0.96360, 0.01257, 0.96360, 0.01257, -3.38312, 0.00240, 0.00416
106000, 8480080, 0.94360, 0.05635, 0.94360, 0.05635, -3.30236, 0.00520, -0.06600
106100, 8488080, 0.92540, 0.03226, 0.92540, 0.03226, -3.20312, 0.00405, -0.07212
106200, 8496080, 0.93450, 0.03637, 0.93450, 0.03637, -3.22474, 0.01096, -0.11338
106300, 8504080, 0.94520, 0.05697, 0.94520, 0.05697, -3.33639, 0.01006, 0.04959
106400, 8512080, 0.93030, 0.06584, 0.93030, 0.06584, -3.38380, 0.00693, -0.03456
106500, 8520080, 0.94930, 0.03872, 0.94930, 0.03872, -3.38250, 0.00293, -0.12120
106600, 8528080, 0.93460, 0.03313, 0.93460, 0.03313, -3.31258, 0.00869, -0.01808
106700, 8536080, 0.94670, 0.05312, 0.94670, 0.05312, -3.34760, 0.00311, -0.03904
106800, 8544080, 0.97820, 0.00906, 0.97820, 0.00906, -3.36065, 0.00219, -0.08044
106900, 8552080, 0.97610, 0.00227, 0.97610, 0.00227, -3.23949, 0.01065, 0.11803
107000, 8560080, 0.97670, 0.01796, 0.97670, 0.01796, -3.30935, 0.01933, 0.13493
107100, 8568080, 0.93940, 0.05749, 0.93940, 0.05749, -3.35608, 0.00148, -0.03593
107200, 8576080, 0.92660, 0.05666, 0.92660, 0.05666, -3.33371, 0.01181, -0.13900
107300, 8584080, 0.65560, 0.57812, 0.65560, 0.57812, -3.39759, 0.00316, -0.12987
107400, 8592080, 0.87520, 0.08537, 0.87520, 0.08537, -3.26153, 0.00423, 0.04145
107500, 8600080, 0.94740, 0.03320, 0.94740, 0.03320, -3.33755, 0.00828, -0.08766
107600, 8608080, 0.90590, 0.05575, 0.90590, 0.05575, -3.27431, 0.00481, 0.03070
107700, 8616080, 0.94680, 0.04867, 0.94680, 0.04867, -3.10974, 0.01003, 0.04077
107800, 8624080, 0.92210, 0.06650, 0.92210, 0.06650, -3.24952, 0.00608, 0.05218
107900, 8632080, 0.94750, 0.03810, 0.94750, 0.03810, -3.32038, 0.01843, 0.10585
108000, 8640080, 0.94020, 0.06137, 0.94020, 0.06137, -3.28122, 0.00341, -0.02341
108100, 8648080, 0.97680, 0.00308, 0.97680, 0.00308, -3.36842, 0.01447, 0.12849
108200, 8656080, 0.64000, 0.56886, 0.64000, 0.56886, -3.32267, 0.00865, -0.01519
108300, 8664080, 0.95240, 0.05712, 0.95240, 0.05712, -3.36771, 0.00380, -0.11198
108400, 8672080, 0.91320, 0.06505, 0.91320, 0.06505, -3.25487, 0.01111, 0.03860
108500, 8680080, 0.92760, 0.06347, 0.92760, 0.06347, -3.21923, 0.01726, -0.19820
108600, 8688080, 0.93330, 0.05156, 0.93330, 0.05156, -3.42063, 0.00149, -0.06728
108700, 8696080, 0.97590, 0.00396, 0.97590, 0.00396, -3.30143, 0.00232, -0.09566
108800, 8704080, 0.96520, 0.02320, 0.96520, 0.02320, -3.41911, 0.00237, -0.11724
108900, 8712080, 0.97960, 0.01007, 0.97960, 0.01007, -3.21107, 0.02998, 0.21816
109000, 8720080, 0.97490, 0.01246, 0.97490, 0.01246, -3.32663, 0.01082, 0.08517
109100, 8728080, 0.90300, 0.08722, 0.90300, 0.08722, -3.34006, 0.03305, 0.29398
109200, 8736080, 0.06220, 0.54440, 0.06220, 0.54440, -3.39342, 0.00761, -0.13801
109300, 8744080, 0.94620, 0.03462, 0.94620, 0.03462, -3.35339, 0.02526, -0.11687
109400, 8752080, 0.95650, 0.02106, 0.95650, 0.02106, -3.41114, 0.00468, -0.06585
109500, 8760080, 0.96520, 0.01775, 0.96520, 0.01775, -3.18499, 0.01090, 0.16001
109600, 8768080, 0.66510, 0.58437, 0.66510, 0.58437, -3.03645, 0.01746, 0.19071
109700, 8776080, 0.95160, 0.02871, 0.95160, 0.02871, -3.36644, 0.00736, -0.20645
109800, 8784080, 0.97280, 0.01572, 0.97280, 0.01572, -3.28244, 0.00665, 0.04000
109900, 8792080, 0.95630, 0.02075, 0.95630, 0.02075, -3.38669, 0.00455, -0.14314
110000, 8800080, 0.95930, 0.02606, 0.95930, 0.02606, -3.20066, 0.01018, 0.13081
110100, 8808080, 0.93190, 0.04078, 0.93190, 0.04078, -3.17264, 0.01210, 0.17659
110200, 8816080, 0.93310, 0.01002, 0.93310, 0.01002, -3.09931, 0.00516, 0.00265
110300, 8824080, 0.92990, 0.02778, 0.92990, 0.02778, -3.24031, 0.00811, 0.16352
110400, 8832080, 0.92860, 0.06915, 0.92860, 0.06915, -3.36621, 0.00254, 0.02724
110500, 8840080, 0.94760, 0.04942, 0.94760, 0.04942, -3.19742, 0.01966, 0.13177
110600, 8848080, 0.66280, 0.58350, 0.66280, 0.58350, -3.42710, 0.00254, -0.08666
110700, 8856080, 0.95770, 0.01420, 0.95770, 0.01420, -3.23565, 0.01689, 0.12610
110800, 8864080, 0.97770, 0.00839, 0.97770, 0.00839, -3.32764, 0.00250, 0.02087
110900, 8872080, 0.91070, 0.04984, 0.91070, 0.04984, -3.34028, 0.00689, -0.11002
111000, 8880080, 0.92080, 0.07465, 0.92080, 0.07465, -3.37746, 0.00186, -0.09481
111100, 8888080, 0.90910, 0.03876, 0.90910, 0.03876, -3.32949, 0.00564, -0.01373
111200, 8896080, 0.91600, 0.04053, 0.91600, 0.04053, -3.33733, 0.00220, -0.06188
111300, 8904080, 0.96800, 0.01628, 0.96800, 0.01628, -3.29370, 0.01201, -0.17055
111400, 8912080, 0.92730, 0.04333, 0.92730, 0.04333, -3.28286, 0.00254, -0.00294
111500, 8920080, 0.66370, 0.58258, 0.66370, 0.58258, -3.09400, 0.01046, 0.06479
111600, 8928080, 0.94520, 0.03866, 0.94520, 0.03866, -3.35321, 0.01125, -0.23757
111700, 8936080, 0.93810, 0.05125, 0.93810, 0.05125, -3.22406, 0.00578, -0.03904
111800, 8944080, 0.94520, 0.05774, 0.94520, 0.05774, -3.30729, 0.01582, -0.21673
111900, 8952080, 0.92740, 0.04568, 0.92740, 0.04568, -3.33068, 0.00523, -0.10457
112000, 8960080, 0.89520, 0.07924, 0.89520, 0.07924, -3.26523, 0.00316, 0.02191
112100, 8968080, 0.91070, 0.06396, 0.91070, 0.06396, -3.42282, 0.00217, -0.05694
112200, 8976080, 0.96710, 0.01125, 0.96710, 0.01125, -3.32240, 0.00768, -0.12915
112300, 8984080, 0.94060, 0.06451, 0.94060, 0.06451, -3.28597, 0.00786, -0.08415
112400, 8992080, 0.94640, 0.03637, 0.94640, 0.03637, -3.24283, 0.00529, 0.11265
112500, 9000080, 0.64240, 0.57036, 0.64240, 0.57036, -3.34796, 0.00332, -0.01610
112600, 9008080, 0.97480, 0.03144, 0.97480, 0.03144, -3.19320, 0.01356, -0.18055
112700, 9016080, 0.95660, 0.02998, 0.95660, 0.02998, -3.21111, 0.02249, -0.09846
112800, 9024080, 0.38230, 0.68393, 0.38230, 0.68393, -3.06477, 0.00471, 0.07091
112900, 9032080, 0.93190, 0.04264, 0.93190, 0.04264, -3.32886, 0.00610, -0.05929
113000, 9040080, 0.92660, 0.06998, 0.92660, 0.06998, -3.34493, 0.00323, 0.07273
113100, 9048080, 0.94120, 0.03123, 0.94120, 0.03123, -3.29186, 0.01556, 0.05081
113200, 9056080, 0.97300, 0.01136, 0.97300, 0.01136, -3.31036, 0.00605, -0.14794
113300, 9064080, 0.93090, 0.06237, 0.93090, 0.06237, -3.42748, 0.00258, -0.03280
113400, 9072080, 0.95720, 0.04709, 0.95720, 0.04709, -3.22589, 0.00560, 0.00511
113500, 9080080, 0.92330, 0.07022, 0.92330, 0.07022, -3.25969, 0.01252, 0.03744
113600, 9088080, 0.94970, 0.05057, 0.94970, 0.05057, -3.27313, 0.02533, -0.30342
113700, 9096080, 0.63560, 0.56554, 0.63560, 0.56554, -3.32377, 0.01271, -0.12072
113800, 9104080, 0.96310, 0.01892, 0.96310, 0.01892, -3.31301, 0.00721, -0.09281
113900, 9112080, 0.93340, 0.03938, 0.93340, 0.03938, -3.27056, 0.00576, 0.02210
114000, 9120080, 0.97470, 0.00947, 0.97470, 0.00947, -3.28083, 0.00628, 0.03936
114100, 9128080, 0.64390, 0.57058, 0.64390, 0.57058, -3.27743, 0.01717, 0.14665
114200, 9136080, 0.93770, 0.02872, 0.93770, 0.02872, -3.29222, 0.00484, 0.01773
114300, 9144080, 0.90650, 0.06074, 0.90650, 0.06074, -3.24319, 0.02153, 0.07434
114400, 9152080, 0.96130, 0.03648, 0.96130, 0.03648, -3.23195, 0.00402, 0.04912
114500, 9160080, 0.94000, 0.02055, 0.94000, 0.02055, -3.11730, 0.00836, 0.00231
114600, 9168080, 0.90840, 0.06500, 0.90840, 0.06500, -3.26832, 0.00589, 0.05251
114700, 9176080, 0.93350, 0.05356, 0.93350, 0.05356, -3.36487, 0.00229, 0.01176
114800, 9184080, 0.91900, 0.04837, 0.91900, 0.04837, -3.18417, 0.01106, 0.13232
114900, 9192080, 0.97130, 0.02414, 0.97130, 0.02414, -3.26041, 0.00184, -0.04563
115000, 9200080, 0.95650, 0.03381, 0.95650, 0.03381, -3.14844, 0.00931, -0.14104
115100, 9208080, 0.96060, 0.03551, 0.96060, 0.03551, -3.20607, 0.00670, -0.12104
115200, 9216080, 0.68130, 0.59436, 0.68130, 0.59436, -3.12566, 0.01227, -0.12254
115300, 9224080, 0.67730, 0.59170, 0.67730, 0.59170, -3.35576, 0.00244, 0.00312
115400, 9232080, 0.92350, 0.05365, 0.92350, 0.05365, -3.39469, 0.00549, -0.09608
115500, 9240080, 0.96330, 0.02443, 0.96330, 0.02443, -2.96438, 0.01048, -0.11666
115600, 9248080, 0.68540, 0.59696, 0.68540, 0.59696, -3.26719, 0.00595, -0.09112
115700, 9256080, 0.67380, 0.58930, 0.67380, 0.58930, -3.33089, 0.00542, 0.01704
115800, 9264080, 0.92300, 0.07543, 0.92300, 0.07543, -3.28641, 0.02123, 0.23769
115900, 9272080, 0.95120, 0.02499, 0.95120, 0.02499, -3.26865, 0.06159, -0.34423
116000, 9280080, 0.95560, 0.03504, 0.95560, 0.03504, -3.39878, 0.00391, 0.03101
116100, 9288080, 0.92800, 0.05421, 0.92800, 0.05421, -3.29530, 0.00625, 0.06797
116200, 9296080, 0.68770, 0.59856, 0.68770, 0.59856, -3.28833, 0.09822, -0.50166
116300, 9304080, 0.93250, 0.08150, 0.93250, 0.08150, -3.29318, 0.00568, 0.00663
116400, 9312080, 0.95570, 0.02321, 0.95570, 0.02321, -3.27375, 0.00299, -0.11540
116500, 9320080, 0.93650, 0.04750, 0.93650, 0.04750, -3.19209, 0.01009, 0.11492
116600, 9328080, 0.96080, 0.02702, 0.96080, 0.02702, -3.28809, 0.03202, 0.06068
116700, 9336080, 0.97060, 0.02336, 0.97060, 0.02336, -3.37888, 0.00115, 0.02288
116800, 9344080, 0.92900, 0.03773, 0.92900, 0.03773, -3.11312, 0.00673, 0.08505
116900, 9352080, 0.65420, 0.57856, 0.65420, 0.57856, -3.32155, 0.00852, -0.07361
117000, 9360080, 0.91170, 0.04510, 0.91170, 0.04510, -3.30782, 0.00291, -0.10575
117100, 9368080, 0.97130, 0.01896, 0.97130, 0.01896, -3.35972, 0.00309, -0.03210
117200, 9376080, 0.92160, 0.07182, 0.92160, 0.07182, -3.21596, 0.01347, 0.16475
117300, 9384080, 0.95940, 0.01813, 0.95940, 0.01813, -3.29003, 0.00261, -0.04214
117400, 9392080, 0.95750, 0.02491, 0.95750, 0.02491, -3.25137, 0.00496, -0.10481
117500, 9400080, 0.93940, 0.04124, 0.93940, 0.04124, -3.22055, 0.06725, -0.12750
117600, 9408080, 0.96960, 0.02983, 0.96960, 0.02983, -3.11912, 0.02668, 0.13817
117700, 9416080, 0.94000, 0.02899, 0.94000, 0.02899, -3.36528, 0.00682, -0.03809
117800, 9424080, 0.97030, 0.01449, 0.97030, 0.01449, -3.08296, 0.02022, 0.07424
117900, 9432080, 0.95720, 0.02309, 0.95720, 0.02309, -3.38751, 0.01903, 0.23702
118000, 9440080, 0.96330, 0.02952, 0.96330, 0.02952, -3.26700, 0.00178, -0.06782
118100, 9448080, 0.97170, 0.01111, 0.97170, 0.01111, -3.18670, 0.00657, 0.05282
118200, 9456080, 0.90400, 0.06032, 0.90400, 0.06032, -3.18933, 0.00525, 0.05845
118300, 9464080, 0.94400, 0.02278, 0.94400, 0.02278, -3.33007, 0.00350, 0.00781
118400, 9472080, 0.96440, 0.03394, 0.96440, 0.03394, -3.29209, 0.01341, 0.05322
118500, 9480080, 0.90910, 0.03241, 0.90910, 0.03241, -3.10545, 0.01378, -0.16217
118600, 9488080, 0.91400, 0.05418, 0.91400, 0.05418, -3.26908, 0.00336, 0.01941
118700, 9496080, 0.94420, 0.02357, 0.94420, 0.02357, -3.17603, 0.02624, 0.23505
118800, 9504080, 0.95700, 0.04372, 0.95700, 0.04372, -3.29481, 0.01631, -0.24136
118900, 9512080, 0.96460, 0.01990, 0.96460, 0.01990, -3.19886, 0.00717, -0.06255
119000, 9520080, 0.96230, 0.03372, 0.96230, 0.03372, -3.22497, 0.00671, -0.01667
119100, 9528080, 0.96280, 0.01540, 0.96280, 0.01540, -3.03118, 0.02930, 0.14541
119200, 9536080, 0.93420, 0.03136, 0.93420, 0.03136, -3.25171, 0.00807, 0.02906
119300, 9544080, 0.92290, 0.04408, 0.92290, 0.04408, -3.02785, 0.00539, -0.09697
119400, 9552080, 0.96410, 0.03664, 0.96410, 0.03664, -3.09597, 0.00398, 0.09681
119500, 9560080, 0.67100, 0.58736, 0.67100, 0.58736, -3.30345, 0.00437, -0.15634
119600, 9568080, 0.94430, 0.03429, 0.94430, 0.03429, -3.21789, 0.00492, 0.00715
119700, 9576080, 0.92040, 0.07019, 0.92040, 0.07019, -3.22582, 0.00258, -0.08064
119800, 9584080, 0.96880, 0.02338, 0.96880, 0.02338, -3.33883, 0.01799, -0.13100
119900, 9592080, 0.93990, 0.04093, 0.93990, 0.04093, -3.20119, 0.01224, -0.14295
120000, 9600080, 0.95180, 0.04199, 0.95180, 0.04199, -3.33509, 0.00391, 0.06179
120100, 9608080, 0.97070, 0.01506, 0.97070, 0.01506, -3.22221, 0.03364, -0.21249
120200, 9616080, 0.94420, 0.05137, 0.94420, 0.05137, -3.11667, 0.00433, 0.05563
120300, 9624080, 0.98030, 0.01026, 0.98030, 0.01026, -3.12054, 0.01829, 0.28722
120400, 9632080, 0.95790, 0.03068, 0.95790, 0.03068, -3.23148, 0.01128, -0.05804
120500, 9640080, 0.95290, 0.03237, 0.95290, 0.03237, -3.30177, 0.00600, -0.09607
120600, 9648080, 0.96480, 0.00721, 0.96480, 0.00721, -3.07911, 0.00666, -0.04162
120700, 9656080, 0.94140, 0.05368, 0.94140, 0.05368, -3.11652, 0.00624, 0.07252
120800, 9664080, 0.96800, 0.01088, 0.96800, 0.01088, -3.13539, 0.02375, -0.08032
120900, 9672080, 0.92320, 0.04939, 0.92320, 0.04939, -3.24190, 0.00208, -0.09920
121000, 9680080, 0.95260, 0.05988, 0.95260, 0.05988, -3.29681, 0.00306, -0.04957
121100, 9688080, 0.93920, 0.01983, 0.93920, 0.01983, -3.32008, 0.00261, -0.06428
121200, 9696080, 0.95150, 0.03040, 0.95150, 0.03040, -3.23760, 0.00568, 0.05045
121300, 9704080, 0.94560, 0.02941, 0.94560, 0.02941, -3.19651, 0.01172, 0.18355
121400, 9712080, 0.92930, 0.04584, 0.92930, 0.04584, -3.41395, 0.00131, -0.08261
121500, 9720080, 0.95210, 0.01424, 0.95210, 0.01424, -3.18779, 0.00778, 0.07817
121600, 9728080, 0.96500, 0.00711, 0.96500, 0.00711, -3.25982, 0.00400, -0.08886
121700, 9736080, 0.95500, 0.03248, 0.95500, 0.03248, -3.20247, 0.00681, 0.06064
121800, 9744080, 0.96180, 0.03082, 0.96180, 0.03082, -3.27508, 0.00947, -0.16460
121900, 9752080, 0.65500, 0.57827, 0.65500, 0.57827, -3.24397, 0.01432, 0.17552
122000, 9760080, 0.65210, 0.57659, 0.65210, 0.57659, -3.30702, 0.02299, -0.00234
122100, 9768080, 0.89680, 0.07149, 0.89680, 0.07149, -3.27324, 0.00676, 0.12773
122200, 9776080, 0.95430, 0.05493, 0.95430, 0.05493, -3.31135, 0.01423, 0.12932
122300, 9784080, 0.92950, 0.04491, 0.92950, 0.04491, -3.29274, 0.00674, 0.08217
122400, 9792080, 0.94480, 0.01845, 0.94480, 0.01845, -3.06902, 0.00591, -0.04925
122500, 9800080, 0.93650, 0.04209, 0.93650, 0.04209, -3.28130, 0.00392, -0.03618
122600, 9808080, 0.96190, 0.03411, 0.96190, 0.03411, -3.24829, 0.00253, -0.02909
122700, 9816080, 0.96550, 0.03843, 0.96550, 0.03843, -3.28517, 0.00442, 0.00430
122800, 9824080, 0.96860, 0.03016, 0.96860, 0.03016, -3.25082, 0.00473, -0.09354
122900, 9832080, 0.96750, 0.00925, 0.96750, 0.00925, -3.16703, 0.00974, 0.12682
123000, 9840080, 0.97450, 0.02244, 0.97450, 0.02244, -3.27846, 0.01038, 0.06473
123100, 9848080, 0.96810, 0.01538, 0.96810, 0.01538, -3.30630, 0.00254, -0.11284
123200, 9856080, 0.96220, 0.01727, 0.96220, 0.01727, -3.32995, 0.00422, -0.02964
123300, 9864080, 0.95390, 0.06009, 0.95390, 0.06009, -3.35391, 0.00777, -0.18874
123400, 9872080, 0.94660, 0.02156, 0.94660, 0.02156, -3.05316, 0.01152, 0.15083
123500, 9880080, 0.96620, 0.01847, 0.96620, 0.01847, -3.31479, 0.01144, -0.07628
123600, 9888080, 0.94230, 0.04121, 0.94230, 0.04121, -3.25657, 0.00900, 0.01307
123700, 9896080, 0.97960, 0.01460, 0.97960, 0.01460, -3.29624, 0.01008, 0.12091
123800, 9904080, 0.94790, 0.04645, 0.94790, 0.04645, -3.32897, 0.01775, 0.33262
123900, 9912080, 0.92940, 0.03295, 0.92940, 0.03295, -3.21211, 0.00439, 0.10401
124000, 9920080, 0.97030, 0.02608, 0.97030, 0.02608, -3.23532, 0.00815, 0.07965
124100, 9928080, 0.95790, 0.01761, 0.95790, 0.01761, -3.22081, 0.00311, 0.05907
124200, 9936080, 0.95400, 0.02252, 0.95400, 0.02252, -3.24165, 0.00471, 0.01473
124300, 9944080, 0.95000, 0.01962, 0.95000, 0.01962, -3.36180, 0.00513, 0.12554
124400, 9952080, 0.95430, 0.03810, 0.95430, 0.03810, -3.13784, 0.00568, -0.09585
124500, 9960080, 0.97260, 0.01549, 0.97260, 0.01549, -3.29059, 0.00905, -0.08814
124600, 9968080, 0.96620, 0.01646, 0.96620, 0.01646, -3.36340, 0.00321, -0.02667
124700, 9976080, 0.94200, 0.02295, 0.94200, 0.02295, -3.18789, 0.00149, 0.00992
124800, 9984080, 0.96610, 0.02720, 0.96610, 0.02720, -3.08013, 0.00646, 0.07581
124900, 9992080, 0.97820, 0.01088, 0.97820, 0.01088, -3.16967, 0.00529, 0.07129
