0, 80, 0.00000, 0.00000, 0.00000, 0.00000, -2.76795, 0.00358, 0.13596
100, 8080, 0.00000, 0.00000, 0.00000, 0.00000, -2.77249, 0.00000, 0.00217
200, 16080, 0.00000, 0.00000, 0.00000, 0.00000, -2.77255, 0.00000, 0.00104
300, 24080, 0.00000, 0.00000, 0.00000, 0.00000, -2.77258, 0.00000, -0.00061
400, 32080, 0.00000, 0.00000, 0.00000, 0.00000, -2.77258, 0.00000, -0.00060
500, 40080, 0.00000, 0.00000, 0.00000, 0.00000, -2.77259, 0.00000, 0.00014
600, 48080, 0.00000, 0.00000, 0.00000, 0.00000, -2.77259, 0.00000, -0.00119
700, 56080, 0.00000, 0.00000, 0.00000, 0.00000, -2.77259, 0.00000, 0.00065
800, 64080, 0.00000, 0.00000, 0.00000, 0.00000, -2.77259, 0.00000, -0.00038
900, 72080, 0.00000, 0.00000, 0.00000, 0.00000, -2.77259, 0.00000, 0.00035
1000, 80080, 0.00000, 0.00000, 0.00000, 0.00000, -2.77259, 0.00000, -0.00083
1100, 88080, 0.00000, 0.00000, 0.00000, 0.00000, -2.77259, 0.00000, -0.00099
1200, 96080, 0.00000, 0.00000, 0.00000, 0.00000, -2.77259, 0.00000, 0.00014
1300, 104080, 0.00000, 0.00000, 0.00000, 0.00000, -2.77259, 0.00000, 0.00010
1400, 112080, 0.00000, 0.00000, 0.00000, 0.00000, -2.77259, 0.00000, 0.00066
1500, 120080, 0.00000, 0.00000, 0.00000, 0.00000, -2.77257, 0.00000, -0.00021
1600, 128080, 0.00000, 0.00000, 0.00000, 0.00000, -2.77258, 0.00000, 0.00057
1700, 136080, 0.00000, 0.00000, 0.00000, 0.00000, -2.77254, 0.00000, -0.00034
1800, 144080, 0.00000, 0.00000, 0.00000, 0.00000, -2.77256, 0.00000, 0.00051
1900, 152080, 0.00000, 0.00000, 0.00000, 0.00000, -2.77257, 0.00000, -0.00003
2000, 160080, 0.00000, 0.00000, 0.00000, 0.00000, -2.77258, 0.00000, 0.00009
2100, 168080, 0.00000, 0.00000, 0.00000, 0.00000, -2.77259, 0.00000, -0.00158
2200, 176080, 0.00000, 0.00000, 0.00000, 0.00000, -2.77259, 0.00000, 0.00007
2300, 184080, 0.00000, 0.00000, 0.00000, 0.00000, -2.77255, 0.00000, 0.00002
2400, 192080, 0.00000, 0.00000, 0.00000, 0.00000, -2.77257, 0.00000, 0.00092
2500, 200080, 0.00000, 0.00000, 0.00000, 0.00000, -2.77258, 0.00000, -0.00147
2600, 208080, 0.00000, 0.00000, 0.00000, 0.00000, -2.77258, 0.00000, -0.00014
2700, 216080, 0.00000, 0.00000, 0.00000, 0.00000, -2.77258, 0.00000, 0.00003
2800, 224080, 0.00000, 0.00000, 0.00000, 0.00000, -2.77258, 0.00000, -0.00015
2900, 232080, 0.00000, 0.00000, 0.00000, 0.00000, -2.77259, 0.00000, 0.00002
3000, 240080, 0.00000, 0.00000, 0.00000, 0.00000, -2.77258, 0.00000, -0.00188
3100, 248080, 0.00000, 0.00000, 0.00000, 0.00000, -2.77259, 0.00000, 0.00008
3200, 256080, 0.00000, 0.00000, 0.00000, 0.00000, -2.77259, 0.00000, 0.00026
3300, 264080, 0.00000, 0.00000, 0.00000, 0.00000, -2.77258, 0.00000, -0.00005
3400, 272080, 0.00000, 0.00000, 0.00000, 0.00000, -2.77259, 0.00000, 0.00003
3500, 280080, 0.00000, 0.00000, 0.00000, 0.00000, -2.77259, 0.00000, -0.00003
3600, 288080, 0.00000, 0.00000, 0.00000, 0.00000, -2.77259, 0.00000, -0.00018
3700, 296080, 0.00000, 0.00000, 0.00000, 0.00000, -2.77259, 0.00000, -0.00004
3800, 304080, 0.00000, 0.00000, 0.00000, 0.00000, -2.77259, 0.00000, -0.00001
3900, 312080, 0.00000, 0.00000, 0.00000, 0.00000, -2.77259, 0.00000, 0.00006
4000, 320080, 0.00000, 0.00000, 0.00000, 0.00000, -2.77259, 0.00000, -0.00004
4100, 328080, 0.00000, 0.00000, 0.00000, 0.00000, -2.77259, 0.00000, -0.00000
4200, 336080, 0.00000, 0.00000, 0.00000, 0.00000, -2.77259, 0.00000, -0.00001
4300, 344080, 0.00000, 0.00000, 0.00000, 0.00000, -2.77259, 0.00000, 0.00022
4400, 352080, 0.00000, 0.00000, 0.00000, 0.00000, -2.77258, 0.00000, -0.00001
4500, 360080, 0.00000, 0.00000, 0.00000, 0.00000, -2.77259, 0.00000, 0.00021
4600, 368080, 0.00000, 0.00000, 0.00000, 0.00000, -2.77258, 0.00001, -0.00809
4700, 376080, 0.00000, 0.00000, 0.00000, 0.00000, -2.77259, 0.00000, 0.00001
4800, 384080, 0.00000, 0.00000, 0.00000, 0.00000, -2.77259, 0.00000, -0.00000
4900, 392080, 0.00000, 0.00000, 0.00000, 0.00000, -2.77259, 0.00000, -0.00001
5000, 400080, 0.00000, 0.00000, 0.00000, 0.00000, -2.77258, 0.00000, -0.00003
5100, 408080, 0.00000, 0.00000, 0.00000, 0.00000, -2.77258, 0.00000, 0.00002
5200, 416080, 0.00000, 0.00000, 0.00000, 0.00000, -2.77259, 0.00000, 0.00002
5300, 424080, 0.00000, 0.00000, 0.00000, 0.00000, -2.77259, 0.00000, -0.00001
5400, 432080, 0.00000, 0.00000, 0.00000, 0.00000, -2.77259, 0.00000, 0.00000
5500, 440080, 0.00000, 0.00000, 0.00000, 0.00000, -2.77259, 0.00000, -0.00006
5600, 448080, 0.00000, 0.00000, 0.00000, 0.00000, -2.77259, 0.00000, 0.00029
5700, 456080, 0.00000, 0.00000, 0.00000, 0.00000, -2.77259, 0.00000, -0.00002
5800, 464080, 0.00000, 0.00000, 0.00000, 0.00000, -2.77259, 0.00000, 0.00000
5900, 472080, 0.00000, 0.00000, 0.00000, 0.00000, -2.77257, 0.00000, 0.00002
6000, 480080, 0.00000, 0.00000, 0.00000, 0.00000, -2.77258, 0.00000, -0.00001
6100, 488080, 0.00000, 0.00000, 0.00000, 0.00000, -2.77258, 0.00000, -0.00004
6200, 496080, 0.00000, 0.00000, 0.00000, 0.00000, -2.77259, 0.00000, 0.00004
6300, 504080, 0.00000, 0.00000, 0.00000, 0.00000, -2.77259, 0.00000, -0.00002
6400, 512080, 0.00000, 0.00000, 0.00000, 0.00000, -2.77259, 0.00000, -0.00008
6500, 520080, 0.00000, 0.00000, 0.00000, 0.00000, -2.77256, 0.00000, -0.00072
6600, 528080, 0.00000, 0.00000, 0.00000, 0.00000, -2.77257, 0.00000, -0.00000
6700, 536080, 0.00000, 0.00000, 0.00000, 0.00000, -2.77258, 0.00000, 0.00000
6800, 544080, 0.00000, 0.00000, 0.00000, 0.00000, -2.77258, 0.00000, 0.00004
6900, 552080, 0.00000, 0.00000, 0.00000, 0.00000, -2.77259, 0.00000, -0.00001
7000, 560080, 0.00000, 0.00000, 0.00000, 0.00000, -2.77259, 0.00000, -0.00005
7100, 568080, 0.00000, 0.00000, 0.00000, 0.00000, -2.77259, 0.00000, -0.00042
7200, 576080, 0.00000, 0.00000, 0.00000, 0.00000, -2.77259, 0.00000, -0.00136
7300, 584080, 0.00000, 0.00000, 0.00000, 0.00000, -2.77259, 0.00000, 0.00000
7400, 592080, 0.00000, 0.00000, 0.00000, 0.00000, -2.77259, 0.00000, 0.00136
7500, 600080, 0.00000, 0.00000, 0.00000, 0.00000, -2.77259, 0.00000, 0.00000
7600, 608080, 0.00000, 0.00000, 0.00000, 0.00000, -2.77255, 0.00000, -0.00000
7700, 616080, 0.00000, 0.00000, 0.00000, 0.00000, -2.77256, 0.00000, 0.00001
7800, 624080, 0.00000, 0.00000, 0.00000, 0.00000, -2.77257, 0.00000, -0.00008
7900, 632080, 0.00000, 0.00000, 0.00000, 0.00000, -2.77258, 0.00000, -0.00002
8000, 640080, 0.00000, 0.00000, 0.00000, 0.00000, -2.77259, 0.00000, -0.00004
8100, 648080, 0.00000, 0.00000, 0.00000, 0.00000, -2.77259, 0.00000, 0.00002
8200, 656080, 0.00000, 0.00000, 0.00000, 0.00000, -2.77259, 0.00000, -0.00005
8300, 664080, 0.00000, 0.00000, 0.00000, 0.00000, -2.77259, 0.00000, 0.00000
8400, 672080, 0.00000, 0.00000, 0.00000, 0.00000, -2.77259, 0.00000, 0.00005
8500, 680080, 0.00000, 0.00000, 0.00000, 0.00000, -2.77255, 0.00000, -0.00003
8600, 688080, 0.00000, 0.00000, 0.00000, 0.00000, -2.77256, 0.00000, -0.00000
8700, 696080, 0.00000, 0.00000, 0.00000, 0.00000, -2.77257, 0.00000, -0.00001
8800, 704080, 0.00000, 0.00000, 0.00000, 0.00000, -2.77258, 0.00000, -0.00000
8900, 712080, 0.00000, 0.00000, 0.00000, 0.00000, -2.77258, 0.00000, -0.00000
9000, 720080, 0.00000, 0.00000, 0.00000, 0.00000, -2.77259, 0.00000, -0.00004
9100, 728080, 0.00000, 0.00000, 0.00000, 0.00000, -2.77259, 0.00000, 0.00004
9200, 736080, 0.00000, 0.00000, 0.00000, 0.00000, -2.77259, 0.00000, 0.00006
9300, 744080, 0.00000, 0.00000, 0.00000, 0.00000, -2.77259, 0.00000, -0.00103
9400, 752080, 0.00000, 0.00000, 0.00000, 0.00000, -2.77259, 0.00000, 0.00015
9500, 760080, 0.00000, 0.00000, 0.00000, 0.00000, -2.77259, 0.00000, -0.00002
9600, 768080, 0.00000, 0.00000, 0.00000, 0.00000, -2.77259, 0.00000, 0.00082
9700, 776080, 0.00000, 0.00000, 0.00000, 0.00000, -2.77258, 0.00000, -0.00005
9800, 784080, 0.00000, 0.00000, 0.00000, 0.00000, -2.77259, 0.00000, -0.00001
9900, 792080, 0.00000, 0.00000, 0.00000, 0.00000, -2.77259, 0.00000, -0.00048
10000, 800080, 0.00000, 0.00000, 0.00000, 0.00000, -2.77259, 0.00000, -0.00465
10100, 808080, 0.00000, 0.00000, 0.00000, 0.00000, -2.77259, 0.00000, -0.00002
10200, 816080, 0.00000, 0.00000, 0.00000, 0.00000, -2.77254, 0.00000, -0.00008
10300, 824080, 0.00000, 0.00000, 0.00000, 0.00000, -2.77256, 0.00000, -0.00001
10400, 832080, 0.00000, 0.00000, 0.00000, 0.00000, -2.77257, 0.00000, -0.00001
10500, 840080, 0.00000, 0.00000, 0.00000, 0.00000, -2.77258, 0.00000, -0.00001
10600, 848080, 0.00000, 0.00000, 0.00000, 0.00000, -2.77259, 0.00000, -0.00001
10700, 856080, 0.00000, 0.00000, 0.00000, 0.00000, -2.77259, 0.00000, -0.00001
10800, 864080, 0.00000, 0.00000, 0.00000, 0.00000, -2.77259, 0.00000, 0.00000
10900, 872080, 0.00000, 0.00000, 0.00000, 0.00000, -2.77259, 0.00000, -0.00017
11000, 880080, 0.00000, 0.00000, 0.00000, 0.00000, -2.77259, 0.00000, -0.00001
11100, 888080, 0.00000, 0.00000, 0.00000, 0.00000, -2.77259, 0.00000, 0.00000
11200, 896080, 0.00000, 0.00000, 0.00000, 0.00000, -2.77259, 0.00000, -0.00041
11300, 904080, 0.00000, 0.00000, 0.00000, 0.00000, -2.77259, 0.00000, -0.00003
11400, 912080, 0.00000, 0.00000, 0.00000, 0.00000, -2.77259, 0.00000, -0.00003
11500, 920080, 0.00000, 0.00000, 0.00000, 0.00000, -2.77259, 0.00000, 0.00011
11600, 928080, 0.00000, 0.00000, 0.00000, 0.00000, -2.77259, 0.00000, 0.00001
11700, 936080, 0.00000, 0.00000, 0.00000, 0.00000, -2.77259, 0.00000, -0.00001
11800, 944080, 0.00000, 0.00000, 0.00000, 0.00000, -2.77259, 0.00000, 0.00003
11900, 952080, 0.00000, 0.00000, 0.00000, 0.00000, -2.77259, 0.00000, 0.00000
12000, 960080, 0.00000, 0.00000, 0.00000, 0.00000, -2.77258, 0.00000, 0.00000
12100, 968080, 0.00000, 0.00000, 0.00000, 0.00000, -2.77259, 0.00000, -0.00000
12200, 976080, 0.00000, 0.00000, 0.00000, 0.00000, -2.77259, 0.00000, -0.00001
12300, 984080, 0.00000, 0.00000, 0.00000, 0.00000, -2.77259, 0.00000, 0.00008
12400, 992080, 0.00000, 0.00000, 0.00000, 0.00000, -2.77259, 0.00000, -0.00005
12500, 1000080, 0.00000, 0.00000, 0.00000, 0.00000, -2.77259, 0.00000, 0.00002
12600, 1008080, 0.00000, 0.00000, 0.00000, 0.00000, -2.77259, 0.00000, -0.00007
12700, 1016080, 0.00000, 0.00000, 0.00000, 0.00000, -2.77259, 0.00000, -0.00030
12800, 1024080, 0.00000, 0.00000, 0.00000, 0.00000, -2.77255, 0.00003, -0.01068
12900, 1032080, 0.00000, 0.00000, 0.00000, 0.00000, -2.77255, 0.00000, -0.00004
13000, 1040080, 0.00000, 0.00000, 0.00000, 0.00000, -2.77256, 0.00000, -0.00001
13100, 1048080, 0.00000, 0.00000, 0.00000, 0.00000, -2.77257, 0.00000, -0.00002
13200, 1056080, 0.00000, 0.00000, 0.00000, 0.00000, -2.77258, 0.00000, -0.00001
13300, 1064080, 0.00000, 0.00000, 0.00000, 0.00000, -2.77259, 0.00000, 0.00000
13400, 1072080, 0.00000, 0.00000, 0.00000, 0.00000, -2.77259, 0.00000, -0.00000
13500, 1080080, 0.00000, 0.00000, 0.00000, 0.00000, -2.77259, 0.00000, 0.00001
13600, 1088080, 0.00000, 0.00000, 0.00000, 0.00000, -2.77259, 0.00000, 0.00000
13700, 1096080, 0.00000, 0.00000, 0.00000, 0.00000, -2.77259, 0.00000, 0.00002
13800, 1104080, 0.00000, 0.00000, 0.00000, 0.00000, -2.77259, 0.00000, -0.00007
13900, 1112080, 0.00000, 0.00000, 0.00000, 0.00000, -2.77259, 0.00000, 0.00003
14000, 1120080, 0.00000, 0.00000, 0.00000, 0.00000, -2.77259, 0.00000, -0.00003
14100, 1128080, 0.00000, 0.00000, 0.00000, 0.00000, -2.77259, 0.00000, -0.00003
14200, 1136080, 0.00000, 0.00000, 0.00000, 0.00000, -2.77259, 0.00000, -0.00010
14300, 1144080, 0.00000, 0.00000, 0.00000, 0.00000, -2.77259, 0.00000, -0.00000
14400, 1152080, 0.00000, 0.00000, 0.00000, 0.00000, -2.77259, 0.00000, 0.00000
14500, 1160080, 0.00000, 0.00000, 0.00000, 0.00000, -2.77259, 0.00000, -0.00002
14600, 1168080, 0.00000, 0.00000, 0.00000, 0.00000, -2.77259, 0.00000, -0.00009
14700, 1176080, 0.00000, 0.00000, 0.00000, 0.00000, -2.77256, 0.00000, -0.00003
14800, 1184080, 0.00000, 0.00000, 0.00000, 0.00000, -2.77257, 0.00000, -0.00002
14900, 1192080, 0.00000, 0.00000, 0.00000, 0.00000, -2.77258, 0.00000, -0.00001
15000, 1200080, 0.00000, 0.00000, 0.00000, 0.00000, -2.77258, 0.00000, -0.00001
15100, 1208080, 0.00000, 0.00000, 0.00000, 0.00000, -2.77259, 0.00000, -0.00008
15200, 1216080, 0.00000, 0.00000, 0.00000, 0.00000, -2.77259, 0.00000, 0.00018
15300, 1224080, 0.00000, 0.00000, 0.00000, 0.00000, -2.77259, 0.00000, 0.00050
15400, 1232080, 0.00000, 0.00000, 0.00000, 0.00000, -2.77259, 0.00000, 0.00000
15500, 1240080, 0.00000, 0.00000, 0.00000, 0.00000, -2.77259, 0.00000, 0.00000
15600, 1248080, 0.00000, 0.00000, 0.00000, 0.00000, -2.77259, 0.00000, 0.00000
15700, 1256080, 0.00000, 0.00000, 0.00000, 0.00000, -2.77255, 0.00000, -0.00004
15800, 1264080, 0.00000, 0.00000, 0.00000, 0.00000, -2.77256, 0.00000, 0.00000
15900, 1272080, 0.00000, 0.00000, 0.00000, 0.00000, -2.77257, 0.00000, -0.00000
16000, 1280080, 0.00000, 0.00000, 0.00000, 0.00000, -2.77258, 0.00000, -0.00002
16100, 1288080, 0.00000, 0.00000, 0.00000, 0.00000, -2.77258, 0.00000, 0.00001
16200, 1296080, 0.00000, 0.00000, 0.00000, 0.00000, -2.77259, 0.00000, 0.00001
16300, 1304080, 0.00000, 0.00000, 0.00000, 0.00000, -2.77259, 0.00000, -0.00000
16400, 1312080, 0.00000, 0.00000, 0.00000, 0.00000, -2.77259, 0.00000, -0.00000
16500, 1320080, 0.00000, 0.00000, 0.00000, 0.00000, -2.77259, 0.00000, 0.00000
16600, 1328080, 0.00000, 0.00000, 0.00000, 0.00000, -2.77259, 0.00000, -0.00007
16700, 1336080, 0.00000, 0.00000, 0.00000, 0.00000, -2.77259, 0.00000, 0.00000
16800, 1344080, 0.00000, 0.00000, 0.00000, 0.00000, -2.77259, 0.00000, -0.00001
16900, 1352080, 0.00000, 0.00000, 0.00000, 0.00000, -2.77259, 0.00000, -0.00000
17000, 1360080, 0.00000, 0.00000, 0.00000, 0.00000, -2.77259, 0.00000, -0.00018
17100, 1368080, 0.00000, 0.00000, 0.00000, 0.00000, -2.77259, 0.00000, 0.00017
17200, 1376080, 0.00000, 0.00000, 0.00000, 0.00000, -2.77259, 0.00000, 0.00024
17300, 1384080, 0.00000, 0.00000, 0.00000, 0.00000, -2.77259, 0.00000, -0.00016
17400, 1392080, 0.00000, 0.00000, 0.00000, 0.00000, -2.77259, 0.00000, 0.00000
17500, 1400080, 0.00000, 0.00000, 0.00000, 0.00000, -2.77259, 0.00000, 0.00000
17600, 1408080, 0.00000, 0.00000, 0.00000, 0.00000, -2.77259, 0.00000, 0.00002
17700, 1416080, 0.00000, 0.00000, 0.00000, 0.00000, -2.77259, 0.00000, -0.00003
17800, 1424080, 0.00000, 0.00000, 0.00000, 0.00000, -2.77259, 0.00000, 0.00004
17900, 1432080, 0.00000, 0.00000, 0.00000, 0.00000, -2.77259, 0.00000, 0.00000
18000, 1440080, 0.00000, 0.00000, 0.00000, 0.00000, -2.77259, 0.00000, -0.00001
18100, 1448080, 0.00000, 0.00000, 0.00000, 0.00000, -2.77259, 0.00000, -0.00000
18200, 1456080, 0.00000, 0.00000, 0.00000, 0.00000, -2.77259, 0.00000, -0.00024
18300, 1464080, 0.00000, 0.00000, 0.00000, 0.00000, -2.77259, 0.00000, 0.00089
18400, 1472080, 0.00000, 0.00000, 0.00000, 0.00000, -2.77259, 0.00000, 0.00001
18500, 1480080, 0.00000, 0.00000, 0.00000, 0.00000, -2.77259, 0.00000, -0.00000
18600, 1488080, 0.00000, 0.00000, 0.00000, 0.00000, -2.77259, 0.00000, 0.00005
18700, 1496080, 0.00000, 0.00000, 0.00000, 0.00000, -2.77259, 0.00000, -0.00080
18800, 1504080, 0.00000, 0.00000, 0.00000, 0.00000, -2.77259, 0.00000, -0.00000
18900, 1512080, 0.00000, 0.00000, 0.00000, 0.00000, -2.77259, 0.00000, 0.00005
19000, 1520080, 0.00000, 0.00000, 0.00000, 0.00000, -2.77259, 0.00000, -0.00000
19100, 1528080, 0.00000, 0.00000, 0.00000, 0.00000, -2.77259, 0.00000, -0.00013
19200, 1536080, 0.00000, 0.00000, 0.00000, 0.00000, -2.77259, 0.00000, 0.00000
19300, 1544080, 0.00000, 0.00000, 0.00000, 0.00000, -2.77259, 0.00000, 0.00000
19400, 1552080, 0.00000, 0.00000, 0.00000, 0.00000, -2.77259, 0.00000, 0.00001
19500, 1560080, 0.00000, 0.00000, 0.00000, 0.00000, -2.77259, 0.00000, 0.00000
19600, 1568080, 0.00000, 0.00000, 0.00000, 0.00000, -2.77259, 0.00000, 0.00013
19700, 1576080, 0.00000, 0.00000, 0.00000, 0.00000, -2.77259, 0.00000, -0.00000
19800, 1584080, 0.00000, 0.00000, 0.00000, 0.00000, -2.77259, 0.00000, -0.00030
19900, 1592080, 0.00000, 0.00000, 0.00000, 0.00000, -2.77259, 0.00000, 0.00000
20000, 1600080, 0.00000, 0.00000, 0.00000, 0.00000, -2.77259, 0.00000, -0.00003
20100, 1608080, 0.00000, 0.00000, 0.00000, 0.00000, -2.77259, 0.00000, -0.00001
20200, 1616080, 0.00000, 0.00000, 0.00000, 0.00000, -2.77259, 0.00000, -0.00000
20300, 1624080, 0.00000, 0.00000, 0.00000, 0.00000, -2.77259, 0.00000, 0.00001
20400, 1632080, 0.00000, 0.00000, 0.00000, 0.00000, -2.77259, 0.00000, -0.00001
20500, 1640080, 0.00000, 0.00000, 0.00000, 0.00000, -2.77259, 0.00000, -0.00045
20600, 1648080, 0.00000, 0.00000, 0.00000, 0.00000, -2.77255, 0.00000, -0.00058
20700, 1656080, 0.00000, 0.00000, 0.00000, 0.00000, -2.77256, 0.00000, 0.00001
20800, 1664080, 0.00000, 0.00000, 0.00000, 0.00000, -2.77257, 0.00000, -0.00000
20900, 1672080, 0.00000, 0.00000, 0.00000, 0.00000, -2.77258, 0.00000, -0.00000
21000, 1680080, 0.00000, 0.00000, 0.00000, 0.00000, -2.77258, 0.00000, 0.00000
21100, 1688080, 0.00000, 0.00000, 0.00000, 0.00000, -2.77259, 0.00000, -0.00000
21200, 1696080, 0.00000, 0.00000, 0.00000, 0.00000, -2.77259, 0.00000, 0.00021
21300, 1704080, 0.00000, 0.00000, 0.00000, 0.00000, -2.77259, 0.00000, -0.00005
21400, 1712080, 0.00000, 0.00000, 0.00000, 0.00000, -2.77259, 0.00000, 0.00000
21500, 1720080, 0.00000, 0.00000, 0.00000, 0.00000, -2.77259, 0.00000, -0.00002
21600, 1728080, 0.00000, 0.00000, 0.00000, 0.00000, -2.77259, 0.00000, 0.00001
21700, 1736080, 0.00000, 0.00000, 0.00000, 0.00000, -2.77259, 0.00000, -0.00000
21800, 1744080, 0.00000, 0.00000, 0.00000, 0.00000, -2.77258, 0.00000, 0.00068
21900, 1752080, 0.00000, 0.00000, 0.00000, 0.00000, -2.77259, 0.00000, 0.00132
22000, 1760080, 0.00000, 0.00000, 0.00000, 0.00000, -2.77259, 0.00000, -0.00003
22100, 1768080, 0.00000, 0.00000, 0.00000, 0.00000, -2.77259, 0.00000, -0.00295
22200, 1776080, 0.00000, 0.00000, 0.00000, 0.00000, -2.77259, 0.00000, -0.00000
22300, 1784080, 0.00000, 0.00000, 0.00000, 0.00000, -2.77259, 0.00000, 0.00020
22400, 1792080, 0.00000, 0.00000, 0.00000, 0.00000, -2.77259, 0.00000, 0.00000
22500, 1800080, 0.00000, 0.00000, 0.00000, 0.00000, -2.77259, 0.00000, 0.00005
22600, 1808080, 0.00000, 0.00000, 0.00000, 0.00000, -2.77259, 0.00000, 0.00001
22700, 1816080, 0.00000, 0.00000, 0.00000, 0.00000, -2.77259, 0.00000, 0.00161
22800, 1824080, 0.00000, 0.00000, 0.00000, 0.00000, -2.77259, 0.00000, 0.00003
22900, 1832080, 0.00000, 0.00000, 0.00000, 0.00000, -2.77259, 0.00000, 0.00037
23000, 1840080, 0.00000, 0.00000, 0.00000, 0.00000, -2.77259, 0.00000, 0.00001
23100, 1848080, 0.00000, 0.00000, 0.00000, 0.00000, -2.77258, 0.00000, -0.00214
23200, 1856080, 0.00000, 0.00000, 0.00000, 0.00000, -2.77259, 0.00000, -0.00002
23300, 1864080, 0.00000, 0.00000, 0.00000, 0.00000, -2.77259, 0.00000, -0.00000
23400, 1872080, 0.00000, 0.00000, 0.00000, 0.00000, -2.77259, 0.00000, 0.00011
23500, 1880080, 0.00000, 0.00000, 0.00000, 0.00000, -2.77259, 0.00000, 0.00001
23600, 1888080, 0.00000, 0.00000, 0.00000, 0.00000, -2.77259, 0.00000, -0.00002
23700, 1896080, 0.00000, 0.00000, 0.00000, 0.00000, -2.77259, 0.00000, 0.00177
23800, 1904080, 0.00000, 0.00000, 0.00000, 0.00000, -2.77258, 0.00000, -0.00244
23900, 1912080, 0.00000, 0.00000, 0.00000, 0.00000, -2.77259, 0.00000, 0.00001
24000, 1920080, 0.00000, 0.00000, 0.00000, 0.00000, -2.77259, 0.00000, -0.00000
24100, 1928080, 0.00000, 0.00000, 0.00000, 0.00000, -2.77259, 0.00000, 0.00000
24200, 1936080, 0.00000, 0.00000, 0.00000, 0.00000, -2.77259, 0.00000, 0.00004
24300, 1944080, 0.00000, 0.00000, 0.00000, 0.00000, -2.77259, 0.00000, 0.00001
24400, 1952080, 0.00000, 0.00000, 0.00000, 0.00000, -2.77259, 0.00000, 0.00000
24500, 1960080, 0.00000, 0.00000, 0.00000, 0.00000, -2.77259, 0.00000, -0.00004
24600, 1968080, 0.00000, 0.00000, 0.00000, 0.00000, -2.77259, 0.00000, 0.00180
24700, 1976080, 0.00000, 0.00000, 0.00000, 0.00000, -2.77259, 0.00000, -0.00002
24800, 1984080, 0.00000, 0.00000, 0.00000, 0.00000, -2.77255, 0.00000, -0.00025
24900, 1992080, 0.00000, 0.00000, 0.00000, 0.00000, -2.77256, 0.00000, -0.00002
25000, 2000080, 0.00000, 0.00000, 0.00000, 0.00000, -2.77257, 0.00000, -0.00001
25100, 2008080, 0.00000, 0.00000, 0.00000, 0.00000, -2.77256, 0.00000, -0.00008
25200, 2016080, 0.00000, 0.00000, 0.00000, 0.00000, -2.77257, 0.00000, -0.00003
25300, 2024080, 0.00000, 0.00000, 0.00000, 0.00000, -2.77258, 0.00000, -0.00001
25400, 2032080, 0.00000, 0.00000, 0.00000, 0.00000, -2.77258, 0.00000, -0.00001
25500, 2040080, 0.00000, 0.00000, 0.00000, 0.00000, -2.77259, 0.00000, -0.00000
25600, 2048080, 0.00000, 0.00000, 0.00000, 0.00000, -2.77259, 0.00000, -0.00000
25700, 2056080, 0.00000, 0.00000, 0.00000, 0.00000, -2.77259, 0.00000, -0.00000
25800, 2064080, 0.00000, 0.00000, 0.00000, 0.00000, -2.77255, 0.00000, -0.00010
25900, 2072080, 0.00000, 0.00000, 0.00000, 0.00000, -2.77256, 0.00000, -0.00002
26000, 2080080, 0.00000, 0.00000, 0.00000, 0.00000, -2.77257, 0.00000, -0.00001
26100, 2088080, 0.00000, 0.00000, 0.00000, 0.00000, -2.77258, 0.00000, -0.00001
26200, 2096080, 0.00000, 0.00000, 0.00000, 0.00000, -2.77259, 0.00000, -0.00002
26300, 2104080, 0.00000, 0.00000, 0.00000, 0.00000, -2.77259, 0.00000, -0.00000
26400, 2112080, 0.00000, 0.00000, 0.00000, 0.00000, -2.77259, 0.00000, -0.00000
26500, 2120080, 0.00000, 0.00000, 0.00000, 0.00000, -2.77259, 0.00000, 0.00047
26600, 2128080, 0.00000, 0.00000, 0.00000, 0.00000, -2.77259, 0.00000, -0.00010
26700, 2136080, 0.00000, 0.00000, 0.00000, 0.00000, -2.77259, 0.00000, -0.00001
26800, 2144080, 0.00000, 0.00000, 0.00000, 0.00000, -2.77259, 0.00000, -0.00000
26900, 2152080, 0.00000, 0.00000, 0.00000, 0.00000, -2.77259, 0.00000, -0.00001
27000, 2160080, 0.00000, 0.00000, 0.00000, 0.00000, -2.77259, 0.00000, -0.00161
27100, 2168080, 0.00000, 0.00000, 0.00000, 0.00000, -2.77259, 0.00000, 0.00001
27200, 2176080, 0.00000, 0.00000, 0.00000, 0.00000, -2.77259, 0.00000, -0.00002
27300, 2184080, 0.00000, 0.00000, 0.00000, 0.00000, -2.77259, 0.00000, -0.00001
27400, 2192080, 0.00000, 0.00000, 0.00000, 0.00000, -2.77259, 0.00000, 0.00001
27500, 2200080, 0.00000, 0.00000, 0.00000, 0.00000, -2.77259, 0.00000, -0.00000
27600, 2208080, 0.00000, 0.00000, 0.00000, 0.00000, -2.77259, 0.00000, -0.00000
27700, 2216080, 0.00000, 0.00000, 0.00000, 0.00000, -2.77258, 0.00000, 0.00122
27800, 2224080, 0.00000, 0.00000, 0.00000, 0.00000, -2.77259, 0.00000, -0.00000
27900, 2232080, 0.00000, 0.00000, 0.00000, 0.00000, -2.77258, 0.00000, -0.00207
28000, 2240080, 0.00000, 0.00000, 0.00000, 0.00000, -2.77259, 0.00000, 0.00002
28100, 2248080, 0.00000, 0.00000, 0.00000, 0.00000, -2.77259, 0.00000, -0.00000
28200, 2256080, 0.00000, 0.00000, 0.00000, 0.00000, -2.77259, 0.00000, 0.00000
28300, 2264080, 0.00000, 0.00000, 0.00000, 0.00000, -2.77259, 0.00000, -0.00001
28400, 2272080, 0.00000, 0.00000, 0.00000, 0.00000, -2.77259, 0.00000, -0.00001
28500, 2280080, 0.00000, 0.00000, 0.00000, 0.00000, -2.77259, 0.00000, -0.00000
28600, 2288080, 0.00000, 0.00000, 0.00000, 0.00000, -2.77259, 0.00000, -0.00001
28700, 2296080, 0.00000, 0.00000, 0.00000, 0.00000, -2.77259, 0.00000, 0.00000
28800, 2304080, 0.00000, 0.00000, 0.00000, 0.00000, -2.77258, 0.00000, -0.00249
28900, 2312080, 0.00000, 0.00000, 0.00000, 0.00000, -2.77259, 0.00000, 0.00012
29000, 2320080, 0.00000, 0.00000, 0.00000, 0.00000, -2.77259, 0.00000, -0.00001
29100, 2328080, 0.00000, 0.00000, 0.00000, 0.00000, -2.77259, 0.00000, 0.00000
29200, 2336080, 0.00000, 0.00000, 0.00000, 0.00000, -2.77259, 0.00000, -0.00003
29300, 2344080, 0.00000, 0.00000, 0.00000, 0.00000, -2.77259, 0.00000, 0.00001
29400, 2352080, 0.00000, 0.00000, 0.00000, 0.00000, -2.77259, 0.00000, 0.00020
29500, 2360080, 0.00000, 0.00000, 0.00000, 0.00000, -2.77259, 0.00000, -0.00002
29600, 2368080, 0.00000, 0.00000, 0.00000, 0.00000, -2.77259, 0.00000, -0.00000
29700, 2376080, 0.00000, 0.00000, 0.00000, 0.00000, -2.77259, 0.00000, -0.00002
29800, 2384080, 0.00000, 0.00000, 0.00000, 0.00000, -2.77259, 0.00000, -0.00000
29900, 2392080, 0.00000, 0.00000, 0.00000, 0.00000, -2.77255, 0.00000, -0.00003
30000, 2400080, 0.00000, 0.00000, 0.00000, 0.00000, -2.77256, 0.00000, -0.00003
30100, 2408080, 0.00000, 0.00000, 0.00000, 0.00000, -2.77257, 0.00000, -0.00003
30200, 2416080, 0.00000, 0.00000, 0.00000, 0.00000, -2.77258, 0.00000, -0.00001
30300, 2424080, 0.00000, 0.00000, 0.00000, 0.00000, -2.77259, 0.00000, -0.00000
30400, 2432080, 0.00000, 0.00000, 0.00000, 0.00000, -2.77259, 0.00000, -0.00000
30500, 2440080, 0.00000, 0.00000, 0.00000, 0.00000, -2.77259, 0.00000, 0.00004
30600, 2448080, 0.00000, 0.00000, 0.00000, 0.00000, -2.77259, 0.00000, -0.00001
30700, 2456080, 0.00000, 0.00000, 0.00000, 0.00000, -2.77259, 0.00000, 0.00284
30800, 2464080, 0.00000, 0.00000, 0.00000, 0.00000, -2.77259, 0.00000, 0.00001
30900, 2472080, 0.00000, 0.00000, 0.00000, 0.00000, -2.77259, 0.00000, 0.00000
31000, 2480080, 0.00000, 0.00000, 0.00000, 0.00000, -2.77259, 0.00000, -0.00001
31100, 2488080, 0.00000, 0.00000, 0.00000, 0.00000, -2.77259, 0.00000, -0.00000
31200, 2496080, 0.00000, 0.00000, 0.00000, 0.00000, -2.77259, 0.00000, -0.00000
31300, 2504080, 0.00000, 0.00000, 0.00000, 0.00000, -2.77259, 0.00000, -0.00000
31400, 2512080, 0.00000, 0.00000, 0.00000, 0.00000, -2.77259, 0.00000, 0.00001
31500, 2520080, 0.00000, 0.00000, 0.00000, 0.00000, -2.77255, 0.00000, -0.00009
31600, 2528080, 0.00000, 0.00000, 0.00000, 0.00000, -2.77256, 0.00000, -0.00004
31700, 2536080, 0.00000, 0.00000, 0.00000, 0.00000, -2.77257, 0.00000, 0.00005
31800, 2544080, 0.00000, 0.00000, 0.00000, 0.00000, -2.77258, 0.00000, -0.00002
31900, 2552080, 0.00000, 0.00000, 0.00000, 0.00000, -2.77259, 0.00000, 0.00000
32000, 2560080, 0.00000, 0.00000, 0.00000, 0.00000, -2.77259, 0.00000, 0.00004
32100, 2568080, 0.00000, 0.00000, 0.00000, 0.00000, -2.77259, 0.00000, -0.00051
32200, 2576080, 0.00000, 0.00000, 0.00000, 0.00000, -2.77259, 0.00000, 0.00003
32300, 2584080, 0.00000, 0.00000, 0.00000, 0.00000, -2.77255, 0.00000, -0.00003
32400, 2592080, 0.00000, 0.00000, 0.00000, 0.00000, -2.77257, 0.00000, -0.00001
32500, 2600080, 0.00000, 0.00000, 0.00000, 0.00000, -2.77258, 0.00000, -0.00000
32600, 2608080, 0.00000, 0.00000, 0.00000, 0.00000, -2.77258, 0.00000, -0.00003
32700, 2616080, 0.00000, 0.00000, 0.00000, 0.00000, -2.77259, 0.00000, -0.00001
32800, 2624080, 0.00000, 0.00000, 0.00000, 0.00000, -2.77259, 0.00000, -0.00006
32900, 2632080, 0.00000, 0.00000, 0.00000, 0.00000, -2.77259, 0.00000, -0.00007
33000, 2640080, 0.00000, 0.00000, 0.00000, 0.00000, -2.77259, 0.00000, -0.00001
33100, 2648080, 0.00000, 0.00000, 0.00000, 0.00000, -2.77259, 0.00000, -0.00002
33200, 2656080, 0.00000, 0.00000, 0.00000, 0.00000, -2.77259, 0.00000, 0.00042
33300, 2664080, 0.00000, 0.00000, 0.00000, 0.00000, -2.77259, 0.00000, 0.00049
33400, 2672080, 0.00000, 0.00000, 0.00000, 0.00000, -2.77259, 0.00000, 0.00001
33500, 2680080, 0.00000, 0.00000, 0.00000, 0.00000, -2.77258, 0.00000, -0.00002
33600, 2688080, 0.00000, 0.00000, 0.00000, 0.00000, -2.77259, 0.00000, -0.00037
33700, 2696080, 0.00000, 0.00000, 0.00000, 0.00000, -2.77259, 0.00000, 0.00015
33800, 2704080, 0.00000, 0.00000, 0.00000, 0.00000, -2.77259, 0.00000, 0.00026
33900, 2712080, 0.00000, 0.00000, 0.00000, 0.00000, -2.77259, 0.00000, -0.00019
34000, 2720080, 0.00000, 0.00000, 0.00000, 0.00000, -2.77259, 0.00000, 0.00000
34100, 2728080, 0.00000, 0.00000, 0.00000, 0.00000, -2.77259, 0.00000, -0.00006
34200, 2736080, 0.00000, 0.00000, 0.00000, 0.00000, -2.77259, 0.00000, -0.00002
34300, 2744080, 0.00000, 0.00000, 0.00000, 0.00000, -2.77259, 0.00000, 0.00000
34400, 2752080, 0.00000, 0.00000, 0.00000, 0.00000, -2.77259, 0.00000, -0.00001
34500, 2760080, 0.00000, 0.00000, 0.00000, 0.00000, -2.77255, 0.00000, -0.00009
34600, 2768080, 0.00000, 0.00000, 0.00000, 0.00000, -2.77257, 0.00000, -0.00001
34700, 2776080, 0.00000, 0.00000, 0.00000, 0.00000, -2.77258, 0.00000, -0.00001
34800, 2784080, 0.00000, 0.00000, 0.00000, 0.00000, -2.77258, 0.00000, -0.00000
34900, 2792080, 0.00000, 0.00000, 0.00000, 0.00000, -2.77258, 0.00000, -0.00007
35000, 2800080, 0.00000, 0.00000, 0.00000, 0.00000, -2.77255, 0.00000, -0.00033
35100, 2808080, 0.00000, 0.00000, 0.00000, 0.00000, -2.77256, 0.00000, 0.00001
35200, 2816080, 0.00000, 0.00000, 0.00000, 0.00000, -2.77257, 0.00000, -0.00004
35300, 2824080, 0.00000, 0.00000, 0.00000, 0.00000, -2.77257, 0.00000, -0.00001
35400, 2832080, 0.00000, 0.00000, 0.00000, 0.00000, -2.77257, 0.00000, -0.00000
35500, 2840080, 0.00000, 0.00000, 0.00000, 0.00000, -2.77257, 0.00000, -0.00001
35600, 2848080, 0.00000, 0.00000, 0.00000, 0.00000, -2.77258, 0.00000, 0.00000
35700, 2856080, 0.00000, 0.00000, 0.00000, 0.00000, -2.77258, 0.00000, 0.00000
35800, 2864080, 0.00000, 0.00000, 0.00000, 0.00000, -2.77259, 0.00000, 0.00002
35900, 2872080, 0.00000, 0.00000, 0.00000, 0.00000, -2.77259, 0.00000, -0.00001
36000, 2880080, 0.00000, 0.00000, 0.00000, 0.00000, -2.77259, 0.00000, 0.00000
36100, 2888080, 0.00000, 0.00000, 0.00000, 0.00000, -2.77259, 0.00000, 0.00002
36200, 2896080, 0.00000, 0.00000, 0.00000, 0.00000, -2.77259, 0.00000, 0.00001
36300, 2904080, 0.00000, 0.00000, 0.00000, 0.00000, -2.77259, 0.00000, 0.00002
36400, 2912080, 0.00000, 0.00000, 0.00000, 0.00000, -2.77259, 0.00000, 0.00000
36500, 2920080, 0.00000, 0.00000, 0.00000, 0.00000, -2.77259, 0.00000, 0.00003
36600, 2928080, 0.00000, 0.00000, 0.00000, 0.00000, -2.77259, 0.00000, 0.00000
36700, 2936080, 0.00000, 0.00000, 0.00000, 0.00000, -2.77259, 0.00000, -0.00001
36800, 2944080, 0.00000, 0.00000, 0.00000, 0.00000, -2.77259, 0.00000, 0.00006
36900, 2952080, 0.00000, 0.00000, 0.00000, 0.00000, -2.77259, 0.00000, -0.00030
37000, 2960080, 0.00000, 0.00000, 0.00000, 0.00000, -2.77259, 0.00000, 0.00002
37100, 2968080, 0.00000, 0.00000, 0.00000, 0.00000, -2.77259, 0.00000, 0.00024
37200, 2976080, 0.00000, 0.00000, 0.00000, 0.00000, -2.77259, 0.00000, 0.00000
37300, 2984080, 0.00000, 0.00000, 0.00000, 0.00000, -2.77259, 0.00000, -0.00005
37400, 2992080, 0.00000, 0.00000, 0.00000, 0.00000, -2.77259, 0.00000, -0.00002
37500, 3000080, 0.00000, 0.00000, 0.00000, 0.00000, -2.77259, 0.00000, -0.00001
37600, 3008080, 0.00000, 0.00000, 0.00000, 0.00000, -2.77259, 0.00000, -0.00003
37700, 3016080, 0.00000, 0.00000, 0.00000, 0.00000, -2.77259, 0.00000, 0.00004
37800, 3024080, 0.00000, 0.00000, 0.00000, 0.00000, -2.77259, 0.00000, -0.00022
37900, 3032080, 0.00000, 0.00000, 0.00000, 0.00000, -2.77259, 0.00000, 0.00004
38000, 3040080, 0.00000, 0.00000, 0.00000, 0.00000, -2.77259, 0.00000, -0.00327
38100, 3048080, 0.00000, 0.00000, 0.00000, 0.00000, -2.77259, 0.00000, -0.00000
38200, 3056080, 0.00000, 0.00000, 0.00000, 0.00000, -2.77259, 0.00000, -0.00003
38300, 3064080, 0.00000, 0.00000, 0.00000, 0.00000, -2.77259, 0.00000, -0.00002
38400, 3072080, 0.00000, 0.00000, 0.00000, 0.00000, -2.77259, 0.00000, -0.00005
38500, 3080080, 0.00000, 0.00000, 0.00000, 0.00000, -2.77259, 0.00000, -0.00000
38600, 3088080, 0.00000, 0.00000, 0.00000, 0.00000, -2.77259, 0.00000, -0.00025
38700, 3096080, 0.00000, 0.00000, 0.00000, 0.00000, -2.77258, 0.00000, -0.00003
38800, 3104080, 0.00000, 0.00000, 0.00000, 0.00000, -2.77258, 0.00000, 0.00005
38900, 3112080, 0.00000, 0.00000, 0.00000, 0.00000, -2.77259, 0.00000, -0.00012
39000, 3120080, 0.00000, 0.00000, 0.00000, 0.00000, -2.77259, 0.00000, -0.00011
39100, 3128080, 0.00000, 0.00000, 0.00000, 0.00000, -2.77255, 0.00001, -0.00674
39200, 3136080, 0.00000, 0.00000, 0.00000, 0.00000, -2.77256, 0.00000, -0.00003
39300, 3144080, 0.00000, 0.00000, 0.00000, 0.00000, -2.77254, 0.00000, -0.00004
39400, 3152080, 0.00000, 0.00000, 0.00000, 0.00000, -2.77255, 0.00000, -0.00002
39500, 3160080, 0.00000, 0.00000, 0.00000, 0.00000, -2.77257, 0.00000, -0.00001
39600, 3168080, 0.00000, 0.00000, 0.00000, 0.00000, -2.77258, 0.00000, -0.00000
39700, 3176080, 0.00000, 0.00000, 0.00000, 0.00000, -2.77259, 0.00000, -0.00002
39800, 3184080, 0.00000, 0.00000, 0.00000, 0.00000, -2.77259, 0.00000, -0.00001
39900, 3192080, 0.00000, 0.00000, 0.00000, 0.00000, -2.77259, 0.00000, 0.00001
40000, 3200080, 0.00000, 0.00000, 0.00000, 0.00000, -2.77259, 0.00000, 0.00012
40100, 3208080, 0.00000, 0.00000, 0.00000, 0.00000, -2.77259, 0.00000, 0.00001
40200, 3216080, 0.00000, 0.00000, 0.00000, 0.00000, -2.77259, 0.00000, 0.00040
40300, 3224080, 0.00000, 0.00000, 0.00000, 0.00000, -2.77259, 0.00000, -0.00000
40400, 3232080, 0.00000, 0.00000, 0.00000, 0.00000, -2.77258, 0.00000, -0.00075
40500, 3240080, 0.00000, 0.00000, 0.00000, 0.00000, -2.77259, 0.00000, 0.00001
40600, 3248080, 0.00000, 0.00000, 0.00000, 0.00000, -2.77259, 0.00000, 0.00000
40700, 3256080, 0.00000, 0.00000, 0.00000, 0.00000, -2.77255, 0.00000, -0.00001
40800, 3264080, 0.00000, 0.00000, 0.00000, 0.00000, -2.77257, 0.00000, -0.00002
40900, 3272080, 0.00000, 0.00000, 0.00000, 0.00000, -2.77257, 0.00000, -0.00001
41000, 3280080, 0.00000, 0.00000, 0.00000, 0.00000, -2.77258, 0.00000, -0.00001
41100, 3288080, 0.00000, 0.00000, 0.00000, 0.00000, -2.77258, 0.00000, -0.00001
41200, 3296080, 0.00000, 0.00000, 0.00000, 0.00000, -2.77259, 0.00000, -0.00000
41300, 3304080, 0.00000, 0.00000, 0.00000, 0.00000, -2.77259, 0.00000, -0.00000
41400, 3312080, 0.00000, 0.00000, 0.00000, 0.00000, -2.77259, 0.00000, 0.00002
41500, 3320080, 0.00000, 0.00000, 0.00000, 0.00000, -2.77259, 0.00000, 0.00001
41600, 3328080, 0.00000, 0.00000, 0.00000, 0.00000, -2.77259, 0.00000, 0.00000
41700, 3336080, 0.00000, 0.00000, 0.00000, 0.00000, -2.77258, 0.00000, 0.00094
41800, 3344080, 0.00000, 0.00000, 0.00000, 0.00000, -2.77259, 0.00000, 0.00013
41900, 3352080, 0.00000, 0.00000, 0.00000, 0.00000, -2.77259, 0.00000, 0.00000
42000, 3360080, 0.00000, 0.00000, 0.00000, 0.00000, -2.77259, 0.00000, 0.00001
42100, 3368080, 0.00000, 0.00000, 0.00000, 0.00000, -2.77259, 0.00000, 0.00037
42200, 3376080, 0.00000, 0.00000, 0.00000, 0.00000, -2.77259, 0.00000, -0.00001
42300, 3384080, 0.00000, 0.00000, 0.00000, 0.00000, -2.77259, 0.00000, 0.00006
42400, 3392080, 0.00000, 0.00000, 0.00000, 0.00000, -2.77259, 0.00000, -0.00000
42500, 3400080, 0.00000, 0.00000, 0.00000, 0.00000, -2.77259, 0.00000, 0.00000
42600, 3408080, 0.00000, 0.00000, 0.00000, 0.00000, -2.77259, 0.00000, 0.00002
42700, 3416080, 0.00000, 0.00000, 0.00000, 0.00000, -2.77259, 0.00000, -0.00002
42800, 3424080, 0.00000, 0.00000, 0.00000, 0.00000, -2.77258, 0.00000, -0.00001
42900, 3432080, 0.00000, 0.00000, 0.00000, 0.00000, -2.77258, 0.00000, -0.00001
43000, 3440080, 0.00000, 0.00000, 0.00000, 0.00000, -2.77258, 0.00000, 0.00004
43100, 3448080, 0.00000, 0.00000, 0.00000, 0.00000, -2.77259, 0.00000, 0.00035
43200, 3456080, 0.00000, 0.00000, 0.00000, 0.00000, -2.77259, 0.00000, -0.00000
43300, 3464080, 0.00000, 0.00000, 0.00000, 0.00000, -2.77259, 0.00000, 0.00003
43400, 3472080, 0.00000, 0.00000, 0.00000, 0.00000, -2.77259, 0.00000, -0.00000
43500, 3480080, 0.00000, 0.00000, 0.00000, 0.00000, -2.77259, 0.00000, 0.00001
43600, 3488080, 0.00000, 0.00000, 0.00000, 0.00000, -2.77259, 0.00000, 0.00002
43700, 3496080, 0.00000, 0.00000, 0.00000, 0.00000, -2.77259, 0.00000, 0.00000
43800, 3504080, 0.00000, 0.00000, 0.00000, 0.00000, -2.77259, 0.00000, 0.00150
43900, 3512080, 0.00000, 0.00000, 0.00000, 0.00000, -2.77258, 0.00000, 0.00000
44000, 3520080, 0.00000, 0.00000, 0.00000, 0.00000, -2.77259, 0.00000, -0.00021
44100, 3528080, 0.00000, 0.00000, 0.00000, 0.00000, -2.77259, 0.00000, -0.00004
44200, 3536080, 0.00000, 0.00000, 0.00000, 0.00000, -2.77259, 0.00000, -0.00027
44300, 3544080, 0.00000, 0.00000, 0.00000, 0.00000, -2.77259, 0.00000, -0.00000
44400, 3552080, 0.00000, 0.00000, 0.00000, 0.00000, -2.77259, 0.00000, -0.00017
44500, 3560080, 0.00000, 0.00000, 0.00000, 0.00000, -2.77259, 0.00000, -0.00001
44600, 3568080, 0.00000, 0.00000, 0.00000, 0.00000, -2.77258, 0.00000, 0.00061
44700, 3576080, 0.00000, 0.00000, 0.00000, 0.00000, -2.77259, 0.00000, 0.00000
44800, 3584080, 0.00000, 0.00000, 0.00000, 0.00000, -2.77259, 0.00000, -0.00012
44900, 3592080, 0.00000, 0.00000, 0.00000, 0.00000, -2.77259, 0.00000, 0.00000
45000, 3600080, 0.00000, 0.00000, 0.00000, 0.00000, -2.77259, 0.00000, 0.00000
45100, 3608080, 0.00000, 0.00000, 0.00000, 0.00000, -2.77257, 0.00000, 0.00013
45200, 3616080, 0.00000, 0.00000, 0.00000, 0.00000, -2.77257, 0.00000, 0.00006
45300, 3624080, 0.00000, 0.00000, 0.00000, 0.00000, -2.77258, 0.00000, -0.00012
45400, 3632080, 0.00000, 0.00000, 0.00000, 0.00000, -2.77258, 0.00000, 0.00003
45500, 3640080, 0.00000, 0.00000, 0.00000, 0.00000, -2.77259, 0.00000, -0.00002
45600, 3648080, 0.00000, 0.00000, 0.00000, 0.00000, -2.77259, 0.00000, -0.00002
45700, 3656080, 0.00000, 0.00000, 0.00000, 0.00000, -2.77253, 0.00000, -0.00002
45800, 3664080, 0.00000, 0.00000, 0.00000, 0.00000, -2.77255, 0.00000, -0.00001
45900, 3672080, 0.00000, 0.00000, 0.00000, 0.00000, -2.77256, 0.00000, -0.00002
46000, 3680080, 0.00000, 0.00000, 0.00000, 0.00000, -2.77258, 0.00000, -0.00003
46100, 3688080, 0.00000, 0.00000, 0.00000, 0.00000, -2.77258, 0.00000, -0.00001
46200, 3696080, 0.00000, 0.00000, 0.00000, 0.00000, -2.77259, 0.00000, -0.00000
46300, 3704080, 0.00000, 0.00000, 0.00000, 0.00000, -2.77259, 0.00000, -0.00000
46400, 3712080, 0.00000, 0.00000, 0.00000, 0.00000, -2.77259, 0.00000, -0.00015
46500, 3720080, 0.00000, 0.00000, 0.00000, 0.00000, -2.77259, 0.00000, -0.00009
46600, 3728080, 0.00000, 0.00000, 0.00000, 0.00000, -2.77259, 0.00000, -0.00000
46700, 3736080, 0.00000, 0.00000, 0.00000, 0.00000, -2.77259, 0.00000, 0.00005
46800, 3744080, 0.00000, 0.00000, 0.00000, 0.00000, -2.77259, 0.00000, -0.00001
46900, 3752080, 0.00000, 0.00000, 0.00000, 0.00000, -2.77259, 0.00000, 0.00000
47000, 3760080, 0.00000, 0.00000, 0.00000, 0.00000, -2.77259, 0.00000, -0.00000
47100, 3768080, 0.00000, 0.00000, 0.00000, 0.00000, -2.77259, 0.00000, 0.00010
47200, 3776080, 0.00000, 0.00000, 0.00000, 0.00000, -2.77259, 0.00000, -0.00020
47300, 3784080, 0.00000, 0.00000, 0.00000, 0.00000, -2.77259, 0.00000, 0.00001
47400, 3792080, 0.00000, 0.00000, 0.00000, 0.00000, -2.77259, 0.00000, -0.00053
47500, 3800080, 0.00000, 0.00000, 0.00000, 0.00000, -2.77259, 0.00000, 0.00005
47600, 3808080, 0.00000, 0.00000, 0.00000, 0.00000, -2.77259, 0.00000, -0.00000
47700, 3816080, 0.00000, 0.00000, 0.00000, 0.00000, -2.77259, 0.00000, 0.00000
47800, 3824080, 0.00000, 0.00000, 0.00000, 0.00000, -2.77259, 0.00000, -0.00001
47900, 3832080, 0.00000, 0.00000, 0.00000, 0.00000, -2.77259, 0.00000, 0.00004
48000, 3840080, 0.00000, 0.00000, 0.00000, 0.00000, -2.77259, 0.00000, -0.00107
48100, 3848080, 0.00000, 0.00000, 0.00000, 0.00000, -2.77258, 0.00000, -0.00002
48200, 3856080, 0.00000, 0.00000, 0.00000, 0.00000, -2.77259, 0.00000, -0.00001
48300, 3864080, 0.00000, 0.00000, 0.00000, 0.00000, -2.77259, 0.00000, 0.00004
48400, 3872080, 0.00000, 0.00000, 0.00000, 0.00000, -2.77259, 0.00000, 0.00000
48500, 3880080, 0.00000, 0.00000, 0.00000, 0.00000, -2.77259, 0.00000, -0.00001
48600, 3888080, 0.00000, 0.00000, 0.00000, 0.00000, -2.77259, 0.00000, -0.00075
48700, 3896080, 0.00000, 0.00000, 0.00000, 0.00000, -2.77258, 0.00000, 0.00002
48800, 3904080, 0.00000, 0.00000, 0.00000, 0.00000, -2.77259, 0.00000, -0.00001
48900, 3912080, 0.00000, 0.00000, 0.00000, 0.00000, -2.77259, 0.00000, -0.00004
49000, 3920080, 0.00000, 0.00000, 0.00000, 0.00000, -2.77259, 0.00000, -0.00031
49100, 3928080, 0.00000, 0.00000, 0.00000, 0.00000, -2.77258, 0.00000, 0.00055
49200, 3936080, 0.00000, 0.00000, 0.00000, 0.00000, -2.77259, 0.00000, -0.00001
49300, 3944080, 0.00000, 0.00000, 0.00000, 0.00000, -2.77259, 0.00000, -0.00005
49400, 3952080, 0.00000, 0.00000, 0.00000, 0.00000, -2.77259, 0.00000, 0.00001
49500, 3960080, 0.00000, 0.00000, 0.00000, 0.00000, -2.77259, 0.00000, 0.00000
49600, 3968080, 0.00000, 0.00000, 0.00000, 0.00000, -2.77259, 0.00000, -0.00112
49700, 3976080, 0.00000, 0.00000, 0.00000, 0.00000, -2.77259, 0.00000, -0.00001
49800, 3984080, 0.00000, 0.00000, 0.00000, 0.00000, -2.77259, 0.00000, 0.00005
49900, 3992080, 0.00000, 0.00000, 0.00000, 0.00000, -2.77259, 0.00000, 0.00000
50000, 4000080, 0.00000, 0.00000, 0.00000, 0.00000, -2.77259, 0.00000, -0.00007
50100, 4008080, 0.00000, 0.00000, 0.00000, 0.00000, -2.77259, 0.00000, -0.00054
50200, 4016080, 0.00000, 0.00000, 0.00000, 0.00000, -2.77259, 0.00000, -0.00001
50300, 4024080, 0.00000, 0.00000, 0.00000, 0.00000, -2.77258, 0.00000, -0.00000
50400, 4032080, 0.00000, 0.00000, 0.00000, 0.00000, -2.77259, 0.00000, -0.00028
50500, 4040080, 0.00000, 0.00000, 0.00000, 0.00000, -2.77258, 0.00000, 0.00001
50600, 4048080, 0.00000, 0.00000, 0.00000, 0.00000, -2.77259, 0.00000, -0.00001
50700, 4056080, 0.00000, 0.00000, 0.00000, 0.00000, -2.77259, 0.00000, -0.00000
50800, 4064080, 0.00000, 0.00000, 0.00000, 0.00000, -2.77259, 0.00000, 0.00000
50900, 4072080, 0.00000, 0.00000, 0.00000, 0.00000, -2.77259, 0.00000, -0.00003
51000, 4080080, 0.00000, 0.00000, 0.00000, 0.00000, -2.77258, 0.00000, 0.00053
51100, 4088080, 0.00000, 0.00000, 0.00000, 0.00000, -2.77253, 0.00000, -0.00005
51200, 4096080, 0.00000, 0.00000, 0.00000, 0.00000, -2.77255, 0.00000, -0.00002
51300, 4104080, 0.00000, 0.00000, 0.00000, 0.00000, -2.77256, 0.00000, -0.00001
51400, 4112080, 0.00000, 0.00000, 0.00000, 0.00000, -2.77257, 0.00000, -0.00000
51500, 4120080, 0.00000, 0.00000, 0.00000, 0.00000, -2.77258, 0.00000, -0.00001
51600, 4128080, 0.00000, 0.00000, 0.00000, 0.00000, -2.77259, 0.00000, -0.00001
51700, 4136080, 0.00000, 0.00000, 0.00000, 0.00000, -2.77259, 0.00000, -0.00000
51800, 4144080, 0.00000, 0.00000, 0.00000, 0.00000, -2.77259, 0.00000, 0.00002
51900, 4152080, 0.00000, 0.00000, 0.00000, 0.00000, -2.77259, 0.00000, -0.00000
52000, 4160080, 0.00000, 0.00000, 0.00000, 0.00000, -2.77259, 0.00000, 0.00000
52100, 4168080, 0.00000, 0.00000, 0.00000, 0.00000, -2.77259, 0.00000, -0.00026
52200, 4176080, 0.00000, 0.00000, 0.00000, 0.00000, -2.77259, 0.00000, -0.00002
52300, 4184080, 0.00000, 0.00000, 0.00000, 0.00000, -2.77259, 0.00000, 0.00007
52400, 4192080, 0.00000, 0.00000, 0.00000, 0.00000, -2.77259, 0.00000, -0.00002
52500, 4200080, 0.00000, 0.00000, 0.00000, 0.00000, -2.77259, 0.00000, -0.00010
52600, 4208080, 0.00000, 0.00000, 0.00000, 0.00000, -2.77259, 0.00000, 0.00008
52700, 4216080, 0.00000, 0.00000, 0.00000, 0.00000, -2.77258, 0.00000, 0.00002
52800, 4224080, 0.00000, 0.00000, 0.00000, 0.00000, -2.77259, 0.00000, 0.00161
52900, 4232080, 0.00000, 0.00000, 0.00000, 0.00000, -2.77258, 0.00000, -0.00000
53000, 4240080, 0.00000, 0.00000, 0.00000, 0.00000, -2.77259, 0.00000, 0.00011
53100, 4248080, 0.00000, 0.00000, 0.00000, 0.00000, -2.77259, 0.00000, -0.00000
53200, 4256080, 0.00000, 0.00000, 0.00000, 0.00000, -2.77259, 0.00000, -0.00002
53300, 4264080, 0.00000, 0.00000, 0.00000, 0.00000, -2.77258, 0.00000, -0.00133
53400, 4272080, 0.00000, 0.00000, 0.00000, 0.00000, -2.77259, 0.00000, -0.00004
53500, 4280080, 0.00000, 0.00000, 0.00000, 0.00000, -2.77259, 0.00000, 0.00001
53600, 4288080, 0.00000, 0.00000, 0.00000, 0.00000, -2.77259, 0.00000, 0.00006
53700, 4296080, 0.00000, 0.00000, 0.00000, 0.00000, -2.77259, 0.00000, 0.00001
53800, 4304080, 0.00000, 0.00000, 0.00000, 0.00000, -2.77259, 0.00000, 0.00005
53900, 4312080, 0.00000, 0.00000, 0.00000, 0.00000, -2.77259, 0.00000, 0.00000
54000, 4320080, 0.00000, 0.00000, 0.00000, 0.00000, -2.77259, 0.00000, 0.00001
54100, 4328080, 0.00000, 0.00000, 0.00000, 0.00000, -2.77258, 0.00000, -0.00007
54200, 4336080, 0.00000, 0.00000, 0.00000, 0.00000, -2.77259, 0.00000, 0.00001
54300, 4344080, 0.00000, 0.00000, 0.00000, 0.00000, -2.77258, 0.00000, 0.00001
54400, 4352080, 0.00000, 0.00000, 0.00000, 0.00000, -2.77259, 0.00000, -0.00000
54500, 4360080, 0.00000, 0.00000, 0.00000, 0.00000, -2.77259, 0.00000, -0.00001
54600, 4368080, 0.00000, 0.00000, 0.00000, 0.00000, -2.77259, 0.00000, -0.00000
54700, 4376080, 0.00000, 0.00000, 0.00000, 0.00000, -2.77259, 0.00000, 0.00000
54800, 4384080, 0.00000, 0.00000, 0.00000, 0.00000, -2.77259, 0.00000, -0.00000
54900, 4392080, 0.00000, 0.00000, 0.00000, 0.00000, -2.77259, 0.00000, 0.00186
55000, 4400080, 0.00000, 0.00000, 0.00000, 0.00000, -2.77259, 0.00000, 0.00000
55100, 4408080, 0.00000, 0.00000, 0.00000, 0.00000, -2.77259, 0.00000, -0.00000
55200, 4416080, 0.00000, 0.00000, 0.00000, 0.00000, -2.77259, 0.00000, -0.00001
55300, 4424080, 0.00000, 0.00000, 0.00000, 0.00000, -2.77254, 0.00000, -0.00004
55400, 4432080, 0.00000, 0.00000, 0.00000, 0.00000, -2.77256, 0.00000, -0.00002
55500, 4440080, 0.00000, 0.00000, 0.00000, 0.00000, -2.77257, 0.00000, -0.00003
55600, 4448080, 0.00000, 0.00000, 0.00000, 0.00000, -2.77258, 0.00000, -0.00001
55700, 4456080, 0.00000, 0.00000, 0.00000, 0.00000, -2.77258, 0.00000, -0.00000
55800, 4464080, 0.00000, 0.00000, 0.00000, 0.00000, -2.77259, 0.00000, 0.00000
55900, 4472080, 0.00000, 0.00000, 0.00000, 0.00000, -2.77259, 0.00000, -0.00000
56000, 4480080, 0.00000, 0.00000, 0.00000, 0.00000, -2.77259, 0.00000, 0.00001
56100, 4488080, 0.00000, 0.00000, 0.00000, 0.00000, -2.77259, 0.00000, -0.00005
56200, 4496080, 0.00000, 0.00000, 0.00000, 0.00000, -2.77259, 0.00000, -0.00001
56300, 4504080, 0.00000, 0.00000, 0.00000, 0.00000, -2.77259, 0.00000, -0.00012
56400, 4512080, 0.00000, 0.00000, 0.00000, 0.00000, -2.77259, 0.00000, -0.00000
56500, 4520080, 0.00000, 0.00000, 0.00000, 0.00000, -2.77259, 0.00000, 0.00118
56600, 4528080, 0.00000, 0.00000, 0.00000, 0.00000, -2.77259, 0.00000, 0.00000
56700, 4536080, 0.00000, 0.00000, 0.00000, 0.00000, -2.77258, 0.00000, -0.00013
56800, 4544080, 0.00000, 0.00000, 0.00000, 0.00000, -2.77259, 0.00000, -0.00000
56900, 4552080, 0.00000, 0.00000, 0.00000, 0.00000, -2.77259, 0.00000, -0.00000
57000, 4560080, 0.00000, 0.00000, 0.00000, 0.00000, -2.77259, 0.00000, 0.00001
57100, 4568080, 0.00000, 0.00000, 0.00000, 0.00000, -2.77259, 0.00000, 0.00003
57200, 4576080, 0.00000, 0.00000, 0.00000, 0.00000, -2.77259, 0.00000, 0.00026
57300, 4584080, 0.00000, 0.00000, 0.00000, 0.00000, -2.77259, 0.00000, -0.00001
57400, 4592080, 0.00000, 0.00000, 0.00000, 0.00000, -2.77259, 0.00000, -0.00013
57500, 4600080, 0.00000, 0.00000, 0.00000, 0.00000, -2.77255, 0.00000, -0.00004
57600, 4608080, 0.00000, 0.00000, 0.00000, 0.00000, -2.77256, 0.00000, -0.00003
57700, 4616080, 0.00000, 0.00000, 0.00000, 0.00000, -2.77257, 0.00000, -0.00002
57800, 4624080, 0.00000, 0.00000, 0.00000, 0.00000, -2.77258, 0.00000, -0.00001
57900, 4632080, 0.00000, 0.00000, 0.00000, 0.00000, -2.77259, 0.00000, -0.00001
58000, 4640080, 0.00000, 0.00000, 0.00000, 0.00000, -2.77259, 0.00000, -0.00000
58100, 4648080, 0.00000, 0.00000, 0.00000, 0.00000, -2.77259, 0.00000, -0.00000
58200, 4656080, 0.00000, 0.00000, 0.00000, 0.00000, -2.77259, 0.00000, 0.00001
58300, 4664080, 0.00000, 0.00000, 0.00000, 0.00000, -2.77259, 0.00000, -0.00025
58400, 4672080, 0.00000, 0.00000, 0.00000, 0.00000, -2.77259, 0.00000, -0.00005
58500, 4680080, 0.00000, 0.00000, 0.00000, 0.00000, -2.77259, 0.00000, 0.00004
58600, 4688080, 0.00000, 0.00000, 0.00000, 0.00000, -2.77259, 0.00000, -0.00005
58700, 4696080, 0.00000, 0.00000, 0.00000, 0.00000, -2.77259, 0.00000, -0.00011
58800, 4704080, 0.00000, 0.00000, 0.00000, 0.00000, -2.77259, 0.00000, -0.00000
58900, 4712080, 0.00000, 0.00000, 0.00000, 0.00000, -2.77259, 0.00000, -0.00000
59000, 4720080, 0.00000, 0.00000, 0.00000, 0.00000, -2.77259, 0.00000, 0.00024
59100, 4728080, 0.00000, 0.00000, 0.00000, 0.00000, -2.77259, 0.00000, 0.00000
59200, 4736080, 0.00000, 0.00000, 0.00000, 0.00000, -2.77259, 0.00000, -0.00000
59300, 4744080, 0.00000, 0.00000, 0.00000, 0.00000, -2.77259, 0.00000, -0.00000
59400, 4752080, 0.00000, 0.00000, 0.00000, 0.00000, -2.77259, 0.00000, 0.00004
59500, 4760080, 0.00000, 0.00000, 0.00000, 0.00000, -2.77258, 0.00000, -0.00000
59600, 4768080, 0.00000, 0.00000, 0.00000, 0.00000, -2.77259, 0.00000, -0.00011
59700, 4776080, 0.00000, 0.00000, 0.00000, 0.00000, -2.77259, 0.00000, -0.00002
59800, 4784080, 0.00000, 0.00000, 0.00000, 0.00000, -2.77259, 0.00000, 0.00001
59900, 4792080, 0.00000, 0.00000, 0.00000, 0.00000, -2.77259, 0.00000, 0.00471
60000, 4800080, 0.00000, 0.00000, 0.00000, 0.00000, -2.77259, 0.00000, 0.00000
60100, 4808080, 0.00000, 0.00000, 0.00000, 0.00000, -2.77259, 0.00000, 0.00001
60200, 4816080, 0.00000, 0.00000, 0.00000, 0.00000, -2.77259, 0.00000, 0.00001
60300, 4824080, 0.00000, 0.00000, 0.00000, 0.00000, -2.77259, 0.00000, 0.00090
60400, 4832080, 0.00000, 0.00000, 0.00000, 0.00000, -2.77259, 0.00000, -0.00002
60500, 4840080, 0.00000, 0.00000, 0.00000, 0.00000, -2.77259, 0.00000, -0.00006
60600, 4848080, 0.00000, 0.00000, 0.00000, 0.00000, -2.77259, 0.00000, 0.00163
60700, 4856080, 0.00000, 0.00000, 0.00000, 0.00000, -2.77259, 0.00000, 0.00002
60800, 4864080, 0.00000, 0.00000, 0.00000, 0.00000, -2.77259, 0.00000, 0.00049
60900, 4872080, 0.00000, 0.00000, 0.00000, 0.00000, -2.77259, 0.00000, -0.00000
61000, 4880080, 0.00000, 0.00000, 0.00000, 0.00000, -2.77259, 0.00000, -0.00014
61100, 4888080, 0.00000, 0.00000, 0.00000, 0.00000, -2.77259, 0.00000, -0.00000
61200, 4896080, 0.00000, 0.00000, 0.00000, 0.00000, -2.77258, 0.00000, -0.00000
61300, 4904080, 0.00000, 0.00000, 0.00000, 0.00000, -2.77258, 0.00000, -0.00000
61400, 4912080, 0.00000, 0.00000, 0.00000, 0.00000, -2.77258, 0.00000, 0.00000
61500, 4920080, 0.00000, 0.00000, 0.00000, 0.00000, -2.77259, 0.00000, -0.00000
61600, 4928080, 0.00000, 0.00000, 0.00000, 0.00000, -2.77259, 0.00000, -0.00041
61700, 4936080, 0.00000, 0.00000, 0.00000, 0.00000, -2.77259, 0.00000, 0.00000
61800, 4944080, 0.00000, 0.00000, 0.00000, 0.00000, -2.77259, 0.00000, 0.00000
61900, 4952080, 0.00000, 0.00000, 0.00000, 0.00000, -2.77259, 0.00000, -0.00002
62000, 4960080, 0.00000, 0.00000, 0.00000, 0.00000, -2.77257, 0.00000, 0.00000
62100, 4968080, 0.00000, 0.00000, 0.00000, 0.00000, -2.77258, 0.00000, 0.00000
62200, 4976080, 0.00000, 0.00000, 0.00000, 0.00000, -2.77258, 0.00000, 0.00000
62300, 4984080, 0.00000, 0.00000, 0.00000, 0.00000, -2.77259, 0.00000, 0.00000
62400, 4992080, 0.00000, 0.00000, 0.00000, 0.00000, -2.77259, 0.00000, 0.00008
62500, 5000080, 0.00000, 0.00000, 0.00000, 0.00000, -2.77259, 0.00000, -0.00163
62600, 5008080, 0.00000, 0.00000, 0.00000, 0.00000, -2.77258, 0.00000, 0.00018
62700, 5016080, 0.00000, 0.00000, 0.00000, 0.00000, -2.77258, 0.00000, 0.00000
62800, 5024080, 0.00000, 0.00000, 0.00000, 0.00000, -2.77259, 0.00000, 0.00001
62900, 5032080, 0.00000, 0.00000, 0.00000, 0.00000, -2.77259, 0.00000, -0.00001
63000, 5040080, 0.00000, 0.00000, 0.00000, 0.00000, -2.77259, 0.00000, 0.00000
63100, 5048080, 0.00000, 0.00000, 0.00000, 0.00000, -2.77259, 0.00000, 0.00004
63200, 5056080, 0.00000, 0.00000, 0.00000, 0.00000, -2.77259, 0.00000, 0.00004
63300, 5064080, 0.00000, 0.00000, 0.00000, 0.00000, -2.77259, 0.00000, -0.00000
63400, 5072080, 0.00000, 0.00000, 0.00000, 0.00000, -2.77259, 0.00000, -0.00006
63500, 5080080, 0.00000, 0.00000, 0.00000, 0.00000, -2.77259, 0.00000, -0.00000
63600, 5088080, 0.00000, 0.00000, 0.00000, 0.00000, -2.77259, 0.00000, 0.00002
63700, 5096080, 0.00000, 0.00000, 0.00000, 0.00000, -2.77259, 0.00000, 0.00005
63800, 5104080, 0.00000, 0.00000, 0.00000, 0.00000, -2.77259, 0.00000, 0.00001
63900, 5112080, 0.00000, 0.00000, 0.00000, 0.00000, -2.77259, 0.00000, 0.00001
64000, 5120080, 0.00000, 0.00000, 0.00000, 0.00000, -2.77259, 0.00000, 0.00000
64100, 5128080, 0.00000, 0.00000, 0.00000, 0.00000, -2.77259, 0.00000, 0.00000
64200, 5136080, 0.00000, 0.00000, 0.00000, 0.00000, -2.77259, 0.00000, 0.00000
64300, 5144080, 0.00000, 0.00000, 0.00000, 0.00000, -2.77259, 0.00000, 0.00007
64400, 5152080, 0.00000, 0.00000, 0.00000, 0.00000, -2.77259, 0.00000, 0.00000
64500, 5160080, 0.00000, 0.00000, 0.00000, 0.00000, -2.77259, 0.00000, -0.00006
64600, 5168080, 0.00000, 0.00000, 0.00000, 0.00000, -2.77259, 0.00000, -0.00012
64700, 5176080, 0.00000, 0.00000, 0.00000, 0.00000, -2.77259, 0.00000, 0.00000
64800, 5184080, 0.00000, 0.00000, 0.00000, 0.00000, -2.77259, 0.00000, -0.00001
64900, 5192080, 0.00000, 0.00000, 0.00000, 0.00000, -2.77259, 0.00000, 0.00004
65000, 5200080, 0.00000, 0.00000, 0.00000, 0.00000, -2.77259, 0.00000, -0.00007
65100, 5208080, 0.00000, 0.00000, 0.00000, 0.00000, -2.77259, 0.00000, 0.00001
65200, 5216080, 0.00000, 0.00000, 0.00000, 0.00000, -2.77259, 0.00000, 0.00000
65300, 5224080, 0.00000, 0.00000, 0.00000, 0.00000, -2.77259, 0.00000, -0.00000
65400, 5232080, 0.00000, 0.00000, 0.00000, 0.00000, -2.77259, 0.00000, -0.00000
65500, 5240080, 0.00000, 0.00000, 0.00000, 0.00000, -2.77259, 0.00000, -0.00002
65600, 5248080, 0.00000, 0.00000, 0.00000, 0.00000, -2.77259, 0.00000, -0.00000
65700, 5256080, 0.00000, 0.00000, 0.00000, 0.00000, -2.77259, 0.00000, -0.00020
65800, 5264080, 0.00000, 0.00000, 0.00000, 0.00000, -2.77259, 0.00000, 0.00001
65900, 5272080, 0.00000, 0.00000, 0.00000, 0.00000, -2.77255, 0.00000, -0.00370
66000, 5280080, 0.00000, 0.00000, 0.00000, 0.00000, -2.77255, 0.00000, -0.00002
66100, 5288080, 0.00000, 0.00000, 0.00000, 0.00000, -2.77253, 0.00000, -0.00020
66200, 5296080, 0.00000, 0.00000, 0.00000, 0.00000, -2.77254, 0.00000, -0.00004
66300, 5304080, 0.00000, 0.00000, 0.00000, 0.00000, -2.77256, 0.00000, 0.00001
66400, 5312080, 0.00000, 0.00000, 0.00000, 0.00000, -2.77257, 0.00000, -0.00001
66500, 5320080, 0.00000, 0.00000, 0.00000, 0.00000, -2.77258, 0.00000, -0.00001
66600, 5328080, 0.00000, 0.00000, 0.00000, 0.00000, -2.77259, 0.00000, -0.00000
66700, 5336080, 0.00000, 0.00000, 0.00000, 0.00000, -2.77259, 0.00000, -0.00000
66800, 5344080, 0.00000, 0.00000, 0.00000, 0.00000, -2.77259, 0.00000, -0.00000
66900, 5352080, 0.00000, 0.00000, 0.00000, 0.00000, -2.77259, 0.00000, -0.00010
67000, 5360080, 0.00000, 0.00000, 0.00000, 0.00000, -2.77259, 0.00000, -0.00001
67100, 5368080, 0.00000, 0.00000, 0.00000, 0.00000, -2.77258, 0.00000, 0.00000
67200, 5376080, 0.00000, 0.00000, 0.00000, 0.00000, -2.77259, 0.00000, 0.00002
67300, 5384080, 0.00000, 0.00000, 0.00000, 0.00000, -2.77259, 0.00000, -0.00000
67400, 5392080, 0.00000, 0.00000, 0.00000, 0.00000, -2.77259, 0.00000, -0.00000
67500, 5400080, 0.00000, 0.00000, 0.00000, 0.00000, -2.77255, 0.00000, -0.00158
67600, 5408080, 0.00000, 0.00000, 0.00000, 0.00000, -2.77256, 0.00000, -0.00001
67700, 5416080, 0.00000, 0.00000, 0.00000, 0.00000, -2.77257, 0.00000, -0.00003
67800, 5424080, 0.00000, 0.00000, 0.00000, 0.00000, -2.77258, 0.00000, -0.00002
67900, 5432080, 0.00000, 0.00000, 0.00000, 0.00000, -2.77258, 0.00000, -0.00001
68000, 5440080, 0.00000, 0.00000, 0.00000, 0.00000, -2.77259, 0.00000, -0.00001
68100, 5448080, 0.00000, 0.00000, 0.00000, 0.00000, -2.77259, 0.00000, -0.00000
68200, 5456080, 0.00000, 0.00000, 0.00000, 0.00000, -2.77259, 0.00000, -0.00000
68300, 5464080, 0.00000, 0.00000, 0.00000, 0.00000, -2.77259, 0.00000, 0.00358
68400, 5472080, 0.00000, 0.00000, 0.00000, 0.00000, -2.77259, 0.00000, -0.00000
68500, 5480080, 0.00000, 0.00000, 0.00000, 0.00000, -2.77259, 0.00000, 0.00009
68600, 5488080, 0.00000, 0.00000, 0.00000, 0.00000, -2.77259, 0.00000, -0.00002
68700, 5496080, 0.00000, 0.00000, 0.00000, 0.00000, -2.77255, 0.00004, -0.01318
68800, 5504080, 0.00000, 0.00000, 0.00000, 0.00000, -2.77255, 0.00000, -0.00007
68900, 5512080, 0.00000, 0.00000, 0.00000, 0.00000, -2.77256, 0.00000, -0.00010
69000, 5520080, 0.00000, 0.00000, 0.00000, 0.00000, -2.77257, 0.00000, -0.00003
69100, 5528080, 0.00000, 0.00000, 0.00000, 0.00000, -2.77258, 0.00000, -0.00001
69200, 5536080, 0.00000, 0.00000, 0.00000, 0.00000, -2.77258, 0.00000, -0.00001
69300, 5544080, 0.00000, 0.00000, 0.00000, 0.00000, -2.77259, 0.00000, -0.00000
69400, 5552080, 0.00000, 0.00000, 0.00000, 0.00000, -2.77259, 0.00000, -0.00000
69500, 5560080, 0.00000, 0.00000, 0.00000, 0.00000, -2.77255, 0.00000, -0.00306
69600, 5568080, 0.00000, 0.00000, 0.00000, 0.00000, -2.77256, 0.00000, -0.00004
69700, 5576080, 0.00000, 0.00000, 0.00000, 0.00000, -2.77257, 0.00000, -0.00003
69800, 5584080, 0.00000, 0.00000, 0.00000, 0.00000, -2.77258, 0.00000, -0.00002
69900, 5592080, 0.00000, 0.00000, 0.00000, 0.00000, -2.77258, 0.00000, -0.00001
70000, 5600080, 0.00000, 0.00000, 0.00000, 0.00000, -2.77255, 0.00000, -0.00006
70100, 5608080, 0.00000, 0.00000, 0.00000, 0.00000, -2.77256, 0.00000, -0.00002
70200, 5616080, 0.00000, 0.00000, 0.00000, 0.00000, -2.77257, 0.00000, -0.00001
70300, 5624080, 0.00000, 0.00000, 0.00000, 0.00000, -2.77257, 0.00006, -0.01688
70400, 5632080, 0.00000, 0.00000, 0.00000, 0.00000, -2.77256, 0.00000, -0.00002
70500, 5640080, 0.00000, 0.00000, 0.00000, 0.00000, -2.77257, 0.00000, -0.00003
70600, 5648080, 0.00000, 0.00000, 0.00000, 0.00000, -2.77258, 0.00000, -0.00001
70700, 5656080, 0.00000, 0.00000, 0.00000, 0.00000, -2.77258, 0.00000, -0.00001
70800, 5664080, 0.00000, 0.00000, 0.00000, 0.00000, -2.77256, 0.00000, -0.00011
70900, 5672080, 0.00000, 0.00000, 0.00000, 0.00000, -2.77256, 0.00000, -0.00001
71000, 5680080, 0.00000, 0.00000, 0.00000, 0.00000, -2.77257, 0.00000, -0.00000
71100, 5688080, 0.00000, 0.00000, 0.00000, 0.00000, -2.77258, 0.00000, -0.00000
71200, 5696080, 0.00000, 0.00000, 0.00000, 0.00000, -2.77259, 0.00000, -0.00000
71300, 5704080, 0.00000, 0.00000, 0.00000, 0.00000, -2.77257, 0.00000, -0.00001
71400, 5712080, 0.00000, 0.00000, 0.00000, 0.00000, -2.77258, 0.00000, -0.00001
71500, 5720080, 0.00000, 0.00000, 0.00000, 0.00000, -2.77258, 0.00000, -0.00000
71600, 5728080, 0.00000, 0.00000, 0.00000, 0.00000, -2.77259, 0.00000, -0.00000
71700, 5736080, 0.00000, 0.00000, 0.00000, 0.00000, -2.77259, 0.00000, 0.00001
71800, 5744080, 0.00000, 0.00000, 0.00000, 0.00000, -2.77259, 0.00000, 0.00000
71900, 5752080, 0.00000, 0.00000, 0.00000, 0.00000, -2.77259, 0.00000, 0.00000
72000, 5760080, 0.00000, 0.00000, 0.00000, 0.00000, -2.77259, 0.00000, -0.00000
72100, 5768080, 0.00000, 0.00000, 0.00000, 0.00000, -2.77259, 0.00000, 0.00070
72200, 5776080, 0.00000, 0.00000, 0.00000, 0.00000, -2.77259, 0.00000, 0.00000
72300, 5784080, 0.00000, 0.00000, 0.00000, 0.00000, -2.77259, 0.00000, 0.00003
72400, 5792080, 0.00000, 0.00000, 0.00000, 0.00000, -2.77259, 0.00000, 0.00164
72500, 5800080, 0.00000, 0.00000, 0.00000, 0.00000, -2.77259, 0.00000, -0.00000
72600, 5808080, 0.00000, 0.00000, 0.00000, 0.00000, -2.77259, 0.00000, 0.00000
72700, 5816080, 0.00000, 0.00000, 0.00000, 0.00000, -2.77259, 0.00000, -0.00001
72800, 5824080, 0.00000, 0.00000, 0.00000, 0.00000, -2.77259, 0.00000, -0.00000
72900, 5832080, 0.00000, 0.00000, 0.00000, 0.00000, -2.77259, 0.00000, -0.00008
73000, 5840080, 0.00000, 0.00000, 0.00000, 0.00000, -2.77259, 0.00000, -0.00000
73100, 5848080, 0.00000, 0.00000, 0.00000, 0.00000, -2.77259, 0.00000, 0.00265
73200, 5856080, 0.00000, 0.00000, 0.00000, 0.00000, -2.77259, 0.00000, -0.00000
73300, 5864080, 0.00000, 0.00000, 0.00000, 0.00000, -2.77259, 0.00000, 0.00000
73400, 5872080, 0.00000, 0.00000, 0.00000, 0.00000, -2.77259, 0.00000, 0.00001
73500, 5880080, 0.00000, 0.00000, 0.00000, 0.00000, -2.77259, 0.00000, -0.00000
73600, 5888080, 0.00000, 0.00000, 0.00000, 0.00000, -2.77259, 0.00000, 0.00000
73700, 5896080, 0.00000, 0.00000, 0.00000, 0.00000, -2.77259, 0.00000, -0.00067
73800, 5904080, 0.00000, 0.00000, 0.00000, 0.00000, -2.77259, 0.00000, -0.00026
73900, 5912080, 0.00000, 0.00000, 0.00000, 0.00000, -2.77259, 0.00000, 0.00282
74000, 5920080, 0.00000, 0.00000, 0.00000, 0.00000, -2.77259, 0.00000, 0.00020
74100, 5928080, 0.00000, 0.00000, 0.00000, 0.00000, -2.77259, 0.00000, 0.00000
74200, 5936080, 0.00000, 0.00000, 0.00000, 0.00000, -2.77259, 0.00000, -0.00001
74300, 5944080, 0.00000, 0.00000, 0.00000, 0.00000, -2.77259, 0.00000, -0.00000
74400, 5952080, 0.00000, 0.00000, 0.00000, 0.00000, -2.77259, 0.00000, 0.00000
74500, 5960080, 0.00000, 0.00000, 0.00000, 0.00000, -2.77259, 0.00000, -0.00000
74600, 5968080, 0.00000, 0.00000, 0.00000, 0.00000, -2.77259, 0.00000, -0.00001
74700, 5976080, 0.00000, 0.00000, 0.00000, 0.00000, -2.77259, 0.00000, 0.00001
74800, 5984080, 0.00000, 0.00000, 0.00000, 0.00000, -2.77259, 0.00000, -0.00000
74900, 5992080, 0.00000, 0.00000, 0.00000, 0.00000, -2.77258, 0.00000, -0.00000
75000, 6000080, 0.00000, 0.00000, 0.00000, 0.00000, -2.77259, 0.00000, -0.00000
75100, 6008080, 0.00000, 0.00000, 0.00000, 0.00000, -2.77259, 0.00000, -0.00000
75200, 6016080, 0.00000, 0.00000, 0.00000, 0.00000, -2.77255, 0.00000, -0.00438
75300, 6024080, 0.00000, 0.00000, 0.00000, 0.00000, -2.77256, 0.00000, -0.00011
75400, 6032080, 0.00000, 0.00000, 0.00000, 0.00000, -2.77257, 0.00000, -0.00001
75500, 6040080, 0.00000, 0.00000, 0.00000, 0.00000, -2.77257, 0.00000, -0.00000
75600, 6048080, 0.00000, 0.00000, 0.00000, 0.00000, -2.77258, 0.00000, -0.00000
75700, 6056080, 0.00000, 0.00000, 0.00000, 0.00000, -2.77259, 0.00000, -0.00000
75800, 6064080, 0.00000, 0.00000, 0.00000, 0.00000, -2.77259, 0.00000, -0.00000
75900, 6072080, 0.00000, 0.00000, 0.00000, 0.00000, -2.77259, 0.00000, -0.00000
76000, 6080080, 0.00000, 0.00000, 0.00000, 0.00000, -2.77259, 0.00000, 0.00002
76100, 6088080, 0.00000, 0.00000, 0.00000, 0.00000, -2.77259, 0.00000, -0.00000
76200, 6096080, 0.00000, 0.00000, 0.00000, 0.00000, -2.77259, 0.00000, 0.00005
76300, 6104080, 0.00000, 0.00000, 0.00000, 0.00000, -2.77259, 0.00000, -0.00000
76400, 6112080, 0.00000, 0.00000, 0.00000, 0.00000, -2.77259, 0.00000, 0.00000
76500, 6120080, 0.00000, 0.00000, 0.00000, 0.00000, -2.77259, 0.00000, -0.00001
76600, 6128080, 0.00000, 0.00000, 0.00000, 0.00000, -2.77259, 0.00000, -0.00003
76700, 6136080, 0.00000, 0.00000, 0.00000, 0.00000, -2.77259, 0.00000, -0.00000
76800, 6144080, 0.00000, 0.00000, 0.00000, 0.00000, -2.77259, 0.00000, 0.00043
76900, 6152080, 0.00000, 0.00000, 0.00000, 0.00000, -2.77259, 0.00000, -0.00000
77000, 6160080, 0.00000, 0.00000, 0.00000, 0.00000, -2.77259, 0.00000, -0.00002
77100, 6168080, 0.00000, 0.00000, 0.00000, 0.00000, -2.77259, 0.00000, 0.00000
77200, 6176080, 0.00000, 0.00000, 0.00000, 0.00000, -2.77259, 0.00000, 0.00000
77300, 6184080, 0.00000, 0.00000, 0.00000, 0.00000, -2.77259, 0.00000, 0.00000
77400, 6192080, 0.00000, 0.00000, 0.00000, 0.00000, -2.77259, 0.00000, 0.00010
77500, 6200080, 0.00000, 0.00000, 0.00000, 0.00000, -2.77259, 0.00000, -0.00000
77600, 6208080, 0.00000, 0.00000, 0.00000, 0.00000, -2.77259, 0.00000, 0.00037
77700, 6216080, 0.00000, 0.00000, 0.00000, 0.00000, -2.77259, 0.00000, -0.00000
77800, 6224080, 0.00000, 0.00000, 0.00000, 0.00000, -2.77259, 0.00000, -0.00000
77900, 6232080, 0.00000, 0.00000, 0.00000, 0.00000, -2.77259, 0.00000, 0.00033
78000, 6240080, 0.00000, 0.00000, 0.00000, 0.00000, -2.77259, 0.00000, 0.00000
78100, 6248080, 0.00000, 0.00000, 0.00000, 0.00000, -2.77259, 0.00000, 0.00000
78200, 6256080, 0.00000, 0.00000, 0.00000, 0.00000, -2.77259, 0.00000, 0.00000
78300, 6264080, 0.00000, 0.00000, 0.00000, 0.00000, -2.77259, 0.00000, -0.00002
78400, 6272080, 0.00000, 0.00000, 0.00000, 0.00000, -2.77259, 0.00000, 0.00000
78500, 6280080, 0.00000, 0.00000, 0.00000, 0.00000, -2.77259, 0.00000, -0.00001
78600, 6288080, 0.00000, 0.00000, 0.00000, 0.00000, -2.77259, 0.00000, -0.00000
78700, 6296080, 0.00000, 0.00000, 0.00000, 0.00000, -2.77259, 0.00000, -0.00001
78800, 6304080, 0.00000, 0.00000, 0.00000, 0.00000, -2.77259, 0.00000, -0.00350
78900, 6312080, 0.00000, 0.00000, 0.00000, 0.00000, -2.77259, 0.00000, -0.00000
79000, 6320080, 0.00000, 0.00000, 0.00000, 0.00000, -2.77259, 0.00000, 0.00000
79100, 6328080, 0.00000, 0.00000, 0.00000, 0.00000, -2.77259, 0.00000, 0.00000
79200, 6336080, 0.00000, 0.00000, 0.00000, 0.00000, -2.77259, 0.00000, 0.00001
79300, 6344080, 0.00000, 0.00000, 0.00000, 0.00000, -2.77259, 0.00000, 0.00000
79400, 6352080, 0.00000, 0.00000, 0.00000, 0.00000, -2.77259, 0.00000, -0.00000
79500, 6360080, 0.00000, 0.00000, 0.00000, 0.00000, -2.77259, 0.00000, -0.00000
79600, 6368080, 0.00000, 0.00000, 0.00000, 0.00000, -2.77259, 0.00000, -0.00002
79700, 6376080, 0.00000, 0.00000, 0.00000, 0.00000, -2.77259, 0.00000, -0.00000
79800, 6384080, 0.00000, 0.00000, 0.00000, 0.00000, -2.77259, 0.00000, -0.00000
79900, 6392080, 0.00000, 0.00000, 0.00000, 0.00000, -2.77259, 0.00000, 0.00000
80000, 6400080, 0.00000, 0.00000, 0.00000, 0.00000, -2.77259, 0.00000, -0.00000
80100, 6408080, 0.00000, 0.00000, 0.00000, 0.00000, -2.77259, 0.00000, -0.00000
80200, 6416080, 0.00000, 0.00000, 0.00000, 0.00000, -2.77259, 0.00000, -0.00008
80300, 6424080, 0.00000, 0.00000, 0.00000, 0.00000, -2.77250, 0.00001, -0.00757
80400, 6432080, 0.00000, 0.00000, 0.00000, 0.00000, -2.77250, 0.00000, -0.00005
80500, 6440080, 0.00000, 0.00000, 0.00000, 0.00000, -2.77252, 0.00000, -0.00001
80600, 6448080, 0.00000, 0.00000, 0.00000, 0.00000, -2.77255, 0.00000, -0.00004
80700, 6456080, 0.00000, 0.00000, 0.00000, 0.00000, -2.77256, 0.00000, -0.00002
80800, 6464080, 0.00000, 0.00000, 0.00000, 0.00000, -2.77258, 0.00000, -0.00001
80900, 6472080, 0.00000, 0.00000, 0.00000, 0.00000, -2.77259, 0.00000, -0.00000
81000, 6480080, 0.00000, 0.00000, 0.00000, 0.00000, -2.77259, 0.00000, -0.00000
81100, 6488080, 0.00000, 0.00000, 0.00000, 0.00000, -2.77255, 0.00000, -0.00029
81200, 6496080, 0.00000, 0.00000, 0.00000, 0.00000, -2.77256, 0.00000, -0.00001
81300, 6504080, 0.00000, 0.00000, 0.00000, 0.00000, -2.77257, 0.00000, -0.00002
81400, 6512080, 0.00000, 0.00000, 0.00000, 0.00000, -2.77258, 0.00000, -0.00001
81500, 6520080, 0.00000, 0.00000, 0.00000, 0.00000, -2.77259, 0.00000, -0.00000
81600, 6528080, 0.00000, 0.00000, 0.00000, 0.00000, -2.77259, 0.00000, -0.00000
81700, 6536080, 0.00000, 0.00000, 0.00000, 0.00000, -2.77259, 0.00000, 0.00000
81800, 6544080, 0.00000, 0.00000, 0.00000, 0.00000, -2.77259, 0.00000, -0.00001
81900, 6552080, 0.00000, 0.00000, 0.00000, 0.00000, -2.77259, 0.00000, -0.00026
82000, 6560080, 0.00000, 0.00000, 0.00000, 0.00000, -2.77256, 0.00000, -0.00378
82100, 6568080, 0.00000, 0.00000, 0.00000, 0.00000, -2.77257, 0.00000, -0.00002
82200, 6576080, 0.00000, 0.00000, 0.00000, 0.00000, -2.77257, 0.00000, 0.00000
82300, 6584080, 0.00000, 0.00000, 0.00000, 0.00000, -2.77258, 0.00000, 0.00000
82400, 6592080, 0.00000, 0.00000, 0.00000, 0.00000, -2.77258, 0.00000, 0.00000
82500, 6600080, 0.00000, 0.00000, 0.00000, 0.00000, -2.77259, 0.00000, 0.00000
82600, 6608080, 0.00000, 0.00000, 0.00000, 0.00000, -2.77259, 0.00000, 0.00000
82700, 6616080, 0.00000, 0.00000, 0.00000, 0.00000, -2.77259, 0.00000, 0.00000
82800, 6624080, 0.00000, 0.00000, 0.00000, 0.00000, -2.77259, 0.00000, 0.00000
82900, 6632080, 0.00000, 0.00000, 0.00000, 0.00000, -2.77259, 0.00000, 0.00000
83000, 6640080, 0.00000, 0.00000, 0.00000, 0.00000, -2.77259, 0.00000, -0.00000
83100, 6648080, 0.00000, 0.00000, 0.00000, 0.00000, -2.77259, 0.00000, -0.00000
83200, 6656080, 0.00000, 0.00000, 0.00000, 0.00000, -2.77259, 0.00000, 0.00002
83300, 6664080, 0.00000, 0.00000, 0.00000, 0.00000, -2.77259, 0.00000, 0.00000
83400, 6672080, 0.00000, 0.00000, 0.00000, 0.00000, -2.77259, 0.00000, -0.00000
83500, 6680080, 0.00000, 0.00000, 0.00000, 0.00000, -2.77259, 0.00000, -0.00000
83600, 6688080, 0.00000, 0.00000, 0.00000, 0.00000, -2.77259, 0.00000, 0.00000
83700, 6696080, 0.00000, 0.00000, 0.00000, 0.00000, -2.77259, 0.00000, -0.00000
83800, 6704080, 0.00000, 0.00000, 0.00000, 0.00000, -2.77259, 0.00000, -0.00000
83900, 6712080, 0.00000, 0.00000, 0.00000, 0.00000, -2.77259, 0.00000, -0.00000
84000, 6720080, 0.00000, 0.00000, 0.00000, 0.00000, -2.77259, 0.00000, 0.00001
84100, 6728080, 0.00000, 0.00000, 0.00000, 0.00000, -2.77259, 0.00000, 0.00003
84200, 6736080, 0.00000, 0.00000, 0.00000, 0.00000, -2.77259, 0.00000, -0.00000
84300, 6744080, 0.00000, 0.00000, 0.00000, 0.00000, -2.77259, 0.00000, 0.00000
84400, 6752080, 0.00000, 0.00000, 0.00000, 0.00000, -2.77259, 0.00000, 0.00000
84500, 6760080, 0.00000, 0.00000, 0.00000, 0.00000, -2.77259, 0.00000, -0.00004
84600, 6768080, 0.00000, 0.00000, 0.00000, 0.00000, -2.77256, 0.00000, -0.00084
84700, 6776080, 0.00000, 0.00000, 0.00000, 0.00000, -2.77257, 0.00000, 0.00000
84800, 6784080, 0.00000, 0.00000, 0.00000, 0.00000, -2.77258, 0.00000, 0.00000
84900, 6792080, 0.00000, 0.00000, 0.00000, 0.00000, -2.77258, 0.00000, 0.00000
85000, 6800080, 0.00000, 0.00000, 0.00000, 0.00000, -2.77258, 0.00000, 0.00000
85100, 6808080, 0.00000, 0.00000, 0.00000, 0.00000, -2.77259, 0.00000, 0.00000
85200, 6816080, 0.00000, 0.00000, 0.00000, 0.00000, -2.77259, 0.00000, 0.00000
85300, 6824080, 0.00000, 0.00000, 0.00000, 0.00000, -2.77259, 0.00000, 0.00000
85400, 6832080, 0.00000, 0.00000, 0.00000, 0.00000, -2.77259, 0.00000, -0.00000
85500, 6840080, 0.00000, 0.00000, 0.00000, 0.00000, -2.77259, 0.00000, 0.00000
85600, 6848080, 0.00000, 0.00000, 0.00000, 0.00000, -2.77259, 0.00000, -0.00077
85700, 6856080, 0.00000, 0.00000, 0.00000, 0.00000, -2.77259, 0.00000, -0.00000
85800, 6864080, 0.00000, 0.00000, 0.00000, 0.00000, -2.77259, 0.00000, -0.00001
85900, 6872080, 0.00000, 0.00000, 0.00000, 0.00000, -2.77259, 0.00000, 0.00000
86000, 6880080, 0.00000, 0.00000, 0.00000, 0.00000, -2.77259, 0.00000, 0.00002
86100, 6888080, 0.00000, 0.00000, 0.00000, 0.00000, -2.77259, 0.00000, -0.00014
86200, 6896080, 0.00000, 0.00000, 0.00000, 0.00000, -2.77259, 0.00000, 0.00000
86300, 6904080, 0.00000, 0.00000, 0.00000, 0.00000, -2.77259, 0.00000, -0.00077
86400, 6912080, 0.00000, 0.00000, 0.00000, 0.00000, -2.77259, 0.00000, 0.00000
86500, 6920080, 0.00000, 0.00000, 0.00000, 0.00000, -2.77259, 0.00000, -0.00000
86600, 6928080, 0.00000, 0.00000, 0.00000, 0.00000, -2.77259, 0.00000, 0.00000
86700, 6936080, 0.00000, 0.00000, 0.00000, 0.00000, -2.77259, 0.00000, 0.00001
86800, 6944080, 0.00000, 0.00000, 0.00000, 0.00000, -2.77259, 0.00000, -0.00003
86900, 6952080, 0.00000, 0.00000, 0.00000, 0.00000, -2.77259, 0.00000, 0.00000
87000, 6960080, 0.00000, 0.00000, 0.00000, 0.00000, -2.77259, 0.00000, 0.00000
87100, 6968080, 0.00000, 0.00000, 0.00000, 0.00000, -2.77259, 0.00000, 0.00000
87200, 6976080, 0.00000, 0.00000, 0.00000, 0.00000, -2.77259, 0.00000, -0.00000
87300, 6984080, 0.00000, 0.00000, 0.00000, 0.00000, -2.77259, 0.00000, 0.00000
87400, 6992080, 0.00000, 0.00000, 0.00000, 0.00000, -2.77259, 0.00000, -0.00019
87500, 7000080, 0.00000, 0.00000, 0.00000, 0.00000, -2.77259, 0.00000, -0.00022
87600, 7008080, 0.00000, 0.00000, 0.00000, 0.00000, -2.77259, 0.00000, 0.00000
87700, 7016080, 0.00000, 0.00000, 0.00000, 0.00000, -2.77259, 0.00000, -0.00000
87800, 7024080, 0.00000, 0.00000, 0.00000, 0.00000, -2.77259, 0.00000, -0.00031
87900, 7032080, 0.00000, 0.00000, 0.00000, 0.00000, -2.77259, 0.00000, 0.00001
88000, 7040080, 0.00000, 0.00000, 0.00000, 0.00000, -2.77259, 0.00000, -0.00000
88100, 7048080, 0.00000, 0.00000, 0.00000, 0.00000, -2.77259, 0.00000, 0.00000
88200, 7056080, 0.00000, 0.00000, 0.00000, 0.00000, -2.77256, 0.00002, -0.00865
88300, 7064080, 0.00000, 0.00000, 0.00000, 0.00000, -2.77256, 0.00000, -0.00005
88400, 7072080, 0.00000, 0.00000, 0.00000, 0.00000, -2.77257, 0.00000, -0.00001
88500, 7080080, 0.00000, 0.00000, 0.00000, 0.00000, -2.77257, 0.00000, -0.00001
88600, 7088080, 0.00000, 0.00000, 0.00000, 0.00000, -2.77258, 0.00000, -0.00000
88700, 7096080, 0.00000, 0.00000, 0.00000, 0.00000, -2.77258, 0.00000, -0.00000
88800, 7104080, 0.00000, 0.00000, 0.00000, 0.00000, -2.77259, 0.00000, -0.00000
88900, 7112080, 0.00000, 0.00000, 0.00000, 0.00000, -2.77259, 0.00000, -0.00000
89000, 7120080, 0.00000, 0.00000, 0.00000, 0.00000, -2.77259, 0.00000, -0.00000
89100, 7128080, 0.00000, 0.00000, 0.00000, 0.00000, -2.77259, 0.00000, 0.00001
89200, 7136080, 0.00000, 0.00000, 0.00000, 0.00000, -2.77259, 0.00000, -0.00000
89300, 7144080, 0.00000, 0.00000, 0.00000, 0.00000, -2.77259, 0.00000, -0.00000
89400, 7152080, 0.00000, 0.00000, 0.00000, 0.00000, -2.77259, 0.00000, -0.00000
89500, 7160080, 0.00000, 0.00000, 0.00000, 0.00000, -2.77259, 0.00000, -0.00004
89600, 7168080, 0.00000, 0.00000, 0.00000, 0.00000, -2.77259, 0.00000, -0.00027
89700, 7176080, 0.00000, 0.00000, 0.00000, 0.00000, -2.77259, 0.00000, -0.00000
89800, 7184080, 0.00000, 0.00000, 0.00000, 0.00000, -2.77259, 0.00000, -0.00000
89900, 7192080, 0.00000, 0.00000, 0.00000, 0.00000, -2.77259, 0.00000, 0.00000
90000, 7200080, 0.00000, 0.00000, 0.00000, 0.00000, -2.77259, 0.00000, 0.00000
90100, 7208080, 0.00000, 0.00000, 0.00000, 0.00000, -2.77259, 0.00000, 0.00004
90200, 7216080, 0.00000, 0.00000, 0.00000, 0.00000, -2.77259, 0.00000, 0.00001
90300, 7224080, 0.00000, 0.00000, 0.00000, 0.00000, -2.77259, 0.00000, 0.00000
90400, 7232080, 0.00000, 0.00000, 0.00000, 0.00000, -2.77259, 0.00000, 0.00001
90500, 7240080, 0.00000, 0.00000, 0.00000, 0.00000, -2.77259, 0.00000, -0.00000
90600, 7248080, 0.00000, 0.00000, 0.00000, 0.00000, -2.77259, 0.00000, 0.00000
90700, 7256080, 0.00000, 0.00000, 0.00000, 0.00000, -2.77259, 0.00000, -0.00000
90800, 7264080, 0.00000, 0.00000, 0.00000, 0.00000, -2.77259, 0.00000, 0.00000
90900, 7272080, 0.00000, 0.00000, 0.00000, 0.00000, -2.77259, 0.00000, 0.00001
91000, 7280080, 0.00000, 0.00000, 0.00000, 0.00000, -2.77259, 0.00000, 0.00000
91100, 7288080, 0.00000, 0.00000, 0.00000, 0.00000, -2.77259, 0.00000, 0.00000
91200, 7296080, 0.00000, 0.00000, 0.00000, 0.00000, -2.77259, 0.00000, 0.00000
91300, 7304080, 0.00000, 0.00000, 0.00000, 0.00000, -2.77259, 0.00000, -0.00001
91400, 7312080, 0.00000, 0.00000, 0.00000, 0.00000, -2.77259, 0.00000, -0.00005
91500, 7320080, 0.00000, 0.00000, 0.00000, 0.00000, -2.77259, 0.00000, -0.00002
91600, 7328080, 0.00000, 0.00000, 0.00000, 0.00000, -2.77259, 0.00000, -0.00092
91700, 7336080, 0.00000, 0.00000, 0.00000, 0.00000, -2.77259, 0.00000, -0.00000
91800, 7344080, 0.00000, 0.00000, 0.00000, 0.00000, -2.77259, 0.00000, -0.00000
91900, 7352080, 0.00000, 0.00000, 0.00000, 0.00000, -2.77259, 0.00000, -0.00000
92000, 7360080, 0.00000, 0.00000, 0.00000, 0.00000, -2.77259, 0.00000, -0.00000
92100, 7368080, 0.00000, 0.00000, 0.00000, 0.00000, -2.77259, 0.00000, -0.00003
92200, 7376080, 0.00000, 0.00000, 0.00000, 0.00000, -2.77259, 0.00000, 0.00000
92300, 7384080, 0.00000, 0.00000, 0.00000, 0.00000, -2.77259, 0.00000, 0.00223
92400, 7392080, 0.00000, 0.00000, 0.00000, 0.00000, -2.77259, 0.00000, 0.00000
92500, 7400080, 0.00000, 0.00000, 0.00000, 0.00000, -2.77259, 0.00000, -0.00000
92600, 7408080, 0.00000, 0.00000, 0.00000, 0.00000, -2.77259, 0.00000, 0.00000
92700, 7416080, 0.00000, 0.00000, 0.00000, 0.00000, -2.77259, 0.00000, 0.00031
92800, 7424080, 0.00000, 0.00000, 0.00000, 0.00000, -2.77259, 0.00000, 0.00000
92900, 7432080, 0.00000, 0.00000, 0.00000, 0.00000, -2.77259, 0.00000, 0.00002
93000, 7440080, 0.00000, 0.00000, 0.00000, 0.00000, -2.77259, 0.00000, -0.00000
93100, 7448080, 0.00000, 0.00000, 0.00000, 0.00000, -2.77259, 0.00000, -0.00000
93200, 7456080, 0.00000, 0.00000, 0.00000, 0.00000, -2.77259, 0.00000, 0.00000
93300, 7464080, 0.00000, 0.00000, 0.00000, 0.00000, -2.77259, 0.00000, 0.00000
93400, 7472080, 0.00000, 0.00000, 0.00000, 0.00000, -2.77259, 0.00000, -0.00000
93500, 7480080, 0.00000, 0.00000, 0.00000, 0.00000, -2.77259, 0.00000, 0.00000
93600, 7488080, 0.00000, 0.00000, 0.00000, 0.00000, -2.77259, 0.00000, -0.00000
93700, 7496080, 0.00000, 0.00000, 0.00000, 0.00000, -2.77259, 0.00000, 0.00000
93800, 7504080, 0.00000, 0.00000, 0.00000, 0.00000, -2.77259, 0.00000, -0.00000
93900, 7512080, 0.00000, 0.00000, 0.00000, 0.00000, -2.77259, 0.00000, 0.00000
94000, 7520080, 0.00000, 0.00000, 0.00000, 0.00000, -2.77259, 0.00000, -0.00000
94100, 7528080, 0.00000, 0.00000, 0.00000, 0.00000, -2.77259, 0.00000, 0.00000
94200, 7536080, 0.00000, 0.00000, 0.00000, 0.00000, -2.77259, 0.00000, 0.00012
94300, 7544080, 0.00000, 0.00000, 0.00000, 0.00000, -2.77259, 0.00000, -0.00120
94400, 7552080, 0.00000, 0.00000, 0.00000, 0.00000, -2.77259, 0.00000, 0.00020
94500, 7560080, 0.00000, 0.00000, 0.00000, 0.00000, -2.77259, 0.00000, 0.00000
94600, 7568080, 0.00000, 0.00000, 0.00000, 0.00000, -2.77259, 0.00000, -0.00000
94700, 7576080, 0.00000, 0.00000, 0.00000, 0.00000, -2.77259, 0.00000, 0.00001
94800, 7584080, 0.00000, 0.00000, 0.00000, 0.00000, -2.77259, 0.00000, -0.00000
94900, 7592080, 0.00000, 0.00000, 0.00000, 0.00000, -2.77256, 0.00000, -0.00012
95000, 7600080, 0.00000, 0.00000, 0.00000, 0.00000, -2.77257, 0.00000, 0.00000
95100, 7608080, 0.00000, 0.00000, 0.00000, 0.00000, -2.77258, 0.00000, 0.00000
95200, 7616080, 0.00000, 0.00000, 0.00000, 0.00000, -2.77258, 0.00000, 0.00000
95300, 7624080, 0.00000, 0.00000, 0.00000, 0.00000, -2.77259, 0.00000, 0.00000
95400, 7632080, 0.00000, 0.00000, 0.00000, 0.00000, -2.77259, 0.00000, 0.00000
95500, 7640080, 0.00000, 0.00000, 0.00000, 0.00000, -2.77259, 0.00000, 0.00000
95600, 7648080, 0.00000, 0.00000, 0.00000, 0.00000, -2.77259, 0.00000, 0.00000
95700, 7656080, 0.00000, 0.00000, 0.00000, 0.00000, -2.77259, 0.00000, -0.00000
95800, 7664080, 0.00000, 0.00000, 0.00000, 0.00000, -2.77259, 0.00000, 0.00000
95900, 7672080, 0.00000, 0.00000, 0.00000, 0.00000, -2.77259, 0.00000, -0.00000
96000, 7680080, 0.00000, 0.00000, 0.00000, 0.00000, -2.77259, 0.00000, -0.00000
96100, 7688080, 0.00000, 0.00000, 0.00000, 0.00000, -2.77259, 0.00000, 0.00000
96200, 7696080, 0.00000, 0.00000, 0.00000, 0.00000, -2.77259, 0.00000, -0.00000
96300, 7704080, 0.00000, 0.00000, 0.00000, 0.00000, -2.77259, 0.00000, 0.00000
96400, 7712080, 0.00000, 0.00000, 0.00000, 0.00000, -2.77259, 0.00000, 0.00000
96500, 7720080, 0.00000, 0.00000, 0.00000, 0.00000, -2.77259, 0.00000, 0.00000
96600, 7728080, 0.00000, 0.00000, 0.00000, 0.00000, -2.77259, 0.00000, -0.00000
96700, 7736080, 0.00000, 0.00000, 0.00000, 0.00000, -2.77259, 0.00000, -0.00000
96800, 7744080, 0.00000, 0.00000, 0.00000, 0.00000, -2.77258, 0.00000, 0.00000
96900, 7752080, 0.00000, 0.00000, 0.00000, 0.00000, -2.77259, 0.00000, -0.00000
97000, 7760080, 0.00000, 0.00000, 0.00000, 0.00000, -2.77259, 0.00000, 0.00000
97100, 7768080, 0.00000, 0.00000, 0.00000, 0.00000, -2.77259, 0.00000, -0.00000
97200, 7776080, 0.00000, 0.00000, 0.00000, 0.00000, -2.77259, 0.00000, -0.00000
97300, 7784080, 0.00000, 0.00000, 0.00000, 0.00000, -2.77259, 0.00000, -0.00001
97400, 7792080, 0.00000, 0.00000, 0.00000, 0.00000, -2.77259, 0.00000, -0.00002
97500, 7800080, 0.00000, 0.00000, 0.00000, 0.00000, -2.77259, 0.00000, -0.00000
97600, 7808080, 0.00000, 0.00000, 0.00000, 0.00000, -2.77259, 0.00000, 0.00030
97700, 7816080, 0.00000, 0.00000, 0.00000, 0.00000, -2.77259, 0.00000, 0.00000
97800, 7824080, 0.00000, 0.00000, 0.00000, 0.00000, -2.77259, 0.00000, 0.00048
97900, 7832080, 0.00000, 0.00000, 0.00000, 0.00000, -2.77259, 0.00000, -0.00000
98000, 7840080, 0.00000, 0.00000, 0.00000, 0.00000, -2.77259, 0.00000, 0.00000
98100, 7848080, 0.00000, 0.00000, 0.00000, 0.00000, -2.77259, 0.00000, -0.00000
98200, 7856080, 0.00000, 0.00000, 0.00000, 0.00000, -2.77259, 0.00000, -0.00000
98300, 7864080, 0.00000, 0.00000, 0.00000, 0.00000, -2.77259, 0.00000, -0.00000
98400, 7872080, 0.00000, 0.00000, 0.00000, 0.00000, -2.77259, 0.00000, -0.00001
98500, 7880080, 0.00000, 0.00000, 0.00000, 0.00000, -2.77259, 0.00000, -0.00000
98600, 7888080, 0.00000, 0.00000, 0.00000, 0.00000, -2.77259, 0.00000, 0.00000
98700, 7896080, 0.00000, 0.00000, 0.00000, 0.00000, -2.77257, 0.00000, -0.00285
98800, 7904080, 0.00000, 0.00000, 0.00000, 0.00000, -2.77257, 0.00000, -0.00001
98900, 7912080, 0.00000, 0.00000, 0.00000, 0.00000, -2.77258, 0.00000, -0.00001
99000, 7920080, 0.00000, 0.00000, 0.00000, 0.00000, -2.77258, 0.00000, -0.00001
99100, 7928080, 0.00000, 0.00000, 0.00000, 0.00000, -2.77258, 0.00000, -0.00000
99200, 7936080, 0.00000, 0.00000, 0.00000, 0.00000, -2.77259, 0.00000, -0.00000
99300, 7944080, 0.00000, 0.00000, 0.00000, 0.00000, -2.77259, 0.00000, 0.00000
99400, 7952080, 0.00000, 0.00000, 0.00000, 0.00000, -2.77259, 0.00000, -0.00000
99500, 7960080, 0.00000, 0.00000, 0.00000, 0.00000, -2.77259, 0.00000, 0.00022
99600, 7968080, 0.00000, 0.00000, 0.00000, 0.00000, -2.77259, 0.00000, 0.00072
99700, 7976080, 0.00000, 0.00000, 0.00000, 0.00000, -2.77259, 0.00000, 0.00000
99800, 7984080, 0.00000, 0.00000, 0.00000, 0.00000, -2.77256, 0.00002, -0.00864
99900, 7992080, 0.00000, 0.00000, 0.00000, 0.00000, -2.77257, 0.00000, -0.00055
100000, 8000080, 0.00000, 0.00000, 0.00000, 0.00000, -2.77257, 0.00000, -0.00001
100100, 8008080, 0.00000, 0.00000, 0.00000, 0.00000, -2.77258, 0.00000, 0.00000
100200, 8016080, 0.00000, 0.00000, 0.00000, 0.00000, -2.77258, 0.00000, 0.00000
100300, 8024080, 0.00000, 0.00000, 0.00000, 0.00000, -2.77259, 0.00000, 0.00000
100400, 8032080, 0.00000, 0.00000, 0.00000, 0.00000, -2.77259, 0.00000, 0.00000
100500, 8040080, 0.00000, 0.00000, 0.00000, 0.00000, -2.77259, 0.00000, 0.00000
100600, 8048080, 0.00000, 0.00000, 0.00000, 0.00000, -2.77259, 0.00000, 0.00000
100700, 8056080, 0.00000, 0.00000, 0.00000, 0.00000, -2.77259, 0.00000, 0.00000
100800, 8064080, 0.00000, 0.00000, 0.00000, 0.00000, -2.77259, 0.00000, -0.00000
100900, 8072080, 0.00000, 0.00000, 0.00000, 0.00000, -2.77259, 0.00000, 0.00004
101000, 8080080, 0.00000, 0.00000, 0.00000, 0.00000, -2.77259, 0.00000, -0.00000
101100, 8088080, 0.00000, 0.00000, 0.00000, 0.00000, -2.77259, 0.00000, 0.00000
101200, 8096080, 0.00000, 0.00000, 0.00000, 0.00000, -2.77259, 0.00000, 0.00000
101300, 8104080, 0.00000, 0.00000, 0.00000, 0.00000, -2.77259, 0.00000, 0.00000
101400, 8112080, 0.00000, 0.00000, 0.00000, 0.00000, -2.77259, 0.00000, 0.00002
101500, 8120080, 0.00000, 0.00000, 0.00000, 0.00000, -2.77259, 0.00000, -0.00070
101600, 8128080, 0.00000, 0.00000, 0.00000, 0.00000, -2.77259, 0.00000, 0.00008
101700, 8136080, 0.00000, 0.00000, 0.00000, 0.00000, -2.77259, 0.00000, 0.00000
101800, 8144080, 0.00000, 0.00000, 0.00000, 0.00000, -2.77259, 0.00000, -0.00002
101900, 8152080, 0.00000, 0.00000, 0.00000, 0.00000, -2.77259, 0.00000, -0.00001
102000, 8160080, 0.00000, 0.00000, 0.00000, 0.00000, -2.77259, 0.00000, -0.00000
102100, 8168080, 0.00000, 0.00000, 0.00000, 0.00000, -2.77259, 0.00000, -0.00000
102200, 8176080, 0.00000, 0.00000, 0.00000, 0.00000, -2.77259, 0.00000, 0.00000
102300, 8184080, 0.00000, 0.00000, 0.00000, 0.00000, -2.77259, 0.00000, -0.00000
102400, 8192080, 0.00000, 0.00000, 0.00000, 0.00000, -2.77259, 0.00000, -0.00000
102500, 8200080, 0.00000, 0.00000, 0.00000, 0.00000, -2.77259, 0.00000, 0.00003
102600, 8208080, 0.00000, 0.00000, 0.00000, 0.00000, -2.77259, 0.00000, -0.00002
102700, 8216080, 0.00000, 0.00000, 0.00000, 0.00000, -2.77256, 0.00001, -0.00638
102800, 8224080, 0.00000, 0.00000, 0.00000, 0.00000, -2.77256, 0.00000, -0.00010
102900, 8232080, 0.00000, 0.00000, 0.00000, 0.00000, -2.77257, 0.00000, -0.00002
103000, 8240080, 0.00000, 0.00000, 0.00000, 0.00000, -2.77258, 0.00000, -0.00001
103100, 8248080, 0.00000, 0.00000, 0.00000, 0.00000, -2.77258, 0.00000, -0.00001
103200, 8256080, 0.00000, 0.00000, 0.00000, 0.00000, -2.77259, 0.00000, -0.00000
103300, 8264080, 0.00000, 0.00000, 0.00000, 0.00000, -2.77259, 0.00000, -0.00000
103400, 8272080, 0.00000, 0.00000, 0.00000, 0.00000, -2.77259, 0.00000, -0.00000
103500, 8280080, 0.00000, 0.00000, 0.00000, 0.00000, -2.77259, 0.00000, -0.00000
103600, 8288080, 0.00000, 0.00000, 0.00000, 0.00000, -2.77259, 0.00000, 0.00002
103700, 8296080, 0.00000, 0.00000, 0.00000, 0.00000, -2.77259, 0.00000, 0.00039
103800, 8304080, 0.00000, 0.00000, 0.00000, 0.00000, -2.77259, 0.00000, 0.00036
103900, 8312080, 0.00000, 0.00000, 0.00000, 0.00000, -2.77259, 0.00000, 0.00001
104000, 8320080, 0.00000, 0.00000, 0.00000, 0.00000, -2.77259, 0.00000, 0.00000
104100, 8328080, 0.00000, 0.00000, 0.00000, 0.00000, -2.77259, 0.00000, -0.00341
104200, 8336080, 0.00000, 0.00000, 0.00000, 0.00000, -2.77259, 0.00000, -0.00000
104300, 8344080, 0.00000, 0.00000, 0.00000, 0.00000, -2.77259, 0.00000, -0.00000
104400, 8352080, 0.00000, 0.00000, 0.00000, 0.00000, -2.77259, 0.00000, 0.00000
104500, 8360080, 0.00000, 0.00000, 0.00000, 0.00000, -2.77259, 0.00000, 0.00000
104600, 8368080, 0.00000, 0.00000, 0.00000, 0.00000, -2.77259, 0.00000, -0.00000
104700, 8376080, 0.00000, 0.00000, 0.00000, 0.00000, -2.77259, 0.00000, -0.00033
104800, 8384080, 0.00000, 0.00000, 0.00000, 0.00000, -2.77259, 0.00000, -0.00014
104900, 8392080, 0.00000, 0.00000, 0.00000, 0.00000, -2.77258, 0.00000, -0.00001
105000, 8400080, 0.00000, 0.00000, 0.00000, 0.00000, -2.77258, 0.00000, -0.00000
105100, 8408080, 0.00000, 0.00000, 0.00000, 0.00000, -2.77259, 0.00000, -0.00000
105200, 8416080, 0.00000, 0.00000, 0.00000, 0.00000, -2.77259, 0.00000, -0.00000
105300, 8424080, 0.00000, 0.00000, 0.00000, 0.00000, -2.77259, 0.00000, 0.00000
105400, 8432080, 0.00000, 0.00000, 0.00000, 0.00000, -2.77259, 0.00000, -0.00000
105500, 8440080, 0.00000, 0.00000, 0.00000, 0.00000, -2.77259, 0.00000, -0.00004
105600, 8448080, 0.00000, 0.00000, 0.00000, 0.00000, -2.77259, 0.00000, 0.00000
105700, 8456080, 0.00000, 0.00000, 0.00000, 0.00000, -2.77259, 0.00000, 0.00016
105800, 8464080, 0.00000, 0.00000, 0.00000, 0.00000, -2.77259, 0.00000, -0.00000
105900, 8472080, 0.00000, 0.00000, 0.00000, 0.00000, -2.77259, 0.00000, -0.00001
106000, 8480080, 0.00000, 0.00000, 0.00000, 0.00000, -2.77259, 0.00000, -0.00001
106100, 8488080, 0.00000, 0.00000, 0.00000, 0.00000, -2.77259, 0.00000, -0.00003
106200, 8496080, 0.00000, 0.00000, 0.00000, 0.00000, -2.77259, 0.00000, -0.00000
106300, 8504080, 0.00000, 0.00000, 0.00000, 0.00000, -2.77259, 0.00000, 0.00000
106400, 8512080, 0.00000, 0.00000, 0.00000, 0.00000, -2.77259, 0.00000, -0.00001
106500, 8520080, 0.00000, 0.00000, 0.00000, 0.00000, -2.77259, 0.00000, -0.00000
106600, 8528080, 0.00000, 0.00000, 0.00000, 0.00000, -2.77259, 0.00000, 0.00001
106700, 8536080, 0.00000, 0.00000, 0.00000, 0.00000, -2.77259, 0.00000, -0.00000
106800, 8544080, 0.00000, 0.00000, 0.00000, 0.00000, -2.77259, 0.00000, 0.00009
106900, 8552080, 0.00000, 0.00000, 0.00000, 0.00000, -2.77259, 0.00000, -0.00000
107000, 8560080, 0.00000, 0.00000, 0.00000, 0.00000, -2.77259, 0.00000, 0.00007
107100, 8568080, 0.00000, 0.00000, 0.00000, 0.00000, -2.77259, 0.00000, 0.00000
107200, 8576080, 0.00000, 0.00000, 0.00000, 0.00000, -2.77259, 0.00000, 0.00000
107300, 8584080, 0.00000, 0.00000, 0.00000, 0.00000, -2.77259, 0.00000, -0.00000
107400, 8592080, 0.00000, 0.00000, 0.00000, 0.00000, -2.77259, 0.00000, 0.00001
107500, 8600080, 0.00000, 0.00000, 0.00000, 0.00000, -2.77259, 0.00000, -0.00024
107600, 8608080, 0.00000, 0.00000, 0.00000, 0.00000, -2.77259, 0.00000, 0.00006
107700, 8616080, 0.00000, 0.00000, 0.00000, 0.00000, -2.77259, 0.00000, 0.00000
107800, 8624080, 0.00000, 0.00000, 0.00000, 0.00000, -2.77259, 0.00000, 0.00000
107900, 8632080, 0.00000, 0.00000, 0.00000, 0.00000, -2.77259, 0.00000, -0.00000
108000, 8640080, 0.00000, 0.00000, 0.00000, 0.00000, -2.77258, 0.00000, -0.00054
108100, 8648080, 0.00000, 0.00000, 0.00000, 0.00000, -2.77258, 0.00000, 0.00000
108200, 8656080, 0.00000, 0.00000, 0.00000, 0.00000, -2.77258, 0.00000, 0.00000
108300, 8664080, 0.00000, 0.00000, 0.00000, 0.00000, -2.77259, 0.00000, 0.00000
108400, 8672080, 0.00000, 0.00000, 0.00000, 0.00000, -2.77259, 0.00000, -0.00000
108500, 8680080, 0.00000, 0.00000, 0.00000, 0.00000, -2.77259, 0.00000, -0.00000
108600, 8688080, 0.00000, 0.00000, 0.00000, 0.00000, -2.77259, 0.00000, -0.00036
108700, 8696080, 0.00000, 0.00000, 0.00000, 0.00000, -2.77259, 0.00000, -0.00000
108800, 8704080, 0.00000, 0.00000, 0.00000, 0.00000, -2.77259, 0.00000, 0.00000
108900, 8712080, 0.00000, 0.00000, 0.00000, 0.00000, -2.77259, 0.00000, -0.00000
109000, 8720080, 0.00000, 0.00000, 0.00000, 0.00000, -2.77259, 0.00000, 0.00000
109100, 8728080, 0.00000, 0.00000, 0.00000, 0.00000, -2.77259, 0.00000, 0.00004
109200, 8736080, 0.00000, 0.00000, 0.00000, 0.00000, -2.77259, 0.00000, -0.00000
109300, 8744080, 0.00000, 0.00000, 0.00000, 0.00000, -2.77259, 0.00000, -0.00000
109400, 8752080, 0.00000, 0.00000, 0.00000, 0.00000, -2.77257, 0.00000, -0.00217
109500, 8760080, 0.00000, 0.00000, 0.00000, 0.00000, -2.77257, 0.00000, -0.00001
109600, 8768080, 0.00000, 0.00000, 0.00000, 0.00000, -2.77258, 0.00000, -0.00000
109700, 8776080, 0.00000, 0.00000, 0.00000, 0.00000, -2.77252, 0.00000, -0.00048
109800, 8784080, 0.00000, 0.00000, 0.00000, 0.00000, -2.77253, 0.00000, -0.00003
109900, 8792080, 0.00000, 0.00000, 0.00000, 0.00000, -2.77254, 0.00000, -0.00003
110000, 8800080, 0.00000, 0.00000, 0.00000, 0.00000, -2.77256, 0.00000, -0.00003
110100, 8808080, 0.00000, 0.00000, 0.00000, 0.00000, -2.77257, 0.00000, -0.00003
110200, 8816080, 0.00000, 0.00000, 0.00000, 0.00000, -2.77258, 0.00000, -0.00001
110300, 8824080, 0.00000, 0.00000, 0.00000, 0.00000, -2.77259, 0.00000, -0.00000
110400, 8832080, 0.00000, 0.00000, 0.00000, 0.00000, -2.77259, 0.00000, -0.00000
110500, 8840080, 0.00000, 0.00000, 0.00000, 0.00000, -2.77259, 0.00000, -0.00000
110600, 8848080, 0.00000, 0.00000, 0.00000, 0.00000, -2.77259, 0.00000, -0.00000
110700, 8856080, 0.00000, 0.00000, 0.00000, 0.00000, -2.77259, 0.00000, 0.00000
110800, 8864080, 0.00000, 0.00000, 0.00000, 0.00000, -2.77259, 0.00000, 0.00000
110900, 8872080, 0.00000, 0.00000, 0.00000, 0.00000, -2.77259, 0.00000, -0.00000
111000, 8880080, 0.00000, 0.00000, 0.00000, 0.00000, -2.77259, 0.00000, 0.00001
111100, 8888080, 0.00000, 0.00000, 0.00000, 0.00000, -2.77259, 0.00000, 0.00000
111200, 8896080, 0.00000, 0.00000, 0.00000, 0.00000, -2.77259, 0.00000, -0.00488
111300, 8904080, 0.00000, 0.00000, 0.00000, 0.00000, -2.77259, 0.00000, 0.00000
111400, 8912080, 0.00000, 0.00000, 0.00000, 0.00000, -2.77259, 0.00000, -0.00001
111500, 8920080, 0.00000, 0.00000, 0.00000, 0.00000, -2.77259, 0.00000, 0.00000
111600, 8928080, 0.00000, 0.00000, 0.00000, 0.00000, -2.77259, 0.00000, 0.00014
111700, 8936080, 0.00000, 0.00000, 0.00000, 0.00000, -2.77259, 0.00000, -0.00000
111800, 8944080, 0.00000, 0.00000, 0.00000, 0.00000, -2.77259, 0.00000, 0.00017
111900, 8952080, 0.00000, 0.00000, 0.00000, 0.00000, -2.77259, 0.00000, 0.00009
112000, 8960080, 0.00000, 0.00000, 0.00000, 0.00000, -2.77259, 0.00000, 0.00000
112100, 8968080, 0.00000, 0.00000, 0.00000, 0.00000, -2.77259, 0.00000, 0.00003
112200, 8976080, 0.00000, 0.00000, 0.00000, 0.00000, -2.77259, 0.00000, 0.00000
112300, 8984080, 0.00000, 0.00000, 0.00000, 0.00000, -2.77259, 0.00000, -0.00038
112400, 8992080, 0.00000, 0.00000, 0.00000, 0.00000, -2.77259, 0.00000, 0.00002
112500, 9000080, 0.00000, 0.00000, 0.00000, 0.00000, -2.77259, 0.00000, 0.00000
112600, 9008080, 0.00000, 0.00000, 0.00000, 0.00000, -2.77259, 0.00000, 0.00000
112700, 9016080, 0.00000, 0.00000, 0.00000, 0.00000, -2.77259, 0.00000, -0.00000
112800, 9024080, 0.00000, 0.00000, 0.00000, 0.00000, -2.77259, 0.00000, -0.00077
112900, 9032080, 0.00000, 0.00000, 0.00000, 0.00000, -2.77259, 0.00000, -0.00001
113000, 9040080, 0.00000, 0.00000, 0.00000, 0.00000, -2.77259, 0.00000, -0.00000
113100, 9048080, 0.00000, 0.00000, 0.00000, 0.00000, -2.77259, 0.00000, -0.00000
113200, 9056080, 0.00000, 0.00000, 0.00000, 0.00000, -2.77259, 0.00000, 0.00034
113300, 9064080, 0.00000, 0.00000, 0.00000, 0.00000, -2.77259, 0.00000, -0.00003
113400, 9072080, 0.00000, 0.00000, 0.00000, 0.00000, -2.77259, 0.00000, -0.00000
113500, 9080080, 0.00000, 0.00000, 0.00000, 0.00000, -2.77259, 0.00000, 0.00000
113600, 9088080, 0.00000, 0.00000, 0.00000, 0.00000, -2.77259, 0.00000, -0.00001
113700, 9096080, 0.00000, 0.00000, 0.00000, 0.00000, -2.77259, 0.00000, -0.00033
113800, 9104080, 0.00000, 0.00000, 0.00000, 0.00000, -2.77259, 0.00000, 0.00020
113900, 9112080, 0.00000, 0.00000, 0.00000, 0.00000, -2.77259, 0.00000, 0.00000
114000, 9120080, 0.00000, 0.00000, 0.00000, 0.00000, -2.77259, 0.00000, 0.00000
114100, 9128080, 0.00000, 0.00000, 0.00000, 0.00000, -2.77259, 0.00000, 0.00055
114200, 9136080, 0.00000, 0.00000, 0.00000, 0.00000, -2.77259, 0.00000, 0.00000
114300, 9144080, 0.00000, 0.00000, 0.00000, 0.00000, -2.77259, 0.00000, 0.00003
114400, 9152080, 0.00000, 0.00000, 0.00000, 0.00000, -2.77259, 0.00000, 0.00002
114500, 9160080, 0.00000, 0.00000, 0.00000, 0.00000, -2.77259, 0.00000, 0.00000
114600, 9168080, 0.00000, 0.00000, 0.00000, 0.00000, -2.77259, 0.00000, 0.00000
114700, 9176080, 0.00000, 0.00000, 0.00000, 0.00000, -2.77259, 0.00000, 0.00003
114800, 9184080, 0.00000, 0.00000, 0.00000, 0.00000, -2.77256, 0.00001, -0.00469
114900, 9192080, 0.00000, 0.00000, 0.00000, 0.00000, -2.77256, 0.00000, -0.00006
115000, 9200080, 0.00000, 0.00000, 0.00000, 0.00000, -2.77257, 0.00000, -0.00005
115100, 9208080, 0.00000, 0.00000, 0.00000, 0.00000, -2.77258, 0.00000, -0.00002
115200, 9216080, 0.00000, 0.00000, 0.00000, 0.00000, -2.77258, 0.00000, -0.00001
115300, 9224080, 0.00000, 0.00000, 0.00000, 0.00000, -2.77258, 0.00000, -0.00001
115400, 9232080, 0.00000, 0.00000, 0.00000, 0.00000, -2.77259, 0.00000, -0.00000
115500, 9240080, 0.00000, 0.00000, 0.00000, 0.00000, -2.77259, 0.00000, -0.00000
115600, 9248080, 0.00000, 0.00000, 0.00000, 0.00000, -2.77259, 0.00000, -0.00000
115700, 9256080, 0.00000, 0.00000, 0.00000, 0.00000, -2.77259, 0.00000, -0.00000
115800, 9264080, 0.00000, 0.00000, 0.00000, 0.00000, -2.77259, 0.00000, 0.00000
115900, 9272080, 0.00000, 0.00000, 0.00000, 0.00000, -2.77259, 0.00000, 0.00110
116000, 9280080, 0.00000, 0.00000, 0.00000, 0.00000, -2.77259, 0.00000, 0.00000
116100, 9288080, 0.00000, 0.00000, 0.00000, 0.00000, -2.77259, 0.00001, -0.00507
116200, 9296080, 0.00000, 0.00000, 0.00000, 0.00000, -2.77259, 0.00000, 0.00000
116300, 9304080, 0.00000, 0.00000, 0.00000, 0.00000, -2.77258, 0.00000, -0.00141
116400, 9312080, 0.00000, 0.00000, 0.00000, 0.00000, -2.77259, 0.00000, -0.00021
116500, 9320080, 0.00000, 0.00000, 0.00000, 0.00000, -2.77259, 0.00000, -0.00000
116600, 9328080, 0.00000, 0.00000, 0.00000, 0.00000, -2.77258, 0.00000, 0.00000
116700, 9336080, 0.00000, 0.00000, 0.00000, 0.00000, -2.77258, 0.00000, 0.00000
116800, 9344080, 0.00000, 0.00000, 0.00000, 0.00000, -2.77256, 0.00000, -0.00130
116900, 9352080, 0.00000, 0.00000, 0.00000, 0.00000, -2.77256, 0.00000, -0.00001
117000, 9360080, 0.00000, 0.00000, 0.00000, 0.00000, -2.77257, 0.00000, 0.00000
117100, 9368080, 0.00000, 0.00000, 0.00000, 0.00000, -2.77258, 0.00000, -0.00000
117200, 9376080, 0.00000, 0.00000, 0.00000, 0.00000, -2.77258, 0.00000, 0.00001
117300, 9384080, 0.00000, 0.00000, 0.00000, 0.00000, -2.77259, 0.00000, 0.00000
117400, 9392080, 0.00000, 0.00000, 0.00000, 0.00000, -2.77259, 0.00000, 0.00000
117500, 9400080, 0.00000, 0.00000, 0.00000, 0.00000, -2.77259, 0.00000, 0.00000
117600, 9408080, 0.00000, 0.00000, 0.00000, 0.00000, -2.77259, 0.00000, -0.00000
117700, 9416080, 0.00000, 0.00000, 0.00000, 0.00000, -2.77259, 0.00000, 0.00127
117800, 9424080, 0.00000, 0.00000, 0.00000, 0.00000, -2.77259, 0.00000, -0.00000
117900, 9432080, 0.00000, 0.00000, 0.00000, 0.00000, -2.77259, 0.00000, 0.00000
118000, 9440080, 0.00000, 0.00000, 0.00000, 0.00000, -2.77259, 0.00000, 0.00000
118100, 9448080, 0.00000, 0.00000, 0.00000, 0.00000, -2.77259, 0.00000, 0.00089
118200, 9456080, 0.00000, 0.00000, 0.00000, 0.00000, -2.77259, 0.00000, 0.00001
118300, 9464080, 0.00000, 0.00000, 0.00000, 0.00000, -2.77259, 0.00000, -0.00000
118400, 9472080, 0.00000, 0.00000, 0.00000, 0.00000, -2.77259, 0.00000, 0.00001
118500, 9480080, 0.00000, 0.00000, 0.00000, 0.00000, -2.77259, 0.00000, 0.00006
118600, 9488080, 0.00000, 0.00000, 0.00000, 0.00000, -2.77259, 0.00000, 0.00000
118700, 9496080, 0.00000, 0.00000, 0.00000, 0.00000, -2.77258, 0.00000, 0.00055
118800, 9504080, 0.00000, 0.00000, 0.00000, 0.00000, -2.77259, 0.00000, 0.00000
118900, 9512080, 0.00000, 0.00000, 0.00000, 0.00000, -2.77259, 0.00000, 0.00002
119000, 9520080, 0.00000, 0.00000, 0.00000, 0.00000, -2.77259, 0.00000, 0.00004
119100, 9528080, 0.00000, 0.00000, 0.00000, 0.00000, -2.77259, 0.00000, -0.00000
119200, 9536080, 0.00000, 0.00000, 0.00000, 0.00000, -2.77259, 0.00000, -0.00000
119300, 9544080, 0.00000, 0.00000, 0.00000, 0.00000, -2.77259, 0.00000, 0.00000
119400, 9552080, 0.00000, 0.00000, 0.00000, 0.00000, -2.77259, 0.00000, 0.00000
119500, 9560080, 0.00000, 0.00000, 0.00000, 0.00000, -2.77259, 0.00000, -0.00000
119600, 9568080, 0.00000, 0.00000, 0.00000, 0.00000, -2.77259, 0.00000, 0.00000
119700, 9576080, 0.00000, 0.00000, 0.00000, 0.00000, -2.77259, 0.00000, -0.00044
119800, 9584080, 0.00000, 0.00000, 0.00000, 0.00000, -2.77259, 0.00000, 0.00157
119900, 9592080, 0.00000, 0.00000, 0.00000, 0.00000, -2.77259, 0.00000, 0.00000
120000, 9600080, 0.00000, 0.00000, 0.00000, 0.00000, -2.77259, 0.00000, -0.00000
120100, 9608080, 0.00000, 0.00000, 0.00000, 0.00000, -2.77259, 0.00000, -0.00448
120200, 9616080, 0.00000, 0.00000, 0.00000, 0.00000, -2.77257, 0.00000, -0.00000
120300, 9624080, 0.00000, 0.00000, 0.00000, 0.00000, -2.77258, 0.00000, -0.00001
120400, 9632080, 0.00000, 0.00000, 0.00000, 0.00000, -2.77258, 0.00000, -0.00000
120500, 9640080, 0.00000, 0.00000, 0.00000, 0.00000, -2.77259, 0.00000, -0.00000
120600, 9648080, 0.00000, 0.00000, 0.00000, 0.00000, -2.77259, 0.00000, -0.00000
120700, 9656080, 0.00000, 0.00000, 0.00000, 0.00000, -2.77256, 0.00000, -0.00074
120800, 9664080, 0.00000, 0.00000, 0.00000, 0.00000, -2.77256, 0.00000, -0.00005
120900, 9672080, 0.00000, 0.00000, 0.00000, 0.00000, -2.77257, 0.00000, -0.00002
121000, 9680080, 0.00000, 0.00000, 0.00000, 0.00000, -2.77258, 0.00000, -0.00002
121100, 9688080, 0.00000, 0.00000, 0.00000, 0.00000, -2.77258, 0.00000, -0.00001
121200, 9696080, 0.00000, 0.00000, 0.00000, 0.00000, -2.77259, 0.00000, -0.00001
121300, 9704080, 0.00000, 0.00000, 0.00000, 0.00000, -2.77259, 0.00000, -0.00000
121400, 9712080, 0.00000, 0.00000, 0.00000, 0.00000, -2.77259, 0.00000, -0.00000
121500, 9720080, 0.00000, 0.00000, 0.00000, 0.00000, -2.77259, 0.00000, 0.00001
121600, 9728080, 0.00000, 0.00000, 0.00000, 0.00000, -2.77259, 0.00000, 0.00000
121700, 9736080, 0.00000, 0.00000, 0.00000, 0.00000, -2.77259, 0.00000, 0.00000
121800, 9744080, 0.00000, 0.00000, 0.00000, 0.00000, -2.77259, 0.00000, 0.00000
121900, 9752080, 0.00000, 0.00000, 0.00000, 0.00000, -2.77259, 0.00000, 0.00014
122000, 9760080, 0.00000, 0.00000, 0.00000, 0.00000, -2.77259, 0.00000, 0.00000
122100, 9768080, 0.00000, 0.00000, 0.00000, 0.00000, -2.77259, 0.00000, -0.00000
122200, 9776080, 0.00000, 0.00000, 0.00000, 0.00000, -2.77256, 0.00000, -0.00403
122300, 9784080, 0.00000, 0.00000, 0.00000, 0.00000, -2.77257, 0.00000, -0.00012
122400, 9792080, 0.00000, 0.00000, 0.00000, 0.00000, -2.77258, 0.00000, -0.00000
122500, 9800080, 0.00000, 0.00000, 0.00000, 0.00000, -2.77258, 0.00000, -0.00000
122600, 9808080, 0.00000, 0.00000, 0.00000, 0.00000, -2.77258, 0.00000, -0.00000
122700, 9816080, 0.00000, 0.00000, 0.00000, 0.00000, -2.77257, 0.00000, -0.00000
122800, 9824080, 0.00000, 0.00000, 0.00000, 0.00000, -2.77258, 0.00000, 0.00000
122900, 9832080, 0.00000, 0.00000, 0.00000, 0.00000, -2.77258, 0.00000, 0.00000
123000, 9840080, 0.00000, 0.00000, 0.00000, 0.00000, -2.77258, 0.00000, 0.00000
123100, 9848080, 0.00000, 0.00000, 0.00000, 0.00000, -2.77259, 0.00000, 0.00000
123200, 9856080, 0.00000, 0.00000, 0.00000, 0.00000, -2.77259, 0.00000, 0.00000
123300, 9864080, 0.00000, 0.00000, 0.00000, 0.00000, -2.77259, 0.00000, 0.00000
123400, 9872080, 0.00000, 0.00000, 0.00000, 0.00000, -2.77259, 0.00000, -0.00000
123500, 9880080, 0.00000, 0.00000, 0.00000, 0.00000, -2.77259, 0.00000, 0.00023
123600, 9888080, 0.00000, 0.00000, 0.00000, 0.00000, -2.77259, 0.00000, -0.00011
123700, 9896080, 0.00000, 0.00000, 0.00000, 0.00000, -2.77259, 0.00000, 0.00216
123800, 9904080, 0.00000, 0.00000, 0.00000, 0.00000, -2.77259, 0.00000, -0.00034
123900, 9912080, 0.00000, 0.00000, 0.00000, 0.00000, -2.77259, 0.00000, -0.00026
124000, 9920080, 0.00000, 0.00000, 0.00000, 0.00000, -2.77259, 0.00000, -0.00000
124100, 9928080, 0.00000, 0.00000, 0.00000, 0.00000, -2.77259, 0.00000, -0.00001
124200, 9936080, 0.00000, 0.00000, 0.00000, 0.00000, -2.77259, 0.00000, -0.00000
124300, 9944080, 0.00000, 0.00000, 0.00000, 0.00000, -2.77259, 0.00000, 0.00000
124400, 9952080, 0.00000, 0.00000, 0.00000, 0.00000, -2.77259, 0.00000, -0.00000
124500, 9960080, 0.00000, 0.00000, 0.00000, 0.00000, -2.77259, 0.00000, 0.00000
124600, 9968080, 0.00000, 0.00000, 0.00000, 0.00000, -2.77259, 0.00000, -0.00000
124700, 9976080, 0.00000, 0.00000, 0.00000, 0.00000, -2.77259, 0.00000, 0.00000
124800, 9984080, 0.00000, 0.00000, 0.00000, 0.00000, -2.77259, 0.00000, -0.00000
124900, 9992080, 0.00000, 0.00000, 0.00000, 0.00000, -2.77259, 0.00000, 0.00001
