0, 80, 0.00000, 0.00000, 0.00000, 0.00000, -2.06681, 0.20252, 0.82637
100, 8080, 3.64000, 0.80531, 3.64000, 0.80531, -1.78702, 6.34345, -2.46472
200, 16080, 2.92000, 0.16000, 2.92000, 0.16000, -1.98892, 0.04832, 0.25153
300, 24080, 7.07999, 2.29829, 7.07999, 2.29829, -1.85279, 0.06735, 0.25445
400, 32080, 3.56000, 0.91913, 3.56000, 0.91913, -1.42751, 3.98017, -1.27991
500, 40080, 3.08000, 0.48000, 3.08000, 0.48000, -1.39345, 0.03037, 0.16742
600, 48080, 2.84000, 0.00000, 2.84000, 0.00000, -1.30566, 0.01389, 0.06343
700, 56080, 3.08000, 0.48000, 3.08000, 0.48000, -1.45072, 0.07818, 0.32786
800, 64080, 2.84000, 0.00000, 2.84000, 0.00000, -1.54252, 0.05038, 0.27161
900, 72080, 3.64000, 0.80531, 3.64000, 0.80531, -1.49252, 0.67318, -0.22482
1000, 80080, 2.84000, 0.00000, 2.84000, 0.00000, -1.48560, 1.46275, -0.82542
1100, 88080, 3.56000, 0.48000, 3.56000, 0.48000, -1.45256, 0.51185, -0.42395
1200, 96080, 3.08000, 0.48000, 3.08000, 0.48000, -1.47742, 0.05394, 0.18173
1300, 104080, 2.84000, 0.00000, 2.84000, 0.00000, -1.44947, 0.05097, 0.24408
1400, 112080, 3.16000, 0.45255, 3.16000, 0.45255, -1.26144, 0.98594, -0.42387
1500, 120080, 2.84000, 0.00000, 2.84000, 0.00000, -1.38296, 0.04710, 0.09072
1600, 128080, 2.84000, 0.00000, 2.84000, 0.00000, -1.55600, 0.79329, -0.15329
1700, 136080, 2.84000, 0.00000, 2.84000, 0.00000, -1.25699, 0.84524, 0.12109
1800, 144080, 3.08000, 0.48000, 3.08000, 0.48000, -1.13237, 0.04530, 0.16511
1900, 152080, 2.84000, 0.00000, 2.84000, 0.00000, -0.85497, 0.01655, -0.06929
2000, 160080, 2.84000, 0.00000, 2.84000, 0.00000, -1.11453, 0.02621, -0.08172
2100, 168080, 2.84000, 0.00000, 2.84000, 0.00000, -1.22608, 0.05311, 0.15936
2200, 176080, 2.84000, 0.00000, 2.84000, 0.00000, -0.68190, 11.43235, -1.72395
2300, 184080, 2.84000, 0.00000, 2.84000, 0.00000, -0.67076, 0.00227, 0.02613
2400, 192080, 2.84000, 0.00000, 2.84000, 0.00000, -0.67985, 0.00321, 0.02906
2500, 200080, 2.84000, 0.00000, 2.84000, 0.00000, -0.44283, 0.03314, 0.07836
2600, 208080, 2.84000, 0.00000, 2.84000, 0.00000, -0.36072, 0.92295, -0.13240
2700, 216080, 2.84000, 0.00000, 2.84000, 0.00000, -0.39628, 0.52657, -0.02245
2800, 224080, 2.84000, 0.00000, 2.84000, 0.00000, -0.61578, 0.03946, 0.09702
2900, 232080, 2.84000, 0.00000, 2.84000, 0.00000, -0.20720, 0.04268, 0.04616
3000, 240080, 2.84000, 0.00000, 2.84000, 0.00000, -0.22674, 0.03838, 0.05488
3100, 248080, 2.84000, 0.00000, 2.84000, 0.00000, -0.60600, 1.57873, -0.32764
3200, 256080, 2.84000, 0.00000, 2.84000, 0.00000, -0.90390, 0.29428, -0.08517
3300, 264080, 2.84000, 0.00000, 2.84000, 0.00000, -0.47914, 0.03664, 0.04642
3400, 272080, 2.84000, 0.00000, 2.84000, 0.00000, -0.22493, 6.69292, -0.25761
3500, 280080, 2.84000, 0.00000, 2.84000, 0.00000, -0.41935, 2.08361, -0.26423
3600, 288080, 2.84000, 0.00000, 2.84000, 0.00000, -0.71260, 0.03737, 0.09708
3700, 296080, 2.84000, 0.00000, 2.84000, 0.00000, -0.69026, 0.00698, 0.03837
3800, 304080, 2.84000, 0.00000, 2.84000, 0.00000, -0.68193, 0.02044, 0.07804
3900, 312080, 2.84000, 0.00000, 2.84000, 0.00000, -0.63242, 0.03604, 0.08348
4000, 320080, 2.84000, 0.00000, 2.84000, 0.00000, -0.65882, 6.39643, -0.88658
4100, 328080, 2.84000, 0.00000, 2.84000, 0.00000, -0.69603, 1.54649, -0.22202
4200, 336080, 2.84000, 0.00000, 2.84000, 0.00000, -0.57971, 0.00632, 0.02128
4300, 344080, 2.84000, 0.00000, 2.84000, 0.00000, -0.65708, 0.00709, 0.02952
4400, 352080, 2.84000, 0.00000, 2.84000, 0.00000, -0.60751, 0.02054, 0.08191
4500, 360080, 2.84000, 0.00000, 2.84000, 0.00000, -0.44530, 0.02066, 0.05940
4600, 368080, 2.84000, 0.00000, 2.84000, 0.00000, -0.66980, 6.27445, -1.02836
4700, 376080, 2.84000, 0.00000, 2.84000, 0.00000, -0.69380, 2.04758, -0.30237
4800, 384080, 2.84000, 0.00000, 2.84000, 0.00000, -0.68365, 0.04799, -0.04733
4900, 392080, 2.84000, 0.00000, 2.84000, 0.00000, -0.56393, 0.00590, 0.00125
5000, 400080, 2.84000, 0.00000, 2.84000, 0.00000, -0.66097, 0.01908, 0.02100
5100, 408080, 2.84000, 0.00000, 2.84000, 0.00000, -0.66111, 0.00884, 0.03392
5200, 416080, 2.84000, 0.00000, 2.84000, 0.00000, -0.69099, 6.58567, -1.19430
5300, 424080, 2.84000, 0.00000, 2.84000, 0.00000, -0.67205, 2.34978, -0.29504
5400, 432080, 2.84000, 0.00000, 2.84000, 0.00000, -0.54438, 0.01127, 0.04148
5500, 440080, 2.84000, 0.00000, 2.84000, 0.00000, -0.59524, 0.00693, 0.01861
5600, 448080, 2.84000, 0.00000, 2.84000, 0.00000, -0.67399, 0.00890, 0.05500
5700, 456080, 2.84000, 0.00000, 2.84000, 0.00000, -0.69812, 0.00915, 0.04426
5800, 464080, 2.84000, 0.00000, 2.84000, 0.00000, -0.69103, 6.06747, -1.02994
5900, 472080, 2.84000, 0.00000, 2.84000, 0.00000, -0.69570, 1.52016, -0.24325
6000, 480080, 2.84000, 0.00000, 2.84000, 0.00000, -0.66447, 0.01096, 0.05651
6100, 488080, 2.84000, 0.00000, 2.84000, 0.00000, -0.69603, 0.00711, 0.03972
6200, 496080, 2.84000, 0.00000, 2.84000, 0.00000, -0.69635, 0.00975, 0.05827
6300, 504080, 2.84000, 0.00000, 2.84000, 0.00000, -0.69593, 0.02102, 0.06031
6400, 512080, 2.84000, 0.00000, 2.84000, 0.00000, -0.65282, 6.62315, -1.09576
6500, 520080, 2.84000, 0.00000, 2.84000, 0.00000, -0.59939, 1.96282, -0.17641
6600, 528080, 2.84000, 0.00000, 2.84000, 0.00000, -0.69012, 0.00113, 0.01936
6700, 536080, 2.84000, 0.00000, 2.84000, 0.00000, -0.64148, 0.00750, 0.03012
6800, 544080, 2.84000, 0.00000, 2.84000, 0.00000, -0.69764, 0.00960, 0.05965
6900, 552080, 2.84000, 0.00000, 2.84000, 0.00000, -0.68815, 0.01283, 0.06301
7000, 560080, 2.84000, 0.00000, 2.84000, 0.00000, -0.68537, 6.51547, -1.10739
7100, 568080, 2.84000, 0.00000, 2.84000, 0.00000, -0.63171, 2.01798, -0.32461
7200, 576080, 2.84000, 0.00000, 2.84000, 0.00000, -0.67028, 0.00238, 0.02817
7300, 584080, 2.84000, 0.00000, 2.84000, 0.00000, -0.66966, 0.00880, -0.01614
7400, 592080, 2.84000, 0.00000, 2.84000, 0.00000, -0.59848, 0.01455, 0.06819
7500, 600080, 2.84000, 0.00000, 2.84000, 0.00000, -0.57033, 2.22604, -0.35757
7600, 608080, 2.84000, 0.00000, 2.84000, 0.00000, -0.44162, 0.02261, 0.03911
7700, 616080, 2.84000, 0.00000, 2.84000, 0.00000, -0.64485, 1.00865, -0.30305
7800, 624080, 2.84000, 0.00000, 2.84000, 0.00000, -0.70688, 0.03649, 0.11071
7900, 632080, 2.84000, 0.00000, 2.84000, 0.00000, -0.66574, 0.01517, 0.06847
8000, 640080, 2.84000, 0.00000, 2.84000, 0.00000, -0.50509, 0.01692, 0.05334
8100, 648080, 2.84000, 0.00000, 2.84000, 0.00000, -0.55354, 0.01653, 0.05450
8200, 656080, 2.84000, 0.00000, 2.84000, 0.00000, -0.68253, 4.43215, -0.75966
8300, 664080, 2.84000, 0.00000, 2.84000, 0.00000, -0.69395, 3.99120, -0.73695
8400, 672080, 2.84000, 0.00000, 2.84000, 0.00000, -0.67423, 0.01532, 0.03956
8500, 680080, 2.84000, 0.00000, 2.84000, 0.00000, -0.60485, 0.01895, 0.01578
8600, 688080, 2.84000, 0.00000, 2.84000, 0.00000, -0.69530, 0.01405, 0.05635
8700, 696080, 2.84000, 0.00000, 2.84000, 0.00000, -0.69591, 0.01552, 0.07602
8800, 704080, 2.84000, 0.00000, 2.84000, 0.00000, -0.69052, 4.17022, -0.77380
8900, 712080, 2.84000, 0.00000, 2.84000, 0.00000, -0.66145, 3.57037, -0.51608
9000, 720080, 2.84000, 0.00000, 2.84000, 0.00000, -0.70732, 0.03892, 0.11762
9100, 728080, 2.84000, 0.00000, 2.84000, 0.00000, -0.55112, 1.43204, -0.24456
9200, 736080, 3.32000, 0.55426, 3.32000, 0.55426, -0.92594, 0.09744, 0.16539
9300, 744080, 2.84000, 0.00000, 2.84000, 0.00000, -0.61229, 0.07070, 0.10319
9400, 752080, 2.84000, 0.00000, 2.84000, 0.00000, -0.27627, 0.03282, 0.06661
9500, 760080, 2.84000, 0.00000, 2.84000, 0.00000, -0.51244, 0.67102, -0.09709
9600, 768080, 3.08000, 0.48000, 3.08000, 0.48000, -0.81216, 0.30938, -0.22316
9700, 776080, 2.84000, 0.00000, 2.84000, 0.00000, -0.95164, 0.10346, 0.27426
9800, 784080, 2.84000, 0.00000, 2.84000, 0.00000, -0.69365, 0.02682, 0.08307
9900, 792080, 2.84000, 0.00000, 2.84000, 0.00000, -0.68959, 0.00756, 0.03056
10000, 800080, 2.84000, 0.00000, 2.84000, 0.00000, -0.69206, 0.00428, 0.03959
10100, 808080, 2.84000, 0.00000, 2.84000, 0.00000, -0.68731, 3.81589, -0.58005
10200, 816080, 2.84000, 0.00000, 2.84000, 0.00000, -0.69331, 5.03998, -0.87549
10300, 824080, 2.84000, 0.00000, 2.84000, 0.00000, -0.58873, 0.00410, 0.03362
10400, 832080, 2.84000, 0.00000, 2.84000, 0.00000, -0.69376, 0.00333, -0.00124
10500, 840080, 2.84000, 0.00000, 2.84000, 0.00000, -0.67848, 0.03034, 0.06801
10600, 848080, 2.84000, 0.00000, 2.84000, 0.00000, -0.59513, 1.00833, -0.22900
10700, 856080, 2.84000, 0.00000, 2.84000, 0.00000, -0.68424, 0.65724, -0.06869
10800, 864080, 2.84000, 0.00000, 2.84000, 0.00000, -0.69969, 0.57015, -0.08022
10900, 872080, 2.84000, 0.00000, 2.84000, 0.00000, -0.76770, 0.82153, -0.44752
11000, 880080, 2.84000, 0.00000, 2.84000, 0.00000, -0.54296, 0.03250, 0.07878
11100, 888080, 2.84000, 0.00000, 2.84000, 0.00000, -0.62116, 0.05949, 0.12478
11200, 896080, 2.84000, 0.00000, 2.84000, 0.00000, -0.66119, 0.02076, 0.07015
11300, 904080, 2.84000, 0.00000, 2.84000, 0.00000, -0.95855, 1.75573, -0.21614
11400, 912080, 2.84000, 0.00000, 2.84000, 0.00000, -0.69044, 0.02196, -0.02373
11500, 920080, 2.84000, 0.00000, 2.84000, 0.00000, -0.64179, 0.01018, 0.03671
11600, 928080, 2.84000, 0.00000, 2.84000, 0.00000, -0.69041, 0.01555, 0.02866
11700, 936080, 2.84000, 0.00000, 2.84000, 0.00000, -0.65354, 6.04574, -0.91383
11800, 944080, 2.84000, 0.00000, 2.84000, 0.00000, -0.68559, 3.90753, -0.61767
11900, 952080, 2.84000, 0.00000, 2.84000, 0.00000, -0.62436, 0.00538, 0.03231
12000, 960080, 2.84000, 0.00000, 2.84000, 0.00000, -0.63543, 0.01263, -0.01622
12100, 968080, 2.84000, 0.00000, 2.84000, 0.00000, -0.69121, 0.00091, 0.00857
12200, 976080, 2.84000, 0.00000, 2.84000, 0.00000, -0.67449, 0.00068, 0.00474
12300, 984080, 2.84000, 0.00000, 2.84000, 0.00000, -0.69302, 6.80236, -1.11344
12400, 992080, 2.84000, 0.00000, 2.84000, 0.00000, -0.69181, 3.28678, -0.55251
12500, 1000080, 2.84000, 0.00000, 2.84000, 0.00000, -0.68964, 0.00255, -0.00264
12600, 1008080, 2.84000, 0.00000, 2.84000, 0.00000, -0.66755, 0.00418, 0.03673
12700, 1016080, 2.84000, 0.00000, 2.84000, 0.00000, -0.64529, 0.00429, 0.03868
12800, 1024080, 2.84000, 0.00000, 2.84000, 0.00000, -0.69180, 0.00198, 0.01729
12900, 1032080, 2.84000, 0.00000, 2.84000, 0.00000, -0.67746, 7.49230, -1.23585
13000, 1040080, 2.84000, 0.00000, 2.84000, 0.00000, -0.68972, 4.29291, -0.64573
13100, 1048080, 2.84000, 0.00000, 2.84000, 0.00000, -0.68963, 0.00074, 0.01429
13200, 1056080, 2.84000, 0.00000, 2.84000, 0.00000, -0.69331, 0.00384, 0.03526
13300, 1064080, 2.84000, 0.00000, 2.84000, 0.00000, -0.68330, 0.00319, 0.03344
13400, 1072080, 2.84000, 0.00000, 2.84000, 0.00000, -0.67611, 0.00239, 0.02275
13500, 1080080, 2.84000, 0.00000, 2.84000, 0.00000, -0.69275, 6.62760, -1.12709
13600, 1088080, 2.84000, 0.00000, 2.84000, 0.00000, -0.67455, 3.79532, -0.54082
13700, 1096080, 2.84000, 0.00000, 2.84000, 0.00000, -0.65474, 0.00187, 0.02198
13800, 1104080, 2.84000, 0.00000, 2.84000, 0.00000, -0.69046, 0.00259, 0.01514
13900, 1112080, 2.84000, 0.00000, 2.84000, 0.00000, -0.69026, 0.00278, 0.02672
14000, 1120080, 2.84000, 0.00000, 2.84000, 0.00000, -0.68770, 0.00100, 0.01754
14100, 1128080, 2.84000, 0.00000, 2.84000, 0.00000, -0.69400, 7.78482, -1.22249
14200, 1136080, 2.84000, 0.00000, 2.84000, 0.00000, -0.69148, 3.87699, -0.62178
14300, 1144080, 2.84000, 0.00000, 2.84000, 0.00000, -0.68555, 0.00080, 0.01405
14400, 1152080, 2.84000, 0.00000, 2.84000, 0.00000, -0.69199, 0.00112, 0.01685
14500, 1160080, 2.84000, 0.00000, 2.84000, 0.00000, -0.69488, 0.00085, 0.01741
14600, 1168080, 2.84000, 0.00000, 2.84000, 0.00000, -0.62432, 0.00154, 0.01458
14700, 1176080, 2.84000, 0.00000, 2.84000, 0.00000, -0.69400, 6.97066, -1.13211
14800, 1184080, 2.84000, 0.00000, 2.84000, 0.00000, -0.69331, 3.87819, -0.59182
14900, 1192080, 2.84000, 0.00000, 2.84000, 0.00000, -0.67459, 0.00072, 0.01468
15000, 1200080, 2.84000, 0.00000, 2.84000, 0.00000, -0.69584, 0.00212, 0.02724
15100, 1208080, 2.84000, 0.00000, 2.84000, 0.00000, -0.68181, 0.00256, 0.03007
15200, 1216080, 2.84000, 0.00000, 2.84000, 0.00000, -0.69191, 1.99777, -0.29423
15300, 1224080, 2.84000, 0.00000, 2.84000, 0.00000, -0.64891, 7.22319, -1.19803
15400, 1232080, 2.84000, 0.00000, 2.84000, 0.00000, -0.67430, 0.00053, 0.01060
15500, 1240080, 2.84000, 0.00000, 2.84000, 0.00000, -0.69030, 0.00079, 0.01322
15600, 1248080, 2.84000, 0.00000, 2.84000, 0.00000, -0.69139, 0.00046, 0.00950
15700, 1256080, 2.84000, 0.00000, 2.84000, 0.00000, -0.64505, 0.00206, 0.01343
15800, 1264080, 2.84000, 0.00000, 2.84000, 0.00000, -0.69499, 2.09199, -0.29942
15900, 1272080, 2.84000, 0.00000, 2.84000, 0.00000, -0.67532, 8.12769, -1.16950
16000, 1280080, 2.84000, 0.00000, 2.84000, 0.00000, -0.66100, 0.00069, 0.01454
16100, 1288080, 2.84000, 0.00000, 2.84000, 0.00000, -0.67574, 0.00430, 0.03798
16200, 1296080, 2.84000, 0.00000, 2.84000, 0.00000, -0.62800, 1.48543, -0.16798
16300, 1304080, 2.84000, 0.00000, 2.84000, 0.00000, -0.68547, 1.02134, -0.12619
16400, 1312080, 2.84000, 0.00000, 2.84000, 0.00000, -0.67563, 2.91873, -0.93917
16500, 1320080, 2.84000, 0.00000, 2.84000, 0.00000, -0.52094, 0.04409, 0.08207
16600, 1328080, 2.84000, 0.00000, 2.84000, 0.00000, -0.70182, 0.93099, -0.33436
16700, 1336080, 2.84000, 0.00000, 2.84000, 0.00000, -0.60442, 0.02608, 0.09156
16800, 1344080, 2.84000, 0.00000, 2.84000, 0.00000, -0.90402, 2.79132, -0.98580
16900, 1352080, 2.84000, 0.00000, 2.84000, 0.00000, -0.59998, 0.86347, 0.04879
17000, 1360080, 2.84000, 0.00000, 2.84000, 0.00000, -0.74615, 0.18716, -0.08425
17100, 1368080, 2.84000, 0.00000, 2.84000, 0.00000, -0.85813, 0.96163, -0.17137
17200, 1376080, 2.84000, 0.00000, 2.84000, 0.00000, -0.95800, 0.08718, 0.25686
17300, 1384080, 2.84000, 0.00000, 2.84000, 0.00000, -0.66939, 3.49072, -0.71758
17400, 1392080, 2.84000, 0.00000, 2.84000, 0.00000, -0.67905, 0.02992, 0.06516
17500, 1400080, 2.84000, 0.00000, 2.84000, 0.00000, -0.81695, 0.05116, 0.18411
17600, 1408080, 2.84000, 0.00000, 2.84000, 0.00000, -0.66887, 3.66186, -0.69093
17700, 1416080, 2.84000, 0.00000, 2.84000, 0.00000, -0.71601, 0.03915, 0.10191
17800, 1424080, 2.84000, 0.00000, 2.84000, 0.00000, -0.60758, 0.02486, 0.03519
17900, 1432080, 2.84000, 0.00000, 2.84000, 0.00000, -0.61002, 4.33102, -0.83291
18000, 1440080, 2.84000, 0.00000, 2.84000, 0.00000, -0.46353, 0.02227, 0.06889
18100, 1448080, 2.84000, 0.00000, 2.84000, 0.00000, -0.35083, 0.01312, 0.01780
18200, 1456080, 2.84000, 0.00000, 2.84000, 0.00000, -0.66293, 1.15254, -0.13436
18300, 1464080, 2.84000, 0.00000, 2.84000, 0.00000, -0.65094, 2.23993, -0.35541
18400, 1472080, 2.84000, 0.00000, 2.84000, 0.00000, -0.60901, 0.01697, 0.07334
18500, 1480080, 2.84000, 0.00000, 2.84000, 0.00000, -0.61921, 0.01770, 0.06970
18600, 1488080, 2.84000, 0.00000, 2.84000, 0.00000, -0.67362, 2.45328, -0.48581
18700, 1496080, 2.84000, 0.00000, 2.84000, 0.00000, -0.64643, 2.35273, -0.45961
18800, 1504080, 2.84000, 0.00000, 2.84000, 0.00000, -0.69526, 0.04890, 0.13561
18900, 1512080, 2.84000, 0.00000, 2.84000, 0.00000, -0.67946, 1.50881, -0.22812
19000, 1520080, 3.08000, 0.48000, 3.08000, 0.48000, -0.69227, 0.05315, 0.12184
19100, 1528080, 3.56000, 1.44000, 3.56000, 1.44000, -0.67984, 2.53399, -0.64926
19200, 1536080, 2.84000, 0.00000, 2.84000, 0.00000, -0.66315, 0.01693, 0.07781
19300, 1544080, 2.84000, 0.00000, 2.84000, 0.00000, -0.61645, 0.01900, 0.07004
19400, 1552080, 2.84000, 0.00000, 2.84000, 0.00000, -0.69198, 0.01701, 0.04557
19500, 1560080, 2.84000, 0.00000, 2.84000, 0.00000, -0.65212, 1.54454, -0.22102
19600, 1568080, 2.84000, 0.00000, 2.84000, 0.00000, -0.69335, 1.50419, -0.24975
19700, 1576080, 2.84000, 0.00000, 2.84000, 0.00000, -0.54235, 5.44438, -0.47186
19800, 1584080, 2.84000, 0.00000, 2.84000, 0.00000, -0.68973, 0.01206, -0.00182
19900, 1592080, 2.84000, 0.00000, 2.84000, 0.00000, -0.69364, 0.02317, 0.02958
20000, 1600080, 2.84000, 0.00000, 2.84000, 0.00000, -0.67343, 0.01568, 0.00069
20100, 1608080, 2.84000, 0.00000, 2.84000, 0.00000, -0.69300, 1.45984, -0.24573
20200, 1616080, 2.84000, 0.00000, 2.84000, 0.00000, -0.68770, 1.41630, -0.21244
20300, 1624080, 2.84000, 0.00000, 2.84000, 0.00000, -0.67948, 5.87565, -1.03464
20400, 1632080, 2.84000, 0.00000, 2.84000, 0.00000, -0.68357, 0.00359, 0.03185
20500, 1640080, 2.84000, 0.00000, 2.84000, 0.00000, -0.60839, 0.01259, 0.01841
20600, 1648080, 2.84000, 0.00000, 2.84000, 0.00000, -0.56970, 0.00835, 0.03539
20700, 1656080, 2.84000, 0.00000, 2.84000, 0.00000, -0.64161, 1.65471, -0.24958
20800, 1664080, 2.84000, 0.00000, 2.84000, 0.00000, -0.69967, 1.65107, -0.23375
20900, 1672080, 2.84000, 0.00000, 2.84000, 0.00000, -0.71210, 4.32465, -1.00034
21000, 1680080, 2.84000, 0.00000, 2.84000, 0.00000, -0.69259, 0.00529, 0.04066
21100, 1688080, 2.84000, 0.00000, 2.84000, 0.00000, -0.68923, 0.01486, 0.07333
21200, 1696080, 3.08000, 0.48000, 3.08000, 0.48000, -0.69073, 0.01069, 0.06081
21300, 1704080, 2.84000, 0.00000, 2.84000, 0.00000, -0.64647, 2.27909, -0.54384
21400, 1712080, 2.84000, 0.00000, 2.84000, 0.00000, -0.62816, 0.02064, 0.03826
21500, 1720080, 2.84000, 0.00000, 2.84000, 0.00000, -0.63580, 0.00539, 0.00491
21600, 1728080, 2.84000, 0.00000, 2.84000, 0.00000, -0.66448, 3.44771, -0.47785
21700, 1736080, 2.84000, 0.00000, 2.84000, 0.00000, -0.68404, 0.00777, 0.00112
21800, 1744080, 2.84000, 0.00000, 2.84000, 0.00000, -0.69225, 0.00462, 0.04071
21900, 1752080, 2.84000, 0.00000, 2.84000, 0.00000, -0.69334, 5.22229, -0.86897
22000, 1760080, 2.84000, 0.00000, 2.84000, 0.00000, -0.68051, 0.01085, 0.02337
22100, 1768080, 2.84000, 0.00000, 2.84000, 0.00000, -0.67160, 0.00578, 0.02990
22200, 1776080, 2.84000, 0.00000, 2.84000, 0.00000, -0.69267, 3.33115, -0.65175
22300, 1784080, 2.84000, 0.00000, 2.84000, 0.00000, -0.65809, 0.00197, 0.02444
22400, 1792080, 2.84000, 0.00000, 2.84000, 0.00000, -0.64548, 0.00777, -0.01766
22500, 1800080, 2.84000, 0.00000, 2.84000, 0.00000, -0.67307, 5.56106, -0.94993
22600, 1808080, 2.84000, 0.00000, 2.84000, 0.00000, -0.68653, 0.00445, 0.02456
22700, 1816080, 2.84000, 0.00000, 2.84000, 0.00000, -0.69090, 0.01361, 0.06754
22800, 1824080, 2.84000, 0.00000, 2.84000, 0.00000, -0.69538, 0.52291, -0.07327
22900, 1832080, 2.84000, 0.00000, 2.84000, 0.00000, -0.65494, 0.04584, 0.11558
23000, 1840080, 2.84000, 0.00000, 2.84000, 0.00000, -0.69491, 1.03738, -0.12944
23100, 1848080, 2.84000, 0.00000, 2.84000, 0.00000, -0.69485, 2.70303, -0.45860
23200, 1856080, 2.84000, 0.00000, 2.84000, 0.00000, -0.69374, 0.02651, 0.09853
23300, 1864080, 2.84000, 0.00000, 2.84000, 0.00000, -0.68557, 0.02199, 0.09248
23400, 1872080, 2.84000, 0.00000, 2.84000, 0.00000, -0.68906, 2.12005, -0.39612
23500, 1880080, 2.84000, 0.00000, 2.84000, 0.00000, -0.67861, 0.01508, 0.06481
23600, 1888080, 2.84000, 0.00000, 2.84000, 0.00000, -0.65635, 1.38836, -0.08753
23700, 1896080, 3.08000, 0.48000, 3.08000, 0.48000, -0.67247, 0.02969, 0.09048
23800, 1904080, 2.84000, 0.00000, 2.84000, 0.00000, -0.67417, 0.04976, 0.12632
23900, 1912080, 2.84000, 0.00000, 2.84000, 0.00000, -0.73374, 0.05996, 0.10289
24000, 1920080, 2.84000, 0.00000, 2.84000, 0.00000, -0.51325, 0.03970, 0.08426
24100, 1928080, 2.84000, 0.00000, 2.84000, 0.00000, -0.49778, 0.04394, 0.08067
24200, 1936080, 2.84000, 0.00000, 2.84000, 0.00000, -0.61641, 0.05326, 0.12243
24300, 1944080, 2.84000, 0.00000, 2.84000, 0.00000, -0.51066, 2.68071, -0.47769
24400, 1952080, 2.84000, 0.00000, 2.84000, 0.00000, -0.65551, 1.02671, -0.13972
24500, 1960080, 2.84000, 0.00000, 2.84000, 0.00000, -0.76655, 1.52235, -0.41704
24600, 1968080, 2.84000, 0.00000, 2.84000, 0.00000, -0.69341, 0.01676, 0.03347
24700, 1976080, 2.84000, 0.00000, 2.84000, 0.00000, -0.69090, 0.02927, 0.00767
24800, 1984080, 2.84000, 0.00000, 2.84000, 0.00000, -0.69349, 0.01229, 0.03375
24900, 1992080, 2.84000, 0.00000, 2.84000, 0.00000, -0.62281, 0.00561, 0.02294
25000, 2000080, 2.84000, 0.00000, 2.84000, 0.00000, -0.67540, 3.04243, -0.62082
25100, 2008080, 2.84000, 0.00000, 2.84000, 0.00000, -0.68967, 0.95362, -0.20063
25200, 2016080, 3.32000, 0.96000, 3.32000, 0.96000, -0.65641, 0.03116, 0.01711
25300, 2024080, 2.84000, 0.00000, 2.84000, 0.00000, -0.69404, 3.48388, -0.78501
25400, 2032080, 2.84000, 0.00000, 2.84000, 0.00000, -0.69890, 0.02951, 0.04792
25500, 2040080, 2.84000, 0.00000, 2.84000, 0.00000, -0.67973, 0.02732, 0.08962
25600, 2048080, 3.64000, 1.06132, 3.64000, 1.06132, -0.69516, 0.04876, 0.13498
25700, 2056080, 2.84000, 0.00000, 2.84000, 0.00000, -0.66413, 0.01244, 0.06050
25800, 2064080, 2.84000, 0.00000, 2.84000, 0.00000, -0.65906, 0.01988, 0.03246
25900, 2072080, 4.60000, 3.52000, 4.60000, 3.52000, -0.65233, 0.03314, 0.10613
26000, 2080080, 2.84000, 0.00000, 2.84000, 0.00000, -0.69257, 3.40905, -0.72941
26100, 2088080, 2.84000, 0.00000, 2.84000, 0.00000, -0.59075, 1.12848, -0.21569
26200, 2096080, 2.84000, 0.00000, 2.84000, 0.00000, -0.66490, 1.47930, -0.29339
26300, 2104080, 2.84000, 0.00000, 2.84000, 0.00000, -0.68575, 0.01638, 0.07433
26400, 2112080, 2.84000, 0.00000, 2.84000, 0.00000, -0.69601, 4.08166, -0.82274
26500, 2120080, 2.84000, 0.00000, 2.84000, 0.00000, -0.72901, 0.03712, 0.00421
26600, 2128080, 2.84000, 0.00000, 2.84000, 0.00000, -0.66936, 1.07225, -0.09589
26700, 2136080, 2.84000, 0.00000, 2.84000, 0.00000, -0.62909, 0.02255, 0.08400
26800, 2144080, 2.84000, 0.00000, 2.84000, 0.00000, -0.68179, 0.01384, -0.00479
26900, 2152080, 2.84000, 0.00000, 2.84000, 0.00000, -0.68603, 4.25592, -0.73049
27000, 2160080, 2.84000, 0.00000, 2.84000, 0.00000, -0.68406, 5.21003, -0.98987
27100, 2168080, 2.84000, 0.00000, 2.84000, 0.00000, -0.69068, 0.01327, -0.02232
27200, 2176080, 2.84000, 0.00000, 2.84000, 0.00000, -0.69265, 0.00643, 0.04597
27300, 2184080, 2.84000, 0.00000, 2.84000, 0.00000, -0.68975, 0.00680, 0.04718
27400, 2192080, 2.84000, 0.00000, 2.84000, 0.00000, -0.67243, 0.03134, 0.05836
27500, 2200080, 2.84000, 0.00000, 2.84000, 0.00000, -0.69064, 5.33061, -0.84329
27600, 2208080, 2.84000, 0.00000, 2.84000, 0.00000, -0.61473, 7.07946, -1.21311
27700, 2216080, 2.84000, 0.00000, 2.84000, 0.00000, -0.68660, 0.01141, -0.04589
27800, 2224080, 2.84000, 0.00000, 2.84000, 0.00000, -0.67993, 0.00150, 0.01000
27900, 2232080, 2.84000, 0.00000, 2.84000, 0.00000, -0.68484, 0.00620, 0.04703
28000, 2240080, 2.84000, 0.00000, 2.84000, 0.00000, -0.65973, 0.00391, 0.03319
28100, 2248080, 2.84000, 0.00000, 2.84000, 0.00000, -0.68194, 5.14708, -0.85610
28200, 2256080, 2.84000, 0.00000, 2.84000, 0.00000, -0.69135, 7.72580, -1.16563
28300, 2264080, 2.84000, 0.00000, 2.84000, 0.00000, -0.64959, 0.00047, 0.00882
28400, 2272080, 2.84000, 0.00000, 2.84000, 0.00000, -0.68675, 0.00971, 0.05257
28500, 2280080, 2.84000, 0.00000, 2.84000, 0.00000, -0.67873, 0.01188, 0.06646
28600, 2288080, 2.84000, 0.00000, 2.84000, 0.00000, -0.69007, 1.75042, -0.26406
28700, 2296080, 2.84000, 0.00000, 2.84000, 0.00000, -0.65521, 4.73697, -0.71435
28800, 2304080, 2.84000, 0.00000, 2.84000, 0.00000, -0.65649, 2.93400, -0.45196
28900, 2312080, 2.84000, 0.00000, 2.84000, 0.00000, -0.61932, 0.00483, 0.03755
29000, 2320080, 2.84000, 0.00000, 2.84000, 0.00000, -0.66409, 0.00439, 0.03175
29100, 2328080, 2.84000, 0.00000, 2.84000, 0.00000, -0.69349, 0.00752, 0.04686
29200, 2336080, 2.84000, 0.00000, 2.84000, 0.00000, -0.68994, 2.00004, -0.26633
29300, 2344080, 2.84000, 0.00000, 2.84000, 0.00000, -0.68292, 4.78541, -0.82314
29400, 2352080, 2.84000, 0.00000, 2.84000, 0.00000, -0.66539, 1.99213, -0.25529
29500, 2360080, 2.84000, 0.00000, 2.84000, 0.00000, -0.70217, 0.03225, 0.10904
29600, 2368080, 2.84000, 0.00000, 2.84000, 0.00000, -0.69273, 0.04468, 0.12319
29700, 2376080, 2.84000, 0.00000, 2.84000, 0.00000, -0.69251, 0.06890, -0.01392
29800, 2384080, 2.84000, 0.00000, 2.84000, 0.00000, -0.67501, 0.75905, -0.13269
29900, 2392080, 2.84000, 0.00000, 2.84000, 0.00000, -0.54678, 0.54329, 0.00241
30000, 2400080, 2.84000, 0.00000, 2.84000, 0.00000, -0.78435, 0.12139, 0.24915
30100, 2408080, 2.84000, 0.00000, 2.84000, 0.00000, -0.55094, 0.88301, -0.03939
30200, 2416080, 2.84000, 0.00000, 2.84000, 0.00000, -0.48920, 2.07951, -0.14620
30300, 2424080, 2.84000, 0.00000, 2.84000, 0.00000, -0.46145, 0.03517, 0.08630
30400, 2432080, 2.84000, 0.00000, 2.84000, 0.00000, -0.57907, 0.01368, 0.05260
30500, 2440080, 2.84000, 0.00000, 2.84000, 0.00000, -0.67532, 3.06654, -0.47430
30600, 2448080, 2.84000, 0.00000, 2.84000, 0.00000, -0.65276, 5.28543, -0.74341
30700, 2456080, 2.84000, 0.00000, 2.84000, 0.00000, -0.63637, 0.01273, 0.00580
30800, 2464080, 2.84000, 0.00000, 2.84000, 0.00000, -0.68553, 0.00291, -0.00178
30900, 2472080, 2.84000, 0.00000, 2.84000, 0.00000, -0.69327, 0.01352, 0.06852
31000, 2480080, 2.84000, 0.00000, 2.84000, 0.00000, -0.68807, 0.00596, 0.01714
31100, 2488080, 2.84000, 0.00000, 2.84000, 0.00000, -0.68419, 3.57335, -0.57710
31200, 2496080, 2.84000, 0.00000, 2.84000, 0.00000, -0.69227, 5.91686, -0.90894
31300, 2504080, 2.84000, 0.00000, 2.84000, 0.00000, -0.68791, 0.00370, 0.03437
31400, 2512080, 2.84000, 0.00000, 2.84000, 0.00000, -0.65057, 0.00162, 0.01204
31500, 2520080, 2.84000, 0.00000, 2.84000, 0.00000, -0.69365, 0.00859, 0.05617
31600, 2528080, 2.84000, 0.00000, 2.84000, 0.00000, -0.69312, 0.00782, 0.05447
31700, 2536080, 2.84000, 0.00000, 2.84000, 0.00000, -0.69233, 3.85583, -0.60511
31800, 2544080, 2.84000, 0.00000, 2.84000, 0.00000, -0.68934, 5.16564, -0.84670
31900, 2552080, 2.84000, 0.00000, 2.84000, 0.00000, -0.69271, 0.00297, 0.03017
32000, 2560080, 2.84000, 0.00000, 2.84000, 0.00000, -0.66088, 0.00201, 0.01051
32100, 2568080, 2.84000, 0.00000, 2.84000, 0.00000, -0.66531, 0.00403, 0.03929
32200, 2576080, 2.84000, 0.00000, 2.84000, 0.00000, -0.69327, 0.00350, 0.01264
32300, 2584080, 2.84000, 0.00000, 2.84000, 0.00000, -0.69280, 3.89635, -0.59272
32400, 2592080, 2.84000, 0.00000, 2.84000, 0.00000, -0.67918, 5.38723, -0.89487
32500, 2600080, 2.84000, 0.00000, 2.84000, 0.00000, -0.68966, 0.00278, -0.00332
32600, 2608080, 2.84000, 0.00000, 2.84000, 0.00000, -0.68617, 0.00164, 0.02206
32700, 2616080, 2.84000, 0.00000, 2.84000, 0.00000, -0.67101, 0.00110, 0.00542
32800, 2624080, 2.84000, 0.00000, 2.84000, 0.00000, -0.68288, 0.00268, 0.02791
32900, 2632080, 2.84000, 0.00000, 2.84000, 0.00000, -0.69369, 3.85247, -0.60646
33000, 2640080, 2.84000, 0.00000, 2.84000, 0.00000, -0.69169, 5.36813, -0.88804
33100, 2648080, 2.84000, 0.00000, 2.84000, 0.00000, -0.68568, 0.00194, 0.02081
33200, 2656080, 2.84000, 0.00000, 2.84000, 0.00000, -0.68582, 0.00488, 0.03401
33300, 2664080, 2.84000, 0.00000, 2.84000, 0.00000, -0.69496, 0.00187, 0.02393
33400, 2672080, 2.84000, 0.00000, 2.84000, 0.00000, -0.68197, 0.00203, 0.01797
33500, 2680080, 2.84000, 0.00000, 2.84000, 0.00000, -0.69471, 3.89536, -0.60658
33600, 2688080, 2.84000, 0.00000, 2.84000, 0.00000, -0.67657, 5.78343, -0.88968
33700, 2696080, 2.84000, 0.00000, 2.84000, 0.00000, -0.69516, 0.00243, 0.01193
33800, 2704080, 2.84000, 0.00000, 2.84000, 0.00000, -0.68703, 0.00231, 0.01376
33900, 2712080, 2.84000, 0.00000, 2.84000, 0.00000, -0.69444, 0.00142, 0.02000
34000, 2720080, 2.84000, 0.00000, 2.84000, 0.00000, -0.68264, 0.00173, 0.01477
34100, 2728080, 2.84000, 0.00000, 2.84000, 0.00000, -0.69445, 3.80128, -0.58011
34200, 2736080, 2.84000, 0.00000, 2.84000, 0.00000, -0.69037, 5.70056, -0.87825
34300, 2744080, 2.84000, 0.00000, 2.84000, 0.00000, -0.69420, 0.00514, 0.03211
34400, 2752080, 2.84000, 0.00000, 2.84000, 0.00000, -0.69999, 0.00302, 0.03047
34500, 2760080, 2.84000, 0.00000, 2.84000, 0.00000, -0.72952, 0.05325, 0.13186
34600, 2768080, 2.84000, 0.00000, 2.84000, 0.00000, -0.67560, 2.34650, -0.60673
34700, 2776080, 2.84000, 0.00000, 2.84000, 0.00000, -0.67991, 1.39940, -0.20694
34800, 2784080, 2.84000, 0.00000, 2.84000, 0.00000, -0.55180, 0.07800, 0.12039
34900, 2792080, 2.84000, 0.00000, 2.84000, 0.00000, -0.64936, 1.49706, -0.44930
35000, 2800080, 2.84000, 0.00000, 2.84000, 0.00000, -0.72296, 0.06904, 0.18041
35100, 2808080, 3.08000, 0.48000, 3.08000, 0.48000, -0.70443, 0.66606, -0.09783
35200, 2816080, 2.84000, 0.00000, 2.84000, 0.00000, -0.67378, 3.60646, -0.71812
35300, 2824080, 2.84000, 0.00000, 2.84000, 0.00000, -0.69566, 0.02712, 0.09052
35400, 2832080, 2.84000, 0.00000, 2.84000, 0.00000, -0.69433, 0.02671, 0.08809
35500, 2840080, 2.84000, 0.00000, 2.84000, 0.00000, -0.69049, 2.28322, -0.41953
35600, 2848080, 2.84000, 0.00000, 2.84000, 0.00000, -0.68946, 0.01211, 0.03793
35700, 2856080, 2.84000, 0.00000, 2.84000, 0.00000, -0.65431, 1.46100, -0.19405
35800, 2864080, 2.84000, 0.00000, 2.84000, 0.00000, -0.62527, 3.54005, -0.77182
35900, 2872080, 2.84000, 0.00000, 2.84000, 0.00000, -0.64760, 0.03415, 0.10535
36000, 2880080, 2.84000, 0.00000, 2.84000, 0.00000, -0.68474, 0.02227, 0.08672
36100, 2888080, 2.84000, 0.00000, 2.84000, 0.00000, -0.69415, 2.46970, -0.45251
36200, 2896080, 2.84000, 0.00000, 2.84000, 0.00000, -0.67467, 0.01119, 0.05871
36300, 2904080, 2.84000, 0.00000, 2.84000, 0.00000, -0.72650, 0.06444, 0.15065
36400, 2912080, 2.84000, 0.00000, 2.84000, 0.00000, -0.49369, 0.01637, 0.06360
36500, 2920080, 2.84000, 0.00000, 2.84000, 0.00000, -0.53504, 0.00730, 0.03412
36600, 2928080, 2.84000, 0.00000, 2.84000, 0.00000, -0.68318, 0.01695, 0.05532
36700, 2936080, 2.84000, 0.00000, 2.84000, 0.00000, -0.69356, 5.94743, -1.04342
36800, 2944080, 2.84000, 0.00000, 2.84000, 0.00000, -0.59639, 3.72391, -0.52303
36900, 2952080, 2.84000, 0.00000, 2.84000, 0.00000, -0.65404, 0.00716, 0.03994
37000, 2960080, 2.84000, 0.00000, 2.84000, 0.00000, -0.65542, 0.00870, 0.03404
37100, 2968080, 2.84000, 0.00000, 2.84000, 0.00000, -0.67706, 0.00515, 0.03273
37200, 2976080, 2.84000, 0.00000, 2.84000, 0.00000, -0.67909, 0.00740, 0.03998
37300, 2984080, 2.84000, 0.00000, 2.84000, 0.00000, -0.69395, 6.85708, -1.13937
37400, 2992080, 2.84000, 0.00000, 2.84000, 0.00000, -0.68189, 3.53787, -0.57348
37500, 3000080, 2.84000, 0.00000, 2.84000, 0.00000, -0.69137, 0.00337, 0.03209
37600, 3008080, 2.84000, 0.00000, 2.84000, 0.00000, -0.66069, 0.00709, 0.04424
37700, 3016080, 2.84000, 0.00000, 2.84000, 0.00000, -0.64925, 0.00715, 0.04751
37800, 3024080, 2.84000, 0.00000, 2.84000, 0.00000, -0.69435, 0.00235, 0.02136
37900, 3032080, 2.84000, 0.00000, 2.84000, 0.00000, -0.69401, 6.55647, -1.12144
38000, 3040080, 2.84000, 0.00000, 2.84000, 0.00000, -0.69446, 3.65462, -0.56584
38100, 3048080, 2.84000, 0.00000, 2.84000, 0.00000, -0.67956, 0.00268, 0.02481
38200, 3056080, 2.84000, 0.00000, 2.84000, 0.00000, -0.67799, 0.00539, 0.04165
38300, 3064080, 2.84000, 0.00000, 2.84000, 0.00000, -0.69250, 0.00307, 0.02918
38400, 3072080, 2.84000, 0.00000, 2.84000, 0.00000, -0.69207, 0.00859, 0.00554
38500, 3080080, 2.84000, 0.00000, 2.84000, 0.00000, -0.69117, 6.25999, -1.11761
38600, 3088080, 2.84000, 0.00000, 2.84000, 0.00000, -0.68795, 3.63444, -0.57000
38700, 3096080, 2.84000, 0.00000, 2.84000, 0.00000, -0.69445, 0.00355, 0.03386
38800, 3104080, 3.08000, 0.48000, 3.08000, 0.48000, -0.69138, 0.00904, 0.04865
38900, 3112080, 2.84000, 0.00000, 2.84000, 0.00000, -0.75004, 0.83308, -0.23013
39000, 3120080, 2.84000, 0.00000, 2.84000, 0.00000, -0.65966, 0.00490, 0.03443
39100, 3128080, 2.84000, 0.00000, 2.84000, 0.00000, -0.69412, 0.01410, 0.06709
39200, 3136080, 2.84000, 0.00000, 2.84000, 0.00000, -0.69486, 0.93021, -0.09124
39300, 3144080, 3.08000, 0.48000, 3.08000, 0.48000, -0.59754, 0.03964, 0.09675
39400, 3152080, 2.84000, 0.00000, 2.84000, 0.00000, -0.60260, 0.05061, 0.11631
39500, 3160080, 2.84000, 0.00000, 2.84000, 0.00000, -0.54215, 1.39046, -0.15001
39600, 3168080, 2.84000, 0.00000, 2.84000, 0.00000, -0.67332, 0.01239, -0.02118
39700, 3176080, 2.84000, 0.00000, 2.84000, 0.00000, -0.69623, 1.35719, -0.26693
39800, 3184080, 3.24000, 0.80000, 3.24000, 0.80000, -0.94780, 0.29327, 0.09003
39900, 3192080, 2.84000, 0.00000, 2.84000, 0.00000, -0.84987, 1.80005, -0.27132
40000, 3200080, 3.08000, 0.48000, 3.08000, 0.48000, -0.61576, 0.03504, 0.10169
40100, 3208080, 3.56000, 0.91913, 3.56000, 0.91913, -0.70681, 0.83589, -0.17703
40200, 3216080, 2.84000, 0.00000, 2.84000, 0.00000, -0.72347, 1.10456, -0.14435
40300, 3224080, 2.84000, 0.00000, 2.84000, 0.00000, -0.76391, 0.04445, -0.04841
40400, 3232080, 2.84000, 0.00000, 2.84000, 0.00000, -0.68974, 3.50971, -0.69567
40500, 3240080, 2.84000, 0.00000, 2.84000, 0.00000, -0.68043, 4.60255, -0.89165
40600, 3248080, 2.84000, 0.00000, 2.84000, 0.00000, -0.68602, 0.01484, 0.06032
40700, 3256080, 2.84000, 0.00000, 2.84000, 0.00000, -0.63588, 0.01062, 0.04797
40800, 3264080, 2.84000, 0.00000, 2.84000, 0.00000, -0.67736, 1.65513, -0.24268
40900, 3272080, 2.84000, 0.00000, 2.84000, 0.00000, -1.40326, 0.09576, 0.36300
41000, 3280080, 2.84000, 0.00000, 2.84000, 0.00000, -0.70804, 0.93719, -0.34818
41100, 3288080, 2.84000, 0.00000, 2.84000, 0.00000, -0.69758, 0.05993, 0.15026
41200, 3296080, 2.84000, 0.00000, 2.84000, 0.00000, -0.66580, 0.05423, 0.09862
41300, 3304080, 3.32000, 0.96000, 3.32000, 0.96000, -1.60794, 0.03922, 0.23402
41400, 3312080, 2.84000, 0.00000, 2.84000, 0.00000, -0.78380, 1.33554, -0.22612
41500, 3320080, 3.08000, 0.48000, 3.08000, 0.48000, -0.87975, 1.50485, -0.33451
41600, 3328080, 2.84000, 0.00000, 2.84000, 0.00000, -0.68705, 1.35416, -0.26710
41700, 3336080, 2.84000, 0.00000, 2.84000, 0.00000, -0.67451, 0.04955, 0.13748
41800, 3344080, 3.88000, 2.08000, 3.88000, 2.08000, -0.63965, 0.93331, -0.12441
41900, 3352080, 3.08000, 0.48000, 3.08000, 0.48000, -1.03359, 0.03564, 0.18577
42000, 3360080, 3.80000, 0.78384, 3.80000, 0.78384, -0.95080, 0.00625, -0.02504
42100, 3368080, 6.27999, 2.93721, 6.27999, 2.93721, -1.93159, 0.00808, 0.06065
42200, 3376080, 4.92000, 2.91534, 4.92000, 2.91534, -1.95538, 0.00141, 0.06227
42300, 3384080, 5.80000, 2.31309, 5.80000, 2.31309, -1.99699, 0.00167, 0.04135
42400, 3392080, 3.56000, 1.44000, 3.56000, 1.44000, -1.98748, 0.00148, 0.05358
42500, 3400080, 5.16000, 3.39034, 5.16000, 3.39034, -2.03440, 0.00103, 0.03000
42600, 3408080, 5.48000, 0.91913, 5.48000, 0.91913, -1.98297, 2.51534, -1.12583
42700, 3416080, 3.08000, 0.48000, 3.08000, 0.48000, -1.94490, 0.00063, 0.03164
42800, 3424080, 7.79999, 5.54564, 7.79999, 5.54564, -2.01652, 4.68308, -2.16728
42900, 3432080, 4.92000, 2.91534, 4.92000, 2.91534, -2.00384, 0.00139, 0.05702
43000, 3440080, 5.16000, 0.88121, 5.16000, 0.88121, -2.04247, 0.00036, 0.02449
43100, 3448080, 5.08000, 2.58653, 5.08000, 2.58653, -1.97707, 3.82750, -1.69745
43200, 3456080, 8.02002, 8.69012, 8.02002, 8.69012, -1.96196, 1.13491, -0.42730
43300, 3464080, 4.12000, 0.64000, 4.12000, 0.64000, -2.02087, 3.44991, -1.62262
43400, 3472080, 3.88000, 1.20797, 3.88000, 1.20797, -1.96445, 6.95159, -2.91893
43500, 3480080, 3.08000, 0.48000, 3.08000, 0.48000, -1.95585, 1.78373, -0.77925
43600, 3488080, 10.10002, 7.92432, 10.10002, 7.92432, -1.97929, 0.00078, 0.01492
43700, 3496080, 5.72000, 0.94205, 5.72000, 0.94205, -2.03185, 0.00036, -0.00321
43800, 3504080, 4.36000, 0.48000, 4.36000, 0.48000, -2.02943, 3.03689, -1.44854
43900, 3512080, 5.32000, 1.81725, 5.32000, 1.81725, -1.98908, 0.00015, 0.01240
44000, 3520080, 4.52000, 2.41418, 4.52000, 2.41418, -1.99769, 0.00079, 0.04926
44100, 3528080, 10.90002, 7.18622, 10.90002, 7.18622, -1.93832, 0.00233, 0.07702
44200, 3536080, 5.08000, 2.07384, 5.08000, 2.07384, -2.01439, 0.00072, 0.04281
44300, 3544080, 3.08000, 0.48000, 3.08000, 0.48000, -2.01024, 0.00085, 0.04941
44400, 3552080, 3.80000, 0.26128, 3.80000, 0.26128, -2.01271, 0.00045, 0.02376
44500, 3560080, 5.56000, 3.60621, 5.56000, 3.60621, -2.03434, 0.00139, 0.05628
44600, 3568080, 3.64000, 1.06132, 3.64000, 1.06132, -2.05763, 2.01673, -0.90155
44700, 3576080, 3.32000, 0.76175, 3.32000, 0.76175, -1.97664, 2.99083, -1.41671
44800, 3584080, 4.12000, 1.01193, 4.12000, 1.01193, -2.04480, 0.00681, 0.14571
44900, 3592080, 9.38002, 7.76579, 9.38002, 7.76579, -2.00482, 0.00051, -0.00667
45000, 3600080, 5.72000, 3.14621, 5.72000, 3.14621, -2.04408, 0.00061, 0.04088
45100, 3608080, 3.96000, 1.66277, 3.96000, 1.66277, -2.02738, 0.01082, 0.16874
45200, 3616080, 4.28000, 0.55426, 4.28000, 0.55426, -2.02089, 4.68036, -2.91546
45300, 3624080, 3.00000, 0.32000, 3.00000, 0.32000, -1.87867, 1.62541, -0.62238
45400, 3632080, 4.92000, 1.53466, 4.92000, 1.53466, -1.96800, 0.02118, 0.22023
45500, 3640080, 3.56000, 0.48000, 3.56000, 0.48000, -1.59588, 3.20905, -1.05095
45600, 3648080, 4.68000, 2.56499, 4.68000, 2.56499, -1.76999, 0.00687, -0.00042
45700, 3656080, 4.04000, 0.91913, 4.04000, 0.91913, -1.83111, 0.01602, 0.17325
45800, 3664080, 4.84000, 1.57582, 4.84000, 1.57582, -1.86453, 1.41153, -0.51156
45900, 3672080, 6.51999, 4.32888, 6.51999, 4.32888, -1.84319, 0.00562, 0.05768
46000, 3680080, 3.72000, 1.76000, 3.72000, 1.76000, -1.84341, 1.50838, -0.62238
46100, 3688080, 6.43999, 2.35695, 6.43999, 2.35695, -1.90291, 8.41899, -3.36984
46200, 3696080, 6.35999, 1.84752, 6.35999, 1.84752, -1.92243, 7.89180, -3.42502
46300, 3704080, 7.71999, 1.59733, 7.71999, 1.59733, -1.94430, 0.00916, 0.11645
46400, 3712080, 5.32000, 1.36704, 5.32000, 1.36704, -1.98739, 0.00388, 0.10205
46500, 3720080, 6.99999, 4.05614, 6.99999, 4.05614, -1.97187, 0.00392, 0.11104
46600, 3728080, 4.04000, 0.91913, 4.04000, 0.91913, -2.02086, 3.16530, -1.36589
46700, 3736080, 6.99999, 5.23862, 6.99999, 5.23862, -2.04274, 1.24052, -0.49262
46800, 3744080, 4.12000, 0.64000, 4.12000, 0.64000, -2.02921, 0.00086, 0.04809
46900, 3752080, 3.32000, 0.76175, 3.32000, 0.76175, -2.04643, 0.00166, 0.05823
47000, 3760080, 11.62004, 9.63253, 11.62004, 9.63253, -2.03572, 0.00191, 0.05848
47100, 3768080, 4.68000, 1.57582, 4.68000, 1.57582, -2.03658, 0.00224, 0.07524
47200, 3776080, 6.67999, 3.42664, 6.67999, 3.42664, -1.98652, 0.00103, 0.04717
47300, 3784080, 4.60000, 1.66277, 4.60000, 1.66277, -2.02183, 1.11842, -0.41117
47400, 3792080, 5.40000, 2.99047, 5.40000, 2.99047, -2.01499, 0.00039, 0.02253
47500, 3800080, 3.16000, 0.45255, 3.16000, 0.45255, -2.03218, 4.53657, -2.35912
47600, 3808080, 4.36000, 0.91913, 4.36000, 0.91913, -2.05097, 2.66209, -1.57476
47700, 3816080, 5.08000, 2.67731, 5.08000, 2.67731, -1.89159, 0.00454, 0.09346
47800, 3824080, 6.51999, 4.94708, 6.51999, 4.94708, -1.92496, 0.00073, 0.00806
47900, 3832080, 4.76000, 2.21702, 4.76000, 2.21702, -1.68848, 0.00642, 0.07258
48000, 3840080, 9.64001, 7.60129, 9.64001, 7.60129, -1.89330, 0.00062, 0.03198
48100, 3848080, 11.14002, 7.72115, 11.14002, 7.72115, -2.00844, 0.00063, 0.03879
48200, 3856080, 8.42002, 8.44485, 8.42002, 8.44485, -1.98895, 2.36683, -1.07710
48300, 3864080, 4.04000, 0.30638, 4.04000, 0.30638, -2.05452, 0.00030, 0.03135
48400, 3872080, 5.32000, 4.96000, 5.32000, 4.96000, -2.02691, 0.01917, 0.25525
48500, 3880080, 5.80000, 1.87275, 5.80000, 1.87275, -1.96640, 0.00681, 0.13208
48600, 3888080, 4.04000, 1.44000, 4.04000, 1.44000, -1.83661, 0.00527, 0.09288
48700, 3896080, 4.52000, 1.63951, 4.52000, 1.63951, -1.94487, 3.94179, -1.64041
48800, 3904080, 5.16000, 2.17623, 5.16000, 2.17623, -1.95817, 0.00581, 0.13031
48900, 3912080, 10.02002, 8.18312, 10.02002, 8.18312, -1.99682, 3.79323, -1.72633
49000, 3920080, 3.96000, 1.39485, 3.96000, 1.39485, -2.02928, 0.00306, 0.09941
49100, 3928080, 7.07999, 3.96572, 7.07999, 3.96572, -2.03633, 0.00570, 0.11550
49200, 3936080, 6.99999, 4.30119, 6.99999, 4.30119, -1.98197, 0.00085, 0.02242
49300, 3944080, 5.56000, 2.78357, 5.56000, 2.78357, -2.01412, 0.00130, 0.04581
49400, 3952080, 4.92000, 1.83826, 4.92000, 1.83826, -2.01212, 0.00099, 0.05450
49500, 3960080, 4.44000, 1.52350, 4.44000, 1.52350, -2.04280, 0.01023, 0.17977
49600, 3968080, 5.16000, 1.94429, 5.16000, 1.94429, -1.96648, 0.00507, 0.11212
49700, 3976080, 6.35999, 0.78384, 6.35999, 0.78384, -1.98054, 0.00088, 0.04292
49800, 3984080, 6.75999, 2.32780, 6.75999, 2.32780, -2.01779, 0.00033, 0.01050
49900, 3992080, 3.40000, 0.65970, 3.40000, 0.65970, -2.04318, 0.00580, 0.12494
50000, 4000080, 4.92000, 1.53466, 4.92000, 1.53466, -2.04010, 5.91266, -2.79298
50100, 4008080, 3.80000, 1.92000, 3.80000, 1.92000, -2.03410, 4.32461, -1.96051
50200, 4016080, 4.84000, 0.84159, 4.84000, 0.84159, -2.00220, 0.00547, 0.13102
50300, 4024080, 4.28000, 1.48952, 4.28000, 1.48952, -2.01785, 0.00829, 0.08343
50400, 4032080, 3.24000, 0.80000, 3.24000, 0.80000, -2.02596, 0.00621, 0.11238
50500, 4040080, 11.54004, 9.55358, 11.54004, 9.55358, -1.94685, 0.00121, 0.02840
50600, 4048080, 6.91999, 5.08907, 6.91999, 5.08907, -1.96200, 0.00072, 0.00753
50700, 4056080, 4.04000, 1.20797, 4.04000, 1.20797, -2.00809, 2.84096, -1.18739
50800, 4064080, 3.96000, 0.96000, 3.96000, 0.96000, -2.00942, 0.00239, 0.05985
50900, 4072080, 4.44000, 0.45255, 4.44000, 0.45255, -2.04681, 0.01728, 0.23448
51000, 4080080, 3.80000, 1.10851, 3.80000, 1.10851, -1.81925, 0.10212, 0.43940
51100, 4088080, 7.64001, 6.94238, 7.64001, 6.94238, -1.86440, 0.88269, -0.40639
51200, 4096080, 5.08000, 1.35764, 5.08000, 1.35764, -1.94784, 0.23374, -0.10039
51300, 4104080, 4.76000, 1.35764, 4.76000, 1.35764, -1.85433, 2.78724, -1.33117
51400, 4112080, 3.88000, 1.20797, 3.88000, 1.20797, -1.88469, 0.60698, -0.19624
51500, 4120080, 4.36000, 1.20797, 4.36000, 1.20797, -1.81104, 0.00800, 0.15208
51600, 4128080, 5.24000, 2.28526, 5.24000, 2.28526, -1.87546, 1.60848, -0.56428
51700, 4136080, 11.48001, 6.47952, 11.48001, 6.47952, -1.95072, 3.20124, -1.57254
51800, 4144080, 3.56000, 0.91913, 3.56000, 0.91913, -1.97162, 0.00529, 0.11676
51900, 4152080, 6.35999, 2.88592, 6.35999, 2.88592, -1.93010, 0.00041, 0.00778
52000, 4160080, 10.10002, 8.18703, 10.10002, 8.18703, -1.94909, 2.81438, -1.42076
52100, 4168080, 3.96000, 0.32000, 3.96000, 0.32000, -2.00188, 0.00053, 0.02515
52200, 4176080, 9.63999, 4.75624, 9.63999, 4.75624, -1.96497, 0.00329, 0.07014
52300, 4184080, 6.03999, 5.77775, 6.03999, 5.77775, -2.02953, 3.56157, -1.65635
52400, 4192080, 12.20002, 5.54492, 12.20002, 5.54492, -2.03890, 0.00022, 0.02629
52500, 4200080, 7.16000, 5.67943, 7.16000, 5.67943, -2.02999, 0.00077, 0.03812
52600, 4208080, 5.24000, 1.62119, 5.24000, 1.62119, -1.99279, 0.00069, 0.02511
52700, 4216080, 4.60000, 1.60000, 4.60000, 1.60000, -2.01149, 2.26752, -0.93498
52800, 4224080, 10.58002, 7.69874, 10.58002, 7.69874, -2.03014, 0.82396, -0.34370
52900, 4232080, 6.11999, 5.35701, 6.11999, 5.35701, -2.03409, 0.83109, -0.28204
53000, 4240080, 4.04000, 1.81725, 4.04000, 1.81725, -2.04997, 2.65090, -1.62457
53100, 4248080, 3.80000, 1.35764, 3.80000, 1.35764, -2.02565, 0.07499, 0.42661
53200, 4256080, 3.40000, 0.48000, 3.40000, 0.48000, -1.93123, 0.03150, 0.29074
53300, 4264080, 6.43999, 5.00794, 6.43999, 5.00794, -1.79298, 0.01731, 0.17263
53400, 4272080, 5.80000, 2.93721, 5.80000, 2.93721, -1.85551, 0.10093, -0.33124
53500, 4280080, 6.11999, 2.51120, 6.11999, 2.51120, -1.94660, 2.43447, -1.06350
53600, 4288080, 8.34002, 8.45218, 8.34002, 8.45218, -1.92171, 1.96994, -0.90517
53700, 4296080, 8.60002, 7.79037, 8.60002, 7.79037, -1.84887, 2.77107, -1.06731
53800, 4304080, 9.39999, 3.35110, 9.39999, 3.35110, -1.94680, 0.00071, 0.00345
53900, 4312080, 3.80000, 0.69128, 3.80000, 0.69128, -2.00140, 0.00118, -0.01797
54000, 4320080, 7.94002, 8.74714, 7.94002, 8.74714, -2.03818, 5.81326, -2.84497
54100, 4328080, 3.08000, 0.48000, 3.08000, 0.48000, -2.05870, 0.20127, 0.08810
54200, 4336080, 7.23999, 4.53584, 7.23999, 4.53584, -1.92644, 0.00245, 0.02853
54300, 4344080, 5.40000, 3.47609, 5.40000, 3.47609, -2.01785, 0.87603, -0.32995
54400, 4352080, 12.40005, 9.96137, 12.40005, 9.96137, -2.00900, 0.00098, 0.05019
54500, 4360080, 17.50007, 7.00005, 17.50007, 7.00005, -2.01783, 0.00050, 0.02906
54600, 4368080, 4.92000, 2.24000, 4.92000, 2.24000, -2.02342, 2.99267, -1.37017
54700, 4376080, 6.83999, 2.77128, 6.83999, 2.77128, -2.02470, 3.99197, -1.86309
54800, 4384080, 9.39999, 3.69965, 9.39999, 3.69965, -2.05329, 2.34823, -0.97702
54900, 4392080, 3.48000, 0.90510, 3.48000, 0.90510, -2.02693, 0.00262, 0.07683
55000, 4400080, 5.56000, 3.40164, 5.56000, 3.40164, -1.72402, 0.02265, 0.12969
55100, 4408080, 7.86002, 8.77173, 7.86002, 8.77173, -1.99221, 1.12932, -0.46193
55200, 4416080, 8.90002, 8.10612, 8.90002, 8.10612, -1.93270, 0.00142, 0.02939
55300, 4424080, 6.75999, 4.29623, 6.75999, 4.29623, -2.02057, 0.00127, 0.05614
55400, 4432080, 7.07999, 5.35701, 7.07999, 5.35701, -2.03176, 1.18752, -0.41861
55500, 4440080, 8.50002, 8.40002, 8.50002, 8.40002, -2.01182, 0.00050, -0.01461
55600, 4448080, 3.32000, 0.96000, 3.32000, 0.96000, -2.03545, 0.00177, 0.06207
55700, 4456080, 4.84000, 2.51120, 4.84000, 2.51120, -2.01942, 0.01636, 0.21643
55800, 4464080, 4.28000, 1.31939, 4.28000, 1.31939, -1.83344, 0.02567, 0.18204
55900, 4472080, 4.68000, 1.02450, 4.68000, 1.02450, -1.73711, 4.18761, -1.86763
56000, 4480080, 3.08000, 0.48000, 3.08000, 0.48000, -1.88785, 0.01460, 0.17616
56100, 4488080, 4.20000, 1.96177, 4.20000, 1.96177, -1.79512, 0.00344, 0.07298
56200, 4496080, 8.76000, 5.93799, 8.76000, 5.93799, -1.87577, 3.88583, -1.63392
56300, 4504080, 13.04005, 9.19519, 13.04005, 9.19519, -1.89206, 0.00104, 0.03050
56400, 4512080, 6.59999, 2.12866, 6.59999, 2.12866, -1.99697, 0.56788, -0.12344
56500, 4520080, 18.48007, 3.74128, 18.48007, 3.74128, -2.02162, 0.00054, 0.02397
56600, 4528080, 4.44000, 1.69328, 4.44000, 1.69328, -1.92506, 0.00015, 0.01342
56700, 4536080, 9.14002, 8.18390, 9.14002, 8.18390, -2.03242, 0.00024, -0.00003
56800, 4544080, 12.34004, 8.32245, 12.34004, 8.32245, -1.98508, 0.00055, 0.03479
56900, 4552080, 5.08000, 2.56000, 5.08000, 2.56000, -2.01794, 2.55119, -1.16906
57000, 4560080, 5.40000, 2.70269, 5.40000, 2.70269, -2.03144, 0.00026, 0.02914
57100, 4568080, 7.55999, 1.70082, 7.55999, 1.70082, -2.02077, 3.83952, -1.60231
57200, 4576080, 3.48000, 0.73901, 3.48000, 0.73901, -2.03100, 3.32317, -1.55318
57300, 4584080, 7.31999, 4.47237, 7.31999, 4.47237, -1.93806, 0.00821, 0.12828
57400, 4592080, 5.79999, 5.29935, 5.79999, 5.29935, -1.86473, 0.82153, -0.26516
57500, 4600080, 4.04000, 0.48000, 4.04000, 0.48000, -1.81944, 0.26864, 0.00770
57600, 4608080, 8.02002, 8.67833, 8.02002, 8.67833, -1.95718, 0.84935, -0.30885
57700, 4616080, 9.46002, 7.97799, 9.46002, 7.97799, -1.99670, 0.00006, 0.00974
57800, 4624080, 8.34002, 8.52456, 8.34002, 8.52456, -2.02031, 0.00226, 0.08320
57900, 4632080, 4.20000, 1.02450, 4.20000, 1.02450, -2.04495, 0.00034, 0.02128
58000, 4640080, 9.86002, 8.44333, 9.86002, 8.44333, -2.02024, 0.00047, 0.02500
58100, 4648080, 5.00000, 1.99626, 5.00000, 1.99626, -2.02422, 2.36454, -1.12153
58200, 4656080, 9.22002, 8.06919, 9.22002, 8.06919, -1.99084, 0.00020, 0.00293
58300, 4664080, 3.80000, 0.78384, 3.80000, 0.78384, -2.03863, 5.01498, -2.24763
58400, 4672080, 12.00005, 10.39319, 12.00005, 10.39319, -2.03773, 3.95308, -1.74048
58500, 4680080, 5.32000, 2.49757, 5.32000, 2.49757, -2.01093, 0.00170, 0.07648
58600, 4688080, 3.72000, 0.40266, 3.72000, 0.40266, -1.96600, 0.75813, -0.35102
58700, 4696080, 9.62002, 8.11006, 9.62002, 8.11006, -2.01016, 0.00031, 0.02817
58800, 4704080, 6.59999, 2.81860, 6.59999, 2.81860, -1.99903, 0.00072, 0.04596
58900, 4712080, 12.32005, 10.02371, 12.32005, 10.02371, -2.02595, 0.00027, 0.02399
59000, 4720080, 3.56000, 0.54650, 3.56000, 0.54650, -2.05924, 0.00084, 0.05095
59100, 4728080, 6.03999, 3.84888, 6.03999, 3.84888, -2.04522, 0.57483, -0.26957
59200, 4736080, 3.64000, 1.06132, 3.64000, 1.06132, -2.01439, 0.00220, 0.08118
59300, 4744080, 4.52000, 1.46351, 4.52000, 1.46351, -2.00258, 3.07304, -1.32961
59400, 4752080, 3.56000, 0.91913, 3.56000, 0.91913, -1.92028, 0.00053, 0.03267
59500, 4760080, 4.04000, 0.91913, 4.04000, 0.91913, -1.75661, 0.01037, -0.02987
59600, 4768080, 7.07999, 5.52637, 7.07999, 5.52637, -1.99351, 0.00262, 0.05933
59700, 4776080, 11.06002, 8.25243, 11.06002, 8.25243, -1.97635, 0.00161, 0.03996
59800, 4784080, 7.80000, 6.07440, 7.80000, 6.07440, -1.94738, 0.30962, -0.15307
59900, 4792080, 4.12000, 1.25305, 4.12000, 1.25305, -1.91239, 0.00106, 0.03678
60000, 4800080, 4.92000, 1.89314, 4.92000, 1.89314, -1.97829, 3.26548, -1.32221
60100, 4808080, 13.52005, 8.82874, 13.52005, 8.82874, -2.00512, 0.00090, 0.04877
60200, 4816080, 13.20005, 9.01051, 13.20005, 9.01051, -2.01486, 1.50686, -0.76524
60300, 4824080, 7.23999, 5.24106, 7.23999, 5.24106, -2.05387, 0.00110, 0.02529
60400, 4832080, 4.76000, 1.82895, 4.76000, 1.82895, -1.96090, 0.00071, 0.00431
60500, 4840080, 6.19999, 4.67755, 6.19999, 4.67755, -1.96397, 0.00058, 0.02739
60600, 4848080, 10.02002, 8.20395, 10.02002, 8.20395, -2.03707, 3.67092, -1.64800
60700, 4856080, 6.59999, 4.13428, 6.59999, 4.13428, -1.99886, 0.00118, 0.04473
60800, 4864080, 5.00000, 1.81725, 5.00000, 1.81725, -2.04229, 0.00338, 0.09012
60900, 4872080, 4.04000, 0.95554, 4.04000, 0.95554, -2.05318, 0.00113, 0.06052
61000, 4880080, 10.50002, 7.91112, 10.50002, 7.91112, -1.97296, 0.57266, -0.30760
61100, 4888080, 4.28000, 2.28526, 4.28000, 2.28526, -2.01645, 0.00451, 0.09687
61200, 4896080, 4.92000, 1.23935, 4.92000, 1.23935, -2.03375, 0.28856, -0.11628
61300, 4904080, 4.20000, 0.80000, 4.20000, 0.80000, -1.96531, 0.00247, 0.07841
61400, 4912080, 7.32000, 5.49928, 7.32000, 5.49928, -2.02031, 0.00054, 0.03604
61500, 4920080, 4.68000, 0.80000, 4.68000, 0.80000, -2.03299, 3.76158, -1.96168
61600, 4928080, 4.20000, 1.57582, 4.20000, 1.57582, -2.01738, 0.00175, 0.06112
61700, 4936080, 4.92000, 2.17819, 4.92000, 2.17819, -2.02897, 0.00043, 0.03644
61800, 4944080, 3.80000, 0.78384, 3.80000, 0.78384, -2.04583, 3.65529, -1.75190
61900, 4952080, 3.88000, 1.28996, 3.88000, 1.28996, -2.05271, 0.00107, 0.02215
62000, 4960080, 5.72000, 3.57293, 5.72000, 3.57293, -2.03115, 4.30045, -2.08578
62100, 4968080, 5.72000, 2.57330, 5.72000, 2.57330, -2.04224, 0.28565, -0.11953
62200, 4976080, 5.00000, 2.04691, 5.00000, 2.04691, -2.02092, 0.00120, -0.01108
62300, 4984080, 4.04000, 1.05729, 4.04000, 1.05729, -2.03722, 0.00204, 0.06048
62400, 4992080, 5.08000, 2.67731, 5.08000, 2.67731, -1.97444, 0.00301, 0.08234
62500, 5000080, 4.52000, 1.97909, 4.52000, 1.97909, -2.04010, 4.22610, -1.99246
62600, 5008080, 6.51999, 2.09838, 6.51999, 2.09838, -2.04078, 0.00144, 0.05487
62700, 5016080, 6.44000, 5.98879, 6.44000, 5.98879, -2.02696, 0.00188, 0.06376
62800, 5024080, 5.72000, 2.82616, 5.72000, 2.82616, -2.01109, 0.00080, 0.03527
62900, 5032080, 3.08000, 0.48000, 3.08000, 0.48000, -2.04761, 0.00270, 0.09338
63000, 5040080, 4.92000, 1.83826, 4.92000, 1.83826, -2.04055, 0.00276, 0.08939
63100, 5048080, 3.72000, 1.08910, 3.72000, 1.08910, -2.00667, 3.05882, -1.45572
63200, 5056080, 5.16000, 1.57582, 5.16000, 1.57582, -2.01140, 6.80446, -3.16087
63300, 5064080, 4.20000, 1.70082, 4.20000, 1.70082, -2.03487, 0.00205, 0.05306
63400, 5072080, 6.51999, 3.60621, 6.51999, 3.60621, -1.96730, 0.00082, 0.00427
63500, 5080080, 5.56000, 2.61931, 5.56000, 2.61931, -2.01923, 0.00085, 0.02698
63600, 5088080, 9.30002, 8.08793, 9.30002, 8.08793, -1.97720, 0.00126, 0.03945
63700, 5096080, 5.24000, 2.67093, 5.24000, 2.67093, -2.04368, 2.31971, -1.07624
63800, 5104080, 5.24000, 1.48952, 5.24000, 1.48952, -2.05693, 0.00116, 0.05748
63900, 5112080, 9.48000, 5.08909, 9.48000, 5.08909, -2.04485, 0.00016, 0.00620
64000, 5120080, 3.80000, 1.35764, 3.80000, 1.35764, -2.02570, 0.00412, 0.10390
64100, 5128080, 4.52000, 0.54650, 4.52000, 0.54650, -2.03124, 0.00080, 0.03751
64200, 5136080, 6.11999, 4.70574, 6.11999, 4.70574, -2.02684, 3.72030, -1.56195
64300, 5144080, 4.76000, 2.57330, 4.76000, 2.57330, -2.04655, 0.00065, 0.04415
64400, 5152080, 3.88000, 0.80000, 3.88000, 0.80000, -2.04006, 0.00033, 0.02135
64500, 5160080, 6.99999, 2.90948, 6.99999, 2.90948, -2.03405, 0.83473, -0.34829
64600, 5168080, 11.14002, 7.27503, 11.14002, 7.27503, -2.01289, 0.00103, 0.05507
64700, 5176080, 12.18002, 7.61515, 12.18002, 7.61515, -2.00564, 0.00085, 0.03826
64800, 5184080, 14.32005, 7.87116, 14.32005, 7.87116, -2.03649, 0.00013, 0.01635
64900, 5192080, 12.64005, 9.72470, 12.64005, 9.72470, -2.03059, 0.00057, 0.04065
65000, 5200080, 4.92000, 1.99840, 4.92000, 1.99840, -2.04813, 4.50587, -2.12383
65100, 5208080, 4.84000, 1.48665, 4.84000, 1.48665, -2.04382, 3.79782, -1.83963
65200, 5216080, 4.04000, 0.91913, 4.04000, 0.91913, -1.76707, 0.00913, -0.02863
65300, 5224080, 6.11999, 3.59555, 6.11999, 3.59555, -1.89630, 0.00455, 0.10562
65400, 5232080, 6.35999, 2.20157, 6.35999, 2.20157, -1.93510, 0.00137, 0.05086
65500, 5240080, 12.24005, 10.12873, 12.24005, 10.12873, -1.91446, 1.45832, -0.55817
65600, 5248080, 4.36000, 1.20797, 4.36000, 1.20797, -1.99526, 1.76351, -0.72434
65700, 5256080, 4.60000, 1.06132, 4.60000, 1.06132, -2.00887, 0.00196, 0.06413
65800, 5264080, 9.30002, 7.88276, 9.30002, 7.88276, -2.02984, 0.00194, 0.04912
65900, 5272080, 5.24000, 1.23935, 5.24000, 1.23935, -2.03183, 0.00034, 0.03103
66000, 5280080, 4.76000, 2.07384, 4.76000, 2.07384, -2.05899, 0.25768, -0.08347
66100, 5288080, 8.34002, 8.63199, 8.34002, 8.63199, -2.02251, 0.00121, 0.05341
66200, 5296080, 3.40000, 0.65970, 3.40000, 0.65970, -2.06237, 0.00394, 0.05260
66300, 5304080, 4.28000, 0.41312, 4.28000, 0.41312, -1.92600, 0.00446, 0.08884
66400, 5312080, 5.87999, 4.05193, 5.87999, 4.05193, -1.96357, 0.00465, -0.02099
66500, 5320080, 4.76000, 1.35764, 4.76000, 1.35764, -1.98310, 0.00466, 0.08949
66600, 5328080, 8.26002, 8.65396, 8.26002, 8.65396, -2.02448, 0.00318, 0.09249
66700, 5336080, 9.06002, 7.97291, 9.06002, 7.97291, -1.95607, 0.00046, 0.03207
66800, 5344080, 7.07999, 2.83069, 7.07999, 2.83069, -2.01894, 3.84147, -1.72795
66900, 5352080, 12.16005, 10.21513, 12.16005, 10.21513, -2.01936, 0.00018, 0.00918
67000, 5360080, 4.36000, 1.63951, 4.36000, 1.63951, -2.05307, 2.23172, -0.90240
67100, 5368080, 3.96000, 0.84664, 3.96000, 0.84664, -2.02525, 0.00052, 0.02426
67200, 5376080, 4.36000, 2.01329, 4.36000, 2.01329, -2.05294, 0.00158, 0.05219
67300, 5384080, 10.42002, 7.64033, 10.42002, 7.64033, -2.00132, 0.00168, 0.06418
67400, 5392080, 9.14002, 8.01959, 9.14002, 8.01959, -2.01439, 2.12576, -0.91893
67500, 5400080, 9.14002, 8.11690, 9.14002, 8.11690, -2.02591, 0.00086, 0.00128
67600, 5408080, 3.96000, 0.92376, 3.96000, 0.92376, -2.04423, 0.00058, 0.03173
67700, 5416080, 8.66002, 8.36796, 8.66002, 8.36796, -2.06052, 0.00074, 0.03901
67800, 5424080, 11.30002, 6.75753, 11.30002, 6.75753, -2.03761, 4.36446, -2.15741
67900, 5432080, 3.40000, 0.65970, 3.40000, 0.65970, -2.03860, 8.83517, -4.01510
68000, 5440080, 6.19999, 2.11458, 6.19999, 2.11458, -1.94796, 0.00155, 0.06034
68100, 5448080, 5.87999, 3.01887, 5.87999, 3.01887, -1.97370, 4.64404, -1.91826
68200, 5456080, 6.83999, 1.92887, 6.83999, 1.92887, -2.02509, 3.25220, -1.66723
68300, 5464080, 10.58002, 7.82626, 10.58002, 7.82626, -1.99710, 0.00019, -0.01237
68400, 5472080, 5.56000, 2.61931, 5.56000, 2.61931, -1.99248, 0.00019, 0.01186
68500, 5480080, 5.80000, 4.45995, 5.80000, 4.45995, -2.03229, 5.91466, -2.69076
68600, 5488080, 9.30002, 8.15936, 9.30002, 8.15936, -1.98922, 0.00132, 0.04837
68700, 5496080, 13.20005, 9.24609, 13.20005, 9.24609, -2.01562, 0.00039, 0.02690
68800, 5504080, 13.92005, 8.54384, 13.92005, 8.54384, -1.97111, 0.00051, 0.03395
68900, 5512080, 4.04000, 1.05729, 4.04000, 1.05729, -2.04942, 0.00021, 0.00302
69000, 5520080, 7.23999, 4.16717, 7.23999, 4.16717, -2.03402, 0.00029, 0.02608
69100, 5528080, 3.72000, 0.65970, 3.72000, 0.65970, -2.04222, 0.00134, 0.03737
69200, 5536080, 5.00000, 2.12866, 5.00000, 2.12866, -1.92893, 0.01052, 0.16450
69300, 5544080, 5.48000, 1.05729, 5.48000, 1.05729, -1.97978, 3.57093, -1.50035
69400, 5552080, 12.50003, 7.97959, 12.50003, 7.97959, -2.05363, 0.00036, -0.02087
69500, 5560080, 11.00002, 7.54326, 11.00002, 7.54326, -2.02719, 2.41271, -1.02427
69600, 5568080, 8.34002, 8.58838, 8.34002, 8.58838, -2.04865, 0.00073, 0.02195
69700, 5576080, 8.90002, 8.24390, 8.90002, 8.24390, -2.01945, 0.00032, 0.02425
69800, 5584080, 7.31999, 5.47440, 7.31999, 5.47440, -2.03769, 0.00042, 0.03207
69900, 5592080, 3.56000, 0.48000, 3.56000, 0.48000, -2.06970, 0.00593, 0.14092
70000, 5600080, 5.80000, 4.07607, 5.80000, 4.07607, -2.04213, 3.54930, -1.63934
70100, 5608080, 7.07999, 3.45021, 7.07999, 3.45021, -2.00701, 0.00022, 0.02416
70200, 5616080, 6.19999, 2.09838, 6.19999, 2.09838, -2.00659, 0.00050, 0.01671
70300, 5624080, 12.40005, 9.96137, 12.40005, 9.96137, -2.00326, 0.00161, 0.07053
70400, 5632080, 3.72000, 1.20797, 3.72000, 1.20797, -2.03896, 5.81975, -2.85467
70500, 5640080, 8.20001, 6.92454, 8.20001, 6.92454, -1.99381, 0.00031, 0.01301
70600, 5648080, 4.52000, 0.80000, 4.52000, 0.80000, -2.06062, 0.00224, 0.08523
70700, 5656080, 5.08000, 1.90214, 5.08000, 1.90214, -2.01370, 0.00287, 0.05299
70800, 5664080, 16.46008, 9.08005, 16.46008, 9.08005, -1.98735, 0.00037, 0.02937
70900, 5672080, 6.43999, 4.17535, 6.43999, 4.17535, -2.02222, 0.00047, 0.02197
71000, 5680080, 4.92000, 1.23935, 4.92000, 1.23935, -2.04392, 0.00067, 0.04276
71100, 5688080, 7.39999, 4.32000, 7.39999, 4.32000, -2.04239, 0.00144, 0.06787
71200, 5696080, 12.10003, 8.32834, 12.10003, 8.32834, -2.04411, 0.00012, 0.01154
71300, 5704080, 4.92000, 2.22471, 4.92000, 2.22471, -2.04564, 2.48797, -1.07672
71400, 5712080, 10.34002, 7.27914, 10.34002, 7.27914, -2.02612, 2.83723, -1.14041
71500, 5720080, 3.72000, 0.88121, 3.72000, 0.88121, -2.05991, 0.00041, -0.00193
71600, 5728080, 12.16005, 10.21513, 12.16005, 10.21513, -2.05128, 4.50967, -2.10779
71700, 5736080, 9.86002, 7.62776, 9.86002, 7.62776, -2.03743, 0.00267, 0.06150
71800, 5744080, 8.19999, 4.19167, 8.19999, 4.19167, -2.00172, 0.00089, 0.04764
71900, 5752080, 3.64000, 0.32000, 3.64000, 0.32000, -1.99495, 2.04845, -0.83431
72000, 5760080, 6.19999, 1.23935, 6.19999, 1.23935, -2.04550, 0.00057, 0.03717
72100, 5768080, 3.96000, 0.55426, 3.96000, 0.55426, -2.01439, 0.00757, -0.00519
72200, 5776080, 9.46002, 8.10953, 9.46002, 8.10953, -2.01219, 0.00192, 0.05261
72300, 5784080, 4.44000, 1.54575, 4.44000, 1.54575, -2.02265, 0.00030, 0.01714
72400, 5792080, 6.19999, 2.83219, 6.19999, 2.83219, -2.01463, 0.00058, 0.03673
72500, 5800080, 10.82002, 8.54280, 10.82002, 8.54280, -2.04878, 0.00117, 0.06256
72600, 5808080, 4.12000, 2.56000, 4.12000, 2.56000, -2.01767, 0.00065, 0.02901
72700, 5816080, 3.56000, 0.91913, 3.56000, 0.91913, -2.00813, 0.00055, -0.02601
72800, 5824080, 4.76000, 1.10851, 4.76000, 1.10851, -2.02123, 0.00072, 0.02108
72900, 5832080, 6.44000, 6.37529, 6.44000, 6.37529, -2.03536, 2.54228, -1.13649
73000, 5840080, 5.40000, 1.75271, 5.40000, 1.75271, -2.02001, 5.76311, -2.60829
73100, 5848080, 8.11999, 2.11458, 8.11999, 2.11458, -2.02119, 2.65307, -1.20700
73200, 5856080, 4.12000, 0.45255, 4.12000, 0.45255, -2.05936, 0.00053, 0.02489
73300, 5864080, 9.14002, 7.94261, 9.14002, 7.94261, -2.01953, 4.11420, -2.01574
73400, 5872080, 5.40000, 2.59969, 5.40000, 2.59969, -1.92288, 2.79110, -1.22794
73500, 5880080, 5.95999, 3.45021, 5.95999, 3.45021, -1.93036, 0.00092, 0.00879
73600, 5888080, 4.52000, 1.15007, 4.52000, 1.15007, -2.02117, 0.99942, -0.40559
73700, 5896080, 6.19999, 2.41594, 6.19999, 2.41594, -2.00638, 0.00403, -0.03170
73800, 5904080, 5.87999, 1.66277, 5.87999, 1.66277, -2.01728, 0.00103, 0.01537
73900, 5912080, 9.86002, 7.59637, 9.86002, 7.59637, -2.01623, 2.46195, -1.15525
74000, 5920080, 6.51999, 3.73638, 6.51999, 3.73638, -2.02781, 0.54834, -0.24626
74100, 5928080, 3.24000, 0.80000, 3.24000, 0.80000, -2.04886, 2.42425, -1.15887
74200, 5936080, 9.22002, 8.20343, 9.22002, 8.20343, -2.03390, 0.00416, 0.06993
74300, 5944080, 3.80000, 0.78384, 3.80000, 0.78384, -2.04565, 0.00114, 0.04123
74400, 5952080, 3.72000, 1.02450, 3.72000, 1.02450, -2.02921, 1.43079, -0.52266
74500, 5960080, 8.02002, 8.65470, 8.02002, 8.65470, -1.99874, 0.00090, 0.02771
74600, 5968080, 5.24000, 1.66277, 5.24000, 1.66277, -2.00129, 0.00214, 0.06534
74700, 5976080, 10.26002, 7.28763, 10.26002, 7.28763, -1.98251, 1.12369, -0.50276
74800, 5984080, 6.99999, 3.53451, 6.99999, 3.53451, -2.00821, 0.96239, -0.40528
74900, 5992080, 12.80005, 9.51266, 12.80005, 9.51266, -1.92927, 0.00032, 0.01410
75000, 6000080, 9.62002, 7.70428, 9.62002, 7.70428, -2.01538, 0.00067, 0.01412
75100, 6008080, 4.68000, 1.48665, 4.68000, 1.48665, -2.07296, 0.00267, 0.09278
75200, 6016080, 4.04000, 1.20797, 4.04000, 1.20797, -2.02845, 0.00514, -0.02536
75300, 6024080, 4.60000, 2.09838, 4.60000, 2.09838, -2.01715, 4.15814, -1.70280
75400, 6032080, 10.26002, 8.48642, 10.26002, 8.48642, -2.00330, 0.00100, 0.00470
75500, 6040080, 13.36005, 9.00957, 13.36005, 9.00957, -2.01211, 4.55511, -2.31453
75600, 6048080, 4.92000, 2.48558, 4.92000, 2.48558, -2.05898, 3.26138, -1.54390
75700, 6056080, 6.75999, 4.00000, 6.75999, 4.00000, -2.04092, 0.00024, -0.02205
75800, 6064080, 3.32000, 0.55426, 3.32000, 0.55426, -2.06350, 0.00062, 0.01589
75900, 6072080, 7.39999, 2.37138, 7.39999, 2.37138, -2.04402, 0.00041, 0.02968
76000, 6080080, 3.80000, 0.78384, 3.80000, 0.78384, -2.05951, 0.00052, 0.03828
76100, 6088080, 3.48000, 0.73901, 3.48000, 0.73901, -2.03459, 2.02180, -1.18709
76200, 6096080, 6.11999, 5.09577, 6.11999, 5.09577, -1.88381, 3.82793, -1.62157
76300, 6104080, 3.64000, 0.84664, 3.64000, 0.84664, -1.93589, 0.01054, 0.15146
76400, 6112080, 10.82002, 7.55016, 10.82002, 7.55016, -2.04214, 0.00235, 0.02611
76500, 6120080, 5.32000, 4.34364, 5.32000, 4.34364, -2.05537, 6.17360, -2.89290
76600, 6128080, 8.68002, 7.29892, 8.68002, 7.29892, -1.96827, 0.00134, 0.04817
76700, 6136080, 9.14002, 7.96836, 9.14002, 7.96836, -2.04554, 2.30443, -0.95037
76800, 6144080, 14.32005, 8.65202, 14.32005, 8.65202, -2.01737, 4.88353, -2.23876
76900, 6152080, 15.76006, 8.71393, 15.76006, 8.71393, -1.97686, 0.00036, -0.01553
77000, 6160080, 7.80002, 7.84059, 7.80002, 7.84059, -2.04547, 4.24802, -2.02677
77100, 6168080, 4.92000, 1.99840, 4.92000, 1.99840, -2.03600, 2.36464, -0.96855
77200, 6176080, 4.12000, 0.69128, 4.12000, 0.69128, -2.04964, 0.00216, 0.06810
77300, 6184080, 3.80000, 1.10851, 3.80000, 1.10851, -2.05145, 3.22013, -1.60020
77400, 6192080, 5.40000, 1.90214, 5.40000, 1.90214, -1.95919, 0.00106, 0.04509
77500, 6200080, 5.48000, 2.09634, 5.48000, 2.09634, -1.99147, 3.58385, -1.60802
77600, 6208080, 4.60000, 2.41595, 4.60000, 2.41595, -2.02872, 0.27536, -0.07735
77700, 6216080, 9.14002, 8.14628, 9.14002, 8.14628, -2.03268, 0.00142, 0.05423
77800, 6224080, 5.56000, 1.23935, 5.56000, 1.23935, -2.02992, 4.66266, -2.09000
77900, 6232080, 10.02002, 7.97611, 10.02002, 7.97611, -2.05005, 1.89118, -0.81067
78000, 6240080, 13.68005, 8.55283, 13.68005, 8.55283, -2.01444, 0.00044, 0.01901
78100, 6248080, 6.03999, 2.63879, 6.03999, 2.63879, -2.02024, 0.00127, 0.04236
78200, 6256080, 5.24000, 2.67093, 5.24000, 2.67093, -2.04712, 2.86095, -1.28868
78300, 6264080, 5.48000, 2.19186, 5.48000, 2.19186, -2.04328, 4.11021, -2.03332
78400, 6272080, 10.66002, 7.58343, 10.66002, 7.58343, -2.03260, 0.00022, 0.01627
78500, 6280080, 6.19999, 5.25489, 6.19999, 5.25489, -2.02883, 4.15485, -2.09907
78600, 6288080, 7.56000, 5.81529, 7.56000, 5.81529, -1.98199, 0.01044, 0.13678
78700, 6296080, 10.90002, 7.57921, 10.90002, 7.57921, -2.00426, 0.00041, 0.00335
78800, 6304080, 17.50007, 7.00005, 17.50007, 7.00005, -2.01568, 0.00047, -0.00895
78900, 6312080, 4.20000, 1.23591, 4.20000, 1.23591, -2.04682, 0.00041, 0.03048
79000, 6320080, 5.72000, 2.82616, 5.72000, 2.82616, -2.04577, 2.97098, -1.32925
79100, 6328080, 4.12000, 1.19733, 4.12000, 1.19733, -2.04187, 0.00142, 0.06178
79200, 6336080, 6.67999, 3.45639, 6.67999, 3.45639, -2.02730, 0.54667, -0.15649
79300, 6344080, 6.03999, 3.37646, 6.03999, 3.37646, -2.04550, 3.62242, -1.76857
79400, 6352080, 6.83999, 2.67093, 6.83999, 2.67093, -2.04827, 0.00127, 0.06273
79500, 6360080, 5.00000, 1.97909, 5.00000, 1.97909, -2.04014, 0.00060, 0.03969
79600, 6368080, 4.36000, 1.81725, 4.36000, 1.81725, -2.01983, 3.28307, -1.49440
79700, 6376080, 9.38002, 8.02518, 9.38002, 8.02518, -2.06505, 3.45121, -1.80264
79800, 6384080, 9.06002, 8.16329, 9.06002, 8.16329, -2.02500, 0.00018, 0.01537
79900, 6392080, 3.96000, 0.55426, 3.96000, 0.55426, -2.04554, 1.07711, -0.42670
80000, 6400080, 6.11999, 1.34184, 6.11999, 1.34184, -2.02713, 2.81864, -1.35268
80100, 6408080, 5.32000, 2.40000, 5.32000, 2.40000, -2.01590, 0.00017, 0.01467
80200, 6416080, 5.16000, 2.63069, 5.16000, 2.63069, -2.04857, 0.00196, 0.00364
80300, 6424080, 7.71999, 3.09563, 7.71999, 3.09563, -1.98459, 0.00200, 0.03282
80400, 6432080, 5.24000, 2.88000, 5.24000, 2.88000, -2.00511, 0.00186, 0.03989
80500, 6440080, 5.95999, 3.71691, 5.95999, 3.71691, -2.03874, 0.27488, -0.07458
80600, 6448080, 5.48000, 3.27772, 5.48000, 3.27772, -2.04707, 3.36859, -1.70470
80700, 6456080, 10.34002, 7.41848, 10.34002, 7.41848, -2.00660, 0.00125, 0.02994
80800, 6464080, 6.03999, 1.30639, 6.03999, 1.30639, -2.04948, 0.00015, -0.01630
80900, 6472080, 8.10002, 8.63570, 8.10002, 8.63570, -2.04265, 0.00269, 0.08528
81000, 6480080, 7.56002, 7.76128, 7.56002, 7.76128, -1.99500, 0.00071, 0.02569
81100, 6488080, 5.40000, 3.20000, 5.40000, 3.20000, -2.02476, 4.33116, -2.15542
81200, 6496080, 8.42002, 8.44485, 8.42002, 8.44485, -2.00151, 0.00046, 0.03474
81300, 6504080, 5.64000, 3.12853, 5.64000, 3.12853, -2.05590, 0.00173, 0.05836
81400, 6512080, 8.66002, 8.27773, 8.66002, 8.27773, -1.96319, 0.00056, 0.01889
81500, 6520080, 3.88000, 0.91913, 3.88000, 0.91913, -2.02333, 0.00269, 0.09248
81600, 6528080, 4.36000, 1.76000, 4.36000, 1.76000, -1.98745, 0.00148, 0.02308
81700, 6536080, 6.91999, 5.22802, 6.91999, 5.22802, -1.99878, 0.00301, -0.01541
81800, 6544080, 14.72005, 7.58404, 14.72005, 7.58404, -1.88374, 0.00087, 0.04398
81900, 6552080, 4.84000, 2.06352, 4.84000, 2.06352, -1.96937, 1.53204, -0.65381
82000, 6560080, 3.64000, 0.55426, 3.64000, 0.55426, -2.05948, 0.00199, 0.07552
82100, 6568080, 3.80000, 1.10851, 3.80000, 1.10851, -1.89672, 3.00191, -1.33348
82200, 6576080, 16.66004, 4.02205, 16.66004, 4.02205, -1.99298, 1.61466, -0.71845
82300, 6584080, 9.70002, 7.97504, 9.70002, 7.97504, -1.99936, 0.00115, 0.05195
82400, 6592080, 10.10002, 7.38476, 10.10002, 7.38476, -1.99833, 0.00094, 0.03598
82500, 6600080, 5.00000, 1.20797, 5.00000, 1.20797, -2.05948, 3.29884, -1.61518
82600, 6608080, 10.58002, 8.01586, 10.58002, 8.01586, -2.01546, 0.00090, 0.05104
82700, 6616080, 10.26002, 7.53631, 10.26002, 7.53631, -2.04022, 2.54705, -1.05022
82800, 6624080, 5.32000, 2.68209, 5.32000, 2.68209, -2.04612, 7.62213, -3.52335
82900, 6632080, 8.66002, 8.24468, 8.66002, 8.24468, -2.03771, 0.00192, 0.03788
83000, 6640080, 6.67999, 2.10650, 6.67999, 2.10650, -2.03034, 0.00053, 0.03851
83100, 6648080, 3.80000, 1.35764, 3.80000, 1.35764, -2.05587, 0.00271, 0.09549
83200, 6656080, 16.00006, 7.52983, 16.00006, 7.52983, -1.98766, 0.00095, 0.03569
83300, 6664080, 3.16000, 0.45255, 3.16000, 0.45255, -2.05775, 0.00137, 0.05272
83400, 6672080, 3.16000, 0.45255, 3.16000, 0.45255, -2.06476, 2.29526, -1.07497
83500, 6680080, 3.08000, 0.48000, 3.08000, 0.48000, -1.95432, 0.00188, 0.03394
83600, 6688080, 4.04000, 1.20797, 4.04000, 1.20797, -2.03312, 0.58416, -0.15354
83700, 6696080, 6.03999, 3.23184, 6.03999, 3.23184, -2.03709, 0.00151, 0.06578
83800, 6704080, 16.24006, 7.23389, 16.24006, 7.23389, -2.02600, 1.11763, -0.58269
83900, 6712080, 4.60000, 2.04900, 4.60000, 2.04900, -2.04766, 1.53675, -0.67240
84000, 6720080, 10.90002, 7.54762, 10.90002, 7.54762, -2.02728, 0.00050, 0.03566
84100, 6728080, 8.02002, 8.73713, 8.02002, 8.73713, -1.95405, 0.00279, 0.04682
84200, 6736080, 13.84005, 8.52785, 13.84005, 8.52785, -2.00382, 0.00066, 0.01235
84300, 6744080, 9.06002, 8.12557, 9.06002, 8.12557, -2.03049, 0.00119, 0.04855
84400, 6752080, 7.31999, 3.79529, 7.31999, 3.79529, -2.00061, 2.18073, -0.88569
84500, 6760080, 3.80000, 1.10851, 3.80000, 1.10851, -1.99762, 0.00070, 0.02966
84600, 6768080, 9.15999, 4.90463, 9.15999, 4.90463, -2.04589, 3.35993, -1.51733
84700, 6776080, 14.72005, 8.57275, 14.72005, 8.57275, -1.95282, 0.00073, 0.03313
84800, 6784080, 4.36000, 1.76000, 4.36000, 1.76000, -2.05353, 4.28251, -2.00759
84900, 6792080, 5.24000, 3.24764, 5.24000, 3.24764, -2.03895, 0.00546, 0.02467
85000, 6800080, 11.22002, 7.67876, 11.22002, 7.67876, -1.86208, 0.00129, 0.02625
85100, 6808080, 16.78007, 8.44005, 16.78007, 8.44005, -2.05640, 0.00048, 0.03508
85200, 6816080, 8.58002, 8.43929, 8.58002, 8.43929, -2.04088, 0.00112, 0.04357
85300, 6824080, 7.31999, 1.71332, 7.31999, 1.71332, -1.98983, 3.19224, -1.19976
85400, 6832080, 9.00000, 5.29938, 9.00000, 5.29938, -2.04511, 1.72444, -0.70674
85500, 6840080, 3.64000, 0.96000, 3.64000, 0.96000, -2.05021, 0.00163, 0.05668
85600, 6848080, 6.91999, 1.44000, 6.91999, 1.44000, -1.97343, 0.01645, -0.13734
85700, 6856080, 9.38002, 7.79212, 9.38002, 7.79212, -2.01116, 4.60860, -2.14250
85800, 6864080, 9.22002, 8.07764, 9.22002, 8.07764, -1.97029, 0.00041, 0.02007
85900, 6872080, 4.44000, 0.78384, 4.44000, 0.78384, -2.05025, 0.00140, 0.06018
86000, 6880080, 3.56000, 0.91913, 3.56000, 0.91913, -2.04948, 0.00444, 0.11174
86100, 6888080, 3.40000, 0.65970, 3.40000, 0.65970, -2.03148, 2.39983, -1.10933
86200, 6896080, 7.88000, 5.54487, 7.88000, 5.54487, -2.00264, 0.78728, -0.32009
86300, 6904080, 5.40000, 3.29460, 5.40000, 3.29460, -1.99865, 0.00076, 0.03758
86400, 6912080, 17.18007, 7.64005, 17.18007, 7.64005, -2.04562, 0.00023, -0.00943
86500, 6920080, 7.63999, 5.04613, 7.63999, 5.04613, -2.04496, 0.00227, 0.06029
86600, 6928080, 3.48000, 0.45255, 3.48000, 0.45255, -2.04924, 2.28195, -1.12277
86700, 6936080, 4.76000, 2.21702, 4.76000, 2.21702, -1.98362, 0.00141, 0.05435
86800, 6944080, 14.16005, 8.24084, 14.16005, 8.24084, -2.00358, 2.62435, -1.39327
86900, 6952080, 3.56000, 0.48000, 3.56000, 0.48000, -2.04625, 2.58569, -1.13075
87000, 6960080, 3.08000, 0.48000, 3.08000, 0.48000, -2.02362, 0.00483, 0.10407
87100, 6968080, 4.36000, 2.44229, 4.36000, 2.44229, -1.94785, 1.00765, -0.44574
87200, 6976080, 15.36005, 6.96955, 15.36005, 6.96955, -2.02231, 0.00083, 0.04938
87300, 6984080, 10.10002, 7.56287, 10.10002, 7.56287, -2.02938, 0.00058, 0.03338
87400, 6992080, 16.94007, 8.12005, 16.94007, 8.12005, -2.01635, 0.00131, 0.06312
87500, 7000080, 5.95999, 4.98060, 5.95999, 4.98060, -1.93889, 0.00192, 0.07158
87600, 7008080, 4.84000, 2.59147, 4.84000, 2.59147, -2.03762, 2.08335, -1.06672
87700, 7016080, 9.06002, 7.96434, 9.06002, 7.96434, -2.01127, 0.00111, 0.04872
87800, 7024080, 3.56000, 0.54650, 3.56000, 0.54650, -2.07262, 0.00288, 0.09942
87900, 7032080, 4.36000, 1.48665, 4.36000, 1.48665, -2.04501, 0.00462, 0.05489
88000, 7040080, 5.56000, 2.28526, 5.56000, 2.28526, -1.98524, 0.03771, 0.20674
88100, 7048080, 11.38002, 7.98012, 11.38002, 7.98012, -1.97454, 0.00065, 0.03066
88200, 7056080, 3.88000, 0.91913, 3.88000, 0.91913, -1.97660, 0.00096, 0.04931
88300, 7064080, 4.76000, 1.38256, 4.76000, 1.38256, -1.99633, 0.00306, 0.07853
88400, 7072080, 5.32000, 3.13942, 5.32000, 3.13942, -2.00030, 0.00438, 0.10646
88500, 7080080, 3.88000, 0.88121, 3.88000, 0.88121, -2.02644, 2.52082, -1.12309
88600, 7088080, 10.34002, 8.26715, 10.34002, 8.26715, -2.01418, 0.00091, 0.01752
88700, 7096080, 6.35999, 2.04065, 6.35999, 2.04065, -2.04286, 0.00079, 0.04351
88800, 7104080, 10.26002, 7.83389, 10.26002, 7.83389, -2.03846, 3.56209, -1.53622
88900, 7112080, 3.56000, 0.54650, 3.56000, 0.54650, -2.05069, 0.00410, 0.02931
89000, 7120080, 5.08000, 1.16847, 5.08000, 1.16847, -2.05820, 0.00735, 0.14422
89100, 7128080, 3.80000, 0.00000, 3.80000, 0.00000, -2.04866, 0.00313, 0.08936
89200, 7136080, 3.56000, 1.44000, 3.56000, 1.44000, -2.02864, 0.00300, 0.07379
89300, 7144080, 14.40005, 7.67575, 14.40005, 7.67575, -1.95203, 0.00180, 0.05902
89400, 7152080, 9.86002, 7.83089, 9.86002, 7.83089, -2.00065, 0.00103, 0.05246
89500, 7160080, 8.51999, 4.91159, 8.51999, 4.91159, -2.04543, 3.00584, -1.38319
89600, 7168080, 4.36000, 1.02450, 4.36000, 1.02450, -2.00923, 0.00102, 0.01001
89700, 7176080, 12.96005, 9.39441, 12.96005, 9.39441, -1.98478, 0.00073, 0.03921
89800, 7184080, 14.80005, 8.56578, 14.80005, 8.56578, -1.95710, 0.00130, -0.02074
89900, 7192080, 9.22002, 7.98414, 9.22002, 7.98414, -1.97939, 0.00195, 0.06211
90000, 7200080, 3.32000, 0.96000, 3.32000, 0.96000, -2.06466, 0.00328, 0.09892
90100, 7208080, 3.08000, 0.48000, 3.08000, 0.48000, -2.06212, 0.00313, 0.07595
90200, 7216080, 6.27999, 5.61825, 6.27999, 5.61825, -2.01133, 0.00004, 0.00473
90300, 7224080, 9.78002, 7.67376, 9.78002, 7.67376, -2.02219, 0.00019, -0.00520
90400, 7232080, 8.12000, 6.23523, 8.12000, 6.23523, -2.06128, 1.12185, -0.43220
90500, 7240080, 13.28005, 9.18683, 13.28005, 9.18683, -2.03778, 0.00028, 0.01311
90600, 7248080, 3.88000, 0.65970, 3.88000, 0.65970, -2.00291, 0.00097, 0.02302
90700, 7256080, 9.94002, 7.70982, 9.94002, 7.70982, -2.01791, 0.00069, 0.04342
90800, 7264080, 4.20000, 1.20797, 4.20000, 1.20797, -2.05238, 0.00028, 0.02150
90900, 7272080, 5.64000, 2.08000, 5.64000, 2.08000, -2.04738, 0.00131, 0.06546
91000, 7280080, 3.56000, 0.91913, 3.56000, 0.91913, -2.04203, 0.00064, 0.00287
91100, 7288080, 8.82002, 8.15780, 8.82002, 8.15780, -2.06521, 0.00052, 0.03058
91200, 7296080, 8.66002, 8.41676, 8.66002, 8.41676, -2.01193, 2.96709, -1.65403
91300, 7304080, 6.76000, 5.70866, 6.76000, 5.70866, -2.06124, 2.68433, -1.18806
91400, 7312080, 5.40000, 2.59969, 5.40000, 2.59969, -2.03104, 0.00121, 0.00536
91500, 7320080, 8.58002, 8.33347, 8.58002, 8.33347, -2.00779, 0.00019, 0.01441
91600, 7328080, 3.56000, 0.48000, 3.56000, 0.48000, -2.03954, 0.00464, 0.11967
91700, 7336080, 3.72000, 0.80000, 3.72000, 0.80000, -2.06717, 0.00219, 0.03656
91800, 7344080, 4.92000, 0.84664, 4.92000, 0.84664, -2.00780, 0.00045, 0.03265
91900, 7352080, 5.24000, 1.18299, 5.24000, 1.18299, -2.01663, 0.00093, 0.01702
92000, 7360080, 4.84000, 2.75739, 4.84000, 2.75739, -2.05461, 0.00092, 0.04230
92100, 7368080, 6.51999, 2.93866, 6.51999, 2.93866, -2.06168, 5.43539, -2.46940
92200, 7376080, 4.76000, 2.59969, 4.76000, 2.59969, -2.07059, 4.38990, -2.07287
92300, 7384080, 4.20000, 0.91913, 4.20000, 0.91913, -2.03530, 2.97899, -1.51203
92400, 7392080, 12.10002, 7.80797, 12.10002, 7.80797, -1.99957, 0.00221, 0.05378
92500, 7400080, 10.26002, 7.30634, 10.26002, 7.30634, -2.01475, 1.69757, -0.69048
92600, 7408080, 5.56000, 2.53992, 5.56000, 2.53992, -2.03747, 0.00303, 0.07891
92700, 7416080, 5.64000, 1.08910, 5.64000, 1.08910, -2.05816, 0.00061, 0.04278
92800, 7424080, 3.96000, 1.23935, 3.96000, 1.23935, -2.06767, 3.78263, -1.81457
92900, 7432080, 5.40000, 1.25305, 5.40000, 1.25305, -2.06191, 1.79401, -0.76494
93000, 7440080, 6.11999, 3.31911, 6.11999, 3.31911, -2.04291, 0.00071, 0.02872
93100, 7448080, 5.24000, 3.75460, 5.24000, 3.75460, -2.06004, 0.00086, 0.05087
93200, 7456080, 3.40000, 0.75613, 3.40000, 0.75613, -2.04802, 0.01042, 0.15251
93300, 7464080, 3.96000, 0.76175, 3.96000, 0.76175, -2.02338, 2.40390, -1.14528
93400, 7472080, 14.00005, 8.15025, 14.00005, 8.15025, -1.95572, 6.50604, -3.16392
93500, 7480080, 6.11999, 2.49757, 6.11999, 2.49757, -1.95857, 3.99137, -1.70126
93600, 7488080, 11.30002, 7.61263, 11.30002, 7.61263, -2.04021, 2.85419, -1.17297
93700, 7496080, 4.12000, 1.50093, 4.12000, 1.50093, -2.05932, 2.91029, -1.35291
93800, 7504080, 3.56000, 0.91913, 3.56000, 0.91913, -2.05848, 0.00217, 0.08020
93900, 7512080, 5.56000, 3.40164, 5.56000, 3.40164, -1.99677, 4.32242, -1.81782
94000, 7520080, 13.68005, 8.92774, 13.68005, 8.92774, -2.02215, 0.00074, 0.04545
94100, 7528080, 4.44000, 1.69328, 4.44000, 1.69328, -2.03722, 0.00027, 0.00595
94200, 7536080, 9.46002, 7.93939, 9.46002, 7.93939, -2.03634, 0.29274, -0.08226
94300, 7544080, 3.56000, 0.48000, 3.56000, 0.48000, -2.04987, 0.00217, 0.06201
94400, 7552080, 7.23999, 4.13428, 7.23999, 4.13428, -1.97581, 4.13643, -1.86895
94500, 7560080, 13.36005, 8.85673, 13.36005, 8.85673, -2.01580, 0.00016, 0.01427
94600, 7568080, 11.06002, 7.52554, 11.06002, 7.52554, -1.97633, 0.00093, 0.05388
94700, 7576080, 10.52002, 6.27617, 10.52002, 6.27617, -1.99018, 4.26469, -1.88363
94800, 7584080, 5.56000, 4.25732, 5.56000, 4.25732, -2.03861, 1.51891, -0.58996
94900, 7592080, 4.12000, 0.69128, 4.12000, 0.69128, -2.03952, 0.00136, 0.06315
95000, 7600080, 5.56000, 1.78168, 5.56000, 1.78168, -2.01936, 0.00133, 0.05181
95100, 7608080, 7.39999, 4.98060, 7.39999, 4.98060, -2.05738, 0.00147, 0.06745
95200, 7616080, 3.80000, 0.94205, 3.80000, 0.94205, -2.03513, 0.00775, 0.13582
95300, 7624080, 6.44000, 6.57560, 6.44000, 6.57560, -2.05341, 0.00025, 0.02064
95400, 7632080, 10.98002, 7.39313, 10.98002, 7.39313, -2.03920, 3.12827, -1.82068
95500, 7640080, 3.56000, 0.91913, 3.56000, 0.91913, -2.06549, 2.44287, -1.08987
95600, 7648080, 10.10002, 7.69708, 10.10002, 7.69708, -1.97370, 0.00181, -0.00080
95700, 7656080, 5.87999, 3.54897, 5.87999, 3.54897, -2.03026, 7.16934, -3.38163
95800, 7664080, 4.44000, 0.90510, 4.44000, 0.90510, -2.01068, 0.00247, 0.07469
95900, 7672080, 11.62004, 9.15283, 11.62004, 9.15283, -2.06110, 0.00083, 0.05034
96000, 7680080, 3.80000, 0.78384, 3.80000, 0.78384, -2.05138, 0.00175, 0.05250
96100, 7688080, 4.52000, 1.97909, 4.52000, 1.97909, -2.01661, 0.00069, 0.03042
96200, 7696080, 7.39999, 3.46009, 7.39999, 3.46009, -2.02432, 0.00019, 0.00298
96300, 7704080, 5.72000, 2.12264, 5.72000, 2.12264, -2.05989, 5.10964, -2.27709
96400, 7712080, 5.72000, 3.41666, 5.72000, 3.41666, -2.05131, 3.65219, -1.69722
96500, 7720080, 12.26002, 7.42537, 12.26002, 7.42537, -2.04215, 1.38970, -0.57042
96600, 7728080, 5.87999, 1.39485, 5.87999, 1.39485, -2.04806, 0.00134, 0.05598
96700, 7736080, 5.56000, 4.18454, 5.56000, 4.18454, -2.03868, 1.95441, -0.86504
96800, 7744080, 9.62002, 8.19380, 9.62002, 8.19380, -2.01409, 0.00058, 0.02937
96900, 7752080, 3.08000, 0.30638, 3.08000, 0.30638, -2.06672, 3.79784, -1.77666
97000, 7760080, 4.92000, 2.37318, 4.92000, 2.37318, -1.98496, 0.00123, 0.05343
97100, 7768080, 3.80000, 1.10851, 3.80000, 1.10851, -2.00231, 0.00129, 0.05889
97200, 7776080, 6.11999, 4.17535, 6.11999, 4.17535, -2.04749, 4.40427, -2.00499
97300, 7784080, 7.23999, 3.11760, 7.23999, 3.11760, -1.98812, 0.00206, 0.05706
97400, 7792080, 5.08000, 1.01193, 5.08000, 1.01193, -2.04995, 0.00200, 0.06313
97500, 7800080, 7.94002, 8.77052, 7.94002, 8.77052, -2.05453, 0.00128, 0.05896
97600, 7808080, 6.51999, 4.62618, 6.51999, 4.62618, -1.96337, 0.00188, 0.07009
97700, 7816080, 3.64000, 0.96000, 3.64000, 0.96000, -2.01108, 0.00070, -0.00633
97800, 7824080, 4.12000, 1.97261, 4.12000, 1.97261, -2.00455, 0.00694, 0.12590
97900, 7832080, 7.24000, 6.30531, 7.24000, 6.30531, -2.02983, 0.00035, 0.01551
98000, 7840080, 3.88000, 0.40266, 3.88000, 0.40266, -2.05889, 1.75988, -0.73064
98100, 7848080, 8.74002, 8.19979, 8.74002, 8.19979, -1.99247, 4.87641, -2.37164
98200, 7856080, 6.27999, 5.61825, 6.27999, 5.61825, -2.01664, 0.00137, 0.06753
98300, 7864080, 3.88000, 0.70955, 3.88000, 0.70955, -2.04841, 0.00080, 0.03390
98400, 7872080, 7.55999, 4.64000, 7.55999, 4.64000, -1.98324, 0.00088, 0.04323
98500, 7880080, 8.58002, 8.29241, 8.58002, 8.29241, -2.04768, 0.00189, 0.03098
98600, 7888080, 7.64000, 5.73030, 7.64000, 5.73030, -2.05754, 1.82484, -0.77825
98700, 7896080, 10.67999, 5.58856, 10.67999, 5.58856, -2.05433, 2.51909, -1.08285
98800, 7904080, 3.80000, 0.78384, 3.80000, 0.78384, -2.05673, 0.00085, 0.05023
98900, 7912080, 4.52000, 1.63951, 4.52000, 1.63951, -2.03257, 0.00231, 0.08858
99000, 7920080, 5.32000, 1.20797, 5.32000, 1.20797, -2.03086, 0.00019, 0.02182
99100, 7928080, 3.16000, 0.45255, 3.16000, 0.45255, -2.06485, 0.00254, 0.09109
99200, 7936080, 3.32000, 0.55426, 3.32000, 0.55426, -2.05814, 0.00216, 0.08038
99300, 7944080, 12.42002, 6.49677, 12.42002, 6.49677, -2.02400, 2.67781, -1.51288
99400, 7952080, 6.51999, 3.41166, 6.51999, 3.41166, -2.05059, 0.00104, 0.04879
99500, 7960080, 4.44000, 0.45255, 4.44000, 0.45255, -2.04323, 0.00114, 0.04524
99600, 7968080, 4.12000, 1.19733, 4.12000, 1.19733, -2.02742, 0.00169, 0.02900
99700, 7976080, 5.24000, 2.88000, 5.24000, 2.88000, -2.02793, 3.97573, -1.82077
99800, 7984080, 3.32000, 0.55426, 3.32000, 0.55426, -1.98626, 0.00527, 0.03987
99900, 7992080, 10.90002, 8.46830, 10.90002, 8.46830, -1.98218, 0.00114, 0.03835
100000, 8000080, 14.96005, 7.36020, 14.96005, 7.36020, -1.96853, 4.45544, -2.01032
100100, 8008080, 15.92005, 6.31972, 15.92005, 6.31972, -2.01658, 0.00029, 0.00977
100200, 8016080, 11.40000, 4.92548, 11.40000, 4.92548, -2.04089, 0.00099, 0.01253
100300, 8024080, 9.78002, 7.48462, 9.78002, 7.48462, -2.00104, 0.00134, 0.04387
100400, 8032080, 8.02002, 8.67833, 8.02002, 8.67833, -2.06901, 0.00401, 0.11176
100500, 8040080, 3.48000, 0.90510, 3.48000, 0.90510, -2.01387, 0.56665, -0.22439
100600, 8048080, 4.52000, 1.77929, 4.52000, 1.77929, -2.03612, 0.00136, 0.05364
100700, 8056080, 4.28000, 1.23935, 4.28000, 1.23935, -2.02646, 0.00060, 0.03664
100800, 8064080, 11.62003, 9.00242, 11.62003, 9.00242, -2.02963, 0.00247, 0.08753
100900, 8072080, 10.18002, 8.07235, 10.18002, 8.07235, -2.02459, 0.00049, 0.03586
101000, 8080080, 9.06002, 8.12557, 9.06002, 8.12557, -2.05941, 0.00065, 0.01927
101100, 8088080, 3.56000, 0.91913, 3.56000, 0.91913, -2.06180, 0.00323, 0.10198
101200, 8096080, 6.27999, 5.61825, 6.27999, 5.61825, -2.03045, 0.00089, -0.00503
101300, 8104080, 5.08000, 1.63168, 5.08000, 1.63168, -2.03907, 2.13861, -0.93653
101400, 8112080, 3.64000, 0.96000, 3.64000, 0.96000, -2.03968, 4.05122, -1.83087
101500, 8120080, 4.84000, 2.75739, 4.84000, 2.75739, -2.05103, 0.00101, 0.05667
101600, 8128080, 3.80000, 1.35764, 3.80000, 1.35764, -2.04243, 0.00325, 0.09829
101700, 8136080, 12.64005, 9.72470, 12.64005, 9.72470, -2.03384, 0.28639, -0.07176
101800, 8144080, 9.78002, 7.64703, 9.78002, 7.64703, -2.01644, 0.00019, 0.01401
101900, 8152080, 10.90002, 7.24771, 10.90002, 7.24771, -2.03607, 6.10768, -2.81908
102000, 8160080, 7.70002, 8.87570, 7.70002, 8.87570, -2.05755, 2.52528, -1.50132
102100, 8168080, 3.96000, 1.39485, 3.96000, 1.39485, -2.05280, 0.00156, 0.05435
102200, 8176080, 8.26002, 8.53481, 8.26002, 8.53481, -2.02763, 2.42000, -1.15947
102300, 8184080, 5.40000, 1.69328, 5.40000, 1.69328, -1.99425, 6.61418, -2.90378
102400, 8192080, 3.80000, 0.78384, 3.80000, 0.78384, -1.98598, 0.02193, 0.18008
102500, 8200080, 3.40000, 0.91913, 3.40000, 0.91913, -1.84019, 2.77435, -1.15277
102600, 8208080, 6.76000, 5.97167, 6.76000, 5.97167, -1.93165, 0.01296, 0.08862
102700, 8216080, 4.12000, 1.01193, 4.12000, 1.01193, -1.87801, 0.02034, 0.23383
102800, 8224080, 5.40000, 1.19733, 5.40000, 1.19733, -2.01382, 0.00376, 0.06203
102900, 8232080, 4.52000, 1.83594, 4.52000, 1.83594, -1.96282, 0.02343, 0.20114
103000, 8240080, 7.08000, 5.86206, 7.08000, 5.86206, -2.01237, 3.21440, -1.43375
103100, 8248080, 5.00000, 2.23809, 5.00000, 2.23809, -2.04803, 0.56856, -0.21757
103200, 8256080, 5.64000, 1.23591, 5.64000, 1.23591, -2.04525, 1.85717, -0.78357
103300, 8264080, 9.16001, 6.17404, 9.16001, 6.17404, -2.02714, 0.00069, 0.03025
103400, 8272080, 10.19999, 3.32553, 10.19999, 3.32553, -1.97896, 0.00076, 0.02755
103500, 8280080, 10.10002, 7.38476, 10.10002, 7.38476, -2.01553, 0.00065, 0.00829
103600, 8288080, 5.87999, 2.52644, 5.87999, 2.52644, -2.00496, 7.94297, -3.45392
103700, 8296080, 7.62002, 8.92388, 7.62002, 8.92388, -1.99264, 2.82727, -1.27613
103800, 8304080, 7.32002, 8.33235, 7.32002, 8.33235, -2.05171, 0.00116, 0.02688
103900, 8312080, 8.34002, 8.63199, 8.34002, 8.63199, -2.06054, 0.00058, 0.00760
104000, 8320080, 6.27999, 4.54336, 6.27999, 4.54336, -2.01026, 3.81088, -1.79110
104100, 8328080, 10.66002, 7.55638, 10.66002, 7.55638, -2.00879, 0.00079, 0.00909
104200, 8336080, 3.80000, 0.78384, 3.80000, 0.78384, -2.02868, 3.72210, -1.81508
104300, 8344080, 4.28000, 1.23935, 4.28000, 1.23935, -2.04212, 2.59390, -1.07997
104400, 8352080, 12.16005, 10.21513, 12.16005, 10.21513, -1.99929, 0.00078, -0.01774
104500, 8360080, 12.20002, 5.58784, 12.20002, 5.58784, -2.03273, 3.11830, -1.31482
104600, 8368080, 4.52000, 1.63951, 4.52000, 1.63951, -1.99399, 0.00082, 0.04728
104700, 8376080, 8.18002, 8.64335, 8.18002, 8.64335, -2.01075, 0.00153, 0.06516
104800, 8384080, 3.80000, 0.78384, 3.80000, 0.78384, -2.06316, 1.99191, -0.91089
104900, 8392080, 4.12000, 0.45255, 4.12000, 0.45255, -2.07103, 0.00069, 0.04271
105000, 8400080, 7.39999, 5.18870, 7.39999, 5.18870, -2.05605, 2.73168, -1.24794
105100, 8408080, 5.95999, 2.76974, 5.95999, 2.76974, -2.02406, 0.00268, 0.09318
105200, 8416080, 3.56000, 0.91913, 3.56000, 0.91913, -2.03178, 1.17590, -0.53548
105300, 8424080, 4.04000, 0.91913, 4.04000, 0.91913, -1.94312, 0.00318, 0.00662
105400, 8432080, 9.06002, 8.04960, 9.06002, 8.04960, -2.00289, 0.00107, 0.05038
105500, 8440080, 11.54002, 7.54083, 11.54002, 7.54083, -1.91394, 0.00129, 0.04431
105600, 8448080, 5.32000, 1.36704, 5.32000, 1.36704, -1.99841, 0.82220, -0.38262
105700, 8456080, 3.96000, 0.84664, 3.96000, 0.84664, -2.05314, 1.60933, -0.60315
105800, 8464080, 10.10002, 7.95013, 10.10002, 7.95013, -1.98733, 0.00086, 0.03963
105900, 8472080, 9.31999, 4.25632, 9.31999, 4.25632, -2.00667, 0.00237, 0.06096
106000, 8480080, 7.15999, 3.54897, 7.15999, 3.54897, -2.00652, 0.00090, 0.04167
106100, 8488080, 7.87999, 5.30579, 7.87999, 5.30579, -2.01220, 3.15612, -1.47538
106200, 8496080, 5.64000, 1.36704, 5.64000, 1.36704, -1.95463, 0.00383, -0.00848
106300, 8504080, 6.43999, 3.70772, 6.43999, 3.70772, -2.01541, 0.00087, 0.03349
106400, 8512080, 8.82002, 8.14942, 8.82002, 8.14942, -1.98855, 0.00055, 0.03027
106500, 8520080, 13.92005, 8.54384, 13.92005, 8.54384, -2.02643, 2.98506, -1.31117
106600, 8528080, 8.34002, 8.52456, 8.34002, 8.52456, -2.01982, 0.00082, 0.05045
106700, 8536080, 5.72000, 1.45474, 5.72000, 1.45474, -2.05655, 0.00042, -0.00410
106800, 8544080, 5.72000, 3.01321, 5.72000, 3.01321, -2.01389, 0.00073, 0.04516
106900, 8552080, 12.64005, 9.72470, 12.64005, 9.72470, -1.98060, 0.00032, 0.02539
107000, 8560080, 3.88000, 1.28996, 3.88000, 1.28996, -2.05454, 0.59297, -0.23973
107100, 8568080, 4.28000, 1.23935, 4.28000, 1.23935, -2.05095, 0.00828, 0.15149
107200, 8576080, 8.34002, 8.46831, 8.34002, 8.46831, -2.03229, 3.08410, -1.71853
107300, 8584080, 8.27999, 4.31703, 8.27999, 4.31703, -2.05549, 3.92261, -1.92563
107400, 8592080, 10.26002, 8.02757, 10.26002, 8.02757, -2.05604, 2.40579, -1.32190
107500, 8600080, 6.68001, 7.68003, 6.68001, 7.68003, -2.02921, 0.00062, 0.04048
107600, 8608080, 3.80000, 0.45255, 3.80000, 0.45255, -2.04801, 0.69686, -0.21204
107700, 8616080, 5.08000, 3.23184, 5.08000, 3.23184, -2.02736, 0.00614, 0.13532
107800, 8624080, 10.10002, 8.53005, 10.10002, 8.53005, -2.02468, 2.34222, -1.32777
107900, 8632080, 5.16000, 3.59555, 5.16000, 3.59555, -1.98300, 0.00231, 0.06965
108000, 8640080, 3.16000, 0.45255, 3.16000, 0.45255, -2.05307, 0.00541, 0.10235
108100, 8648080, 5.95999, 1.81725, 5.95999, 1.81725, -2.03304, 3.94762, -1.81988
108200, 8656080, 5.16000, 2.55165, 5.16000, 2.55165, -1.97773, 0.00606, -0.03899
108300, 8664080, 9.06002, 8.16329, 9.06002, 8.16329, -2.02191, 0.72265, -0.25378
108400, 8672080, 16.72005, 5.05148, 16.72005, 5.05148, -2.02449, 0.00088, 0.05129
108500, 8680080, 9.86002, 7.87870, 9.86002, 7.87870, -2.01351, 2.92622, -1.66964
108600, 8688080, 5.95999, 1.53188, 5.95999, 1.53188, -1.97140, 0.00137, 0.06726
108700, 8696080, 5.16000, 2.83069, 5.16000, 2.83069, -2.01432, 0.00264, 0.08865
108800, 8704080, 8.66002, 8.41676, 8.66002, 8.41676, -2.04169, 0.69772, -0.31632
108900, 8712080, 8.74002, 8.19979, 8.74002, 8.19979, -2.02030, 0.00090, 0.03354
109000, 8720080, 4.20000, 1.48665, 4.20000, 1.48665, -2.00498, 0.00019, 0.01462
109100, 8728080, 8.91999, 3.84888, 8.91999, 3.84888, -2.05866, 0.00016, 0.01590
109200, 8736080, 7.07999, 5.10247, 7.07999, 5.10247, -1.95549, 0.00139, 0.02137
109300, 8744080, 4.60000, 1.31939, 4.60000, 1.31939, -2.05088, 2.00204, -0.93999
109400, 8752080, 7.86002, 8.80669, 7.86002, 8.80669, -2.02831, 4.09067, -2.01241
109500, 8760080, 4.92000, 1.99840, 4.92000, 1.99840, -2.00820, 0.00052, 0.03240
109600, 8768080, 5.24000, 2.51290, 5.24000, 2.51290, -2.04861, 0.00169, 0.07517
109700, 8776080, 10.98002, 8.77780, 10.98002, 8.77780, -2.03625, 0.00019, 0.00048
109800, 8784080, 9.07999, 3.89735, 9.07999, 3.89735, -2.03168, 0.00051, 0.01080
109900, 8792080, 14.82004, 6.38749, 14.82004, 6.38749, -2.04859, 0.00068, 0.03593
110000, 8800080, 3.48000, 0.86656, 3.48000, 0.86656, -2.05824, 0.00189, 0.07205
110100, 8808080, 10.42002, 7.52328, 10.42002, 7.52328, -2.05160, 3.65852, -1.61675
110200, 8816080, 4.44000, 2.59969, 4.44000, 2.59969, -2.04502, 2.77417, -1.24346
110300, 8824080, 9.30002, 8.00735, 9.30002, 8.00735, -1.96787, 0.00595, 0.05036
110400, 8832080, 13.36005, 9.06622, 13.36005, 9.06622, -2.02189, 0.00018, 0.01306
110500, 8840080, 9.06002, 8.12557, 9.06002, 8.12557, -2.00817, 0.00185, 0.05146
110600, 8848080, 6.03999, 4.23723, 6.03999, 4.23723, -2.05480, 1.91499, -0.86915
110700, 8856080, 6.27999, 0.99062, 6.27999, 0.99062, -1.94052, 3.14768, -1.42682
110800, 8864080, 6.91999, 4.52831, 6.91999, 4.52831, -2.03864, 0.52848, -0.21054
110900, 8872080, 5.72000, 1.52350, 5.72000, 1.52350, -1.99351, 0.00386, 0.10118
111000, 8880080, 13.60005, 8.55383, 13.60005, 8.55383, -2.05970, 2.52898, -1.42048
111100, 8888080, 12.32005, 10.02371, 12.32005, 10.02371, -2.04736, 0.00021, 0.01863
111200, 8896080, 5.95999, 3.24633, 5.95999, 3.24633, -1.99886, 0.00065, 0.02207
111300, 8904080, 4.20000, 1.02450, 4.20000, 1.02450, -2.05034, 3.80169, -1.81840
111400, 8912080, 5.80000, 1.87275, 5.80000, 1.87275, -2.01926, 2.10093, -0.84730
111500, 8920080, 6.75999, 2.48387, 6.75999, 2.48387, -2.05278, 3.54627, -1.56718
111600, 8928080, 6.27999, 3.86988, 6.27999, 3.86988, -2.04651, 0.00114, 0.05243
111700, 8936080, 12.50002, 7.35638, 12.50002, 7.35638, -2.06144, 1.92349, -0.83106
111800, 8944080, 4.60000, 3.10801, 4.60000, 3.10801, -2.06931, 0.00066, 0.04339
111900, 8952080, 4.76000, 1.45474, 4.76000, 1.45474, -2.02779, 0.00079, 0.04229
112000, 8960080, 3.56000, 0.91913, 3.56000, 0.91913, -2.05903, 0.00231, 0.06565
112100, 8968080, 4.36000, 0.91913, 4.36000, 0.91913, -2.05713, 0.00279, 0.08783
112200, 8976080, 4.12000, 0.86656, 4.12000, 0.86656, -2.05921, 4.21896, -2.11142
112300, 8984080, 12.50002, 7.36565, 12.50002, 7.36565, -1.97910, 0.00154, 0.00762
112400, 8992080, 8.12001, 6.87568, 8.12001, 6.87568, -2.06302, 0.00940, 0.09966
112500, 9000080, 6.99999, 4.17229, 6.99999, 4.17229, -1.99459, 0.00089, 0.02246
112600, 9008080, 8.82002, 8.15780, 8.82002, 8.15780, -2.03299, 0.00079, -0.00561
112700, 9016080, 4.68000, 2.08000, 4.68000, 2.08000, -2.06258, 0.00172, 0.05237
112800, 9024080, 12.42003, 8.04588, 12.42003, 8.04588, -2.03063, 6.58475, -3.17498
112900, 9032080, 11.64000, 6.13032, 11.64000, 6.13032, -2.05040, 0.27302, -0.07512
113000, 9040080, 4.52000, 0.91913, 4.52000, 0.91913, -2.05477, 0.00402, 0.10655
113100, 9048080, 3.48000, 0.45255, 3.48000, 0.45255, -2.06148, 3.76442, -1.76725
113200, 9056080, 3.16000, 0.45255, 3.16000, 0.45255, -2.04973, 0.00782, 0.15236
113300, 9064080, 14.32005, 7.71789, 14.32005, 7.71789, -2.00622, 0.00065, -0.02836
113400, 9072080, 4.92000, 2.61931, 4.92000, 2.61931, -2.02268, 1.48475, -0.58869
113500, 9080080, 14.08005, 8.44843, 14.08005, 8.44843, -2.03681, 0.00064, 0.02390
113600, 9088080, 14.56005, 7.76088, 14.56005, 7.76088, -2.03060, 0.00078, -0.00357
113700, 9096080, 5.64000, 3.76255, 5.64000, 3.76255, -2.05172, 1.76569, -0.71704
113800, 9104080, 4.44000, 0.26128, 4.44000, 0.26128, -2.04755, 0.00356, 0.02269
113900, 9112080, 9.64001, 6.60152, 9.64001, 6.60152, -1.93333, 2.08398, -0.80960
114000, 9120080, 6.03999, 3.86657, 6.03999, 3.86657, -1.98811, 0.00162, 0.05783
114100, 9128080, 8.42002, 8.39214, 8.42002, 8.39214, -2.01164, 1.67348, -0.65839
114200, 9136080, 14.72005, 7.34628, 14.72005, 7.34628, -2.05128, 0.56460, -0.28389
114300, 9144080, 5.72000, 0.82624, 5.72000, 0.82624, -1.96623, 0.00063, 0.03422
114400, 9152080, 7.55999, 3.34982, 7.55999, 3.34982, -2.02206, 0.00074, 0.03585
114500, 9160080, 4.04000, 1.81725, 4.04000, 1.81725, -2.04682, 2.22748, -1.00351
114600, 9168080, 5.24000, 2.28526, 5.24000, 2.28526, -1.96475, 1.86936, -0.83658
114700, 9176080, 9.62002, 8.38324, 9.62002, 8.38324, -2.03900, 0.00041, 0.01709
114800, 9184080, 6.83999, 2.79580, 6.83999, 2.79580, -2.04206, 0.00203, 0.07831
114900, 9192080, 3.32000, 0.55426, 3.32000, 0.55426, -2.05798, 0.00357, 0.06328
115000, 9200080, 7.32001, 7.16974, 7.32001, 7.16974, -1.93912, 0.00222, 0.06068
115100, 9208080, 5.56000, 1.78168, 5.56000, 1.78168, -1.88381, 0.00122, 0.04421
115200, 9216080, 5.79999, 4.55086, 5.79999, 4.55086, -1.91639, 4.32045, -2.07340
115300, 9224080, 7.39999, 0.70955, 7.39999, 0.70955, -1.94900, 0.00853, -0.08111
115400, 9232080, 4.28000, 0.61275, 4.28000, 0.61275, -1.97854, 0.00076, 0.03376
115500, 9240080, 10.34002, 8.30423, 10.34002, 8.30423, -2.05123, 0.00052, 0.03117
115600, 9248080, 5.72000, 4.71027, 5.72000, 4.71027, -2.05317, 0.00254, 0.06341
115700, 9256080, 5.48000, 4.23219, 5.48000, 4.23219, -2.02585, 0.00210, 0.07508
115800, 9264080, 8.34002, 8.45218, 8.34002, 8.45218, -1.98800, 0.00069, 0.03855
115900, 9272080, 12.34002, 6.36575, 12.34002, 6.36575, -2.03471, 0.69143, -0.32502
116000, 9280080, 5.95999, 3.46009, 5.95999, 3.46009, -2.05124, 0.96256, -0.36974
116100, 9288080, 6.35999, 2.62582, 6.35999, 2.62582, -2.05205, 0.00172, 0.05605
116200, 9296080, 5.56000, 2.91534, 5.56000, 2.91534, -2.04194, 4.32383, -1.93699
116300, 9304080, 8.82002, 8.24933, 8.82002, 8.24933, -2.02508, 0.00122, 0.02207
116400, 9312080, 4.28000, 0.84664, 4.28000, 0.84664, -2.03505, 2.02159, -0.77265
116500, 9320080, 3.96000, 1.31939, 3.96000, 1.31939, -2.00910, 0.00277, 0.05498
116600, 9328080, 4.36000, 1.05729, 4.36000, 1.05729, -2.03780, 0.00074, 0.04439
116700, 9336080, 6.11999, 0.95554, 6.11999, 0.95554, -2.05546, 0.00037, 0.02344
116800, 9344080, 4.12000, 0.45255, 4.12000, 0.45255, -2.05947, 1.23042, -0.52730
116900, 9352080, 6.03999, 3.59199, 6.03999, 3.59199, -2.03114, 0.00042, -0.00143
117000, 9360080, 6.03999, 4.02233, 6.03999, 4.02233, -2.04856, 0.00149, 0.06357
117100, 9368080, 5.72000, 2.87407, 5.72000, 2.87407, -2.04596, 0.00126, 0.06109
117200, 9376080, 4.76000, 1.35764, 4.76000, 1.35764, -2.03928, 0.00113, 0.05525
117300, 9384080, 3.72000, 0.80000, 3.72000, 0.80000, -2.06473, 0.00096, 0.04270
117400, 9392080, 10.44003, 8.77673, 10.44003, 8.77673, -1.95846, 0.00109, 0.04869
117500, 9400080, 7.08000, 5.82702, 7.08000, 5.82702, -2.03834, 0.00159, 0.04905
117600, 9408080, 11.70002, 7.53234, 11.70002, 7.53234, -2.02865, 0.00070, 0.01756
117700, 9416080, 6.35999, 2.46490, 6.35999, 2.46490, -2.01784, 0.00085, 0.04627
117800, 9424080, 5.64000, 1.97909, 5.64000, 1.97909, -1.98106, 0.00044, -0.00311
117900, 9432080, 5.87999, 1.81960, 5.87999, 1.81960, -2.06186, 4.79331, -2.24702
118000, 9440080, 3.40000, 0.65970, 3.40000, 0.65970, -2.03383, 4.03834, -1.83561
118100, 9448080, 3.80000, 0.94205, 3.80000, 0.94205, -2.06668, 2.26966, -1.02438
118200, 9456080, 9.06002, 8.41448, 9.06002, 8.41448, -1.95439, 0.00249, 0.07073
118300, 9464080, 8.03999, 3.28812, 8.03999, 3.28812, -1.99201, 0.00249, 0.08382
118400, 9472080, 7.08000, 5.50781, 7.08000, 5.50781, -2.02001, 5.50555, -2.42799
118500, 9480080, 4.20000, 2.12866, 4.20000, 2.12866, -2.03383, 3.73714, -1.79291
118600, 9488080, 3.24000, 0.48000, 3.24000, 0.48000, -2.05528, 0.00492, 0.10688
118700, 9496080, 5.56000, 3.79079, 5.56000, 3.79079, -2.04596, 0.01146, 0.16332
118800, 9504080, 3.32000, 0.55426, 3.32000, 0.55426, -2.04348, 0.00501, 0.12014
118900, 9512080, 8.02002, 8.67833, 8.02002, 8.67833, -2.02001, 0.00131, -0.00534
119000, 9520080, 4.28000, 0.55426, 4.28000, 0.55426, -1.99283, 4.26805, -1.89116
119100, 9528080, 15.12005, 7.10416, 15.12005, 7.10416, -2.02737, 0.00017, 0.00829
119200, 9536080, 5.24000, 3.18396, 5.24000, 3.18396, -2.00535, 0.00129, 0.02553
119300, 9544080, 7.56000, 6.35384, 7.56000, 6.35384, -2.04454, 1.83106, -0.78368
119400, 9552080, 9.70002, 7.60703, 9.70002, 7.60703, -2.02948, 1.82494, -0.94935
119500, 9560080, 6.43999, 3.43037, 6.43999, 3.43037, -2.05354, 0.00093, 0.00759
119600, 9568080, 13.06004, 7.83743, 13.06004, 7.83743, -2.02914, 0.54630, -0.24044
119700, 9576080, 5.32000, 3.00612, 5.32000, 3.00612, -2.06569, 0.27443, -0.08743
119800, 9584080, 4.92000, 1.53466, 4.92000, 1.53466, -2.05208, 0.00323, 0.09470
119900, 9592080, 8.50002, 8.39189, 8.50002, 8.39189, -2.04506, 0.00102, 0.05478
120000, 9600080, 5.00000, 2.68209, 5.00000, 2.68209, -2.06473, 0.00226, 0.07590
120100, 9608080, 3.08000, 0.48000, 3.08000, 0.48000, -2.01233, 0.00334, 0.06660
120200, 9616080, 5.16000, 1.57582, 5.16000, 1.57582, -2.04849, 3.68843, -1.63384
120300, 9624080, 4.28000, 1.23935, 4.28000, 1.23935, -2.04025, 0.00270, 0.08424
120400, 9632080, 3.80000, 0.94205, 3.80000, 0.94205, -2.05133, 0.00695, 0.14852
120500, 9640080, 16.08007, 8.85575, 16.08007, 8.85575, -2.00968, 0.00143, 0.06005
120600, 9648080, 7.31999, 4.22109, 7.31999, 4.22109, -1.96141, 0.00293, 0.05517
120700, 9656080, 10.34002, 8.51127, 10.34002, 8.51127, -2.05748, 0.00227, 0.08347
120800, 9664080, 12.40005, 9.96137, 12.40005, 9.96137, -2.00854, 0.00355, 0.07800
120900, 9672080, 5.64000, 4.41379, 5.64000, 4.41379, -2.05516, 0.81823, -0.29769
121000, 9680080, 11.86002, 7.05076, 11.86002, 7.05076, -2.04510, 2.80123, -1.27055
121100, 9688080, 5.87999, 3.45145, 5.87999, 3.45145, -1.98836, 0.00128, 0.06134
121200, 9696080, 3.72000, 0.65970, 3.72000, 0.65970, -2.05297, 0.00252, 0.06193
121300, 9704080, 9.00000, 6.17401, 9.00000, 6.17401, -1.94671, 0.00081, 0.01144
121400, 9712080, 8.91999, 4.57797, 8.91999, 4.57797, -2.03305, 0.00082, 0.01482
121500, 9720080, 9.38002, 8.61591, 9.38002, 8.61591, -2.03467, 0.00072, 0.04421
121600, 9728080, 5.80000, 3.89625, 5.80000, 3.89625, -2.04548, 0.00104, 0.04944
121700, 9736080, 9.30002, 8.06257, 9.30002, 8.06257, -2.02298, 0.28050, -0.06222
121800, 9744080, 5.56000, 3.77274, 5.56000, 3.77274, -2.05055, 0.00072, 0.04819
121900, 9752080, 5.48000, 0.84159, 5.48000, 0.84159, -2.05660, 0.00049, 0.03609
122000, 9760080, 7.38002, 9.08005, 7.38002, 9.08005, -2.05264, 0.00078, 0.00887
122100, 9768080, 5.32000, 2.56499, 5.32000, 2.56499, -2.05994, 0.00057, 0.03272
122200, 9776080, 11.86002, 7.13258, 11.86002, 7.13258, -2.01999, 0.00018, 0.00992
122300, 9784080, 5.48000, 2.45623, 5.48000, 2.45623, -2.05128, 0.52561, -0.16003
122400, 9792080, 3.32000, 0.41312, 3.32000, 0.41312, -2.04774, 3.98880, -1.84115
122500, 9800080, 9.78002, 8.16093, 9.78002, 8.16093, -2.06256, 6.65308, -3.37640
122600, 9808080, 3.40000, 0.91913, 3.40000, 0.91913, -2.05176, 0.00446, 0.11552
122700, 9816080, 3.80000, 0.78384, 3.80000, 0.78384, -2.06483, 3.80668, -1.95381
122800, 9824080, 3.40000, 0.65970, 3.40000, 0.65970, -2.00523, 0.00163, 0.05823
122900, 9832080, 11.46003, 8.66775, 11.46003, 8.66775, -1.98687, 0.00086, 0.01958
123000, 9840080, 9.38002, 8.15178, 9.38002, 8.15178, -1.99474, 0.00074, 0.03968
123100, 9848080, 15.76006, 8.71393, 15.76006, 8.71393, -1.98992, 0.00178, -0.00277
123200, 9856080, 12.56005, 9.74923, 12.56005, 9.74923, -1.95799, 0.00041, 0.02479
123300, 9864080, 8.50002, 8.34294, 8.50002, 8.34294, -2.05514, 1.85848, -0.78874
123400, 9872080, 3.80000, 0.78384, 3.80000, 0.78384, -2.00951, 1.75405, -0.75372
123500, 9880080, 3.56000, 0.91913, 3.56000, 0.91913, -2.03023, 0.00288, 0.03421
123600, 9888080, 4.84000, 2.22279, 4.84000, 2.22279, -1.99423, 0.00101, 0.04699
123700, 9896080, 13.44005, 9.00767, 13.44005, 9.00767, -1.98541, 2.24904, -1.34946
123800, 9904080, 5.72000, 2.09023, 5.72000, 2.09023, -2.01304, 0.00062, 0.03382
123900, 9912080, 12.26003, 8.31039, 12.26003, 8.31039, -1.96996, 8.20085, -3.45975
124000, 9920080, 8.59999, 3.90172, 8.59999, 3.90172, -2.00305, 0.00067, 0.02822
124100, 9928080, 3.48000, 0.90510, 3.48000, 0.90510, -2.03266, 0.00148, 0.05604
124200, 9936080, 3.56000, 0.65970, 3.56000, 0.65970, -2.06876, 3.47564, -1.67077
124300, 9944080, 4.76000, 1.10851, 4.76000, 1.10851, -2.03740, 3.74532, -1.76202
124400, 9952080, 10.42002, 7.47320, 10.42002, 7.47320, -2.00113, 0.00049, 0.03051
124500, 9960080, 5.95999, 5.61825, 5.95999, 5.61825, -2.04145, 0.00168, 0.06500
124600, 9968080, 3.56000, 0.70955, 3.56000, 0.70955, -2.04672, 3.10426, -1.48761
124700, 9976080, 12.80005, 9.49111, 12.80005, 9.49111, -1.87179, 0.00129, 0.01744
124800, 9984080, 4.04000, 0.48000, 4.04000, 0.48000, -1.95106, 1.16240, -0.63486
124900, 9992080, 3.88000, 0.65970, 3.88000, 0.65970, -2.04610, 0.00114, -0.00291
