0, 80, 0.00000, 0.00000, 0.00000, 0.00000, -2.06911, 0.19865, 0.82309
100, 8080, 2.92000, 0.91913, 2.92000, 0.91913, -1.64738, 0.08526, 0.38941
200, 16080, 3.40000, 0.75613, 3.40000, 0.75613, -1.63353, 1.62933, -0.96699
300, 24080, 3.24000, 0.48000, 3.24000, 0.48000, -2.02388, 0.57802, 0.03612
400, 32080, 2.76000, 0.16000, 2.76000, 0.16000, -1.77844, 0.34915, -0.14055
500, 40080, 3.08000, 0.95554, 3.08000, 0.95554, -1.81639, 4.34809, -1.73442
600, 48080, 3.24000, 0.30638, 3.24000, 0.30638, -1.86995, 0.62151, 0.05961
700, 56080, 3.24000, 0.80000, 3.24000, 0.80000, -1.93897, 1.01585, -0.48566
800, 64080, 4.28000, 3.40164, 4.28000, 3.40164, -1.99622, 0.74395, -0.14827
900, 72080, 3.16000, 0.36950, 3.16000, 0.36950, -1.81944, 2.66465, -0.97306
1000, 80080, 3.48000, 0.00000, 3.48000, 0.00000, -1.92662, 0.05433, 0.40811
1100, 88080, 3.72000, 1.55400, 3.72000, 1.55400, -1.97793, 0.04617, 0.36579
1200, 96080, 2.04000, 0.96000, 2.04000, 0.96000, -2.01833, 0.02981, 0.29486
1300, 104080, 3.00000, 0.32000, 3.00000, 0.32000, -1.95334, 0.02751, 0.24342
1400, 112080, 3.16000, 0.36950, 3.16000, 0.36950, -1.91463, 1.88852, -0.82973
1500, 120080, 2.68000, 0.80531, 2.68000, 0.80531, -1.80564, 0.02199, 0.18750
1600, 128080, 3.75000, 1.26042, 3.75000, 1.26042, -1.86979, 0.03790, 0.29909
1700, 136080, 3.00000, 0.18475, 3.00000, 0.18475, -1.87304, 0.04324, 0.33479
1800, 144080, 2.85000, 0.44347, 2.85000, 0.44347, -1.73421, 0.03685, 0.29523
1900, 152080, 2.92000, 0.16000, 2.92000, 0.16000, -1.79662, 0.47270, -0.08164
2000, 160080, 3.16000, 1.35764, 3.16000, 1.35764, -1.73554, 1.73184, -0.89230
2100, 168080, 2.28000, 0.65970, 2.28000, 0.65970, -1.80467, 0.06826, 0.40536
2200, 176080, 3.56000, 0.65970, 3.56000, 0.65970, -1.74123, 0.04709, 0.34964
2300, 184080, 2.76000, 0.40266, 2.76000, 0.40266, -1.79385, 0.04695, 0.33558
2400, 192080, 3.40000, 0.75613, 3.40000, 0.75613, -1.79072, 0.10977, 0.47250
2500, 200080, 3.62000, 1.34878, 3.62000, 1.34878, -1.74284, 0.74937, -0.26144
2600, 208080, 3.72000, 1.02450, 3.72000, 1.02450, -1.55379, 0.04156, 0.23131
2700, 216080, 2.84000, 0.26128, 2.84000, 0.26128, -1.36565, 0.01117, 0.12803
2800, 224080, 3.00000, 0.32000, 3.00000, 0.32000, -1.72088, 0.03288, 0.26704
2900, 232080, 2.52000, 0.64000, 2.52000, 0.64000, -1.80058, 0.03876, 0.30567
3000, 240080, 3.24000, 0.30638, 3.24000, 0.30638, -1.83537, 1.20857, -0.38103
3100, 248080, 3.00000, 0.18475, 3.00000, 0.18475, -1.85343, 0.06057, 0.36313
3200, 256080, 3.48000, 2.21702, 3.48000, 2.21702, -1.98990, 0.04563, 0.36201
3300, 264080, 2.84000, 0.00000, 2.84000, 0.00000, -1.94540, 1.25602, -0.69216
3400, 272080, 3.00000, 0.32000, 3.00000, 0.32000, -1.98992, 0.08757, 0.50510
3500, 280080, 3.08000, 0.30638, 3.08000, 0.30638, -1.96879, 0.74328, -0.21176
3600, 288080, 2.84000, 0.00000, 2.84000, 0.00000, -1.90035, 0.03919, 0.29207
3700, 296080, 3.40000, 0.75613, 3.40000, 0.75613, -1.88259, 1.64415, -0.86169
3800, 304080, 3.40000, 0.16000, 3.40000, 0.16000, -1.91144, 0.06000, 0.42637
3900, 312080, 2.84000, 0.00000, 2.84000, 0.00000, -1.81720, 1.73923, -0.95697
4000, 320080, 3.08000, 0.30638, 3.08000, 0.30638, -1.84072, 0.03087, 0.26886
4100, 328080, 3.16000, 0.36950, 3.16000, 0.36950, -1.57932, 0.01467, 0.14684
4200, 336080, 3.08000, 1.20797, 3.08000, 1.20797, -1.69223, 2.42713, -1.12138
4300, 344080, 3.64000, 1.39485, 3.64000, 1.39485, -1.72828, 0.19575, 0.11586
4400, 352080, 3.32000, 0.18475, 3.32000, 0.18475, -1.81168, 2.84348, -1.48920
4500, 360080, 3.40000, 0.75613, 3.40000, 0.75613, -1.89897, 1.52443, -0.58040
4600, 368080, 3.08000, 0.30638, 3.08000, 0.30638, -1.84675, 4.96301, -2.53037
4700, 376080, 4.04000, 1.12000, 4.04000, 1.12000, -1.93333, 0.32389, -0.04091
4800, 384080, 2.92000, 1.17938, 2.92000, 1.17938, -1.89777, 3.34443, -1.97173
4900, 392080, 3.16000, 0.45255, 3.16000, 0.45255, -1.84799, 0.22852, 0.18687
5000, 400080, 2.84000, 0.90510, 2.84000, 0.90510, -1.82603, 2.13813, -1.15428
5100, 408080, 3.00000, 0.32000, 3.00000, 0.32000, -1.84538, 0.02634, 0.23616
5200, 416080, 3.08000, 0.48000, 3.08000, 0.48000, -1.67790, 4.75696, -2.26241
5300, 424080, 3.00000, 0.32000, 3.00000, 0.32000, -1.78149, 0.02122, 0.23192
5400, 432080, 3.00000, 0.32000, 3.00000, 0.32000, -1.84684, 1.66549, -0.71637
5500, 440080, 1.93000, 0.61395, 1.93000, 0.61395, -1.79810, 2.98056, -1.62914
5600, 448080, 2.68000, 0.80531, 2.68000, 0.80531, -1.85061, 0.29317, 0.13388
5700, 456080, 3.32000, 0.18475, 3.32000, 0.18475, -1.87712, 0.34679, -0.03443
5800, 464080, 3.32000, 0.76175, 3.32000, 0.76175, -1.88560, 1.03798, -0.25667
5900, 472080, 3.00000, 0.18475, 3.00000, 0.18475, -1.92962, 0.03782, 0.29429
6000, 480080, 3.16000, 0.26128, 3.16000, 0.26128, -1.93748, 0.05730, 0.38275
6100, 488080, 3.00000, 0.32000, 3.00000, 0.32000, -1.88894, 2.45039, -1.30812
6200, 496080, 3.56000, 0.70955, 3.56000, 0.70955, -1.91787, 0.06020, 0.35811
6300, 504080, 2.63000, 0.74860, 2.63000, 0.74860, -1.83493, 0.01936, 0.20569
6400, 512080, 3.84000, 1.34739, 3.84000, 1.34739, -1.74863, 2.05468, -0.75270
6500, 520080, 3.40000, 0.75613, 3.40000, 0.75613, -1.78738, 0.02406, 0.24582
6600, 528080, 3.00000, 0.61275, 3.00000, 0.61275, -1.74672, 3.75379, -2.39228
6700, 536080, 3.00000, 0.32000, 3.00000, 0.32000, -1.89614, 0.67328, -0.16334
6800, 544080, 3.72000, 0.95554, 3.72000, 0.95554, -1.94843, 2.57016, -1.62764
6900, 552080, 3.08000, 0.30638, 3.08000, 0.30638, -1.98787, 0.05122, 0.35893
7000, 560080, 2.92000, 0.16000, 2.92000, 0.16000, -1.97321, 0.04037, 0.35164
7100, 568080, 3.14000, 0.39395, 3.14000, 0.39395, -1.90869, 0.05032, 0.37782
7200, 576080, 3.98000, 2.08857, 3.98000, 2.08857, -1.82758, 1.18428, -0.46912
7300, 584080, 3.08000, 0.30638, 3.08000, 0.30638, -1.83539, 0.06213, 0.43704
7400, 592080, 2.51000, 1.32600, 2.51000, 1.32600, -1.71659, 1.32536, -0.56301
7500, 600080, 3.35000, 0.15790, 3.35000, 0.15790, -1.70065, 1.85241, -0.84419
7600, 608080, 3.47000, 0.88626, 3.47000, 0.88626, -1.65305, 0.01888, 0.20317
7700, 616080, 2.87000, 0.18294, 2.87000, 0.18294, -1.75127, 0.03572, 0.28190
7800, 624080, 3.23000, 0.97015, 3.23000, 0.97015, -1.73642, 0.02208, 0.23188
7900, 632080, 4.20000, 1.96177, 4.20000, 1.96177, -1.73558, 0.02250, 0.20177
8000, 640080, 3.40000, 0.75613, 3.40000, 0.75613, -1.78931, 1.82233, -0.68727
8100, 648080, 3.64000, 0.99492, 3.64000, 0.99492, -1.86834, 1.83845, -0.96652
8200, 656080, 3.56000, 1.66020, 3.56000, 1.66020, -1.80142, 0.01034, 0.14562
8300, 664080, 2.84000, 0.90510, 2.84000, 0.90510, -1.81655, 0.01750, 0.19707
8400, 672080, 3.16000, 0.36950, 3.16000, 0.36950, -1.78862, 0.02340, 0.23631
8500, 680080, 3.24000, 0.80000, 3.24000, 0.80000, -1.78173, 0.02740, 0.25699
8600, 688080, 2.84000, 0.00000, 2.84000, 0.00000, -1.75281, 1.39632, -0.80633
8700, 696080, 2.20000, 0.73901, 2.20000, 0.73901, -1.55319, 0.04041, 0.25687
8800, 704080, 4.20000, 1.23591, 4.20000, 1.23591, -1.41419, 0.15441, 0.21292
8900, 712080, 3.48000, 1.13889, 3.48000, 1.13889, -1.43982, 2.14598, -0.95549
9000, 720080, 3.32000, 0.32000, 3.32000, 0.32000, -1.62153, 1.46938, -0.32821
9100, 728080, 3.24000, 0.80000, 3.24000, 0.80000, -1.84740, 0.76807, -0.10170
9200, 736080, 2.84000, 0.00000, 2.84000, 0.00000, -1.83262, 0.40295, 0.09319
9300, 744080, 2.80000, 0.87025, 2.80000, 0.87025, -1.71290, 0.00906, 0.12587
9400, 752080, 3.40000, 0.75613, 3.40000, 0.75613, -1.56456, 0.01727, 0.15240
9500, 760080, 3.00000, 0.32000, 3.00000, 0.32000, -1.59940, 2.16547, -0.87035
9600, 768080, 3.24000, 0.48000, 3.24000, 0.48000, -1.69471, 0.01110, 0.13860
9700, 776080, 3.56000, 0.65970, 3.56000, 0.65970, -1.81832, 0.03595, 0.28643
9800, 784080, 3.00000, 0.32000, 3.00000, 0.32000, -1.90769, 0.04587, 0.33878
9900, 792080, 2.94000, 0.37736, 2.94000, 0.37736, -1.75479, 0.04517, 0.29671
10000, 800080, 2.84000, 0.00000, 2.84000, 0.00000, -1.70999, 1.70532, -0.91486
10100, 808080, 3.56000, 0.65970, 3.56000, 0.65970, -1.72043, 0.54980, 0.03888
10200, 816080, 4.20000, 1.61856, 4.20000, 1.61856, -1.62224, 0.04751, 0.28600
10300, 824080, 3.26000, 1.00638, 3.26000, 1.00638, -1.73474, 1.14096, -0.49092
10400, 832080, 2.92000, 0.16000, 2.92000, 0.16000, -1.69157, 0.98023, -0.39222
10500, 840080, 2.76000, 0.84159, 2.76000, 0.84159, -1.62416, 0.04896, 0.30385
10600, 848080, 2.84000, 0.00000, 2.84000, 0.00000, -1.75262, 0.14818, 0.30139
10700, 856080, 2.92000, 0.16000, 2.92000, 0.16000, -1.49609, 0.05776, 0.32799
10800, 864080, 3.08000, 0.30638, 3.08000, 0.30638, -1.33311, 0.02105, 0.16542
10900, 872080, 2.84000, 0.90510, 2.84000, 0.90510, -1.47369, 0.02359, 0.18779
11000, 880080, 2.63000, 0.89881, 2.63000, 0.89881, -1.65369, 0.03522, 0.28413
11100, 888080, 3.48000, 0.78384, 3.48000, 0.78384, -1.74669, 0.55014, -0.01931
11200, 896080, 3.00000, 0.32000, 3.00000, 0.32000, -1.71974, 0.91006, -0.19035
11300, 904080, 2.76000, 0.91913, 2.76000, 0.91913, -1.77558, 0.43262, 0.09303
11400, 912080, 3.24000, 0.80000, 3.24000, 0.80000, -1.79604, 0.67192, -0.10073
11500, 920080, 2.84000, 0.00000, 2.84000, 0.00000, -1.72901, 1.70973, -0.92266
11600, 928080, 3.56000, 1.05729, 3.56000, 1.05729, -1.73734, 1.15353, -0.35646
11700, 936080, 2.84000, 0.26128, 2.84000, 0.26128, -1.69585, 1.36551, -0.69280
11800, 944080, 3.00000, 0.32000, 3.00000, 0.32000, -1.67168, 0.02769, 0.24697
11900, 952080, 3.00000, 0.32000, 3.00000, 0.32000, -1.52425, 0.01117, 0.13371
12000, 960080, 2.84000, 0.90510, 2.84000, 0.90510, -1.71564, 0.75668, -0.19393
12100, 968080, 2.80000, 0.58969, 2.80000, 0.58969, -1.75414, 0.03783, 0.28898
12200, 976080, 3.48000, 0.52256, 3.48000, 0.52256, -1.87627, 1.46809, -0.75397
12300, 984080, 3.32000, 0.32000, 3.32000, 0.32000, -1.85307, 0.32646, 0.23560
12400, 992080, 3.36000, 1.28913, 3.36000, 1.28913, -1.83378, 0.46479, 0.03830
12500, 1000080, 2.84000, 0.00000, 2.84000, 0.00000, -1.87334, 2.73341, -1.21683
12600, 1008080, 3.32000, 1.18299, 3.32000, 1.18299, -1.97664, 2.15508, -1.37865
12700, 1016080, 2.28000, 1.34184, 2.28000, 1.34184, -2.00631, 2.46736, -1.32224
12800, 1024080, 4.68000, 1.39178, 4.68000, 1.39178, -1.98286, 6.50606, -3.95667
12900, 1032080, 2.84000, 0.00000, 2.84000, 0.00000, -2.01234, 0.03091, 0.31297
13000, 1040080, 3.08000, 0.30638, 3.08000, 0.30638, -1.98374, 0.03715, 0.34366
13100, 1048080, 3.15000, 0.95575, 3.15000, 0.95575, -1.90584, 1.86701, -0.80043
13200, 1056080, 3.96000, 1.41911, 3.96000, 1.41911, -1.79828, 1.17275, -0.47329
13300, 1064080, 3.27000, 1.81648, 3.27000, 1.81648, -1.88814, 0.03261, 0.29476
13400, 1072080, 4.44000, 1.90214, 4.44000, 1.90214, -1.84591, 0.96448, -0.34570
13500, 1080080, 3.47000, 0.88626, 3.47000, 0.88626, -1.95115, 0.04126, 0.35791
13600, 1088080, 3.08000, 0.95554, 3.08000, 0.95554, -1.87470, 0.01947, 0.23127
13700, 1096080, 3.00000, 0.32000, 3.00000, 0.32000, -1.91573, 3.38320, -1.56802
13800, 1104080, 3.16000, 0.36950, 3.16000, 0.36950, -1.96635, 2.33427, -1.21373
13900, 1112080, 3.40000, 0.75613, 3.40000, 0.75613, -1.98421, 0.54209, -0.04458
14000, 1120080, 3.72000, 0.95554, 3.72000, 0.95554, -1.97016, 1.80095, -0.75983
14100, 1128080, 3.32000, 0.76175, 3.32000, 0.76175, -1.97706, 1.77774, -0.85383
14200, 1136080, 3.56000, 0.65970, 3.56000, 0.65970, -1.98374, 0.01801, 0.23583
14300, 1144080, 2.82000, 0.29484, 2.82000, 0.29484, -2.01793, 1.01517, -0.40623
14400, 1152080, 3.16000, 0.58424, 3.16000, 0.58424, -1.99369, 1.83608, -1.07831
14500, 1160080, 2.61000, 0.46000, 2.61000, 0.46000, -1.98332, 0.52861, 0.07727
14600, 1168080, 3.00000, 0.32000, 3.00000, 0.32000, -1.99343, 0.05963, 0.44876
14700, 1176080, 2.92000, 0.91913, 2.92000, 0.91913, -1.97256, 1.00360, -0.42845
14800, 1184080, 3.56000, 0.65970, 3.56000, 0.65970, -1.95882, 0.03405, 0.30578
14900, 1192080, 3.24000, 0.30638, 3.24000, 0.30638, -2.00565, 0.03388, 0.32609
15000, 1200080, 3.24000, 0.48000, 3.24000, 0.48000, -2.02961, 0.03084, 0.26057
15100, 1208080, 3.00000, 0.18475, 3.00000, 0.18475, -2.00372, 1.45441, -0.67369
15200, 1216080, 2.60000, 0.70955, 2.60000, 0.70955, -2.00829, 1.05556, -0.48667
15300, 1224080, 2.68000, 0.80531, 2.68000, 0.80531, -2.00760, 0.04825, 0.36424
15400, 1232080, 3.40000, 1.12000, 3.40000, 1.12000, -1.99710, 1.51009, -0.65188
15500, 1240080, 3.16000, 0.36950, 3.16000, 0.36950, -1.99364, 0.04273, 0.36448
15600, 1248080, 4.12000, 0.82624, 4.12000, 0.82624, -1.96252, 0.89368, -0.10760
15700, 1256080, 4.12000, 2.35151, 4.12000, 2.35151, -1.98240, 0.02999, 0.29777
15800, 1264080, 2.84000, 1.04511, 2.84000, 1.04511, -1.96766, 1.85681, -0.87578
15900, 1272080, 3.00000, 0.32000, 3.00000, 0.32000, -1.98964, 1.61430, -0.81821
16000, 1280080, 3.64000, 1.06132, 3.64000, 1.06132, -1.94261, 1.44244, -0.62296
16100, 1288080, 2.92000, 0.16000, 2.92000, 0.16000, -1.87676, 0.04590, 0.34297
16200, 1296080, 2.92000, 0.40266, 2.92000, 0.40266, -1.86605, 0.03807, 0.31723
16300, 1304080, 3.48000, 1.30639, 3.48000, 1.30639, -1.90702, 0.03511, 0.33271
16400, 1312080, 2.52000, 0.64000, 2.52000, 0.64000, -1.84278, 1.81161, -0.68865
16500, 1320080, 3.08000, 0.30638, 3.08000, 0.30638, -1.86395, 0.01984, 0.21889
16600, 1328080, 2.36000, 0.96000, 2.36000, 0.96000, -1.87416, 1.75218, -0.82966
16700, 1336080, 3.08000, 0.30638, 3.08000, 0.30638, -1.78015, 0.00923, 0.12505
16800, 1344080, 3.00000, 0.32000, 3.00000, 0.32000, -1.87182, 1.18432, -0.28243
16900, 1352080, 3.24000, 0.80000, 3.24000, 0.80000, -1.82717, 0.01505, 0.20198
17000, 1360080, 3.84000, 0.72000, 3.84000, 0.72000, -1.86900, 0.00853, 0.14696
17100, 1368080, 3.48000, 0.52256, 3.48000, 0.52256, -1.84213, 1.37956, -0.52190
17200, 1376080, 3.02000, 0.57827, 3.02000, 0.57827, -1.90817, 4.53267, -2.04002
17300, 1384080, 3.13000, 0.58000, 3.13000, 0.58000, -2.01604, 0.02682, 0.28739
17400, 1392080, 2.79000, 1.21912, 2.79000, 1.21912, -2.02186, 0.03294, 0.32434
17500, 1400080, 3.24000, 0.84159, 3.24000, 0.84159, -2.01071, 1.54840, -0.81249
17600, 1408080, 2.84000, 0.90510, 2.84000, 0.90510, -1.97259, 0.01664, 0.21592
17700, 1416080, 2.92000, 0.16000, 2.92000, 0.16000, -1.99512, 0.66631, -0.15209
17800, 1424080, 2.52000, 0.86656, 2.52000, 0.86656, -2.02962, 4.54411, -2.80557
17900, 1432080, 3.88000, 1.02450, 3.88000, 1.02450, -2.03743, 3.77258, -2.27460
18000, 1440080, 3.56000, 1.05729, 3.56000, 1.05729, -2.03518, 1.75561, -1.07305
18100, 1448080, 4.55000, 0.71358, 4.55000, 0.71358, -1.99660, 0.04327, 0.34409
18200, 1456080, 3.56000, 1.05729, 3.56000, 1.05729, -1.99967, 0.05788, 0.42034
18300, 1464080, 3.16000, 0.45255, 3.16000, 0.45255, -1.96349, 0.04476, 0.35045
18400, 1472080, 3.08000, 0.30638, 3.08000, 0.30638, -2.00667, 0.04950, 0.39212
18500, 1480080, 3.32000, 0.32000, 3.32000, 0.32000, -2.02851, 0.04124, 0.36356
18600, 1488080, 2.92000, 0.16000, 2.92000, 0.16000, -2.02810, 0.04774, 0.39583
18700, 1496080, 3.40000, 0.75613, 3.40000, 0.75613, -2.01746, 2.28585, -1.14341
18800, 1504080, 3.08000, 0.48000, 3.08000, 0.48000, -2.01847, 3.25049, -1.94097
18900, 1512080, 4.20000, 2.31309, 4.20000, 2.31309, -2.02425, 0.03378, 0.32732
19000, 1520080, 3.11000, 0.54784, 3.11000, 0.54784, -1.95539, 0.02331, 0.26622
19100, 1528080, 3.32000, 0.76175, 3.32000, 0.76175, -1.94152, 0.01140, 0.17259
19200, 1536080, 3.24000, 0.30638, 3.24000, 0.30638, -1.97555, 0.02112, 0.25672
19300, 1544080, 3.56000, 0.84159, 3.56000, 0.84159, -1.94538, 0.01693, 0.24227
19400, 1552080, 3.56000, 0.54650, 3.56000, 0.54650, -1.95012, 1.43721, -0.58651
19500, 1560080, 3.00000, 0.32000, 3.00000, 0.32000, -1.95603, 6.44389, -3.16836
19600, 1568080, 2.68000, 0.80531, 2.68000, 0.80531, -1.97267, 0.41191, -0.07803
19700, 1576080, 3.08000, 1.02450, 3.08000, 1.02450, -2.00494, 0.41192, -0.01334
19800, 1584080, 3.40000, 1.12000, 3.40000, 1.12000, -1.97002, 0.01873, 0.23137
19900, 1592080, 4.29000, 1.52503, 4.29000, 1.52503, -1.98069, 0.01175, 0.18971
20000, 1600080, 3.96000, 0.99492, 3.96000, 0.99492, -1.95897, 0.01408, 0.19371
20100, 1608080, 3.10000, 0.44959, 3.10000, 0.44959, -1.97704, 0.03175, 0.32053
20200, 1616080, 2.84000, 0.00000, 2.84000, 0.00000, -1.94339, 0.02928, 0.26018
20300, 1624080, 3.00000, 0.32000, 3.00000, 0.32000, -1.97793, 0.72290, -0.12884
20400, 1632080, 3.08000, 1.20797, 3.08000, 1.20797, -2.00435, 1.26332, -0.61008
20500, 1640080, 3.16000, 0.36950, 3.16000, 0.36950, -1.94702, 1.64029, -0.74496
20600, 1648080, 3.72000, 0.70955, 3.72000, 0.70955, -2.00568, 0.03309, 0.32904
20700, 1656080, 3.16000, 0.36950, 3.16000, 0.36950, -1.91316, 1.35517, -0.79435
20800, 1664080, 3.00000, 0.32000, 3.00000, 0.32000, -1.97189, 0.71380, -0.13723
20900, 1672080, 2.84000, 0.00000, 2.84000, 0.00000, -2.02076, 1.43045, -0.84084
21000, 1680080, 2.52000, 0.64000, 2.52000, 0.64000, -1.95600, 2.17606, -1.23957
21100, 1688080, 3.00000, 0.32000, 3.00000, 0.32000, -1.90704, 2.40574, -1.30510
21200, 1696080, 2.84000, 0.00000, 2.84000, 0.00000, -1.93450, 0.16487, 0.30068
21300, 1704080, 2.76000, 0.65970, 2.76000, 0.65970, -1.96087, 1.57331, -0.94343
21400, 1712080, 3.40000, 0.75613, 3.40000, 0.75613, -1.90289, 0.02492, 0.26995
21500, 1720080, 3.40000, 0.75613, 3.40000, 0.75613, -1.90040, 2.17105, -1.24537
21600, 1728080, 3.32000, 0.61275, 3.32000, 0.61275, -1.94241, 1.55743, -0.77861
21700, 1736080, 3.24000, 0.48000, 3.24000, 0.48000, -1.91751, 0.03045, 0.29829
21800, 1744080, 3.40000, 0.75613, 3.40000, 0.75613, -1.97423, 2.04464, -1.19583
21900, 1752080, 3.24000, 1.46351, 3.24000, 1.46351, -1.94345, 0.08109, 0.47959
22000, 1760080, 3.48000, 1.07728, 3.48000, 1.07728, -1.92216, 3.30888, -2.13209
22100, 1768080, 3.00000, 0.32000, 3.00000, 0.32000, -1.84723, 2.52245, -1.24768
22200, 1776080, 3.32000, 1.39485, 3.32000, 1.39485, -1.94218, 0.02235, 0.25560
22300, 1784080, 3.08000, 0.30638, 3.08000, 0.30638, -2.00499, 0.02999, 0.30799
22400, 1792080, 3.80000, 1.52350, 3.80000, 1.52350, -1.98805, 0.02658, 0.27377
22500, 1800080, 2.84000, 0.00000, 2.84000, 0.00000, -1.94740, 2.13693, -1.04801
22600, 1808080, 3.24000, 0.80000, 3.24000, 0.80000, -1.96819, 0.45989, 0.07252
22700, 1816080, 3.24000, 0.70955, 3.24000, 0.70955, -1.99207, 1.33345, -0.54257
22800, 1824080, 3.40000, 1.12000, 3.40000, 1.12000, -1.98649, 2.26523, -1.07006
22900, 1832080, 3.72000, 1.23591, 3.72000, 1.23591, -1.95851, 0.02593, 0.28129
23000, 1840080, 2.64000, 0.40000, 2.64000, 0.40000, -1.97778, 0.02614, 0.29403
23100, 1848080, 3.56000, 1.05729, 3.56000, 1.05729, -1.97348, 0.03064, 0.29305
23200, 1856080, 3.24000, 0.60575, 3.24000, 0.60575, -1.96492, 0.04003, 0.34869
23300, 1864080, 4.20000, 1.89089, 4.20000, 1.89089, -2.00848, 0.03348, 0.32984
23400, 1872080, 2.59000, 0.50000, 2.59000, 0.50000, -2.01138, 0.03648, 0.33629
23500, 1880080, 3.08000, 0.30638, 3.08000, 0.30638, -2.01597, 0.05818, 0.44250
23600, 1888080, 2.68000, 0.76175, 2.68000, 0.76175, -1.99033, 0.03383, 0.19704
23700, 1896080, 3.24000, 0.30638, 3.24000, 0.30638, -1.95573, 0.79441, -0.47241
23800, 1904080, 2.84000, 0.00000, 2.84000, 0.00000, -1.97543, 0.92002, 0.10259
23900, 1912080, 4.44000, 2.57330, 4.44000, 2.57330, -2.00857, 0.75356, -0.29722
24000, 1920080, 3.56000, 1.05729, 3.56000, 1.05729, -1.96642, 3.13128, -1.81443
24100, 1928080, 3.48000, 1.07728, 3.48000, 1.07728, -2.03064, 2.02944, -1.16230
24200, 1936080, 3.48000, 0.52256, 3.48000, 0.52256, -1.95449, 1.76774, -1.19766
24300, 1944080, 3.00000, 0.32000, 3.00000, 0.32000, -1.97260, 1.25362, -0.75993
24400, 1952080, 3.56000, 0.65970, 3.56000, 0.65970, -1.82222, 0.02272, 0.12096
24500, 1960080, 3.00000, 0.32000, 3.00000, 0.32000, -1.93760, 0.03388, 0.30753
24600, 1968080, 3.32000, 0.32000, 3.32000, 0.32000, -1.88659, 2.06042, -1.13321
24700, 1976080, 3.08000, 1.20797, 3.08000, 1.20797, -1.83611, 0.05434, 0.37274
24800, 1984080, 3.40000, 0.75613, 3.40000, 0.75613, -1.66123, 0.46044, 0.00440
24900, 1992080, 3.08000, 1.46351, 3.08000, 1.46351, -1.87526, 0.04096, 0.30496
25000, 2000080, 3.88000, 1.26322, 3.88000, 1.26322, -1.89533, 0.76394, -0.06597
25100, 2008080, 3.77000, 0.90237, 3.77000, 0.90237, -1.95241, 1.56554, -0.86855
25200, 2016080, 2.72000, 0.73176, 2.72000, 0.73176, -1.93494, 3.03912, -1.53617
25300, 2024080, 3.24000, 0.48000, 3.24000, 0.48000, -1.88279, 0.59203, -0.13455
25400, 2032080, 3.16000, 0.58424, 3.16000, 0.58424, -1.98513, 0.61964, -0.09184
25500, 2040080, 3.08000, 0.30638, 3.08000, 0.30638, -2.01641, 0.03196, 0.32675
25600, 2048080, 3.46000, 0.70465, 3.46000, 0.70465, -2.04354, 0.03192, 0.32266
25700, 2056080, 3.00000, 0.32000, 3.00000, 0.32000, -2.04554, 0.68153, -0.12269
25800, 2064080, 3.56000, 1.05729, 3.56000, 1.05729, -1.97684, 1.58828, -0.82263
25900, 2072080, 3.00000, 0.32000, 3.00000, 0.32000, -1.99733, 0.04081, 0.31978
26000, 2080080, 2.84000, 0.00000, 2.84000, 0.00000, -1.99707, 0.05454, 0.38798
26100, 2088080, 3.24000, 0.30638, 3.24000, 0.30638, -1.99175, 2.52801, -1.47451
26200, 2096080, 3.72000, 1.02450, 3.72000, 1.02450, -2.00450, 0.03184, 0.31516
26300, 2104080, 2.92000, 0.40266, 2.92000, 0.40266, -2.05452, 1.03617, -0.42266
26400, 2112080, 3.96000, 0.99492, 3.96000, 0.99492, -2.02707, 0.05766, 0.40014
26500, 2120080, 3.02000, 0.53217, 3.02000, 0.53217, -2.02847, 1.31881, -0.56395
26600, 2128080, 3.40000, 0.75613, 3.40000, 0.75613, -1.95539, 4.26867, -2.21316
26700, 2136080, 3.32000, 1.23935, 3.32000, 1.23935, -2.02777, 0.01527, 0.21681
26800, 2144080, 3.32000, 0.32000, 3.32000, 0.32000, -1.98469, 3.76552, -1.89111
26900, 2152080, 3.32000, 0.55426, 3.32000, 0.55426, -1.96114, 1.65731, -0.65922
27000, 2160080, 4.57000, 1.77910, 4.57000, 1.77910, -1.90778, 0.03763, 0.32593
27100, 2168080, 3.72000, 0.95554, 3.72000, 0.95554, -1.87923, 0.35643, -0.03373
27200, 2176080, 3.10000, 0.31581, 3.10000, 0.31581, -1.95168, 0.02625, 0.24376
27300, 2184080, 4.20000, 0.84159, 4.20000, 0.84159, -1.97560, 0.01894, 0.24588
27400, 2192080, 3.40000, 0.40266, 3.40000, 0.40266, -1.87275, 2.37110, -1.31631
27500, 2200080, 3.48000, 0.69128, 3.48000, 0.69128, -1.96071, 0.03898, 0.31023
27600, 2208080, 2.92000, 0.16000, 2.92000, 0.16000, -1.99076, 0.45053, -0.01884
27700, 2216080, 3.00000, 0.32000, 3.00000, 0.32000, -1.98085, 0.00952, 0.13461
27800, 2224080, 3.88000, 1.02450, 3.88000, 1.02450, -1.90577, 0.93093, -0.27409
27900, 2232080, 2.31000, 1.33442, 2.31000, 1.33442, -1.91066, 2.03091, -1.04333
28000, 2240080, 3.38000, 0.39933, 3.38000, 0.39933, -1.96024, 0.01396, 0.16319
28100, 2248080, 2.20000, 0.73901, 2.20000, 0.73901, -2.03068, 2.41866, -1.25350
28200, 2256080, 2.76000, 0.84159, 2.76000, 0.84159, -2.04244, 1.69867, -1.04531
28300, 2264080, 3.88000, 0.88121, 3.88000, 0.88121, -2.02771, 1.73614, -1.00598
28400, 2272080, 3.24000, 0.80000, 3.24000, 0.80000, -2.01296, 1.40273, -0.60300
28500, 2280080, 2.84000, 0.90510, 2.84000, 0.90510, -2.02685, 0.20756, 0.23292
28600, 2288080, 3.24000, 0.30638, 3.24000, 0.30638, -2.02351, 1.64744, -0.71893
28700, 2296080, 2.60000, 1.20797, 2.60000, 1.20797, -2.00858, 0.04242, 0.34758
28800, 2304080, 3.16000, 0.36950, 3.16000, 0.36950, -2.01290, 1.67583, -0.89774
28900, 2312080, 3.24000, 0.30638, 3.24000, 0.30638, -2.00973, 0.03841, 0.34349
29000, 2320080, 3.08000, 0.30638, 3.08000, 0.30638, -1.93916, 4.40085, -2.55635
29100, 2328080, 3.28000, 1.22115, 3.28000, 1.22115, -1.87417, 0.48680, 0.23730
29200, 2336080, 3.24000, 0.30638, 3.24000, 0.30638, -1.95043, 1.85875, -0.85967
29300, 2344080, 3.04000, 0.51225, 3.04000, 0.51225, -1.98354, 0.02451, 0.27335
29400, 2352080, 4.20000, 2.72000, 4.20000, 2.72000, -2.01820, 1.53267, -0.73275
29500, 2360080, 3.08000, 0.30638, 3.08000, 0.30638, -2.02470, 0.04369, 0.35603
29600, 2368080, 2.92000, 0.16000, 2.92000, 0.16000, -2.04277, 0.03443, 0.34077
29700, 2376080, 3.40000, 0.40266, 3.40000, 0.40266, -2.03554, 0.03552, 0.33558
29800, 2384080, 4.04000, 1.96177, 4.04000, 1.96177, -2.01941, 2.47299, -1.31770
29900, 2392080, 3.16000, 0.36950, 3.16000, 0.36950, -2.03120, 0.03217, 0.30459
30000, 2400080, 2.80000, 0.60839, 2.80000, 0.60839, -2.03737, 0.03915, 0.35952
30100, 2408080, 3.80000, 1.52350, 3.80000, 1.52350, -2.03827, 0.04723, 0.39274
30200, 2416080, 3.48000, 0.78384, 3.48000, 0.78384, -2.01474, 0.01549, 0.12624
30300, 2424080, 3.32000, 0.32000, 3.32000, 0.32000, -2.06926, 0.02617, 0.28328
30400, 2432080, 3.08000, 0.30638, 3.08000, 0.30638, -2.01510, 0.03019, 0.24606
30500, 2440080, 3.40000, 0.75613, 3.40000, 0.75613, -2.01919, 1.56816, -0.95128
30600, 2448080, 3.56000, 1.05729, 3.56000, 1.05729, -2.00050, 0.03056, 0.30624
30700, 2456080, 3.56000, 1.57582, 3.56000, 1.57582, -1.90682, 2.91599, -1.29979
30800, 2464080, 3.72000, 1.36704, 3.72000, 1.36704, -1.90480, 0.02012, 0.23847
30900, 2472080, 4.20000, 0.95554, 4.20000, 0.95554, -1.87939, 3.62003, -1.45730
31000, 2480080, 3.80000, 1.92000, 3.80000, 1.92000, -1.91943, 2.57107, -1.29266
31100, 2488080, 3.08000, 0.48000, 3.08000, 0.48000, -1.91748, 0.02952, 0.28845
31200, 2496080, 3.71000, 1.24552, 3.71000, 1.24552, -1.94132, 0.06571, 0.42292
31300, 2504080, 4.12000, 1.54575, 4.12000, 1.54575, -2.00575, 0.06062, 0.44261
31400, 2512080, 2.83000, 0.27785, 2.83000, 0.27785, -2.02698, 0.04663, 0.35471
31500, 2520080, 3.32000, 1.34501, 3.32000, 1.34501, -1.88595, 1.85336, -1.05668
31600, 2528080, 3.00000, 0.32000, 3.00000, 0.32000, -1.84763, 1.91442, -0.68834
31700, 2536080, 3.32000, 0.96000, 3.32000, 0.96000, -1.76851, 1.82083, -1.14035
31800, 2544080, 3.24000, 0.48000, 3.24000, 0.48000, -1.85427, 1.83788, -1.01727
31900, 2552080, 3.56000, 0.84159, 3.56000, 0.84159, -1.84546, 0.56750, -0.13641
32000, 2560080, 3.40000, 0.75613, 3.40000, 0.75613, -1.89111, 0.02666, 0.26156
32100, 2568080, 2.76000, 0.65970, 2.76000, 0.65970, -1.94124, 1.99847, -0.92758
32200, 2576080, 3.40000, 0.75613, 3.40000, 0.75613, -1.97593, 0.03971, 0.32342
32300, 2584080, 2.92000, 0.16000, 2.92000, 0.16000, -1.89809, 0.02876, 0.28004
32400, 2592080, 3.16000, 1.07728, 3.16000, 1.07728, -1.80153, 2.19647, -1.18668
32500, 2600080, 2.60000, 0.48000, 2.60000, 0.48000, -1.95989, 0.02911, 0.26751
32600, 2608080, 3.40000, 0.99062, 3.40000, 0.99062, -1.96570, 2.33422, -1.44851
32700, 2616080, 2.92000, 0.40266, 2.92000, 0.40266, -1.93463, 2.54809, -1.25991
32800, 2624080, 2.89000, 0.44467, 2.89000, 0.44467, -1.87561, 1.59156, -0.77065
32900, 2632080, 2.65000, 0.98163, 2.65000, 0.98163, -1.89731, 0.02927, 0.29974
33000, 2640080, 3.80000, 0.90510, 3.80000, 0.90510, -1.98244, 4.85375, -2.66978
33100, 2648080, 3.40000, 0.75613, 3.40000, 0.75613, -1.92619, 0.02169, 0.24208
33200, 2656080, 3.72000, 0.48000, 3.72000, 0.48000, -1.90922, 1.99560, -0.92444
33300, 2664080, 3.48000, 0.78384, 3.48000, 0.78384, -1.99833, 0.03147, 0.29412
33400, 2672080, 2.44000, 0.60575, 2.44000, 0.60575, -1.99759, 0.02843, 0.29740
33500, 2680080, 2.02000, 0.60707, 2.02000, 0.60707, -1.96693, 2.91961, -1.59556
33600, 2688080, 3.48000, 0.69128, 3.48000, 0.69128, -1.98418, 2.23668, -1.24107
33700, 2696080, 3.72000, 0.95554, 3.72000, 0.95554, -1.83611, 0.02244, 0.22900
33800, 2704080, 2.62000, 0.27227, 2.62000, 0.27227, -1.89863, 0.02592, 0.27535
33900, 2712080, 3.66000, 0.67370, 3.66000, 0.67370, -1.82512, 2.16250, -1.09104
34000, 2720080, 2.84000, 0.52256, 2.84000, 0.52256, -1.80333, 0.04274, 0.32494
34100, 2728080, 3.40000, 0.75613, 3.40000, 0.75613, -1.86206, 0.87287, -0.30811
34200, 2736080, 3.72000, 1.36704, 3.72000, 1.36704, -1.91734, 1.07790, -0.27858
34300, 2744080, 3.40000, 0.40266, 3.40000, 0.40266, -1.96591, 0.01670, 0.19423
34400, 2752080, 4.15000, 2.14348, 4.15000, 2.14348, -1.93040, 2.65374, -1.25373
34500, 2760080, 3.57000, 0.18000, 3.57000, 0.18000, -1.95598, 0.84245, -0.23493
34600, 2768080, 3.56000, 1.53188, 3.56000, 1.53188, -1.98784, 2.80650, -1.48439
34700, 2776080, 3.16000, 0.36950, 3.16000, 0.36950, -1.97038, 0.18658, 0.13315
34800, 2784080, 3.48000, 1.01193, 3.48000, 1.01193, -1.97819, 2.49505, -1.34507
34900, 2792080, 3.56000, 0.65970, 3.56000, 0.65970, -1.96183, 0.01802, 0.21196
35000, 2800080, 2.77000, 0.14000, 2.77000, 0.14000, -1.94848, 1.38291, -0.56240
35100, 2808080, 2.84000, 0.00000, 2.84000, 0.00000, -1.94001, 0.07267, 0.33447
35200, 2816080, 2.60000, 0.48000, 2.60000, 0.48000, -1.75467, 4.29555, -2.09561
35300, 2824080, 2.92000, 0.40266, 2.92000, 0.40266, -1.90150, 0.01686, 0.21569
35400, 2832080, 2.84000, 0.00000, 2.84000, 0.00000, -1.94953, 0.01661, 0.21937
35500, 2840080, 3.32000, 0.32000, 3.32000, 0.32000, -1.80122, 1.10458, -0.41829
35600, 2848080, 2.55000, 0.81281, 2.55000, 0.81281, -1.84088, 0.01976, 0.23526
35700, 2856080, 3.00000, 0.32000, 3.00000, 0.32000, -1.96844, 1.03111, -0.38934
35800, 2864080, 3.40000, 0.16000, 3.40000, 0.16000, -1.99677, 2.18214, -1.11058
35900, 2872080, 3.08000, 0.48000, 3.08000, 0.48000, -1.96167, 1.96925, -1.10754
36000, 2880080, 3.08000, 0.30638, 3.08000, 0.30638, -1.92605, 0.02454, 0.26438
36100, 2888080, 3.48000, 1.13889, 3.48000, 1.13889, -1.92520, 0.87455, -0.04908
36200, 2896080, 3.64000, 0.80531, 3.64000, 0.80531, -1.90373, 0.02505, 0.26173
36300, 2904080, 3.40000, 1.74050, 3.40000, 1.74050, -1.96833, 0.02231, 0.24972
36400, 2912080, 3.48000, 0.69128, 3.48000, 0.69128, -2.02163, 3.29525, -1.87105
36500, 2920080, 4.60000, 2.48558, 4.60000, 2.48558, -1.91080, 0.01715, 0.21191
36600, 2928080, 3.15000, 1.12018, 3.15000, 1.12018, -2.01700, 0.02888, 0.30213
36700, 2936080, 3.67000, 0.76690, 3.67000, 0.76690, -1.94180, 0.02818, 0.28415
36800, 2944080, 3.48000, 0.69128, 3.48000, 0.69128, -1.95261, 0.01989, 0.22766
36900, 2952080, 5.32000, 3.07350, 5.32000, 3.07350, -1.89086, 1.37407, -0.38114
37000, 2960080, 3.44000, 1.09593, 3.44000, 1.09593, -1.86415, 2.55482, -1.42911
37100, 2968080, 3.41000, 0.75780, 3.41000, 0.75780, -1.78752, 0.02705, 0.24133
37200, 2976080, 3.40000, 0.75613, 3.40000, 0.75613, -1.80400, 2.40357, -1.18505
37300, 2984080, 3.56000, 0.65970, 3.56000, 0.65970, -1.75629, 0.01369, 0.18270
37400, 2992080, 2.76000, 0.84159, 2.76000, 0.84159, -1.78908, 3.80564, -1.99996
37500, 3000080, 4.12000, 1.73313, 4.12000, 1.73313, -1.83480, 0.46505, -0.03740
37600, 3008080, 2.92000, 0.84159, 2.92000, 0.84159, -1.85970, 1.07475, -0.59683
37700, 3016080, 3.49000, 1.07350, 3.49000, 1.07350, -1.86823, 0.17245, 0.16106
37800, 3024080, 3.40000, 0.75613, 3.40000, 0.75613, -1.97982, 0.02733, 0.28981
37900, 3032080, 3.14000, 2.36632, 3.14000, 2.36632, -1.98114, 1.82467, -0.94112
38000, 3040080, 2.92000, 0.16000, 2.92000, 0.16000, -1.93591, 0.03638, 0.30294
38100, 3048080, 3.64000, 0.92376, 3.64000, 0.92376, -1.96364, 0.06681, 0.37031
38200, 3056080, 3.96000, 0.96000, 3.96000, 0.96000, -1.91113, 0.01980, 0.20454
38300, 3064080, 3.16000, 0.64000, 3.16000, 0.64000, -1.95077, 0.16819, 0.09778
38400, 3072080, 3.80000, 1.25305, 3.80000, 1.25305, -1.98786, 2.38582, -1.16081
38500, 3080080, 2.92000, 0.16000, 2.92000, 0.16000, -2.00382, 2.44526, -1.26042
38600, 3088080, 3.72000, 0.70955, 3.72000, 0.70955, -1.98378, 0.01539, 0.16152
38700, 3096080, 4.07000, 2.53685, 4.07000, 2.53685, -1.98868, 0.02416, 0.25937
38800, 3104080, 3.80000, 2.13866, 3.80000, 2.13866, -2.01768, 2.39911, -1.30281
38900, 3112080, 4.68000, 2.40000, 4.68000, 2.40000, -1.98087, 3.68370, -1.83066
39000, 3120080, 3.24000, 0.30638, 3.24000, 0.30638, -1.86112, 0.01572, 0.02392
39100, 3128080, 3.57000, 1.16773, 3.57000, 1.16773, -1.89372, 0.48647, 0.03799
39200, 3136080, 3.32000, 0.84664, 3.32000, 0.84664, -2.00384, 0.01848, 0.23677
39300, 3144080, 3.08000, 1.46351, 3.08000, 1.46351, -1.99713, 0.49600, -0.05398
39400, 3152080, 3.71000, 0.96795, 3.71000, 0.96795, -1.95918, 0.02120, 0.23273
39500, 3160080, 3.00000, 0.32000, 3.00000, 0.32000, -1.94372, 6.97513, -4.18098
39600, 3168080, 3.26000, 1.08787, 3.26000, 1.08787, -1.95171, 1.45503, -0.73396
39700, 3176080, 3.00000, 0.32000, 3.00000, 0.32000, -1.92808, 0.04354, 0.23113
39800, 3184080, 3.72000, 0.48000, 3.72000, 0.48000, -1.90391, 0.05217, 0.32877
39900, 3192080, 3.32000, 0.76175, 3.32000, 0.76175, -1.83090, 0.01441, 0.09389
40000, 3200080, 4.04000, 1.53188, 4.04000, 1.53188, -1.89037, 2.84489, -1.53911
40100, 3208080, 2.65000, 0.79958, 2.65000, 0.79958, -2.00572, 0.00662, 0.13122
40200, 3216080, 2.99000, 0.32721, 2.99000, 0.32721, -2.01869, 0.01052, 0.18546
40300, 3224080, 3.16000, 0.64000, 3.16000, 0.64000, -2.02539, 4.31318, -2.47989
40400, 3232080, 4.76000, 2.27777, 4.76000, 2.27777, -1.99916, 0.00949, 0.12534
40500, 3240080, 3.56000, 0.65970, 3.56000, 0.65970, -1.96971, 0.01538, 0.18844
40600, 3248080, 3.16000, 0.36950, 3.16000, 0.36950, -1.99675, 2.52128, -1.23141
40700, 3256080, 4.68000, 1.99626, 4.68000, 1.99626, -2.02575, 1.73140, -1.00940
40800, 3264080, 3.08000, 0.30638, 3.08000, 0.30638, -1.83087, 0.02288, 0.19050
40900, 3272080, 3.00000, 1.06132, 3.00000, 1.06132, -1.92584, 0.58731, -0.06478
41000, 3280080, 4.04000, 1.77929, 4.04000, 1.77929, -1.95321, 1.35833, -0.35583
41100, 3288080, 3.72000, 1.08910, 3.72000, 1.08910, -1.96873, 0.03230, 0.30806
41200, 3296080, 3.24000, 0.40266, 3.24000, 0.40266, -1.93871, 0.01209, 0.13379
41300, 3304080, 3.08000, 0.48000, 3.08000, 0.48000, -1.85385, 0.93128, -0.41953
41400, 3312080, 3.37000, 1.14140, 3.37000, 1.14140, -1.93885, 0.02077, 0.25066
41500, 3320080, 3.22000, 0.44959, 3.22000, 0.44959, -1.90724, 0.77346, -0.15827
41600, 3328080, 3.16000, 0.36950, 3.16000, 0.36950, -1.92622, 1.76771, -0.87455
41700, 3336080, 4.04000, 0.40266, 4.04000, 0.40266, -1.84135, 0.01842, 0.21386
41800, 3344080, 3.56000, 1.05729, 3.56000, 1.05729, -1.94740, 1.96868, -0.80460
41900, 3352080, 4.36000, 1.68063, 4.36000, 1.68063, -1.90507, 2.17654, -1.18077
42000, 3360080, 2.84000, 0.90510, 2.84000, 0.90510, -1.94212, 1.74518, -0.82286
42100, 3368080, 3.08000, 1.20797, 3.08000, 1.20797, -1.99926, 2.05074, -1.03352
42200, 3376080, 2.60000, 0.70955, 2.60000, 0.70955, -1.92576, 1.23614, -0.37272
42300, 3384080, 3.00000, 0.32000, 3.00000, 0.32000, -1.96507, 2.29013, -0.97899
42400, 3392080, 3.40000, 1.15007, 3.40000, 1.15007, -1.97684, 4.04542, -2.25012
42500, 3400080, 3.31000, 1.10677, 3.31000, 1.10677, -1.90159, 0.01100, 0.15524
42600, 3408080, 2.60000, 0.30638, 2.60000, 0.30638, -1.90626, 0.01746, 0.21191
42700, 3416080, 3.88000, 0.95554, 3.88000, 0.95554, -1.97826, 0.02128, 0.25670
42800, 3424080, 3.13000, 0.33843, 3.13000, 0.33843, -2.00946, 0.01597, 0.21885
42900, 3432080, 4.14000, 1.28727, 4.14000, 1.28727, -2.02559, 0.01886, 0.23657
43000, 3440080, 3.01000, 0.59543, 3.01000, 0.59543, -2.00243, 0.02535, 0.29275
43100, 3448080, 3.64000, 1.62119, 3.64000, 1.62119, -1.98221, 1.06864, -0.45168
43200, 3456080, 3.00000, 1.18299, 3.00000, 1.18299, -2.00541, 0.04577, 0.32923
43300, 3464080, 3.40000, 0.70955, 3.40000, 0.70955, -1.98239, 0.02061, 0.08750
43400, 3472080, 3.00000, 0.32000, 3.00000, 0.32000, -1.93794, 1.41365, -0.85925
43500, 3480080, 3.08000, 0.48000, 3.08000, 0.48000, -1.82496, 1.67545, -0.56527
43600, 3488080, 3.91000, 1.31184, 3.91000, 1.31184, -1.88036, 5.72605, -2.65897
43700, 3496080, 3.16000, 0.45255, 3.16000, 0.45255, -1.93841, 0.02322, 0.23248
43800, 3504080, 3.08000, 1.46351, 3.08000, 1.46351, -1.92079, 2.05821, -1.01153
43900, 3512080, 3.32000, 0.61275, 3.32000, 0.61275, -1.90645, 0.89239, -0.22598
44000, 3520080, 2.69000, 0.78681, 2.69000, 0.78681, -1.87949, 5.93313, -3.06657
44100, 3528080, 2.84000, 0.00000, 2.84000, 0.00000, -1.86162, 0.01718, 0.20141
44200, 3536080, 2.52000, 0.64000, 2.52000, 0.64000, -1.93361, 0.02059, 0.23160
44300, 3544080, 3.24000, 0.30638, 3.24000, 0.30638, -1.87782, 1.51393, -0.63076
44400, 3552080, 3.00000, 0.32000, 3.00000, 0.32000, -1.86236, 0.02864, 0.26557
44500, 3560080, 3.24000, 0.80000, 3.24000, 0.80000, -1.88206, 3.64877, -2.17678
44600, 3568080, 3.72000, 0.54650, 3.72000, 0.54650, -1.91198, 0.04046, 0.33078
44700, 3576080, 2.84000, 0.00000, 2.84000, 0.00000, -1.97191, 1.51852, -0.86955
44800, 3584080, 3.00000, 0.32000, 3.00000, 0.32000, -1.98880, 0.13912, 0.23235
44900, 3592080, 3.76000, 0.74333, 3.76000, 0.74333, -1.84053, 2.07321, -1.06953
45000, 3600080, 3.40000, 0.75613, 3.40000, 0.75613, -1.77684, 0.01597, 0.12036
45100, 3608080, 3.48000, 1.13889, 3.48000, 1.13889, -1.73729, 2.88470, -1.48384
45200, 3616080, 3.64000, 1.21150, 3.64000, 1.21150, -1.84202, 0.03399, 0.30019
45300, 3624080, 3.24000, 0.48000, 3.24000, 0.48000, -1.84623, 2.83822, -1.36574
45400, 3632080, 2.84000, 0.00000, 2.84000, 0.00000, -1.93481, 0.03201, 0.29576
45500, 3640080, 2.92000, 0.40266, 2.92000, 0.40266, -1.97407, 0.02237, 0.25880
45600, 3648080, 2.06000, 0.92923, 2.06000, 0.92923, -1.99328, 2.13758, -1.17114
45700, 3656080, 2.52000, 0.64000, 2.52000, 0.64000, -1.83558, 0.05791, 0.35441
45800, 3664080, 3.64000, 0.99492, 3.64000, 0.99492, -1.80127, 0.02917, 0.27676
45900, 3672080, 2.84000, 0.00000, 2.84000, 0.00000, -1.80908, 0.04423, 0.33406
46000, 3680080, 4.44000, 0.94205, 4.44000, 0.94205, -1.81016, 2.02786, -1.30765
46100, 3688080, 3.24000, 0.80000, 3.24000, 0.80000, -1.90994, 0.01465, 0.07606
46200, 3696080, 3.16000, 0.36950, 3.16000, 0.36950, -1.90536, 0.04539, 0.32429
46300, 3704080, 3.24000, 0.30638, 3.24000, 0.30638, -1.73610, 2.20685, -1.02091
46400, 3712080, 3.00000, 0.32000, 3.00000, 0.32000, -1.85299, 0.33536, 0.05091
46500, 3720080, 4.04000, 0.84159, 4.04000, 0.84159, -1.89299, 1.69413, -0.74500
46600, 3728080, 4.60000, 1.51226, 4.60000, 1.51226, -1.92600, 0.03727, 0.32726
46700, 3736080, 3.18000, 1.30046, 3.18000, 1.30046, -1.84673, 0.02529, 0.25019
46800, 3744080, 3.45000, 0.47483, 3.45000, 0.47483, -1.96553, 0.02664, 0.27697
46900, 3752080, 4.12000, 1.58930, 4.12000, 1.58930, -1.91191, 2.80807, -1.73380
47000, 3760080, 3.73000, 1.38655, 3.73000, 1.38655, -1.85443, 0.02911, 0.27833
47100, 3768080, 3.16000, 0.36950, 3.16000, 0.36950, -1.94839, 0.03150, 0.30929
47200, 3776080, 3.16000, 0.26128, 3.16000, 0.26128, -1.90889, 0.30408, 0.16397
47300, 3784080, 3.72000, 0.80000, 3.72000, 0.80000, -2.04156, 1.11474, -0.40012
47400, 3792080, 3.96000, 1.91109, 3.96000, 1.91109, -2.01919, 0.03178, 0.33452
47500, 3800080, 3.24000, 0.80000, 3.24000, 0.80000, -2.03846, 0.03158, 0.31692
47600, 3808080, 2.92000, 0.40266, 2.92000, 0.40266, -2.02260, 0.93856, -0.28717
47700, 3816080, 3.40000, 0.75613, 3.40000, 0.75613, -2.02307, 0.91655, -0.29260
47800, 3824080, 3.40000, 0.75613, 3.40000, 0.75613, -1.99829, 0.02975, 0.30784
47900, 3832080, 2.76000, 0.16000, 2.76000, 0.16000, -2.03134, 0.62368, -0.07057
48000, 3840080, 3.08000, 0.30638, 3.08000, 0.30638, -2.03927, 0.04349, 0.36454
48100, 3848080, 3.16000, 0.45255, 3.16000, 0.45255, -2.02522, 0.04944, 0.38415
48200, 3856080, 3.16000, 0.36950, 3.16000, 0.36950, -2.00786, 0.04088, 0.33307
48300, 3864080, 3.24000, 1.46351, 3.24000, 1.46351, -1.99827, 0.03381, 0.29241
48400, 3872080, 3.56000, 2.03017, 3.56000, 2.03017, -1.96857, 1.36386, -0.41214
48500, 3880080, 3.64000, 0.80531, 3.64000, 0.80531, -1.82158, 5.14034, -2.63523
48600, 3888080, 3.32000, 0.84664, 3.32000, 0.84664, -1.72753, 0.01243, 0.11544
48700, 3896080, 3.48000, 0.69128, 3.48000, 0.69128, -1.82746, 2.39233, -1.30991
48800, 3904080, 3.16000, 0.36950, 3.16000, 0.36950, -1.97683, 0.01357, 0.16167
48900, 3912080, 2.26000, 0.67685, 2.26000, 0.67685, -1.82837, 4.56110, -2.15735
49000, 3920080, 3.00000, 0.32000, 3.00000, 0.32000, -1.94574, 0.02190, 0.25252
49100, 3928080, 3.56000, 1.05729, 3.56000, 1.05729, -1.98373, 1.22035, -0.53583
49200, 3936080, 3.48000, 1.58930, 3.48000, 1.58930, -1.90767, 0.02975, 0.18005
49300, 3944080, 3.70000, 1.26217, 3.70000, 1.26217, -2.04304, 1.17917, -0.48938
49400, 3952080, 3.08000, 0.30638, 3.08000, 0.30638, -1.98293, 0.02883, 0.27073
49500, 3960080, 2.86000, 0.86749, 2.86000, 0.86749, -1.86127, 0.98249, -0.26541
49600, 3968080, 4.28000, 1.74295, 4.28000, 1.74295, -1.85851, 2.39667, -1.24661
49700, 3976080, 5.08000, 3.63919, 5.08000, 3.63919, -1.92045, 0.02640, 0.27259
49800, 3984080, 3.27000, 0.45884, 3.27000, 0.45884, -1.99456, 0.03665, 0.34147
49900, 3992080, 4.52000, 1.94429, 4.52000, 1.94429, -1.96650, 0.03101, 0.31271
50000, 4000080, 3.72000, 0.70955, 3.72000, 0.70955, -1.96968, 0.55246, -0.12502
50100, 4008080, 2.89000, 0.10000, 2.89000, 0.10000, -1.99787, 0.02559, 0.27783
50200, 4016080, 2.83000, 0.57538, 2.83000, 0.57538, -1.99055, 0.02293, 0.26887
50300, 4024080, 3.00000, 0.32000, 3.00000, 0.32000, -2.04169, 0.02577, 0.29115
50400, 4032080, 3.40000, 0.40266, 3.40000, 0.40266, -2.02048, 2.40195, -1.11308
50500, 4040080, 3.80000, 1.52350, 3.80000, 1.52350, -2.01728, 0.02350, 0.26749
50600, 4048080, 2.84000, 0.26128, 2.84000, 0.26128, -1.98071, 0.02666, 0.27683
50700, 4056080, 3.80000, 1.13889, 3.80000, 1.13889, -2.00867, 0.02437, 0.27664
50800, 4064080, 3.24000, 0.48000, 3.24000, 0.48000, -2.01206, 0.02272, 0.27122
50900, 4072080, 3.30000, 1.37385, 3.30000, 1.37385, -1.99632, 0.03506, 0.31942
51000, 4080080, 3.52000, 0.27325, 3.52000, 0.27325, -1.97583, 0.83302, -0.26649
51100, 4088080, 3.56000, 0.65970, 3.56000, 0.65970, -1.97615, 0.02777, 0.30572
51200, 4096080, 3.24000, 0.30638, 3.24000, 0.30638, -2.00734, 0.02180, 0.25696
51300, 4104080, 3.48000, 0.90510, 3.48000, 0.90510, -2.00481, 5.03410, -2.68688
51400, 4112080, 2.68000, 0.80531, 2.68000, 0.80531, -1.98585, 0.92884, -0.29956
51500, 4120080, 3.00000, 0.41312, 3.00000, 0.41312, -1.96844, 3.06966, -1.85279
51600, 4128080, 3.11000, 0.35981, 3.11000, 0.35981, -1.77017, 0.02130, 0.23362
51700, 4136080, 2.48000, 0.61795, 2.48000, 0.61795, -1.45985, 0.37805, 0.02827
51800, 4144080, 3.16000, 0.36950, 3.16000, 0.36950, -1.74924, 1.32659, -0.51864
51900, 4152080, 2.85000, 0.92858, 2.85000, 0.92858, -1.56544, 1.83048, -0.86849
52000, 4160080, 2.92000, 0.16000, 2.92000, 0.16000, -1.55117, 5.19389, -2.85504
52100, 4168080, 2.73000, 0.71358, 2.73000, 0.71358, -1.50939, 0.01266, 0.15241
52200, 4176080, 2.70000, 0.28000, 2.70000, 0.28000, -1.44790, 8.04780, -3.27019
52300, 4184080, 3.80000, 1.92000, 3.80000, 1.92000, -1.75351, 0.21728, 0.04474
52400, 4192080, 3.56000, 0.65970, 3.56000, 0.65970, -1.72073, 2.70411, -1.02095
52500, 4200080, 3.21000, 0.96519, 3.21000, 0.96519, -1.75215, 0.02173, 0.23789
52600, 4208080, 3.28000, 1.04000, 3.28000, 1.04000, -1.83987, 0.02054, 0.24079
52700, 4216080, 3.90000, 0.90833, 3.90000, 0.90833, -1.71628, 0.01746, 0.20211
52800, 4224080, 2.85000, 0.88626, 2.85000, 0.88626, -1.77079, 0.03188, 0.30682
52900, 4232080, 3.48000, 0.90510, 3.48000, 0.90510, -1.88585, 1.61809, -0.79653
53000, 4240080, 3.25000, 0.93659, 3.25000, 0.93659, -1.86397, 0.02892, 0.28155
53100, 4248080, 3.40000, 0.40266, 3.40000, 0.40266, -1.82578, 0.02896, 0.27574
53200, 4256080, 3.56000, 1.08910, 3.56000, 1.08910, -1.64957, 2.54384, -0.98136
53300, 4264080, 3.08000, 0.30638, 3.08000, 0.30638, -1.80904, 0.02269, 0.23077
53400, 4272080, 3.08000, 1.36704, 3.08000, 1.36704, -1.92964, 1.98531, -0.97189
53500, 4280080, 2.70000, 0.61406, 2.70000, 0.61406, -1.92640, 1.53619, -0.71063
53600, 4288080, 2.68000, 0.80531, 2.68000, 0.80531, -1.86808, 3.69808, -1.94840
53700, 4296080, 3.80000, 0.78384, 3.80000, 0.78384, -1.79509, 0.02358, 0.25886
53800, 4304080, 4.20000, 1.39178, 4.20000, 1.39178, -1.72420, 4.86440, -2.43075
53900, 4312080, 3.08000, 0.30638, 3.08000, 0.30638, -1.83131, 2.67879, -1.33623
54000, 4320080, 3.16000, 0.36950, 3.16000, 0.36950, -1.76195, 0.01632, 0.20378
54100, 4328080, 3.40000, 0.75613, 3.40000, 0.75613, -1.74367, 3.52770, -1.41117
54200, 4336080, 3.00000, 0.32000, 3.00000, 0.32000, -1.37033, 2.06827, -0.60592
54300, 4344080, 3.43000, 0.53204, 3.43000, 0.53204, -1.77402, 0.44790, 0.07867
54400, 4352080, 3.33000, 0.42880, 3.33000, 0.42880, -1.93684, 0.03388, 0.31955
54500, 4360080, 2.68000, 0.92376, 2.68000, 0.92376, -1.92454, 0.04707, 0.36369
54600, 4368080, 3.00000, 0.32000, 3.00000, 0.32000, -1.97845, 1.68887, -0.95358
54700, 4376080, 3.58000, 0.94516, 3.58000, 0.94516, -1.97450, 1.22865, -0.71619
54800, 4384080, 4.36000, 1.08910, 4.36000, 1.08910, -1.74472, 0.18215, 0.06688
54900, 4392080, 3.32000, 0.41312, 3.32000, 0.41312, -1.66874, 0.02111, 0.13958
55000, 4400080, 4.58000, 2.85199, 4.58000, 2.85199, -1.69509, 5.71069, -2.43625
55100, 4408080, 3.50000, 0.29484, 3.50000, 0.29484, -1.79866, 0.01462, 0.20312
55200, 4416080, 3.48000, 1.13889, 3.48000, 1.13889, -1.82670, 0.01911, 0.22051
55300, 4424080, 3.03000, 0.66081, 3.03000, 0.66081, -1.94138, 0.00856, 0.15767
55400, 4432080, 4.56000, 1.32826, 4.56000, 1.32826, -1.96937, 3.40520, -1.54850
55500, 4440080, 3.24000, 0.80000, 3.24000, 0.80000, -1.98886, 1.06865, -0.31458
55600, 4448080, 3.08000, 0.48000, 3.08000, 0.48000, -1.92169, 0.99165, -0.31468
55700, 4456080, 3.56000, 2.22279, 3.56000, 2.22279, -1.98368, 0.02016, 0.26320
55800, 4464080, 3.32000, 0.32000, 3.32000, 0.32000, -1.98593, 0.01802, 0.22611
55900, 4472080, 2.92000, 0.40266, 2.92000, 0.40266, -2.04086, 0.02677, 0.29883
56000, 4480080, 3.16000, 0.64000, 3.16000, 0.64000, -2.02856, 2.68987, -1.38095
56100, 4488080, 3.02000, 0.53216, 3.02000, 0.53216, -2.00262, 0.01674, 0.23337
56200, 4496080, 3.72000, 1.72077, 3.72000, 1.72077, -2.01024, 0.03150, 0.32952
56300, 4504080, 4.28000, 0.99492, 4.28000, 0.99492, -2.02547, 1.60175, -0.67526
56400, 4512080, 3.00000, 0.32000, 3.00000, 0.32000, -1.99282, 0.03237, 0.32949
56500, 4520080, 3.48000, 1.07728, 3.48000, 1.07728, -2.00833, 2.08908, -1.10695
56600, 4528080, 4.12000, 1.73313, 4.12000, 1.73313, -2.01808, 0.02712, 0.30800
56700, 4536080, 4.31000, 1.38848, 4.31000, 1.38848, -2.05977, 0.03801, 0.35971
56800, 4544080, 2.96000, 0.35478, 2.96000, 0.35478, -2.01371, 2.02999, -1.02646
56900, 4552080, 3.00000, 0.32000, 3.00000, 0.32000, -1.83489, 1.75835, -0.62019
57000, 4560080, 3.33000, 1.33081, 3.33000, 1.33081, -1.77070, 1.23203, -0.37617
57100, 4568080, 3.24000, 0.30638, 3.24000, 0.30638, -1.75834, 0.05163, 0.36299
57200, 4576080, 3.16000, 0.36950, 3.16000, 0.36950, -1.69945, 0.03529, 0.27784
57300, 4584080, 3.00000, 0.32000, 3.00000, 0.32000, -1.50343, 0.03692, 0.22537
57400, 4592080, 2.68000, 0.55426, 2.68000, 0.55426, -1.46866, 0.03572, 0.23536
57500, 4600080, 2.84000, 0.00000, 2.84000, 0.00000, -1.30267, 0.02488, 0.16237
57600, 4608080, 3.00000, 0.32000, 3.00000, 0.32000, -1.37428, 2.12847, -1.11016
57700, 4616080, 3.32000, 0.32000, 3.32000, 0.32000, -1.22855, 0.43868, -0.09634
57800, 4624080, 2.83000, 0.53901, 2.83000, 0.53901, -1.16598, 0.03224, 0.23708
57900, 4632080, 3.24000, 0.30638, 3.24000, 0.30638, -1.38163, 1.44524, -0.52691
58000, 4640080, 3.08000, 0.30638, 3.08000, 0.30638, -1.22399, 0.03138, 0.21466
58100, 4648080, 3.24000, 0.80000, 3.24000, 0.80000, -1.51492, 3.26981, -1.43451
58200, 4656080, 4.12000, 0.90510, 4.12000, 0.90510, -1.50775, 0.03011, 0.24547
58300, 4664080, 3.07000, 0.49571, 3.07000, 0.49571, -1.31123, 2.83618, -0.99805
58400, 4672080, 2.80000, 0.58969, 2.80000, 0.58969, -0.96165, 0.52322, 0.05823
58500, 4680080, 3.15000, 0.47145, 3.15000, 0.47145, -1.27504, 6.70304, -2.37421
58600, 4688080, 3.00000, 0.32000, 3.00000, 0.32000, -1.32259, 1.42765, -0.50951
58700, 4696080, 3.16000, 0.36950, 3.16000, 0.36950, -1.19044, 2.05849, -0.55909
58800, 4704080, 3.24000, 0.30638, 3.24000, 0.30638, -1.36438, 0.03122, 0.21009
58900, 4712080, 3.16000, 0.36950, 3.16000, 0.36950, -1.48497, 0.02510, 0.21635
59000, 4720080, 3.08000, 0.30638, 3.08000, 0.30638, -1.40163, 1.26073, -0.25605
59100, 4728080, 2.52000, 0.64000, 2.52000, 0.64000, -1.37465, 0.67805, -0.05388
59200, 4736080, 3.40000, 0.75613, 3.40000, 0.75613, -1.59800, 1.70932, -0.78083
59300, 4744080, 2.84000, 0.00000, 2.84000, 0.00000, -1.14842, 0.31981, 0.16861
59400, 4752080, 2.84000, 0.00000, 2.84000, 0.00000, -1.30927, 0.02770, 0.21250
59500, 4760080, 3.15000, 0.38140, 3.15000, 0.38140, -1.22852, 0.02886, 0.19370
59600, 4768080, 3.80000, 1.13889, 3.80000, 1.13889, -1.94977, 1.96924, -1.04721
59700, 4776080, 3.48000, 0.52256, 3.48000, 0.52256, -1.69330, 1.75921, -0.60897
59800, 4784080, 3.24000, 0.80000, 3.24000, 0.80000, -1.71532, 0.02785, 0.22521
59900, 4792080, 3.05000, 0.34156, 3.05000, 0.34156, -1.61109, 0.01921, 0.17296
60000, 4800080, 3.96000, 2.24000, 3.96000, 2.24000, -1.77058, 0.02154, 0.20738
60100, 4808080, 3.64000, 0.66613, 3.64000, 0.66613, -1.71300, 0.99641, -0.04801
60200, 4816080, 3.32000, 0.32000, 3.32000, 0.32000, -1.79057, 3.57545, -1.49106
60300, 4824080, 2.84000, 0.90510, 2.84000, 0.90510, -1.92265, 0.01269, 0.17592
60400, 4832080, 3.96000, 1.29326, 3.96000, 1.29326, -1.84292, 4.65689, -2.27529
60500, 4840080, 3.64000, 0.80531, 3.64000, 0.80531, -1.92557, 0.00987, 0.16400
60600, 4848080, 2.76000, 0.16000, 2.76000, 0.16000, -1.83736, 0.01995, 0.23769
60700, 4856080, 3.16000, 0.36950, 3.16000, 0.36950, -1.86668, 3.55257, -1.38857
60800, 4864080, 3.08000, 1.20797, 3.08000, 1.20797, -1.84453, 2.39797, -1.05045
60900, 4872080, 3.24000, 1.46351, 3.24000, 1.46351, -1.89945, 2.68425, -1.28906
61000, 4880080, 2.84000, 0.00000, 2.84000, 0.00000, -1.93772, 0.01109, 0.18380
61100, 4888080, 2.92000, 0.16000, 2.92000, 0.16000, -1.85147, 0.02385, 0.24165
61200, 4896080, 3.71000, 0.48703, 3.71000, 0.48703, -1.62103, 0.02878, 0.25712
61300, 4904080, 3.72000, 0.88121, 3.72000, 0.88121, -1.88052, 2.82453, -1.41921
61400, 4912080, 3.64000, 0.80531, 3.64000, 0.80531, -1.73297, 0.01934, 0.21510
61500, 4920080, 3.48000, 0.69128, 3.48000, 0.69128, -1.80116, 0.02029, 0.19867
61600, 4928080, 3.24000, 1.20797, 3.24000, 1.20797, -1.92099, 0.65191, -0.13563
61700, 4936080, 2.74000, 0.69551, 2.74000, 0.69551, -1.81784, 0.43004, 0.05162
61800, 4944080, 2.99000, 0.40841, 2.99000, 0.40841, -1.69369, 1.39166, -0.40082
61900, 4952080, 2.58000, 0.54699, 2.58000, 0.54699, -1.86659, 0.20170, 0.03953
62000, 4960080, 3.00000, 1.18299, 3.00000, 1.18299, -1.81235, 0.01978, 0.25215
62100, 4968080, 2.73000, 0.22000, 2.73000, 0.22000, -1.79675, 1.17190, -0.34949
62200, 4976080, 3.00000, 0.96000, 3.00000, 0.96000, -1.90178, 0.02110, 0.26246
62300, 4984080, 4.26000, 2.71401, 4.26000, 2.71401, -2.02634, 1.39112, -0.61970
62400, 4992080, 3.48000, 1.86590, 3.48000, 1.86590, -1.76529, 1.46909, -0.42025
62500, 5000080, 3.25000, 0.79356, 3.25000, 0.79356, -1.61986, 2.44045, -0.88447
62600, 5008080, 3.62000, 1.00850, 3.62000, 1.00850, -1.59545, 0.00709, 0.12677
62700, 5016080, 2.79000, 0.60696, 2.79000, 0.60696, -1.86927, 0.40294, -0.06103
62800, 5024080, 3.32000, 0.32000, 3.32000, 0.32000, -1.83717, 0.43564, -0.10936
62900, 5032080, 3.40000, 0.75613, 3.40000, 0.75613, -1.76386, 2.25317, -0.82206
63000, 5040080, 2.84000, 0.26128, 2.84000, 0.26128, -1.63402, 0.60858, -0.00107
63100, 5048080, 3.89000, 1.52573, 3.89000, 1.52573, -1.69387, 0.02060, 0.24367
63200, 5056080, 3.16000, 0.36950, 3.16000, 0.36950, -1.53392, 0.00593, 0.05223
63300, 5064080, 3.00000, 0.32000, 3.00000, 0.32000, -1.42252, 0.01729, 0.17145
63400, 5072080, 2.69000, 0.30000, 2.69000, 0.30000, -1.76800, 0.01145, 0.16233
63500, 5080080, 3.16000, 0.45255, 3.16000, 0.45255, -1.74931, 2.18656, -1.08453
63600, 5088080, 3.88000, 0.65970, 3.88000, 0.65970, -1.78674, 1.85748, -0.75345
63700, 5096080, 3.02000, 0.38297, 3.02000, 0.38297, -1.89182, 0.01428, 0.19770
63800, 5104080, 3.00000, 1.09301, 3.00000, 1.09301, -1.85449, 0.01876, 0.22506
63900, 5112080, 2.92000, 0.16000, 2.92000, 0.16000, -1.91295, 0.00960, 0.15890
64000, 5120080, 3.16000, 0.36950, 3.16000, 0.36950, -2.00687, 0.21551, 0.05495
64100, 5128080, 3.72000, 1.59733, 3.72000, 1.59733, -1.91846, 0.01173, 0.16401
64200, 5136080, 2.68000, 0.80531, 2.68000, 0.80531, -1.95108, 0.02061, 0.25068
64300, 5144080, 2.68000, 0.55426, 2.68000, 0.55426, -1.97876, 0.02472, 0.26281
64400, 5152080, 3.88000, 1.26322, 3.88000, 1.26322, -2.01639, 1.12155, -0.46113
64500, 5160080, 3.96000, 1.41911, 3.96000, 1.41911, -2.01557, 3.82131, -2.49398
64600, 5168080, 2.84000, 0.90510, 2.84000, 0.90510, -1.89771, 1.20880, -0.34254
64700, 5176080, 3.40000, 0.75613, 3.40000, 0.75613, -1.92596, 0.02411, 0.26318
64800, 5184080, 3.24000, 0.80000, 3.24000, 0.80000, -1.92676, 0.03098, 0.28480
64900, 5192080, 3.40000, 1.12000, 3.40000, 1.12000, -1.92640, 0.20983, 0.04208
65000, 5200080, 3.08000, 0.48000, 3.08000, 0.48000, -1.82438, 0.01947, 0.22738
65100, 5208080, 3.00000, 1.06132, 3.00000, 1.06132, -1.83831, 2.04732, -0.97924
65200, 5216080, 3.00000, 0.32000, 3.00000, 0.32000, -1.75545, 2.02188, -0.76977
65300, 5224080, 3.22000, 0.44959, 3.22000, 0.44959, -1.93569, 4.84525, -2.53386
65400, 5232080, 2.42000, 0.89889, 2.42000, 0.89889, -1.81500, 0.00694, 0.11642
65500, 5240080, 3.77000, 1.09465, 3.77000, 1.09465, -1.80499, 4.40782, -1.65200
65600, 5248080, 3.02000, 0.30898, 3.02000, 0.30898, -1.82711, 0.02060, 0.21239
65700, 5256080, 3.32000, 0.41312, 3.32000, 0.41312, -1.87318, 0.93069, -0.41098
65800, 5264080, 3.14000, 0.39395, 3.14000, 0.39395, -1.83016, 0.01253, 0.18263
65900, 5272080, 3.32000, 0.76175, 3.32000, 0.76175, -1.87971, 0.02280, 0.24830
66000, 5280080, 3.40000, 0.75613, 3.40000, 0.75613, -1.93210, 0.02000, 0.24587
66100, 5288080, 3.48000, 0.69128, 3.48000, 0.69128, -1.94931, 0.02999, 0.28756
66200, 5296080, 3.42000, 0.96747, 3.42000, 0.96747, -1.99689, 0.03054, 0.30548
66300, 5304080, 3.16000, 0.86656, 3.16000, 0.86656, -1.99911, 1.18260, -0.42602
66400, 5312080, 4.12000, 0.94205, 4.12000, 0.94205, -2.00917, 2.12676, -1.17516
66500, 5320080, 3.96000, 0.76175, 3.96000, 0.76175, -1.99788, 0.35624, 0.07554
66600, 5328080, 4.36000, 1.68063, 4.36000, 1.68063, -2.02617, 2.09097, -1.18567
66700, 5336080, 4.28000, 0.99492, 4.28000, 0.99492, -1.97731, 0.03555, 0.31398
66800, 5344080, 2.84000, 0.90510, 2.84000, 0.90510, -1.95300, 3.18559, -1.85115
66900, 5352080, 3.00000, 0.32000, 3.00000, 0.32000, -1.95194, 0.02869, 0.27454
67000, 5360080, 4.68000, 2.16049, 4.68000, 2.16049, -1.81679, 0.01510, 0.17755
67100, 5368080, 3.07000, 1.32841, 3.07000, 1.32841, -1.98971, 0.04548, 0.09263
67200, 5376080, 2.73000, 0.71358, 2.73000, 0.71358, -1.96303, 0.01755, 0.23319
67300, 5384080, 3.72000, 0.80000, 3.72000, 0.80000, -1.99124, 1.47306, -0.74916
67400, 5392080, 3.16000, 0.36950, 3.16000, 0.36950, -1.94273, 1.58291, -0.62196
67500, 5400080, 3.55000, 1.08830, 3.55000, 1.08830, -1.91206, 2.27098, -1.14339
67600, 5408080, 2.92000, 0.40266, 2.92000, 0.40266, -1.88926, 0.61242, -0.07364
67700, 5416080, 3.16000, 1.25305, 3.16000, 1.25305, -1.89404, 0.03388, 0.30157
67800, 5424080, 2.84000, 0.00000, 2.84000, 0.00000, -1.93765, 0.03180, 0.29252
67900, 5432080, 3.56000, 0.70955, 3.56000, 0.70955, -1.94622, 2.16118, -1.24175
68000, 5440080, 3.56000, 1.05729, 3.56000, 1.05729, -1.95051, 0.02869, 0.23674
68100, 5448080, 2.52000, 0.64000, 2.52000, 0.64000, -1.94610, 1.50414, -0.54937
68200, 5456080, 3.00000, 0.32000, 3.00000, 0.32000, -1.94422, 0.01810, 0.15210
68300, 5464080, 4.60000, 2.04900, 4.60000, 2.04900, -1.93820, 2.56682, -1.33644
68400, 5472080, 3.80000, 1.10851, 3.80000, 1.10851, -1.89409, 0.03728, 0.28927
68500, 5480080, 3.66000, 0.77940, 3.66000, 0.77940, -1.90931, 2.17069, -1.00199
68600, 5488080, 3.23000, 0.80689, 3.23000, 0.80689, -1.92864, 4.17849, -2.03542
68700, 5496080, 3.27000, 0.91294, 3.27000, 0.91294, -1.93111, 0.01300, 0.18690
68800, 5504080, 2.76000, 0.91913, 2.76000, 0.91913, -1.90568, 0.04463, 0.34573
68900, 5512080, 3.00000, 0.32000, 3.00000, 0.32000, -1.95007, 0.01753, 0.23550
69000, 5520080, 3.48000, 0.78384, 3.48000, 0.78384, -1.94606, 2.89277, -1.28670
69100, 5528080, 3.16000, 1.07728, 3.16000, 1.07728, -1.89778, 1.03424, -0.32260
69200, 5536080, 3.72000, 0.60575, 3.72000, 0.60575, -1.88625, 0.01999, 0.21101
69300, 5544080, 2.92000, 0.40266, 2.92000, 0.40266, -1.91954, 0.01802, 0.17399
69400, 5552080, 3.32000, 0.32000, 3.32000, 0.32000, -1.81089, 0.09894, 0.33562
69500, 5560080, 2.96000, 0.81976, 2.96000, 0.81976, -1.88985, 0.31044, 0.02622
69600, 5568080, 3.48000, 1.13889, 3.48000, 1.13889, -1.89718, 3.29992, -1.71862
69700, 5576080, 3.51000, 0.26808, 3.51000, 0.26808, -1.94355, 0.00377, 0.03262
69800, 5584080, 3.87000, 1.73386, 3.87000, 1.73386, -1.81573, 0.00919, 0.12767
69900, 5592080, 3.56000, 1.05729, 3.56000, 1.05729, -1.96031, 3.65013, -1.88784
70000, 5600080, 3.24000, 0.48000, 3.24000, 0.48000, -1.98721, 5.19061, -2.74588
70100, 5608080, 3.32000, 0.32000, 3.32000, 0.32000, -1.89269, 0.01489, 0.17848
70200, 5616080, 3.88000, 0.80000, 3.88000, 0.80000, -1.81627, 0.88616, -0.36775
70300, 5624080, 2.84000, 1.04511, 2.84000, 1.04511, -1.91564, 2.22343, -1.02597
70400, 5632080, 2.68000, 0.92376, 2.68000, 0.92376, -1.95722, 1.86973, -0.84228
70500, 5640080, 3.72000, 0.95554, 3.72000, 0.95554, -1.97633, 0.02402, 0.27891
70600, 5648080, 2.44000, 0.88121, 2.44000, 0.88121, -1.99670, 2.05268, -0.98886
70700, 5656080, 3.48000, 0.52256, 3.48000, 0.52256, -1.94021, 1.48065, -0.63836
70800, 5664080, 3.24000, 0.80000, 3.24000, 0.80000, -1.98731, 1.52493, -0.68642
70900, 5672080, 3.88000, 0.65970, 3.88000, 0.65970, -1.98888, 0.63812, -0.10634
71000, 5680080, 2.28000, 1.12000, 2.28000, 1.12000, -2.04250, 2.46571, -1.37567
71100, 5688080, 3.00000, 0.32000, 3.00000, 0.32000, -2.00902, 2.14165, -1.37692
71200, 5696080, 3.72000, 1.94429, 3.72000, 1.94429, -1.96378, 2.17730, -1.11480
71300, 5704080, 3.00000, 0.32000, 3.00000, 0.32000, -1.96203, 0.77044, -0.20712
71400, 5712080, 2.92000, 1.17938, 2.92000, 1.17938, -1.96179, 2.29104, -1.01293
71500, 5720080, 4.04000, 0.75613, 4.04000, 0.75613, -1.80348, 2.47456, -1.09516
71600, 5728080, 5.11000, 2.44652, 5.11000, 2.44652, -1.99820, 2.29492, -1.08393
71700, 5736080, 2.68000, 0.80531, 2.68000, 0.80531, -1.93701, 1.89654, -0.91391
71800, 5744080, 2.81000, 0.50951, 2.81000, 0.50951, -1.94683, 1.16344, -0.38389
71900, 5752080, 4.12000, 1.30639, 4.12000, 1.30639, -1.90381, 0.02524, 0.27826
72000, 5760080, 3.32000, 0.76175, 3.32000, 0.76175, -1.93058, 1.99990, -0.93928
72100, 5768080, 2.20000, 0.73901, 2.20000, 0.73901, -1.85031, 2.33707, -1.21898
72200, 5776080, 3.80000, 1.10851, 3.80000, 1.10851, -1.68442, 2.75008, -1.26412
72300, 5784080, 3.48000, 1.88411, 3.48000, 1.88411, -1.63125, 0.00976, 0.15099
72400, 5792080, 3.96000, 0.76175, 3.96000, 0.76175, -1.84247, 2.24006, -0.85156
72500, 5800080, 3.24000, 0.80000, 3.24000, 0.80000, -1.87727, 0.01837, 0.22992
72600, 5808080, 3.56000, 0.65970, 3.56000, 0.65970, -1.99215, 1.32039, -0.50591
72700, 5816080, 3.67000, 1.06902, 3.67000, 1.06902, -1.98392, 1.56345, -0.68624
72800, 5824080, 3.89000, 2.50405, 3.89000, 2.50405, -1.98054, 3.76786, -2.01996
72900, 5832080, 3.64000, 0.32000, 3.64000, 0.32000, -1.94584, 0.01213, 0.18912
73000, 5840080, 3.88000, 0.88121, 3.88000, 0.88121, -1.99682, 0.01218, 0.19610
73100, 5848080, 3.24000, 0.65970, 3.24000, 0.65970, -2.02198, 0.02534, 0.28219
73200, 5856080, 3.32000, 0.18475, 3.32000, 0.18475, -2.02650, 0.03142, 0.31495
73300, 5864080, 2.84000, 1.04511, 2.84000, 1.04511, -1.98353, 0.02815, 0.23246
73400, 5872080, 2.76000, 0.84159, 2.76000, 0.84159, -1.93547, 5.53693, -3.33636
73500, 5880080, 2.52000, 0.64000, 2.52000, 0.64000, -1.95519, 0.03333, 0.31100
73600, 5888080, 3.40000, 0.54650, 3.40000, 0.54650, -1.99032, 0.02038, 0.18396
73700, 5896080, 5.26000, 1.94031, 5.26000, 1.94031, -1.94427, 0.01097, 0.16273
73800, 5904080, 3.56000, 0.84159, 3.56000, 0.84159, -1.77232, 3.97337, -1.58249
73900, 5912080, 3.26000, 0.53616, 3.26000, 0.53616, -1.91528, 0.71954, -0.19537
74000, 5920080, 4.76000, 1.50093, 4.76000, 1.50093, -1.93355, 4.88776, -2.07554
74100, 5928080, 3.24000, 0.70955, 3.24000, 0.70955, -1.95654, 0.00478, 0.11859
74200, 5936080, 3.00000, 0.32000, 3.00000, 0.32000, -1.89949, 2.02593, -0.78427
74300, 5944080, 3.48000, 1.79124, 3.48000, 1.79124, -1.97128, 3.05177, -1.62386
74400, 5952080, 2.84000, 0.00000, 2.84000, 0.00000, -1.90434, 0.01638, 0.19225
74500, 5960080, 3.40000, 0.75613, 3.40000, 0.75613, -1.92176, 0.06004, -0.09067
74600, 5968080, 3.40000, 1.36704, 3.40000, 1.36704, -1.96175, 0.02662, 0.21017
74700, 5976080, 2.89000, 1.10917, 2.89000, 1.10917, -1.96730, 0.02414, 0.27285
74800, 5984080, 2.92000, 0.40266, 2.92000, 0.40266, -1.96747, 2.69741, -1.26638
74900, 5992080, 3.40000, 1.48665, 3.40000, 1.48665, -1.90675, 3.92337, -1.89583
75000, 6000080, 3.01000, 1.07944, 3.01000, 1.07944, -1.96011, 2.46592, -1.30576
75100, 6008080, 3.40000, 0.65970, 3.40000, 0.65970, -1.98945, 0.57620, -0.09203
75200, 6016080, 3.64000, 0.80531, 3.64000, 0.80531, -1.96772, 1.99613, -0.96020
75300, 6024080, 3.75000, 1.48211, 3.75000, 1.48211, -1.98854, 0.02500, 0.25655
75400, 6032080, 2.60000, 0.70955, 2.60000, 0.70955, -2.01264, 0.02850, 0.30855
75500, 6040080, 3.72000, 0.48000, 3.72000, 0.48000, -1.99447, 1.44382, -0.62548
75600, 6048080, 4.44000, 2.57330, 4.44000, 2.57330, -1.98896, 0.45790, 0.05652
75700, 6056080, 4.09000, 1.74886, 4.09000, 1.74886, -1.99175, 0.03576, 0.31955
75800, 6064080, 3.43000, 0.91644, 3.43000, 0.91644, -1.89535, 0.02633, 0.25637
75900, 6072080, 3.00000, 0.32000, 3.00000, 0.32000, -2.02063, 5.97115, -3.75659
76000, 6080080, 3.08000, 0.48000, 3.08000, 0.48000, -2.01637, 2.08657, -1.14195
76100, 6088080, 2.99000, 0.94000, 2.99000, 0.94000, -1.99793, 0.01566, 0.19332
76200, 6096080, 5.00000, 2.56499, 5.00000, 2.56499, -1.88644, 0.22164, -0.03817
76300, 6104080, 2.84000, 0.00000, 2.84000, 0.00000, -1.91385, 1.31775, -0.31265
76400, 6112080, 3.40000, 0.40266, 3.40000, 0.40266, -1.99428, 0.02324, 0.26547
76500, 6120080, 3.00000, 0.32000, 3.00000, 0.32000, -2.00888, 0.02875, 0.29277
76600, 6128080, 2.50000, 1.14705, 2.50000, 1.14705, -2.00432, 2.48615, -1.20421
76700, 6136080, 3.88000, 0.88121, 3.88000, 0.88121, -2.00872, 4.70886, -2.29111
76800, 6144080, 4.28000, 2.84422, 4.28000, 2.84422, -2.00428, 0.02314, 0.27106
76900, 6152080, 2.99000, 0.63024, 2.99000, 0.63024, -2.00263, 1.94834, -0.99101
77000, 6160080, 3.12000, 0.42079, 3.12000, 0.42079, -2.02441, 0.03225, 0.31295
77100, 6168080, 4.76000, 1.35764, 4.76000, 1.35764, -1.99289, 0.18209, 0.21892
77200, 6176080, 3.16000, 1.01193, 3.16000, 1.01193, -1.99307, 0.02984, 0.30569
77300, 6184080, 3.24000, 1.46351, 3.24000, 1.46351, -2.01093, 1.98439, -1.02735
77400, 6192080, 4.12000, 1.25305, 4.12000, 1.25305, -1.94472, 1.66492, -0.65989
77500, 6200080, 3.89000, 1.45707, 3.89000, 1.45707, -1.94161, 0.02152, 0.23778
77600, 6208080, 3.88000, 1.39178, 3.88000, 1.39178, -1.89017, 0.03237, 0.11840
77700, 6216080, 3.86000, 0.63791, 3.86000, 0.63791, -1.95921, 2.45869, -1.25623
77800, 6224080, 2.83000, 0.48484, 2.83000, 0.48484, -1.95383, 1.66255, -0.64352
77900, 6232080, 3.64000, 1.06132, 3.64000, 1.06132, -1.96869, 0.18716, 0.16760
78000, 6240080, 4.36000, 1.87275, 4.36000, 1.87275, -1.92146, 0.39505, -0.00045
78100, 6248080, 3.22000, 0.81421, 3.22000, 0.81421, -1.96525, 0.02416, 0.25850
78200, 6256080, 3.00000, 0.32000, 3.00000, 0.32000, -1.82378, 2.40155, -1.24850
78300, 6264080, 3.79000, 2.13676, 3.79000, 2.13676, -1.88235, 0.02089, 0.23250
78400, 6272080, 3.56000, 1.05729, 3.56000, 1.05729, -1.86911, 1.91879, -0.86481
78500, 6280080, 3.40000, 0.75613, 3.40000, 0.75613, -1.96681, 2.24818, -1.13186
78600, 6288080, 3.39000, 0.76620, 3.39000, 0.76620, -2.00436, 0.99367, -0.34776
78700, 6296080, 3.64000, 1.06132, 3.64000, 1.06132, -1.87334, 1.68484, -0.92830
78800, 6304080, 3.32000, 1.91109, 3.32000, 1.91109, -1.84110, 1.54835, -0.65709
78900, 6312080, 3.16000, 0.36950, 3.16000, 0.36950, -1.70414, 2.35151, -1.02695
79000, 6320080, 3.24000, 0.60575, 3.24000, 0.60575, -1.83853, 3.32678, -1.69504
79100, 6328080, 3.24000, 0.30638, 3.24000, 0.30638, -1.78341, 3.23883, -1.92042
79200, 6336080, 3.64000, 1.21150, 3.64000, 1.21150, -1.85063, 1.45322, -0.57854
79300, 6344080, 3.16000, 0.64000, 3.16000, 0.64000, -1.85935, 0.05308, 0.33145
79400, 6352080, 3.40000, 0.75613, 3.40000, 0.75613, -1.89761, 0.04928, 0.33194
79500, 6360080, 3.48000, 0.69128, 3.48000, 0.69128, -1.90233, 0.02322, 0.24747
79600, 6368080, 2.84000, 0.00000, 2.84000, 0.00000, -1.70753, 0.02097, 0.20253
79700, 6376080, 2.92000, 0.16000, 2.92000, 0.16000, -1.80638, 0.05635, 0.31655
79800, 6384080, 3.08000, 1.20797, 3.08000, 1.20797, -1.62519, 0.02256, 0.18897
79900, 6392080, 3.08000, 0.48000, 3.08000, 0.48000, -1.94477, 0.03391, 0.31046
80000, 6400080, 3.32000, 0.32000, 3.32000, 0.32000, -1.67311, 0.01792, 0.17722
80100, 6408080, 3.00000, 0.32000, 3.00000, 0.32000, -1.71093, 0.03122, 0.25724
80200, 6416080, 3.00000, 0.32000, 3.00000, 0.32000, -1.71873, 1.00825, -0.34858
80300, 6424080, 3.56000, 1.77929, 3.56000, 1.77929, -1.83863, 3.63360, -1.93207
80400, 6432080, 3.80000, 0.78384, 3.80000, 0.78384, -1.80988, 4.09798, -1.87009
80500, 6440080, 3.64000, 0.92376, 3.64000, 0.92376, -1.82599, 1.92580, -0.80489
80600, 6448080, 3.40000, 0.65970, 3.40000, 0.65970, -1.74613, 0.00488, 0.05152
80700, 6456080, 3.32000, 1.34501, 3.32000, 1.34501, -1.83345, 0.01301, 0.11590
80800, 6464080, 2.80000, 0.85041, 2.80000, 0.85041, -1.82684, 0.00621, 0.11696
80900, 6472080, 2.76000, 0.65970, 2.76000, 0.65970, -1.95676, 0.01028, 0.15708
81000, 6480080, 3.32000, 0.76175, 3.32000, 0.76175, -1.83797, 1.47849, -0.63926
81100, 6488080, 3.64000, 0.76175, 3.64000, 0.76175, -1.78896, 0.91259, -0.30702
81200, 6496080, 2.92000, 0.16000, 2.92000, 0.16000, -1.76758, 0.03685, 0.22941
81300, 6504080, 3.00000, 0.32000, 3.00000, 0.32000, -1.63175, 0.01399, 0.14545
81400, 6512080, 3.08000, 0.48000, 3.08000, 0.48000, -1.78270, 3.00042, -0.97001
81500, 6520080, 3.32000, 0.96000, 3.32000, 0.96000, -1.83260, 0.02513, 0.23530
81600, 6528080, 3.04000, 1.15470, 3.04000, 1.15470, -1.71471, 0.01918, 0.19284
81700, 6536080, 3.56000, 1.05729, 3.56000, 1.05729, -1.83374, 2.81810, -1.55008
81800, 6544080, 4.36000, 1.46351, 4.36000, 1.46351, -1.92018, 3.23115, -1.97683
81900, 6552080, 3.00000, 0.32000, 3.00000, 0.32000, -1.84992, 4.25109, -2.10170
82000, 6560080, 3.96000, 0.76175, 3.96000, 0.76175, -1.92596, 1.23977, -0.43241
82100, 6568080, 2.84000, 0.90510, 2.84000, 0.90510, -1.89471, 0.02511, 0.26352
82200, 6576080, 3.58000, 0.92693, 3.58000, 0.92693, -1.85308, 0.01295, 0.17534
82300, 6584080, 2.60000, 0.70955, 2.60000, 0.70955, -1.89389, 1.77785, -0.78631
82400, 6592080, 3.40000, 1.12000, 3.40000, 1.12000, -1.90673, 0.01137, 0.18058
82500, 6600080, 3.72000, 0.70955, 3.72000, 0.70955, -1.97441, 1.31330, -0.55481
82600, 6608080, 3.32000, 1.39485, 3.32000, 1.39485, -1.99819, 1.85791, -0.82207
82700, 6616080, 3.08000, 0.30638, 3.08000, 0.30638, -1.99048, 0.00772, 0.15128
82800, 6624080, 3.56000, 1.05729, 3.56000, 1.05729, -1.98362, 0.22355, -0.00542
82900, 6632080, 3.24000, 0.80000, 3.24000, 0.80000, -1.91709, 0.23332, 0.04455
83000, 6640080, 4.44000, 0.78384, 4.44000, 0.78384, -1.92709, 0.00840, 0.15025
83100, 6648080, 3.16000, 1.33227, 3.16000, 1.33227, -1.96109, 2.53281, -1.20718
83200, 6656080, 3.32000, 1.31939, 3.32000, 1.31939, -1.97645, 0.19284, 0.16040
83300, 6664080, 3.69000, 1.09173, 3.69000, 1.09173, -1.94921, 0.89750, -0.33677
83400, 6672080, 2.84000, 0.00000, 2.84000, 0.00000, -2.01434, 0.02192, 0.26000
83500, 6680080, 2.87000, 0.47483, 2.87000, 0.47483, -2.02220, 0.03233, 0.32437
83600, 6688080, 3.32000, 0.61275, 3.32000, 0.61275, -2.00449, 1.77602, -0.91329
83700, 6696080, 3.32000, 0.76175, 3.32000, 0.76175, -2.04014, 0.02721, 0.28597
83800, 6704080, 2.92000, 0.99062, 2.92000, 0.99062, -2.00796, 0.14666, 0.53629
83900, 6712080, 3.32000, 0.32000, 3.32000, 0.32000, -1.79222, 2.42847, -1.06939
84000, 6720080, 3.24000, 0.30638, 3.24000, 0.30638, -1.84695, 0.80709, -0.28547
84100, 6728080, 2.68000, 0.80531, 2.68000, 0.80531, -1.82010, 0.02904, 0.25789
84200, 6736080, 3.72000, 0.70955, 3.72000, 0.70955, -1.71730, 0.01192, 0.12090
84300, 6744080, 3.15000, 0.96021, 3.15000, 0.96021, -1.80605, 0.87207, -0.12397
84400, 6752080, 3.24000, 0.80000, 3.24000, 0.80000, -1.63797, 0.01631, 0.16118
84500, 6760080, 3.40000, 1.12000, 3.40000, 1.12000, -1.74625, 1.29699, -0.46935
84600, 6768080, 3.56000, 0.65970, 3.56000, 0.65970, -1.70217, 0.01258, 0.18098
84700, 6776080, 2.71000, 0.49679, 2.71000, 0.49679, -1.83977, 0.02589, 0.22496
84800, 6784080, 3.40000, 0.75613, 3.40000, 0.75613, -1.91333, 2.55499, -1.26177
84900, 6792080, 4.04000, 0.91913, 4.04000, 0.91913, -1.84812, 2.82346, -1.27351
85000, 6800080, 4.06000, 0.67685, 4.06000, 0.67685, -1.92401, 1.66699, -0.82183
85100, 6808080, 3.00000, 0.32000, 3.00000, 0.32000, -1.91576, 1.03643, -0.44178
85200, 6816080, 2.93000, 0.31728, 2.93000, 0.31728, -1.97897, 0.00979, 0.13601
85300, 6824080, 2.68000, 0.29394, 2.68000, 0.29394, -1.70519, 4.90010, -2.24769
85400, 6832080, 3.00000, 0.32000, 3.00000, 0.32000, -1.81414, 1.29478, -0.40623
85500, 6840080, 3.32000, 1.39485, 3.32000, 1.39485, -1.86499, 1.02364, -0.29644
85600, 6848080, 3.48000, 1.58930, 3.48000, 1.58930, -1.91902, 1.58024, -0.72308
85700, 6856080, 3.66000, 1.30701, 3.66000, 1.30701, -1.95403, 1.24818, -0.42123
85800, 6864080, 3.62000, 1.21567, 3.62000, 1.21567, -1.94061, 0.20203, -0.09258
85900, 6872080, 3.32000, 1.91109, 3.32000, 1.91109, -1.93769, 0.02696, 0.24357
86000, 6880080, 2.68000, 0.80531, 2.68000, 0.80531, -1.99840, 1.85855, -1.01800
86100, 6888080, 2.51000, 0.63361, 2.51000, 0.63361, -1.82032, 1.63324, -0.76138
86200, 6896080, 2.92000, 0.16000, 2.92000, 0.16000, -1.97546, 0.01641, 0.20275
86300, 6904080, 2.84000, 0.00000, 2.84000, 0.00000, -1.85699, 0.02813, 0.24563
86400, 6912080, 2.92000, 0.40266, 2.92000, 0.40266, -1.90552, 2.26162, -1.03716
86500, 6920080, 2.84000, 1.04511, 2.84000, 1.04511, -2.01038, 0.01879, 0.20917
86600, 6928080, 3.00000, 0.32000, 3.00000, 0.32000, -1.91152, 4.77916, -2.24484
86700, 6936080, 3.06000, 0.49477, 3.06000, 0.49477, -1.95545, 2.05949, -0.83705
86800, 6944080, 3.96000, 1.83826, 3.96000, 1.83826, -1.89376, 0.02216, 0.24412
86900, 6952080, 3.16000, 0.36950, 3.16000, 0.36950, -1.94065, 0.01701, 0.20592
87000, 6960080, 3.48000, 0.52256, 3.48000, 0.52256, -1.91893, 0.02846, 0.24218
87100, 6968080, 3.80000, 0.78384, 3.80000, 0.78384, -1.91687, 0.00921, 0.13659
87200, 6976080, 3.48000, 0.78384, 3.48000, 0.78384, -1.87577, 0.01432, 0.19205
87300, 6984080, 3.72000, 0.48000, 3.72000, 0.48000, -1.85820, 0.20918, 0.12267
87400, 6992080, 4.92000, 0.99492, 4.92000, 0.99492, -1.76169, 1.67498, -0.65647
87500, 7000080, 2.84000, 0.00000, 2.84000, 0.00000, -1.97557, 3.10970, -1.46293
87600, 7008080, 3.24000, 0.30638, 3.24000, 0.30638, -1.73205, 0.24458, -0.03666
87700, 7016080, 3.40000, 0.30638, 3.40000, 0.30638, -2.01437, 0.01470, 0.18906
87800, 7024080, 3.69000, 1.12256, 3.69000, 1.12256, -2.03298, 1.85204, -0.94268
87900, 7032080, 3.42000, 0.53616, 3.42000, 0.53616, -1.93293, 0.01540, 0.22727
88000, 7040080, 3.72000, 1.20797, 3.72000, 1.20797, -1.99599, 0.03654, 0.32887
88100, 7048080, 2.97000, 0.66563, 2.97000, 0.66563, -1.93512, 2.82466, -1.16154
88200, 7056080, 3.64000, 0.92376, 3.64000, 0.92376, -2.03502, 0.02735, 0.29347
88300, 7064080, 4.76000, 2.87407, 4.76000, 2.87407, -1.93571, 0.07031, 0.38511
88400, 7072080, 3.87000, 1.19839, 3.87000, 1.19839, -1.97009, 0.01497, 0.21367
88500, 7080080, 4.52000, 0.75613, 4.52000, 0.75613, -1.94791, 0.01559, 0.18295
88600, 7088080, 3.64000, 1.21150, 3.64000, 1.21150, -1.91660, 0.02865, 0.27150
88700, 7096080, 4.28000, 1.18299, 4.28000, 1.18299, -1.93783, 4.49930, -2.07692
88800, 7104080, 3.32000, 0.61275, 3.32000, 0.61275, -1.95544, 0.01856, 0.23959
88900, 7112080, 4.12000, 1.67300, 4.12000, 1.67300, -1.98286, 1.17335, -0.58517
89000, 7120080, 4.76000, 3.42664, 4.76000, 3.42664, -1.98087, 0.01729, 0.21364
89100, 7128080, 3.56000, 0.70955, 3.56000, 0.70955, -1.94927, 0.01718, 0.20547
89200, 7136080, 3.56000, 1.05729, 3.56000, 1.05729, -1.82320, 0.03114, 0.26871
89300, 7144080, 2.75000, 0.83546, 2.75000, 0.83546, -1.95018, 2.55822, -1.45662
89400, 7152080, 3.88000, 0.95554, 3.88000, 0.95554, -1.96240, 0.01604, 0.20502
89500, 7160080, 2.36000, 0.84664, 2.36000, 0.84664, -1.90323, 3.47503, -1.46783
89600, 7168080, 2.98000, 0.33546, 2.98000, 0.33546, -1.72533, 2.47221, -1.12525
89700, 7176080, 3.08000, 0.48000, 3.08000, 0.48000, -1.89815, 0.01966, 0.24339
89800, 7184080, 3.32000, 0.76175, 3.32000, 0.76175, -1.90488, 2.85203, -1.35676
89900, 7192080, 2.84000, 0.00000, 2.84000, 0.00000, -1.97902, 0.02478, 0.26786
90000, 7200080, 3.32000, 1.39485, 3.32000, 1.39485, -1.89007, 0.02110, 0.22307
90100, 7208080, 4.12000, 0.78384, 4.12000, 0.78384, -1.95181, 0.01275, 0.19750
90200, 7216080, 3.72000, 1.83594, 3.72000, 1.83594, -1.96338, 5.26418, -2.71060
90300, 7224080, 3.16000, 0.36950, 3.16000, 0.36950, -1.96826, 0.01995, 0.23554
90400, 7232080, 3.96000, 1.12380, 3.96000, 1.12380, -1.98756, 0.02139, 0.25209
90500, 7240080, 3.24000, 0.80000, 3.24000, 0.80000, -1.93883, 0.03543, 0.30224
90600, 7248080, 4.36000, 2.20738, 4.36000, 2.20738, -1.95200, 1.78440, -0.72751
90700, 7256080, 2.52000, 0.45255, 2.52000, 0.45255, -1.91128, 0.01412, 0.20644
90800, 7264080, 3.48000, 0.69128, 3.48000, 0.69128, -1.90334, 4.20528, -2.10317
90900, 7272080, 3.48000, 0.73901, 3.48000, 0.73901, -1.94687, 0.01272, 0.19544
91000, 7280080, 3.32000, 0.76175, 3.32000, 0.76175, -1.94645, 0.02864, 0.29802
91100, 7288080, 3.16000, 0.36950, 3.16000, 0.36950, -1.82305, 3.69104, -1.65605
91200, 7296080, 3.16000, 0.36950, 3.16000, 0.36950, -1.93248, 0.02511, 0.25063
91300, 7304080, 3.44000, 0.69589, 3.44000, 0.69589, -1.87688, 3.72979, -2.03469
91400, 7312080, 3.13000, 0.87354, 3.13000, 0.87354, -1.89954, 0.01552, 0.20172
91500, 7320080, 3.72000, 1.08910, 3.72000, 1.08910, -1.88843, 0.01495, 0.13111
91600, 7328080, 3.40000, 0.40266, 3.40000, 0.40266, -1.92204, 4.13750, -2.30526
91700, 7336080, 4.20000, 1.66020, 4.20000, 1.66020, -1.90896, 4.70028, -2.32842
91800, 7344080, 3.56000, 0.65970, 3.56000, 0.65970, -1.91965, 0.03036, 0.18800
91900, 7352080, 3.69000, 1.39690, 3.69000, 1.39690, -1.99601, 0.02070, 0.25594
92000, 7360080, 3.56000, 0.84159, 3.56000, 0.84159, -1.94231, 0.02149, 0.25433
92100, 7368080, 2.92000, 0.16000, 2.92000, 0.16000, -1.88275, 2.56227, -1.36456
92200, 7376080, 3.56000, 0.70955, 3.56000, 0.70955, -1.95903, 2.55941, -1.25006
92300, 7384080, 2.43000, 0.82000, 2.43000, 0.82000, -1.95723, 2.11731, -1.06758
92400, 7392080, 3.08000, 1.31615, 3.08000, 1.31615, -2.05047, 2.00356, -1.09371
92500, 7400080, 3.08000, 0.48000, 3.08000, 0.48000, -2.02944, 1.82373, -0.88029
92600, 7408080, 3.16000, 0.45255, 3.16000, 0.45255, -2.01267, 0.02721, 0.28220
92700, 7416080, 3.16000, 0.36950, 3.16000, 0.36950, -2.00106, 2.12557, -1.06430
92800, 7424080, 3.00000, 0.99492, 3.00000, 0.99492, -1.86981, 4.12642, -2.06758
92900, 7432080, 3.00000, 0.32000, 3.00000, 0.32000, -1.86837, 1.84256, -0.80953
93000, 7440080, 3.72000, 0.70955, 3.72000, 0.70955, -1.86835, 0.04821, 0.33013
93100, 7448080, 2.84000, 0.00000, 2.84000, 0.00000, -2.00523, 0.03692, 0.33754
93200, 7456080, 3.16000, 0.45255, 3.16000, 0.45255, -1.90391, 1.46557, -0.73237
93300, 7464080, 3.16000, 0.36950, 3.16000, 0.36950, -1.85639, 1.90518, -1.13937
93400, 7472080, 3.78000, 0.81682, 3.78000, 0.81682, -1.84499, 0.03549, 0.27625
93500, 7480080, 3.96000, 0.55426, 3.96000, 0.55426, -2.00151, 0.02736, 0.29534
93600, 7488080, 2.84000, 0.90510, 2.84000, 0.90510, -2.01795, 1.68167, -0.77719
93700, 7496080, 3.55000, 0.16773, 3.55000, 0.16773, -1.93895, 0.03089, 0.30603
93800, 7504080, 3.16000, 1.10851, 3.16000, 1.10851, -1.91574, 0.03821, 0.33762
93900, 7512080, 2.60000, 1.59733, 2.60000, 1.59733, -1.95698, 1.01878, -0.27468
94000, 7520080, 3.64000, 0.66613, 3.64000, 0.66613, -1.97843, 0.03709, 0.32449
94100, 7528080, 3.96000, 1.39485, 3.96000, 1.39485, -1.90900, 0.04235, 0.35939
94200, 7536080, 3.08000, 0.30638, 3.08000, 0.30638, -1.90924, 0.03080, 0.30145
94300, 7544080, 3.12000, 0.90862, 3.12000, 0.90862, -2.01076, 0.02794, 0.29936
94400, 7552080, 4.60000, 0.61275, 4.60000, 0.61275, -1.88413, 2.53307, -1.19688
94500, 7560080, 3.07000, 0.49571, 3.07000, 0.49571, -1.88598, 0.33431, 0.09015
94600, 7568080, 3.00000, 0.32000, 3.00000, 0.32000, -1.65124, 0.47066, 0.05025
94700, 7576080, 2.76000, 0.84159, 2.76000, 0.84159, -1.77531, 1.72590, -0.65350
94800, 7584080, 3.37000, 1.06000, 3.37000, 1.06000, -1.91224, 2.43391, -1.23473
94900, 7592080, 3.08000, 1.31615, 3.08000, 1.31615, -1.86097, 0.19202, 0.14406
95000, 7600080, 3.16000, 0.36950, 3.16000, 0.36950, -1.85721, 2.47096, -1.20029
95100, 7608080, 5.24000, 1.06132, 5.24000, 1.06132, -1.95115, 6.95890, -4.04357
95200, 7616080, 3.24000, 0.80000, 3.24000, 0.80000, -1.96840, 0.01943, 0.24688
95300, 7624080, 3.40000, 0.75613, 3.40000, 0.75613, -2.01177, 0.02319, 0.28666
95400, 7632080, 3.32000, 0.41312, 3.32000, 0.41312, -2.01660, 0.99964, -0.30178
95500, 7640080, 3.80000, 0.94205, 3.80000, 0.94205, -2.01519, 2.00953, -1.08256
95600, 7648080, 4.60000, 1.98124, 4.60000, 1.98124, -1.99673, 2.23545, -1.19393
95700, 7656080, 4.04000, 1.57582, 4.04000, 1.57582, -2.02201, 0.02638, 0.28551
95800, 7664080, 3.08000, 0.30638, 3.08000, 0.30638, -2.00965, 0.20631, 0.09376
95900, 7672080, 3.16000, 0.26128, 3.16000, 0.26128, -2.02399, 1.61732, -0.73344
96000, 7680080, 3.18000, 0.55570, 3.18000, 0.55570, -1.96652, 0.18324, 0.16316
96100, 7688080, 3.00000, 0.32000, 3.00000, 0.32000, -2.01341, 0.02021, 0.25966
96200, 7696080, 3.32000, 0.41312, 3.32000, 0.41312, -1.86112, 2.18511, -1.02738
96300, 7704080, 2.84000, 0.00000, 2.84000, 0.00000, -2.01792, 0.02319, 0.26602
96400, 7712080, 2.60000, 0.70955, 2.60000, 0.70955, -2.02361, 1.84058, -1.03382
96500, 7720080, 3.40000, 0.75613, 3.40000, 0.75613, -1.86974, 0.02703, 0.24688
96600, 7728080, 3.08000, 1.02450, 3.08000, 1.02450, -1.91344, 0.03123, 0.27586
96700, 7736080, 2.89000, 0.59989, 2.89000, 0.59989, -1.94387, 2.38901, -1.32554
96800, 7744080, 2.64000, 0.79866, 2.64000, 0.79866, -1.93984, 2.53583, -1.31713
96900, 7752080, 4.12000, 0.90510, 4.12000, 0.90510, -1.91048, 1.86791, -0.86695
97000, 7760080, 3.56000, 1.02450, 3.56000, 1.02450, -1.91053, 1.90403, -0.81563
97100, 7768080, 2.73000, 0.22000, 2.73000, 0.22000, -1.89586, 0.01215, 0.18147
97200, 7776080, 3.56000, 0.70955, 3.56000, 0.70955, -1.86294, 1.64287, -0.73888
97300, 7784080, 3.12000, 0.61795, 3.12000, 0.61795, -1.97576, 0.01311, 0.19908
97400, 7792080, 3.08000, 0.30638, 3.08000, 0.30638, -1.95953, 0.03380, 0.32675
97500, 7800080, 3.64000, 1.21150, 3.64000, 1.21150, -1.82940, 1.40173, -0.53605
97600, 7808080, 3.20000, 1.48018, 3.20000, 1.48018, -1.73637, 0.01990, 0.21656
97700, 7816080, 3.64000, 0.99492, 3.64000, 0.99492, -1.86463, 0.62250, -0.25488
97800, 7824080, 2.90000, 1.15631, 2.90000, 1.15631, -1.77990, 0.39003, -0.14031
97900, 7832080, 3.24000, 0.48000, 3.24000, 0.48000, -1.78075, 0.01430, 0.15550
98000, 7840080, 3.40000, 0.75613, 3.40000, 0.75613, -1.95207, 1.00081, -0.29463
98100, 7848080, 3.24000, 0.30638, 3.24000, 0.30638, -1.97492, 0.48980, -0.04592
98200, 7856080, 3.48000, 0.45255, 3.48000, 0.45255, -1.96385, 0.01621, 0.21932
98300, 7864080, 3.08000, 1.20797, 3.08000, 1.20797, -1.96977, 3.82309, -1.97041
98400, 7872080, 3.00000, 0.32000, 3.00000, 0.32000, -2.01619, 0.01874, 0.18692
98500, 7880080, 4.20000, 2.72000, 4.20000, 2.72000, -2.02460, 0.02261, 0.26519
98600, 7888080, 3.32000, 0.76175, 3.32000, 0.76175, -2.02682, 0.01753, 0.17556
98700, 7896080, 3.43000, 1.12065, 3.43000, 1.12065, -1.98851, 2.89215, -1.40147
98800, 7904080, 4.36000, 1.23591, 4.36000, 1.23591, -2.00253, 0.19887, 0.12653
98900, 7912080, 3.08000, 0.30638, 3.08000, 0.30638, -1.96705, 0.00795, 0.12055
99000, 7920080, 3.24000, 0.80000, 3.24000, 0.80000, -1.98143, 0.01287, 0.09536
99100, 7928080, 2.86000, 0.65442, 2.86000, 0.65442, -1.93992, 0.01490, 0.16882
99200, 7936080, 3.16000, 0.36950, 3.16000, 0.36950, -1.90193, 2.48389, -1.10140
99300, 7944080, 2.94000, 0.37736, 2.94000, 0.37736, -1.91279, 0.05137, 0.37329
99400, 7952080, 4.04000, 1.39178, 4.04000, 1.39178, -1.78719, 0.53426, 0.01982
99500, 7960080, 3.30000, 0.40464, 3.30000, 0.40464, -1.79444, 0.01648, 0.19663
99600, 7968080, 3.24000, 0.80000, 3.24000, 0.80000, -1.86278, 0.03258, 0.26141
99700, 7976080, 3.00000, 0.32000, 3.00000, 0.32000, -1.90519, 0.02350, 0.25353
99800, 7984080, 3.00000, 0.32000, 3.00000, 0.32000, -1.73865, 5.73318, -3.09354
99900, 7992080, 3.00000, 0.32000, 3.00000, 0.32000, -1.92891, 0.01506, 0.20715
100000, 8000080, 2.68000, 0.80531, 2.68000, 0.80531, -1.90959, 0.01338, 0.20189
100100, 8008080, 3.72000, 1.05729, 3.72000, 1.05729, -1.98511, 2.25405, -1.11717
100200, 8016080, 3.64000, 1.09301, 3.64000, 1.09301, -1.92500, 2.36112, -1.24978
100300, 8024080, 3.48000, 0.69128, 3.48000, 0.69128, -2.01646, 0.02905, 0.30272
100400, 8032080, 2.66000, 1.73605, 2.66000, 1.73605, -2.00602, 0.02820, 0.30838
100500, 8040080, 3.76000, 2.03385, 3.76000, 2.03385, -1.95372, 0.73903, -0.29060
100600, 8048080, 2.68000, 0.80531, 2.68000, 0.80531, -1.90602, 0.01259, 0.12729
100700, 8056080, 2.92000, 0.40266, 2.92000, 0.40266, -1.92648, 0.01132, 0.18159
100800, 8064080, 3.64000, 0.92376, 3.64000, 0.92376, -2.02791, 1.83128, -0.76033
100900, 8072080, 3.32000, 0.55426, 3.32000, 0.55426, -1.98009, 1.03333, -0.32771
101000, 8080080, 3.48000, 0.90510, 3.48000, 0.90510, -1.95743, 0.00745, 0.12422
101100, 8088080, 3.56000, 1.02450, 3.56000, 1.02450, -1.97936, 6.07801, -3.50163
101200, 8096080, 2.51000, 0.63361, 2.51000, 0.63361, -1.93917, 2.70086, -1.28470
101300, 8104080, 3.24000, 0.80000, 3.24000, 0.80000, -1.95658, 0.01727, 0.21663
101400, 8112080, 5.69000, 3.47660, 5.69000, 3.47660, -1.95732, 2.39048, -1.21328
101500, 8120080, 3.32000, 0.32000, 3.32000, 0.32000, -2.00042, 0.02418, 0.26073
101600, 8128080, 3.40000, 0.40266, 3.40000, 0.40266, -1.98169, 1.52735, -0.64377
101700, 8136080, 2.39000, 0.92801, 2.39000, 0.92801, -2.02213, 0.01780, 0.24092
101800, 8144080, 2.68000, 1.12380, 2.68000, 1.12380, -1.97838, 0.18809, 0.15562
101900, 8152080, 2.84000, 0.00000, 2.84000, 0.00000, -1.96780, 0.02160, 0.25479
102000, 8160080, 3.35000, 0.66563, 3.35000, 0.66563, -1.95172, 0.02310, 0.24923
102100, 8168080, 3.08000, 1.15007, 3.08000, 1.15007, -1.93803, 0.03493, 0.33266
102200, 8176080, 3.97000, 1.01002, 3.97000, 1.01002, -1.99386, 0.05089, 0.34264
102300, 8184080, 3.89000, 0.59722, 3.89000, 0.59722, -1.97314, 0.03873, 0.30059
102400, 8192080, 3.61000, 0.34467, 3.61000, 0.34467, -1.95057, 2.90269, -1.22744
102500, 8200080, 4.20000, 2.86663, 4.20000, 2.86663, -1.92720, 0.01958, 0.15733
102600, 8208080, 3.48000, 0.69128, 3.48000, 0.69128, -1.94151, 0.02987, 0.26658
102700, 8216080, 3.03000, 0.15790, 3.03000, 0.15790, -1.95681, 1.29511, -0.44567
102800, 8224080, 3.63000, 1.00153, 3.63000, 1.00153, -1.94285, 0.02132, 0.22758
102900, 8232080, 3.08000, 0.48000, 3.08000, 0.48000, -1.95233, 1.33108, -0.52996
103000, 8240080, 4.68000, 2.12866, 4.68000, 2.12866, -1.95145, 0.00410, 0.09490
103100, 8248080, 4.28000, 0.55426, 4.28000, 0.55426, -2.00127, 0.00811, 0.15324
103200, 8256080, 3.16000, 0.36950, 3.16000, 0.36950, -1.97467, 0.01613, 0.20854
103300, 8264080, 3.56000, 0.54650, 3.56000, 0.54650, -1.79382, 2.08630, -0.84547
103400, 8272080, 3.16000, 0.36950, 3.16000, 0.36950, -1.80523, 1.76735, -0.61718
103500, 8280080, 3.34000, 0.89174, 3.34000, 0.89174, -1.90497, 0.02705, 0.25865
103600, 8288080, 3.48000, 1.07728, 3.48000, 1.07728, -1.92394, 2.55188, -1.03577
103700, 8296080, 3.08000, 0.30638, 3.08000, 0.30638, -2.01752, 2.28528, -1.23930
103800, 8304080, 3.64000, 0.92376, 3.64000, 0.92376, -1.95251, 2.17413, -1.13895
103900, 8312080, 2.96000, 0.35478, 2.96000, 0.35478, -1.92874, 0.06544, 0.39393
104000, 8320080, 3.48000, 0.69128, 3.48000, 0.69128, -1.87919, 0.03024, 0.28598
104100, 8328080, 3.16000, 0.36950, 3.16000, 0.36950, -1.67032, 0.01925, 0.10085
104200, 8336080, 3.40000, 1.74050, 3.40000, 1.74050, -1.82957, 0.03825, 0.28652
104300, 8344080, 3.88000, 1.41610, 3.88000, 1.41610, -2.01335, 0.01672, 0.22422
104400, 8352080, 3.48000, 0.52256, 3.48000, 0.52256, -1.97155, 2.35215, -1.01912
104500, 8360080, 3.16000, 0.36950, 3.16000, 0.36950, -1.97916, 0.00860, 0.14362
104600, 8368080, 4.42000, 2.09876, 4.42000, 2.09876, -2.03866, 0.00825, 0.14745
104700, 8376080, 3.24000, 0.70955, 3.24000, 0.70955, -2.00904, 3.51893, -1.67583
104800, 8384080, 2.76000, 0.84159, 2.76000, 0.84159, -2.05071, 0.98727, -0.33236
104900, 8392080, 3.16000, 0.64000, 3.16000, 0.64000, -2.01001, 0.01540, 0.20893
105000, 8400080, 3.16000, 1.13889, 3.16000, 1.13889, -1.99837, 1.15228, -0.32978
105100, 8408080, 3.00000, 0.32000, 3.00000, 0.32000, -1.98730, 0.02081, 0.25681
105200, 8416080, 3.40000, 0.75613, 3.40000, 0.75613, -1.96020, 0.01168, 0.16152
105300, 8424080, 2.92000, 0.16000, 2.92000, 0.16000, -1.97093, 0.05589, 0.40797
105400, 8432080, 3.63000, 1.56098, 3.63000, 1.56098, -1.99030, 1.23383, -0.53932
105500, 8440080, 3.24000, 0.80000, 3.24000, 0.80000, -1.96714, 1.41422, -0.54111
105600, 8448080, 3.32000, 0.76175, 3.32000, 0.76175, -2.02640, 1.13638, -0.47745
105700, 8456080, 3.00000, 0.32000, 3.00000, 0.32000, -2.04205, 0.02036, 0.19818
105800, 8464080, 2.52000, 0.64000, 2.52000, 0.64000, -2.01548, 1.92906, -1.18244
105900, 8472080, 3.19000, 0.26808, 3.19000, 0.26808, -1.95691, 0.01615, 0.16921
106000, 8480080, 3.88000, 1.46351, 3.88000, 1.46351, -1.90582, 0.00493, 0.08419
106100, 8488080, 2.76000, 0.16000, 2.76000, 0.16000, -1.86907, 0.32620, 0.03823
106200, 8496080, 2.92000, 0.16000, 2.92000, 0.16000, -1.91199, 0.01814, 0.22845
106300, 8504080, 3.40000, 1.12000, 3.40000, 1.12000, -1.95452, 5.09765, -2.51116
106400, 8512080, 3.16000, 0.64000, 3.16000, 0.64000, -2.01826, 2.17586, -1.22973
106500, 8520080, 3.04000, 1.00664, 3.04000, 1.00664, -2.04763, 2.80009, -1.61273
106600, 8528080, 3.16000, 0.36950, 3.16000, 0.36950, -1.96860, 0.02313, 0.20871
106700, 8536080, 3.08000, 0.30638, 3.08000, 0.30638, -2.01174, 0.04469, 0.35208
106800, 8544080, 3.56000, 1.05729, 3.56000, 1.05729, -1.92707, 1.89544, -0.89716
106900, 8552080, 3.06000, 0.32904, 3.06000, 0.32904, -1.98054, 2.78156, -1.50091
107000, 8560080, 4.04000, 1.77929, 4.04000, 1.77929, -1.78694, 3.56561, -1.15695
107100, 8568080, 4.35000, 0.59722, 4.35000, 0.59722, -1.90493, 2.47851, -0.86562
107200, 8576080, 3.88000, 1.05729, 3.88000, 1.05729, -1.84587, 2.79687, -1.32662
107300, 8584080, 3.08000, 1.46351, 3.08000, 1.46351, -1.75147, 4.44211, -2.00231
107400, 8592080, 2.44000, 0.88121, 2.44000, 0.88121, -1.85865, 0.01056, 0.14773
107500, 8600080, 3.72000, 0.84159, 3.72000, 0.84159, -2.01754, 0.01946, 0.24419
107600, 8608080, 3.56000, 0.70955, 3.56000, 0.70955, -1.97723, 0.65569, -0.13477
107700, 8616080, 3.24000, 0.60575, 3.24000, 0.60575, -1.95797, 0.01904, 0.19065
107800, 8624080, 4.32000, 1.36626, 4.32000, 1.36626, -1.98317, 0.01173, 0.18009
107900, 8632080, 3.48000, 0.45255, 3.48000, 0.45255, -2.01999, 2.87761, -1.51591
108000, 8640080, 3.89000, 1.57932, 3.89000, 1.57932, -1.95495, 3.41072, -1.71220
108100, 8648080, 3.64000, 0.66613, 3.64000, 0.66613, -1.98556, 2.39478, -1.30043
108200, 8656080, 3.45000, 1.44716, 3.45000, 1.44716, -1.97199, 1.90383, -0.92582
108300, 8664080, 2.85000, 1.58135, 2.85000, 1.58135, -2.00631, 0.84278, -0.21809
108400, 8672080, 2.43000, 1.38501, 2.43000, 1.38501, -1.98507, 0.01326, 0.17152
108500, 8680080, 3.24000, 0.48000, 3.24000, 0.48000, -1.83362, 1.79150, -0.57616
108600, 8688080, 3.32000, 0.32000, 3.32000, 0.32000, -1.87002, 0.00868, 0.14249
108700, 8696080, 3.72000, 0.48000, 3.72000, 0.48000, -2.00699, 5.12679, -2.65473
108800, 8704080, 4.44000, 1.30639, 4.44000, 1.30639, -2.01513, 3.14164, -1.54732
108900, 8712080, 3.24000, 0.30638, 3.24000, 0.30638, -2.01770, 2.98010, -1.39002
109000, 8720080, 3.80000, 0.69128, 3.80000, 0.69128, -2.01026, 0.00868, 0.15875
109100, 8728080, 3.32000, 0.96000, 3.32000, 0.96000, -1.99072, 3.08249, -1.38450
109200, 8736080, 3.80000, 1.30639, 3.80000, 1.30639, -1.99071, 0.00987, 0.15222
109300, 8744080, 3.32000, 0.84664, 3.32000, 0.84664, -2.03979, 0.02596, 0.28377
109400, 8752080, 3.13000, 0.58000, 3.13000, 0.58000, -2.01777, 0.55939, -0.07834
109500, 8760080, 2.60000, 0.70955, 2.60000, 0.70955, -1.99777, 0.03598, 0.27420
109600, 8768080, 4.44000, 2.57330, 4.44000, 2.57330, -1.93533, 3.37089, -1.75522
109700, 8776080, 4.04000, 0.80000, 4.04000, 0.80000, -1.95161, 0.00610, 0.11931
109800, 8784080, 3.07000, 1.07250, 3.07000, 1.07250, -1.99067, 0.01666, 0.23286
109900, 8792080, 3.33000, 0.32721, 3.33000, 0.32721, -2.01547, 1.84862, -0.91048
110000, 8800080, 3.16000, 0.64000, 3.16000, 0.64000, -2.01409, 0.02700, 0.28968
110100, 8808080, 2.84000, 0.90510, 2.84000, 0.90510, -1.98683, 0.01791, 0.17955
110200, 8816080, 3.08000, 0.30638, 3.08000, 0.30638, -1.99335, 0.02350, 0.24585
110300, 8824080, 3.16000, 0.36950, 3.16000, 0.36950, -2.00121, 1.77493, -0.96190
110400, 8832080, 3.77000, 2.12951, 3.77000, 2.12951, -1.93217, 0.01411, 0.11997
110500, 8840080, 3.14000, 0.96967, 3.14000, 0.96967, -1.91120, 3.19699, -1.54332
110600, 8848080, 3.11000, 0.32228, 3.11000, 0.32228, -1.96874, 0.02566, 0.28481
110700, 8856080, 3.88000, 1.02450, 3.88000, 1.02450, -1.94658, 0.01421, 0.19833
110800, 8864080, 3.00000, 1.06132, 3.00000, 1.06132, -1.91209, 0.63691, -0.11262
110900, 8872080, 3.48000, 0.45255, 3.48000, 0.45255, -1.89579, 4.19057, -1.94845
111000, 8880080, 2.44000, 1.02450, 2.44000, 1.02450, -1.94708, 2.24112, -0.89694
111100, 8888080, 3.00000, 0.32000, 3.00000, 0.32000, -1.93279, 1.11611, -0.39564
111200, 8896080, 2.76000, 0.84159, 2.76000, 0.84159, -1.97416, 2.54349, -1.30469
111300, 8904080, 2.84000, 0.00000, 2.84000, 0.00000, -1.97328, 1.68564, -0.70355
111400, 8912080, 2.92000, 0.16000, 2.92000, 0.16000, -1.85019, 0.89389, -0.35080
111500, 8920080, 3.16000, 0.36950, 3.16000, 0.36950, -1.74931, 4.55383, -2.06458
111600, 8928080, 3.32000, 0.32000, 3.32000, 0.32000, -1.84994, 2.74865, -1.38813
111700, 8936080, 4.12000, 1.86590, 4.12000, 1.86590, -1.90669, 0.03752, 0.33185
111800, 8944080, 2.74000, 0.82978, 2.74000, 0.82978, -1.86690, 0.02332, 0.25460
111900, 8952080, 3.72000, 1.15007, 3.72000, 1.15007, -1.82307, 0.01423, 0.19690
112000, 8960080, 2.84000, 0.90510, 2.84000, 0.90510, -1.89757, 0.03012, 0.28667
112100, 8968080, 3.66000, 0.94742, 3.66000, 0.94742, -1.64953, 4.92724, -1.52055
112200, 8976080, 3.96000, 0.99492, 3.96000, 0.99492, -1.77024, 1.48836, -0.39325
112300, 8984080, 3.96000, 1.18299, 3.96000, 1.18299, -1.74881, 0.01968, 0.22670
112400, 8992080, 1.96000, 1.08910, 1.96000, 1.08910, -1.83895, 0.00943, 0.14627
112500, 9000080, 2.52000, 0.64000, 2.52000, 0.64000, -1.75573, 0.37758, 0.08207
112600, 9008080, 3.80000, 0.69128, 3.80000, 0.69128, -1.81109, 0.00948, 0.15429
112700, 9016080, 3.56000, 1.05729, 3.56000, 1.05729, -1.88564, 0.00904, 0.16305
112800, 9024080, 2.84000, 1.19733, 2.84000, 1.19733, -1.95903, 0.00556, 0.13380
112900, 9032080, 2.92000, 0.16000, 2.92000, 0.16000, -1.93521, 0.91912, -0.39132
113000, 9040080, 2.72000, 0.47777, 2.72000, 0.47777, -1.94970, 0.02072, 0.23401
113100, 9048080, 3.32000, 0.96000, 3.32000, 0.96000, -1.98555, 2.27223, -1.26601
113200, 9056080, 2.68000, 0.80531, 2.68000, 0.80531, -1.97512, 1.31127, -0.75391
113300, 9064080, 3.24000, 0.80000, 3.24000, 0.80000, -1.93973, 2.27353, -1.37113
113400, 9072080, 3.56000, 1.05729, 3.56000, 1.05729, -1.91492, 1.59642, -0.88809
113500, 9080080, 4.04000, 0.84159, 4.04000, 0.84159, -1.94604, 0.03752, 0.32735
113600, 9088080, 2.60000, 0.70955, 2.60000, 0.70955, -1.84809, 0.58043, -0.13958
113700, 9096080, 3.40000, 0.40266, 3.40000, 0.40266, -1.86227, 1.19744, -0.50612
113800, 9104080, 2.60000, 0.30638, 2.60000, 0.30638, -1.75870, 1.99320, -1.08234
113900, 9112080, 3.87000, 0.70531, 3.87000, 0.70531, -1.84746, 0.00930, 0.15812
114000, 9120080, 3.24000, 0.80000, 3.24000, 0.80000, -1.84849, 0.01810, 0.23102
114100, 9128080, 3.32000, 0.61275, 3.32000, 0.61275, -1.87835, 0.01554, 0.18497
114200, 9136080, 3.64000, 0.55426, 3.64000, 0.55426, -1.89794, 1.39958, -0.68224
114300, 9144080, 2.60000, 0.70955, 2.60000, 0.70955, -1.81267, 2.57636, -1.19789
114400, 9152080, 3.09000, 1.44973, 3.09000, 1.44973, -1.68293, 0.01620, 0.18837
114500, 9160080, 3.16000, 0.36950, 3.16000, 0.36950, -1.72583, 0.02623, 0.27779
114600, 9168080, 3.48000, 0.78384, 3.48000, 0.78384, -1.78194, 0.85562, -0.17674
114700, 9176080, 3.00000, 0.32000, 3.00000, 0.32000, -1.83928, 1.65824, -0.56962
114800, 9184080, 2.68000, 0.80531, 2.68000, 0.80531, -1.78387, 0.02206, 0.19434
114900, 9192080, 3.16000, 0.36950, 3.16000, 0.36950, -1.56076, 2.54167, -0.87761
115000, 9200080, 2.92000, 0.40266, 2.92000, 0.40266, -1.74322, 0.05594, 0.31106
115100, 9208080, 2.92000, 0.16000, 2.92000, 0.16000, -1.83210, 0.01763, 0.17986
115200, 9216080, 3.56000, 1.44000, 3.56000, 1.44000, -1.78802, 1.12391, -0.41597
115300, 9224080, 3.24000, 0.60575, 3.24000, 0.60575, -1.83455, 2.23903, -0.78637
115400, 9232080, 2.24000, 0.69589, 2.24000, 0.69589, -1.83360, 0.01708, 0.22473
115500, 9240080, 2.68000, 0.18475, 2.68000, 0.18475, -1.91798, 3.08188, -1.41979
115600, 9248080, 3.16000, 0.45255, 3.16000, 0.45255, -1.96102, 0.39844, -0.03225
115700, 9256080, 3.00000, 0.32000, 3.00000, 0.32000, -1.75040, 0.03234, 0.27535
115800, 9264080, 2.84000, 0.00000, 2.84000, 0.00000, -1.85796, 0.47069, 0.13677
115900, 9272080, 3.00000, 0.32000, 3.00000, 0.32000, -1.87037, 0.54457, 0.05076
116000, 9280080, 3.56000, 0.65970, 3.56000, 0.65970, -1.72273, 2.84307, -0.89924
116100, 9288080, 3.21000, 0.99993, 3.21000, 0.99993, -1.90486, 3.37739, -1.89824
116200, 9296080, 3.72000, 1.55400, 3.72000, 1.55400, -1.85501, 0.01613, 0.19408
116300, 9304080, 3.00000, 0.32000, 3.00000, 0.32000, -1.82910, 2.03655, -0.89169
116400, 9312080, 2.99000, 1.07548, 2.99000, 1.07548, -1.90069, 1.68275, -0.70475
116500, 9320080, 3.56000, 1.05729, 3.56000, 1.05729, -1.98106, 1.59228, -0.79400
116600, 9328080, 3.40000, 0.91913, 3.40000, 0.91913, -1.89339, 1.66837, -0.92161
116700, 9336080, 3.24000, 0.80000, 3.24000, 0.80000, -1.91984, 0.01620, 0.09784
116800, 9344080, 3.08000, 0.30638, 3.08000, 0.30638, -1.80575, 2.71561, -1.21780
116900, 9352080, 3.16000, 0.36950, 3.16000, 0.36950, -1.76305, 0.60465, -0.21259
117000, 9360080, 3.16000, 0.36950, 3.16000, 0.36950, -1.77724, 0.97559, -0.14339
117100, 9368080, 3.56000, 0.65970, 3.56000, 0.65970, -1.69619, 0.68861, -0.26418
117200, 9376080, 2.84000, 0.45255, 2.84000, 0.45255, -1.80921, 0.74641, -0.24307
117300, 9384080, 3.00000, 0.32000, 3.00000, 0.32000, -1.87760, 1.74875, -1.15274
117400, 9392080, 3.72000, 0.95554, 3.72000, 0.95554, -1.86007, 0.02535, 0.25267
117500, 9400080, 2.68000, 0.80531, 2.68000, 0.80531, -1.60880, 2.63525, -1.64813
117600, 9408080, 3.64000, 1.60000, 3.64000, 1.60000, -1.63470, 0.01336, 0.17781
117700, 9416080, 3.00000, 0.32000, 3.00000, 0.32000, -1.74818, 3.34118, -1.33905
117800, 9424080, 2.60000, 0.70955, 2.60000, 0.70955, -1.79394, 0.34514, 0.10621
117900, 9432080, 3.16000, 0.36950, 3.16000, 0.36950, -1.82332, 1.30263, -0.57702
118000, 9440080, 3.00000, 0.32000, 3.00000, 0.32000, -1.71599, 3.64261, -2.02490
118100, 9448080, 3.32000, 0.84664, 3.32000, 0.84664, -1.78682, 0.02763, 0.24836
118200, 9456080, 3.08000, 0.30638, 3.08000, 0.30638, -1.93679, 0.02573, 0.27611
118300, 9464080, 3.17000, 0.38140, 3.17000, 0.38140, -1.92351, 0.89705, -0.28151
118400, 9472080, 2.92000, 0.75613, 2.92000, 0.75613, -2.01010, 1.70100, -0.81051
118500, 9480080, 2.28000, 0.65970, 2.28000, 0.65970, -2.04269, 3.59510, -2.17038
118600, 9488080, 2.68000, 0.96000, 2.68000, 0.96000, -2.04125, 0.03367, 0.34381
118700, 9496080, 4.28000, 0.99492, 4.28000, 0.99492, -2.05429, 1.62959, -0.82895
118800, 9504080, 3.16000, 0.36950, 3.16000, 0.36950, -2.01756, 2.05208, -1.09105
118900, 9512080, 3.10000, 1.17462, 3.10000, 1.17462, -1.95164, 1.74610, -0.88250
119000, 9520080, 4.39000, 1.32961, 4.39000, 1.32961, -1.79371, 4.79768, -1.91932
119100, 9528080, 3.00000, 0.99492, 3.00000, 0.99492, -1.90934, 0.51047, 0.03745
119200, 9536080, 3.32000, 0.96000, 3.32000, 0.96000, -2.01378, 0.02172, 0.26186
119300, 9544080, 2.74000, 1.06408, 2.74000, 1.06408, -2.00472, 0.34236, 0.06542
119400, 9552080, 3.00000, 0.18475, 3.00000, 0.18475, -2.00434, 3.33532, -1.78103
119500, 9560080, 3.40000, 0.75613, 3.40000, 0.75613, -2.00427, 0.01461, 0.20331
119600, 9568080, 2.92000, 0.16000, 2.92000, 0.16000, -1.95947, 0.76206, -0.10197
119700, 9576080, 2.84000, 0.00000, 2.84000, 0.00000, -2.02666, 2.29339, -1.17604
119800, 9584080, 3.38000, 1.13396, 3.38000, 1.13396, -1.98194, 0.00982, 0.18066
119900, 9592080, 4.12000, 1.01193, 4.12000, 1.01193, -1.98149, 2.00553, -0.88604
120000, 9600080, 5.40000, 2.17034, 5.40000, 2.17034, -1.92739, 6.42148, -2.75661
120100, 9608080, 2.84000, 0.86656, 2.84000, 0.86656, -2.00208, 3.22993, -1.43365
120200, 9616080, 3.24000, 0.48000, 3.24000, 0.48000, -2.04674, 0.02127, 0.26009
120300, 9624080, 3.22000, 0.31581, 3.22000, 0.31581, -2.04044, 1.07467, -0.39744
120400, 9632080, 2.68000, 0.80531, 2.68000, 0.80531, -2.02032, 0.01640, 0.20092
120500, 9640080, 3.04000, 1.39102, 3.04000, 1.39102, -1.96320, 2.25740, -0.98962
120600, 9648080, 2.76000, 0.84159, 2.76000, 0.84159, -1.94833, 0.01284, 0.18200
120700, 9656080, 3.00000, 0.32000, 3.00000, 0.32000, -2.02151, 1.76194, -1.01584
120800, 9664080, 3.08000, 0.30638, 3.08000, 0.30638, -2.05558, 0.04282, 0.37049
120900, 9672080, 3.32000, 0.76175, 3.32000, 0.76175, -1.99272, 0.04780, 0.34447
121000, 9680080, 3.16000, 0.36950, 3.16000, 0.36950, -2.01487, 0.65558, -0.15423
121100, 9688080, 3.00000, 0.32000, 3.00000, 0.32000, -2.02407, 0.73898, -0.14714
121200, 9696080, 3.00000, 0.32000, 3.00000, 0.32000, -2.00539, 0.04933, 0.37894
121300, 9704080, 3.24000, 1.20797, 3.24000, 1.20797, -1.95293, 0.02975, 0.30148
121400, 9712080, 3.56000, 0.65970, 3.56000, 0.65970, -1.69219, 0.77438, -0.13065
121500, 9720080, 3.40000, 0.75613, 3.40000, 0.75613, -1.96346, 0.02748, 0.27864
121600, 9728080, 3.08000, 0.30638, 3.08000, 0.30638, -1.94686, 3.67687, -2.01313
121700, 9736080, 2.92000, 0.91913, 2.92000, 0.91913, -1.80338, 0.01699, 0.21176
121800, 9744080, 2.41000, 0.66403, 2.41000, 0.66403, -1.62941, 0.01199, 0.16217
121900, 9752080, 5.17000, 3.38504, 5.17000, 3.38504, -1.79934, 1.17352, -0.47784
122000, 9760080, 3.32000, 0.61275, 3.32000, 0.61275, -1.83399, 0.01169, 0.16115
122100, 9768080, 4.92000, 2.34424, 4.92000, 2.34424, -1.81513, 0.00456, 0.09135
122200, 9776080, 3.47000, 1.45194, 3.47000, 1.45194, -1.93750, 0.01458, 0.20308
122300, 9784080, 2.92000, 1.96177, 2.92000, 1.96177, -1.91419, 0.01581, 0.20505
122400, 9792080, 4.28000, 1.74295, 4.28000, 1.74295, -1.93796, 0.03449, -0.02839
122500, 9800080, 3.69000, 1.30859, 3.69000, 1.30859, -1.90322, 2.56599, -1.35093
122600, 9808080, 4.53000, 1.20372, 4.53000, 1.20372, -1.91443, 0.01944, 0.22625
122700, 9816080, 3.12000, 0.32985, 3.12000, 0.32985, -1.81748, 0.82392, -0.23923
122800, 9824080, 3.56000, 1.66020, 3.56000, 1.66020, -1.91936, 3.06396, -1.49760
122900, 9832080, 3.42000, 1.16000, 3.42000, 1.16000, -1.85712, 0.80713, -0.21553
123000, 9840080, 3.67000, 1.00737, 3.67000, 1.00737, -1.97719, 4.48682, -2.56053
123100, 9848080, 4.00000, 1.46278, 4.00000, 1.46278, -1.89023, 0.01135, 0.16676
123200, 9856080, 3.16000, 0.86656, 3.16000, 0.86656, -1.92750, 0.00930, 0.13768
123300, 9864080, 3.16000, 0.36950, 3.16000, 0.36950, -1.94162, 0.01029, 0.17825
123400, 9872080, 3.32000, 1.18299, 3.32000, 1.18299, -1.95024, 4.07986, -1.78089
123500, 9880080, 2.80000, 0.74619, 2.80000, 0.74619, -1.96414, 0.02643, 0.27428
123600, 9888080, 2.36000, 0.61275, 2.36000, 0.61275, -1.99217, 0.03467, 0.29118
123700, 9896080, 2.44000, 0.88121, 2.44000, 0.88121, -1.99736, 0.02434, 0.26783
123800, 9904080, 3.32000, 0.32000, 3.32000, 0.32000, -2.01032, 0.01914, 0.23998
123900, 9912080, 3.48000, 0.52256, 3.48000, 0.52256, -1.89918, 4.38739, -2.07434
124000, 9920080, 2.79000, 0.99993, 2.79000, 0.99993, -1.93799, 1.72779, -0.70483
124100, 9928080, 3.40000, 0.75613, 3.40000, 0.75613, -1.96038, 0.01180, 0.19269
124200, 9936080, 5.48000, 1.99626, 5.48000, 1.99626, -1.93607, 4.02339, -1.97283
124300, 9944080, 2.79000, 0.10000, 2.79000, 0.10000, -1.96886, 1.54689, -0.71937
124400, 9952080, 3.00000, 0.55426, 3.00000, 0.55426, -1.94458, 0.63168, -0.10206
124500, 9960080, 3.72000, 0.30638, 3.72000, 0.30638, -1.95432, 1.82840, -0.85055
124600, 9968080, 3.16000, 0.82624, 3.16000, 0.82624, -1.77959, 3.93971, -1.63198
124700, 9976080, 3.27000, 1.35346, 3.27000, 1.35346, -1.76735, 0.16652, -0.23085
124800, 9984080, 3.48000, 0.00000, 3.48000, 0.00000, -1.45196, 0.01575, 0.16677
124900, 9992080, 3.26000, 0.51173, 3.26000, 0.51173, -1.45654, 0.01952, 0.16444
